40.0 APEX_CODE,FINEST;APEX_PROFILING,INFO;CALLOUT,INFO;DB,INFO;SYSTEM,DEBUG;VALIDATION,INFO;VISUALFORCE,INFO;WAVE,INFO;WORKFLOW,INFO
07:49:07.0 (71286)|USER_INFO|[EXTERNAL]|0057F000000SZkg|test-d_masalsky@twistellar.com|Pacific Standard Time|GMT-07:00
07:49:07.0 (112870)|EXECUTION_STARTED
07:49:07.0 (117753)|CODE_UNIT_STARTED|[EXTERNAL]|Aura
07:49:07.0 (5673001)|HEAP_ALLOCATE|[72]|Bytes:3
07:49:07.0 (5717347)|HEAP_ALLOCATE|[77]|Bytes:152
07:49:07.0 (5733071)|HEAP_ALLOCATE|[342]|Bytes:408
07:49:07.0 (5745535)|HEAP_ALLOCATE|[355]|Bytes:408
07:49:07.0 (5755699)|HEAP_ALLOCATE|[467]|Bytes:48
07:49:07.0 (5779999)|HEAP_ALLOCATE|[139]|Bytes:6
07:49:07.0 (6499116)|CODE_UNIT_STARTED|[EXTERNAL]|01p7F000008cBuq|accountsWithContactsClass.fetchLookUpValues
07:49:07.0 (6605150)|HEAP_ALLOCATE|[EXTERNAL]|Bytes:10
07:49:07.0 (6619391)|METHOD_ENTRY|[1]|01p7F000008cBuq|accountsWithContactsClass.accountsWithContactsClass()
07:49:07.0 (6625420)|STATEMENT_EXECUTE|[1]
07:49:07.0 (6631173)|STATEMENT_EXECUTE|[1]
07:49:07.0 (6634952)|METHOD_EXIT|[1]|accountsWithContactsClass
07:49:07.0 (6649110)|SYSTEM_MODE_ENTER|false
07:49:07.0 (6657481)|VARIABLE_SCOPE_BEGIN|[20]|searchKeyWord|String|false|false
07:49:07.0 (6680361)|VARIABLE_ASSIGNMENT|[20]|searchKeyWord|""
07:49:07.0 (6696139)|STATEMENT_EXECUTE|[20]
07:49:07.0 (6697605)|STATEMENT_EXECUTE|[21]
07:49:07.0 (6700651)|HEAP_ALLOCATE|[21]|Bytes:1
07:49:07.0 (6714561)|HEAP_ALLOCATE|[21]|Bytes:1
07:49:07.0 (6720379)|VARIABLE_SCOPE_BEGIN|[21]|searchKey|String|false|false
07:49:07.0 (6730580)|VARIABLE_ASSIGNMENT|[21]|searchKey|"%"
07:49:07.0 (6734744)|STATEMENT_EXECUTE|[22]
07:49:07.0 (6797370)|HEAP_ALLOCATE|[22]|Bytes:4
07:49:07.0 (6860688)|VARIABLE_SCOPE_BEGIN|[22]|returnList|List<Account>|true|false
07:49:07.0 (6873951)|HEAP_ALLOCATE|[EXTERNAL]|Bytes:4
07:49:07.0 (6884382)|VARIABLE_ASSIGNMENT|[22]|returnList|[]|0x1fcd0ebd
07:49:07.0 (6889557)|STATEMENT_EXECUTE|[23]
07:49:07.0 (6891749)|HEAP_ALLOCATE|[23]|Bytes:89
07:49:07.0 (6896447)|VARIABLE_SCOPE_BEGIN|[23]|sQuery|String|false|false
07:49:07.0 (6907528)|VARIABLE_ASSIGNMENT|[23]|sQuery|"SELECT Id, Name FROM (69 more) ..."
07:49:07.0 (6911658)|STATEMENT_EXECUTE|[24]
07:49:07.0 (6946895)|HEAP_ALLOCATE|[50]|Bytes:5
07:49:07.0 (6970302)|HEAP_ALLOCATE|[56]|Bytes:5
07:49:07.0 (6977339)|HEAP_ALLOCATE|[64]|Bytes:7
07:49:07.0 (7446683)|SOQL_EXECUTE_BEGIN|[24]|Aggregations:0|SELECT Id, Name FROM Account WHERE Name LIKE: searchKey ORDER BY CreatedDate DESC LIMIT 5
07:49:07.0 (9470232)|SOQL_EXECUTE_END|[24]|Rows:5
07:49:07.0 (9489761)|HEAP_ALLOCATE|[24]|Bytes:24
07:49:07.0 (9510426)|HEAP_ALLOCATE|[24]|Bytes:307
07:49:07.0 (9536370)|HEAP_ALLOCATE|[24]|Bytes:24
07:49:07.0 (9551170)|VARIABLE_SCOPE_BEGIN|[24]|lstOfRecords|List<Account>|true|false
07:49:07.0 (9578917)|VARIABLE_ASSIGNMENT|[24]|lstOfRecords|[{"Id":"0017F00000DPb63QAD","Name":"GenePoint"},{"Id":"0017F00000DPb61QAD","Name":"United Oil & Gas, UK"},{"Id":"0017F00000DPb62QAD","Name":"United Oil & Gas, Si (7 more) ..."},{"Id":"0017F00000DPb5tQAD","Name":"Express Logistics an (11 more) ..."},{"Id":"0017F00000DPb5uQAD","Name":"Burlington Textiles  (15 more) ..."}]|0x34a9621d
07:49:07.0 (9744398)|HEAP_ALLOCATE|[25]|Bytes:5
07:49:07.0 (9781075)|HEAP_ALLOCATE|[25]|Bytes:12
07:49:07.0 (9791892)|VARIABLE_SCOPE_BEGIN|[25]|obj|Account|true|false
07:49:07.0 (9805866)|VARIABLE_ASSIGNMENT|[25]|obj|{"Id":"0017F00000DPb63QAD","Name":"GenePoint"}|0x78f84be1
07:49:07.0 (9812540)|STATEMENT_EXECUTE|[25]
07:49:07.0 (9814180)|STATEMENT_EXECUTE|[26]
07:49:07.0 (9841938)|HEAP_ALLOCATE|[EXTERNAL]|Bytes:4
07:49:07.0 (9854938)|HEAP_ALLOCATE|[25]|Bytes:5
07:49:07.0 (9869187)|HEAP_ALLOCATE|[25]|Bytes:12
07:49:07.0 (9874769)|VARIABLE_SCOPE_BEGIN|[25]|obj|Account|true|false
07:49:07.0 (9886042)|VARIABLE_ASSIGNMENT|[25]|obj|{"Id":"0017F00000DPb61QAD","Name":"United Oil & Gas, UK"}|0x3eaedbe
07:49:07.0 (9891919)|STATEMENT_EXECUTE|[25]
07:49:07.0 (9892993)|STATEMENT_EXECUTE|[26]
07:49:07.0 (9897678)|HEAP_ALLOCATE|[EXTERNAL]|Bytes:4
07:49:07.0 (9906690)|HEAP_ALLOCATE|[25]|Bytes:5
07:49:07.0 (9916830)|HEAP_ALLOCATE|[25]|Bytes:12
07:49:07.0 (9921064)|VARIABLE_SCOPE_BEGIN|[25]|obj|Account|true|false
07:49:07.0 (9931105)|VARIABLE_ASSIGNMENT|[25]|obj|{"Id":"0017F00000DPb62QAD","Name":"United Oil & Gas, Si (7 more) ..."}|0x4a9ad80
07:49:07.0 (9936208)|STATEMENT_EXECUTE|[25]
07:49:07.0 (9937266)|STATEMENT_EXECUTE|[26]
07:49:07.0 (9940846)|HEAP_ALLOCATE|[EXTERNAL]|Bytes:4
07:49:07.0 (9948040)|HEAP_ALLOCATE|[25]|Bytes:5
07:49:07.0 (9956880)|HEAP_ALLOCATE|[25]|Bytes:12
07:49:07.0 (9960924)|VARIABLE_SCOPE_BEGIN|[25]|obj|Account|true|false
07:49:07.0 (9970783)|VARIABLE_ASSIGNMENT|[25]|obj|{"Id":"0017F00000DPb5tQAD","Name":"Express Logistics an (11 more) ..."}|0x7da3f739
07:49:07.0 (9975473)|STATEMENT_EXECUTE|[25]
07:49:07.0 (9976353)|STATEMENT_EXECUTE|[26]
07:49:07.0 (9979932)|HEAP_ALLOCATE|[EXTERNAL]|Bytes:4
07:49:07.0 (9987087)|HEAP_ALLOCATE|[25]|Bytes:5
07:49:07.0 (9995536)|HEAP_ALLOCATE|[25]|Bytes:12
07:49:07.0 (9999679)|VARIABLE_SCOPE_BEGIN|[25]|obj|Account|true|false
07:49:07.0 (10008404)|VARIABLE_ASSIGNMENT|[25]|obj|{"Id":"0017F00000DPb5uQAD","Name":"Burlington Textiles  (15 more) ..."}|0x47be1c2f
07:49:07.0 (10013824)|STATEMENT_EXECUTE|[25]
07:49:07.0 (10014841)|STATEMENT_EXECUTE|[26]
07:49:07.0 (10018282)|HEAP_ALLOCATE|[EXTERNAL]|Bytes:4
07:49:07.0 (10025014)|HEAP_ALLOCATE|[25]|Bytes:5
07:49:07.0 (10033364)|VARIABLE_ASSIGNMENT|[25]|obj|null|
07:49:07.0 (10038341)|STATEMENT_EXECUTE|[28]
07:49:07.0 (10044169)|SYSTEM_MODE_EXIT|false
07:49:07.10 (10075538)|CUMULATIVE_LIMIT_USAGE
07:49:07.10 (10075538)|LIMIT_USAGE_FOR_NS|(default)|
  Number of SOQL queries: 1 out of 100
  Number of query rows: 5 out of 50000
  Number of SOSL queries: 0 out of 20
  Number of DML statements: 0 out of 150
  Number of DML rows: 0 out of 10000
  Maximum CPU time: 0 out of 10000
  Maximum heap size: 0 out of 6000000
  Number of callouts: 0 out of 100
  Number of Email Invocations: 0 out of 10
  Number of future calls: 0 out of 50
  Number of queueable jobs added to the queue: 0 out of 50
  Number of Mobile Apex push calls: 0 out of 10

07:49:07.10 (10075538)|CUMULATIVE_LIMIT_USAGE_END

07:49:07.0 (10113368)|CODE_UNIT_FINISHED|accountsWithContactsClass.fetchLookUpValues
07:49:07.0 (10178322)|CODE_UNIT_FINISHED|Aura
07:49:07.0 (11177372)|EXECUTION_FINISHED
