40.0 APEX_CODE,FINEST;APEX_PROFILING,INFO;CALLOUT,INFO;DB,INFO;SYSTEM,DEBUG;VALIDATION,INFO;VISUALFORCE,INFO;WAVE,INFO;WORKFLOW,INFO
08:14:14.0 (72378)|USER_INFO|[EXTERNAL]|0057F000000SZkg|test-d_masalsky@twistellar.com|Pacific Standard Time|GMT-07:00
08:14:14.0 (116428)|EXECUTION_STARTED
08:14:14.0 (121077)|CODE_UNIT_STARTED|[EXTERNAL]|Aura
08:14:14.0 (6042696)|HEAP_ALLOCATE|[72]|Bytes:3
08:14:14.0 (6086961)|HEAP_ALLOCATE|[77]|Bytes:152
08:14:14.0 (6104297)|HEAP_ALLOCATE|[342]|Bytes:408
08:14:14.0 (6116548)|HEAP_ALLOCATE|[355]|Bytes:408
08:14:14.0 (6126838)|HEAP_ALLOCATE|[467]|Bytes:48
08:14:14.0 (6152436)|HEAP_ALLOCATE|[139]|Bytes:6
08:14:14.0 (6168991)|HEAP_ALLOCATE|[EXTERNAL]|Bytes:1
08:14:14.0 (6179945)|HEAP_ALLOCATE|[EXTERNAL]|Bytes:1
08:14:14.0 (6837385)|CODE_UNIT_STARTED|[EXTERNAL]|01p7F000008cBuq|accountsWithContactsClass.fetchLookUpValues
08:14:14.0 (6949535)|HEAP_ALLOCATE|[EXTERNAL]|Bytes:10
08:14:14.0 (6963373)|METHOD_ENTRY|[1]|01p7F000008cBuq|accountsWithContactsClass.accountsWithContactsClass()
08:14:14.0 (6969462)|STATEMENT_EXECUTE|[1]
08:14:14.0 (6975284)|STATEMENT_EXECUTE|[1]
08:14:14.0 (6978727)|METHOD_EXIT|[1]|accountsWithContactsClass
08:14:14.0 (6983799)|HEAP_ALLOCATE|[EXTERNAL]|Bytes:1
08:14:14.0 (6995096)|SYSTEM_MODE_ENTER|false
08:14:14.0 (7002059)|VARIABLE_SCOPE_BEGIN|[20]|searchKeyWord|String|false|false
08:14:14.0 (7026738)|VARIABLE_ASSIGNMENT|[20]|searchKeyWord|"G"
08:14:14.0 (7037619)|STATEMENT_EXECUTE|[20]
08:14:14.0 (7038990)|STATEMENT_EXECUTE|[21]
08:14:14.0 (7041735)|HEAP_ALLOCATE|[21]|Bytes:1
08:14:14.0 (7054992)|HEAP_ALLOCATE|[21]|Bytes:2
08:14:14.0 (7061457)|VARIABLE_SCOPE_BEGIN|[21]|searchKey|String|false|false
08:14:14.0 (7071285)|VARIABLE_ASSIGNMENT|[21]|searchKey|"G%"
08:14:14.0 (7075734)|STATEMENT_EXECUTE|[22]
08:14:14.0 (7140085)|HEAP_ALLOCATE|[22]|Bytes:4
08:14:14.0 (7203733)|VARIABLE_SCOPE_BEGIN|[22]|returnList|List<Account>|true|false
08:14:14.0 (7216838)|HEAP_ALLOCATE|[EXTERNAL]|Bytes:4
08:14:14.0 (7228102)|VARIABLE_ASSIGNMENT|[22]|returnList|[]|0x59f57f36
08:14:14.0 (7232619)|STATEMENT_EXECUTE|[23]
08:14:14.0 (7234973)|HEAP_ALLOCATE|[23]|Bytes:89
08:14:14.0 (7238864)|VARIABLE_SCOPE_BEGIN|[23]|sQuery|String|false|false
08:14:14.0 (7250097)|VARIABLE_ASSIGNMENT|[23]|sQuery|"SELECT Id, Name FROM (69 more) ..."
08:14:14.0 (7254017)|STATEMENT_EXECUTE|[24]
08:14:14.0 (7287884)|HEAP_ALLOCATE|[50]|Bytes:5
08:14:14.0 (7310663)|HEAP_ALLOCATE|[56]|Bytes:5
08:14:14.0 (7317391)|HEAP_ALLOCATE|[64]|Bytes:7
08:14:14.0 (7780839)|SOQL_EXECUTE_BEGIN|[24]|Aggregations:0|SELECT Id, Name FROM Account WHERE Name LIKE: searchKey ORDER BY CreatedDate DESC LIMIT 5
08:14:14.0 (11578281)|SOQL_EXECUTE_END|[24]|Rows:2
08:14:14.0 (11600989)|HEAP_ALLOCATE|[24]|Bytes:12
08:14:14.0 (11619829)|HEAP_ALLOCATE|[24]|Bytes:109
08:14:14.0 (11648067)|HEAP_ALLOCATE|[24]|Bytes:12
08:14:14.0 (11663535)|VARIABLE_SCOPE_BEGIN|[24]|lstOfRecords|List<Account>|true|false
08:14:14.0 (11690585)|VARIABLE_ASSIGNMENT|[24]|lstOfRecords|[{"Id":"0017F00000DPb63QAD","Name":"GenePoint"},{"Id":"0017F00000DPb5xQAD","Name":"Grand Hotels & Resor (6 more) ..."}]|0x23172f30
08:14:14.0 (11858169)|HEAP_ALLOCATE|[25]|Bytes:5
08:14:14.0 (11896516)|HEAP_ALLOCATE|[25]|Bytes:12
08:14:14.0 (11907435)|VARIABLE_SCOPE_BEGIN|[25]|obj|Account|true|false
08:14:14.0 (11921565)|VARIABLE_ASSIGNMENT|[25]|obj|{"Id":"0017F00000DPb63QAD","Name":"GenePoint"}|0x744cd0b5
08:14:14.0 (11927791)|STATEMENT_EXECUTE|[25]
08:14:14.0 (11929098)|STATEMENT_EXECUTE|[26]
08:14:14.0 (11957524)|HEAP_ALLOCATE|[EXTERNAL]|Bytes:4
08:14:14.0 (11970268)|HEAP_ALLOCATE|[25]|Bytes:5
08:14:14.0 (11983900)|HEAP_ALLOCATE|[25]|Bytes:12
08:14:14.0 (11989738)|VARIABLE_SCOPE_BEGIN|[25]|obj|Account|true|false
08:14:14.0 (12001440)|VARIABLE_ASSIGNMENT|[25]|obj|{"Id":"0017F00000DPb5xQAD","Name":"Grand Hotels & Resor (6 more) ..."}|0x6e380fa3
08:14:14.0 (12007094)|STATEMENT_EXECUTE|[25]
08:14:14.0 (12008398)|STATEMENT_EXECUTE|[26]
08:14:14.0 (12013501)|HEAP_ALLOCATE|[EXTERNAL]|Bytes:4
08:14:14.0 (12021994)|HEAP_ALLOCATE|[25]|Bytes:5
08:14:14.0 (12031225)|VARIABLE_ASSIGNMENT|[25]|obj|null|
08:14:14.0 (12035714)|STATEMENT_EXECUTE|[28]
08:14:14.0 (12040907)|SYSTEM_MODE_EXIT|false
08:14:14.12 (12074783)|CUMULATIVE_LIMIT_USAGE
08:14:14.12 (12074783)|LIMIT_USAGE_FOR_NS|(default)|
  Number of SOQL queries: 1 out of 100
  Number of query rows: 2 out of 50000
  Number of SOSL queries: 0 out of 20
  Number of DML statements: 0 out of 150
  Number of DML rows: 0 out of 10000
  Maximum CPU time: 0 out of 10000
  Maximum heap size: 0 out of 6000000
  Number of callouts: 0 out of 100
  Number of Email Invocations: 0 out of 10
  Number of future calls: 0 out of 50
  Number of queueable jobs added to the queue: 0 out of 50
  Number of Mobile Apex push calls: 0 out of 10

08:14:14.12 (12074783)|CUMULATIVE_LIMIT_USAGE_END

08:14:14.0 (12107304)|CODE_UNIT_FINISHED|accountsWithContactsClass.fetchLookUpValues
08:14:14.0 (12170525)|CODE_UNIT_FINISHED|Aura
08:14:14.0 (13083833)|EXECUTION_FINISHED
