40.0 APEX_CODE,FINEST;APEX_PROFILING,INFO;CALLOUT,INFO;DB,INFO;SYSTEM,DEBUG;VALIDATION,INFO;VISUALFORCE,INFO;WAVE,INFO;WORKFLOW,INFO
08:06:44.0 (71985)|USER_INFO|[EXTERNAL]|0057F000000SZkg|test-d_masalsky@twistellar.com|Pacific Standard Time|GMT-07:00
08:06:44.0 (116060)|EXECUTION_STARTED
08:06:44.0 (120372)|CODE_UNIT_STARTED|[EXTERNAL]|Aura
08:06:44.0 (6010247)|HEAP_ALLOCATE|[72]|Bytes:3
08:06:44.0 (6051031)|HEAP_ALLOCATE|[77]|Bytes:152
08:06:44.0 (6066585)|HEAP_ALLOCATE|[342]|Bytes:408
08:06:44.0 (6079019)|HEAP_ALLOCATE|[355]|Bytes:408
08:06:44.0 (6088848)|HEAP_ALLOCATE|[467]|Bytes:48
08:06:44.0 (6116890)|HEAP_ALLOCATE|[139]|Bytes:6
08:06:44.0 (6129318)|HEAP_ALLOCATE|[EXTERNAL]|Bytes:18
08:06:44.0 (6146812)|HEAP_ALLOCATE|[EXTERNAL]|Bytes:4
08:06:44.0 (6803920)|CODE_UNIT_STARTED|[EXTERNAL]|01p7F000008cBuq|accountsWithContactsClass.getAllContacts
08:06:44.0 (6912208)|HEAP_ALLOCATE|[EXTERNAL]|Bytes:10
08:06:44.0 (6926894)|METHOD_ENTRY|[1]|01p7F000008cBuq|accountsWithContactsClass.accountsWithContactsClass()
08:06:44.0 (6932767)|STATEMENT_EXECUTE|[1]
08:06:44.0 (6938614)|STATEMENT_EXECUTE|[1]
08:06:44.0 (6942343)|METHOD_EXIT|[1]|accountsWithContactsClass
08:06:44.0 (6948087)|HEAP_ALLOCATE|[EXTERNAL]|Bytes:4
08:06:44.0 (6959060)|SYSTEM_MODE_ENTER|false
08:06:44.0 (6966952)|VARIABLE_SCOPE_BEGIN|[4]|accountId|Id|false|false
08:06:44.0 (7079351)|VARIABLE_ASSIGNMENT|[4]|accountId|"0017F00000DPb63QAD"
08:06:44.0 (7096550)|STATEMENT_EXECUTE|[4]
08:06:44.0 (7097980)|STATEMENT_EXECUTE|[5]
08:06:44.0 (7101077)|HEAP_ALLOCATE|[5]|Bytes:116
08:06:44.0 (7114081)|HEAP_ALLOCATE|[5]|Bytes:4
08:06:44.0 (7126074)|HEAP_ALLOCATE|[5]|Bytes:7
08:06:44.0 (7173423)|HEAP_ALLOCATE|[50]|Bytes:5
08:06:44.0 (7195627)|HEAP_ALLOCATE|[56]|Bytes:5
08:06:44.0 (7202222)|HEAP_ALLOCATE|[64]|Bytes:7
08:06:44.0 (7916806)|SOQL_EXECUTE_BEGIN|[5]|Aggregations:0|SELECT FirstName, LastName, Phone, Email, Birthdate, AccountId, Account.Name FROM Contact WHERE AccountId = :tmpVar1
08:06:44.0 (11879341)|SOQL_EXECUTE_END|[5]|Rows:1
08:06:44.0 (11900204)|HEAP_ALLOCATE|[5]|Bytes:8
08:06:44.0 (11920111)|HEAP_ALLOCATE|[5]|Bytes:219
08:06:44.0 (11993761)|HEAP_ALLOCATE|[5]|Bytes:8
08:06:44.0 (12006341)|VARIABLE_SCOPE_BEGIN|[5]|contacts|List<Contact>|true|false
08:06:44.0 (12053607)|VARIABLE_ASSIGNMENT|[5]|contacts|[{"FirstName":"Edna","LastName":"Frank","Phone":"(650) 867-3450","Email":"efrank@genepoint.com","Birthdate":"1939-11-04T00:00:00.000Z","AccountId":"0017F00000DPb63QAD","Id":"0037F000007hqfzQAA","Account":{"Name":"GenePoint","Id":"0017F00000DPb63QAD"}}]|0x53388027
08:06:44.0 (12064684)|STATEMENT_EXECUTE|[10]
08:06:44.0 (12072927)|SYSTEM_MODE_EXIT|false
08:06:44.12 (12103265)|CUMULATIVE_LIMIT_USAGE
08:06:44.12 (12103265)|LIMIT_USAGE_FOR_NS|(default)|
  Number of SOQL queries: 1 out of 100
  Number of query rows: 1 out of 50000
  Number of SOSL queries: 0 out of 20
  Number of DML statements: 0 out of 150
  Number of DML rows: 0 out of 10000
  Maximum CPU time: 0 out of 10000
  Maximum heap size: 0 out of 6000000
  Number of callouts: 0 out of 100
  Number of Email Invocations: 0 out of 10
  Number of future calls: 0 out of 50
  Number of queueable jobs added to the queue: 0 out of 50
  Number of Mobile Apex push calls: 0 out of 10

08:06:44.12 (12103265)|CUMULATIVE_LIMIT_USAGE_END

08:06:44.0 (12144811)|CODE_UNIT_FINISHED|accountsWithContactsClass.getAllContacts
08:06:44.0 (12214807)|CODE_UNIT_FINISHED|Aura
08:06:44.0 (13126744)|EXECUTION_FINISHED
