40.0 APEX_CODE,FINEST;APEX_PROFILING,INFO;CALLOUT,INFO;DB,INFO;SYSTEM,DEBUG;VALIDATION,INFO;VISUALFORCE,INFO;WAVE,INFO;WORKFLOW,INFO
08:12:16.0 (74853)|USER_INFO|[EXTERNAL]|0057F000000SZkg|test-d_masalsky@twistellar.com|Pacific Standard Time|GMT-07:00
08:12:16.0 (117639)|EXECUTION_STARTED
08:12:16.0 (122745)|CODE_UNIT_STARTED|[EXTERNAL]|Aura
08:12:16.0 (6190371)|HEAP_ALLOCATE|[72]|Bytes:3
08:12:16.0 (6233774)|HEAP_ALLOCATE|[77]|Bytes:152
08:12:16.0 (6253969)|HEAP_ALLOCATE|[342]|Bytes:408
08:12:16.0 (6266935)|HEAP_ALLOCATE|[355]|Bytes:408
08:12:16.0 (6276915)|HEAP_ALLOCATE|[467]|Bytes:48
08:12:16.0 (6303970)|HEAP_ALLOCATE|[139]|Bytes:6
08:12:16.0 (6322042)|HEAP_ALLOCATE|[EXTERNAL]|Bytes:32
08:12:16.0 (6333423)|HEAP_ALLOCATE|[EXTERNAL]|Bytes:32
08:12:16.0 (7312945)|CODE_UNIT_STARTED|[EXTERNAL]|01p7F000008cBuq|accountsWithContactsClass.fetchLookUpValues
08:12:16.0 (7432283)|HEAP_ALLOCATE|[EXTERNAL]|Bytes:10
08:12:16.0 (7446776)|METHOD_ENTRY|[1]|01p7F000008cBuq|accountsWithContactsClass.accountsWithContactsClass()
08:12:16.0 (7452197)|STATEMENT_EXECUTE|[1]
08:12:16.0 (7458057)|STATEMENT_EXECUTE|[1]
08:12:16.0 (7461412)|METHOD_EXIT|[1]|accountsWithContactsClass
08:12:16.0 (7466624)|HEAP_ALLOCATE|[EXTERNAL]|Bytes:32
08:12:16.0 (7478188)|SYSTEM_MODE_ENTER|false
08:12:16.0 (7488759)|VARIABLE_SCOPE_BEGIN|[20]|searchKeyWord|String|false|false
08:12:16.0 (7517912)|VARIABLE_ASSIGNMENT|[20]|searchKeyWord|"GExpress Logistics a (12 more) ..."
08:12:16.0 (7532213)|STATEMENT_EXECUTE|[20]
08:12:16.0 (7534100)|STATEMENT_EXECUTE|[21]
08:12:16.0 (7537931)|HEAP_ALLOCATE|[21]|Bytes:1
08:12:16.0 (7558197)|HEAP_ALLOCATE|[21]|Bytes:33
08:12:16.0 (7566961)|VARIABLE_SCOPE_BEGIN|[21]|searchKey|String|false|false
08:12:16.0 (7578272)|VARIABLE_ASSIGNMENT|[21]|searchKey|"GExpress Logistics a (13 more) ..."
08:12:16.0 (7582441)|STATEMENT_EXECUTE|[22]
08:12:16.0 (7652620)|HEAP_ALLOCATE|[22]|Bytes:4
08:12:16.0 (7717992)|VARIABLE_SCOPE_BEGIN|[22]|returnList|List<Account>|true|false
08:12:16.0 (7730856)|HEAP_ALLOCATE|[EXTERNAL]|Bytes:4
08:12:16.0 (7743002)|VARIABLE_ASSIGNMENT|[22]|returnList|[]|0x35eac758
08:12:16.0 (7747994)|STATEMENT_EXECUTE|[23]
08:12:16.0 (7750221)|HEAP_ALLOCATE|[23]|Bytes:89
08:12:16.0 (7754314)|VARIABLE_SCOPE_BEGIN|[23]|sQuery|String|false|false
08:12:16.0 (7764198)|VARIABLE_ASSIGNMENT|[23]|sQuery|"SELECT Id, Name FROM (69 more) ..."
08:12:16.0 (7767912)|STATEMENT_EXECUTE|[24]
08:12:16.0 (7803157)|HEAP_ALLOCATE|[50]|Bytes:5
08:12:16.0 (7826149)|HEAP_ALLOCATE|[56]|Bytes:5
08:12:16.0 (7832968)|HEAP_ALLOCATE|[64]|Bytes:7
08:12:16.0 (8310623)|SOQL_EXECUTE_BEGIN|[24]|Aggregations:0|SELECT Id, Name FROM Account WHERE Name LIKE: searchKey ORDER BY CreatedDate DESC LIMIT 5
08:12:16.0 (17404938)|SOQL_EXECUTE_END|[24]|Rows:0
08:12:16.0 (17427827)|HEAP_ALLOCATE|[24]|Bytes:4
08:12:16.0 (17439440)|HEAP_ALLOCATE|[24]|Bytes:0
08:12:16.0 (17469491)|HEAP_ALLOCATE|[24]|Bytes:4
08:12:16.0 (17484390)|VARIABLE_SCOPE_BEGIN|[24]|lstOfRecords|List<Account>|true|false
08:12:16.0 (17502887)|VARIABLE_ASSIGNMENT|[24]|lstOfRecords|[]|0x54424575
08:12:16.0 (17664264)|HEAP_ALLOCATE|[25]|Bytes:5
08:12:16.0 (17692790)|VARIABLE_ASSIGNMENT|[25]|obj|null|
08:12:16.0 (17698514)|STATEMENT_EXECUTE|[25]
08:12:16.0 (17699680)|STATEMENT_EXECUTE|[28]
08:12:16.0 (17704809)|SYSTEM_MODE_EXIT|false
08:12:16.17 (17733025)|CUMULATIVE_LIMIT_USAGE
08:12:16.17 (17733025)|LIMIT_USAGE_FOR_NS|(default)|
  Number of SOQL queries: 1 out of 100
  Number of query rows: 0 out of 50000
  Number of SOSL queries: 0 out of 20
  Number of DML statements: 0 out of 150
  Number of DML rows: 0 out of 10000
  Maximum CPU time: 0 out of 10000
  Maximum heap size: 0 out of 6000000
  Number of callouts: 0 out of 100
  Number of Email Invocations: 0 out of 10
  Number of future calls: 0 out of 50
  Number of queueable jobs added to the queue: 0 out of 50
  Number of Mobile Apex push calls: 0 out of 10

08:12:16.17 (17733025)|CUMULATIVE_LIMIT_USAGE_END

08:12:16.0 (17764391)|CODE_UNIT_FINISHED|accountsWithContactsClass.fetchLookUpValues
08:12:16.0 (17815587)|CODE_UNIT_FINISHED|Aura
08:12:16.0 (18836096)|EXECUTION_FINISHED
