40.0 APEX_CODE,FINEST;APEX_PROFILING,INFO;CALLOUT,INFO;DB,INFO;SYSTEM,DEBUG;VALIDATION,INFO;VISUALFORCE,INFO;WAVE,INFO;WORKFLOW,INFO
08:11:57.0 (72830)|USER_INFO|[EXTERNAL]|0057F000000SZkg|test-d_masalsky@twistellar.com|Pacific Standard Time|GMT-07:00
08:11:57.0 (119202)|EXECUTION_STARTED
08:11:57.0 (123794)|CODE_UNIT_STARTED|[EXTERNAL]|Aura
08:11:57.0 (5869524)|HEAP_ALLOCATE|[72]|Bytes:3
08:11:57.0 (5909454)|HEAP_ALLOCATE|[77]|Bytes:152
08:11:57.0 (5924994)|HEAP_ALLOCATE|[342]|Bytes:408
08:11:57.0 (5936341)|HEAP_ALLOCATE|[355]|Bytes:408
08:11:57.0 (5946222)|HEAP_ALLOCATE|[467]|Bytes:48
08:11:57.0 (5971123)|HEAP_ALLOCATE|[139]|Bytes:6
08:11:57.0 (6837454)|CODE_UNIT_STARTED|[EXTERNAL]|01p7F000008cBuq|accountsWithContactsClass.fetchLookUpValues
08:11:57.0 (6932230)|HEAP_ALLOCATE|[EXTERNAL]|Bytes:10
08:11:57.0 (6945983)|METHOD_ENTRY|[1]|01p7F000008cBuq|accountsWithContactsClass.accountsWithContactsClass()
08:11:57.0 (6952274)|STATEMENT_EXECUTE|[1]
08:11:57.0 (6958097)|STATEMENT_EXECUTE|[1]
08:11:57.0 (6961485)|METHOD_EXIT|[1]|accountsWithContactsClass
08:11:57.0 (6973841)|SYSTEM_MODE_ENTER|false
08:11:57.0 (6981752)|VARIABLE_SCOPE_BEGIN|[20]|searchKeyWord|String|false|false
08:11:57.0 (7004275)|VARIABLE_ASSIGNMENT|[20]|searchKeyWord|""
08:11:57.0 (7015541)|STATEMENT_EXECUTE|[20]
08:11:57.0 (7016909)|STATEMENT_EXECUTE|[21]
08:11:57.0 (7020059)|HEAP_ALLOCATE|[21]|Bytes:1
08:11:57.0 (7033879)|HEAP_ALLOCATE|[21]|Bytes:1
08:11:57.0 (7039109)|VARIABLE_SCOPE_BEGIN|[21]|searchKey|String|false|false
08:11:57.0 (7049168)|VARIABLE_ASSIGNMENT|[21]|searchKey|"%"
08:11:57.0 (7053599)|STATEMENT_EXECUTE|[22]
08:11:57.0 (7117547)|HEAP_ALLOCATE|[22]|Bytes:4
08:11:57.0 (7178353)|VARIABLE_SCOPE_BEGIN|[22]|returnList|List<Account>|true|false
08:11:57.0 (7191649)|HEAP_ALLOCATE|[EXTERNAL]|Bytes:4
08:11:57.0 (7201776)|VARIABLE_ASSIGNMENT|[22]|returnList|[]|0x62355278
08:11:57.0 (7207074)|STATEMENT_EXECUTE|[23]
08:11:57.0 (7209521)|HEAP_ALLOCATE|[23]|Bytes:89
08:11:57.0 (7214000)|VARIABLE_SCOPE_BEGIN|[23]|sQuery|String|false|false
08:11:57.0 (7225071)|VARIABLE_ASSIGNMENT|[23]|sQuery|"SELECT Id, Name FROM (69 more) ..."
08:11:57.0 (7228757)|STATEMENT_EXECUTE|[24]
08:11:57.0 (7262674)|HEAP_ALLOCATE|[50]|Bytes:5
08:11:57.0 (7285541)|HEAP_ALLOCATE|[56]|Bytes:5
08:11:57.0 (7292693)|HEAP_ALLOCATE|[64]|Bytes:7
08:11:57.0 (7751966)|SOQL_EXECUTE_BEGIN|[24]|Aggregations:0|SELECT Id, Name FROM Account WHERE Name LIKE: searchKey ORDER BY CreatedDate DESC LIMIT 5
08:11:57.0 (10911793)|SOQL_EXECUTE_END|[24]|Rows:5
08:11:57.0 (10932367)|HEAP_ALLOCATE|[24]|Bytes:24
08:11:57.0 (10954670)|HEAP_ALLOCATE|[24]|Bytes:307
08:11:57.0 (10979624)|HEAP_ALLOCATE|[24]|Bytes:24
08:11:57.0 (10993497)|VARIABLE_SCOPE_BEGIN|[24]|lstOfRecords|List<Account>|true|false
08:11:57.0 (11020258)|VARIABLE_ASSIGNMENT|[24]|lstOfRecords|[{"Id":"0017F00000DPb63QAD","Name":"GenePoint"},{"Id":"0017F00000DPb61QAD","Name":"United Oil & Gas, UK"},{"Id":"0017F00000DPb62QAD","Name":"United Oil & Gas, Si (7 more) ..."},{"Id":"0017F00000DPb5tQAD","Name":"Express Logistics an (11 more) ..."},{"Id":"0017F00000DPb5uQAD","Name":"Burlington Textiles  (15 more) ..."}]|0x74efcdf7
08:11:57.0 (11184935)|HEAP_ALLOCATE|[25]|Bytes:5
08:11:57.0 (11219939)|HEAP_ALLOCATE|[25]|Bytes:12
08:11:57.0 (11230456)|VARIABLE_SCOPE_BEGIN|[25]|obj|Account|true|false
08:11:57.0 (11243356)|VARIABLE_ASSIGNMENT|[25]|obj|{"Id":"0017F00000DPb63QAD","Name":"GenePoint"}|0x68e6c82f
08:11:57.0 (11249997)|STATEMENT_EXECUTE|[25]
08:11:57.0 (11251241)|STATEMENT_EXECUTE|[26]
08:11:57.0 (11278552)|HEAP_ALLOCATE|[EXTERNAL]|Bytes:4
08:11:57.0 (11292258)|HEAP_ALLOCATE|[25]|Bytes:5
08:11:57.0 (11306008)|HEAP_ALLOCATE|[25]|Bytes:12
08:11:57.0 (11311601)|VARIABLE_SCOPE_BEGIN|[25]|obj|Account|true|false
08:11:57.0 (11322417)|VARIABLE_ASSIGNMENT|[25]|obj|{"Id":"0017F00000DPb61QAD","Name":"United Oil & Gas, UK"}|0x6e49900b
08:11:57.0 (11327300)|STATEMENT_EXECUTE|[25]
08:11:57.0 (11328519)|STATEMENT_EXECUTE|[26]
08:11:57.0 (11333480)|HEAP_ALLOCATE|[EXTERNAL]|Bytes:4
08:11:57.0 (11341020)|HEAP_ALLOCATE|[25]|Bytes:5
08:11:57.0 (11350618)|HEAP_ALLOCATE|[25]|Bytes:12
08:11:57.0 (11354732)|VARIABLE_SCOPE_BEGIN|[25]|obj|Account|true|false
08:11:57.0 (11363620)|VARIABLE_ASSIGNMENT|[25]|obj|{"Id":"0017F00000DPb62QAD","Name":"United Oil & Gas, Si (7 more) ..."}|0x600c7ad4
08:11:57.0 (11368642)|STATEMENT_EXECUTE|[25]
08:11:57.0 (11369522)|STATEMENT_EXECUTE|[26]
08:11:57.0 (11373365)|HEAP_ALLOCATE|[EXTERNAL]|Bytes:4
08:11:57.0 (11380164)|HEAP_ALLOCATE|[25]|Bytes:5
08:11:57.0 (11389279)|HEAP_ALLOCATE|[25]|Bytes:12
08:11:57.0 (11393178)|VARIABLE_SCOPE_BEGIN|[25]|obj|Account|true|false
08:11:57.0 (11402198)|VARIABLE_ASSIGNMENT|[25]|obj|{"Id":"0017F00000DPb5tQAD","Name":"Express Logistics an (11 more) ..."}|0x2e635439
08:11:57.0 (11407076)|STATEMENT_EXECUTE|[25]
08:11:57.0 (11407949)|STATEMENT_EXECUTE|[26]
08:11:57.0 (11411411)|HEAP_ALLOCATE|[EXTERNAL]|Bytes:4
08:11:57.0 (11417930)|HEAP_ALLOCATE|[25]|Bytes:5
08:11:57.0 (11426629)|HEAP_ALLOCATE|[25]|Bytes:12
08:11:57.0 (11430524)|VARIABLE_SCOPE_BEGIN|[25]|obj|Account|true|false
08:11:57.0 (11439939)|VARIABLE_ASSIGNMENT|[25]|obj|{"Id":"0017F00000DPb5uQAD","Name":"Burlington Textiles  (15 more) ..."}|0x709a466a
08:11:57.0 (11444639)|STATEMENT_EXECUTE|[25]
08:11:57.0 (11445495)|STATEMENT_EXECUTE|[26]
08:11:57.0 (11448876)|HEAP_ALLOCATE|[EXTERNAL]|Bytes:4
08:11:57.0 (11456054)|HEAP_ALLOCATE|[25]|Bytes:5
08:11:57.0 (11463415)|VARIABLE_ASSIGNMENT|[25]|obj|null|
08:11:57.0 (11467213)|STATEMENT_EXECUTE|[28]
08:11:57.0 (11472003)|SYSTEM_MODE_EXIT|false
08:11:57.11 (11507221)|CUMULATIVE_LIMIT_USAGE
08:11:57.11 (11507221)|LIMIT_USAGE_FOR_NS|(default)|
  Number of SOQL queries: 1 out of 100
  Number of query rows: 5 out of 50000
  Number of SOSL queries: 0 out of 20
  Number of DML statements: 0 out of 150
  Number of DML rows: 0 out of 10000
  Maximum CPU time: 0 out of 10000
  Maximum heap size: 0 out of 6000000
  Number of callouts: 0 out of 100
  Number of Email Invocations: 0 out of 10
  Number of future calls: 0 out of 50
  Number of queueable jobs added to the queue: 0 out of 50
  Number of Mobile Apex push calls: 0 out of 10

08:11:57.11 (11507221)|CUMULATIVE_LIMIT_USAGE_END

08:11:57.0 (11537464)|CODE_UNIT_FINISHED|accountsWithContactsClass.fetchLookUpValues
08:11:57.0 (11598680)|CODE_UNIT_FINISHED|Aura
08:11:57.0 (12821381)|EXECUTION_FINISHED
