40.0 APEX_CODE,FINEST;APEX_PROFILING,INFO;CALLOUT,INFO;DB,INFO;SYSTEM,DEBUG;VALIDATION,INFO;VISUALFORCE,INFO;WAVE,INFO;WORKFLOW,INFO
08:03:32.0 (91569)|USER_INFO|[EXTERNAL]|0057F000000SZkg|test-d_masalsky@twistellar.com|Pacific Standard Time|GMT-07:00
08:03:32.0 (133649)|EXECUTION_STARTED
08:03:32.0 (138210)|CODE_UNIT_STARTED|[EXTERNAL]|Aura
08:03:32.0 (5943019)|HEAP_ALLOCATE|[72]|Bytes:3
08:03:32.0 (6002649)|HEAP_ALLOCATE|[77]|Bytes:152
08:03:32.0 (6019627)|HEAP_ALLOCATE|[342]|Bytes:408
08:03:32.0 (6032047)|HEAP_ALLOCATE|[355]|Bytes:408
08:03:32.0 (6042839)|HEAP_ALLOCATE|[467]|Bytes:48
08:03:32.0 (6102822)|HEAP_ALLOCATE|[139]|Bytes:6
08:03:32.0 (6117224)|HEAP_ALLOCATE|[EXTERNAL]|Bytes:18
08:03:32.0 (6151702)|HEAP_ALLOCATE|[EXTERNAL]|Bytes:4
08:03:32.0 (7255996)|CODE_UNIT_STARTED|[EXTERNAL]|01p7F000008cBuq|accountsWithContactsClass.getAllContacts
08:03:32.0 (7365917)|HEAP_ALLOCATE|[EXTERNAL]|Bytes:10
08:03:32.0 (7396401)|METHOD_ENTRY|[1]|01p7F000008cBuq|accountsWithContactsClass.accountsWithContactsClass()
08:03:32.0 (7402959)|STATEMENT_EXECUTE|[1]
08:03:32.0 (7409095)|STATEMENT_EXECUTE|[1]
08:03:32.0 (7422096)|METHOD_EXIT|[1]|accountsWithContactsClass
08:03:32.0 (7428239)|HEAP_ALLOCATE|[EXTERNAL]|Bytes:4
08:03:32.0 (7439153)|SYSTEM_MODE_ENTER|false
08:03:32.0 (7518305)|VARIABLE_SCOPE_BEGIN|[4]|accountId|Id|false|false
08:03:32.0 (7676835)|VARIABLE_ASSIGNMENT|[4]|accountId|"0017F00000DPb63QAD"
08:03:32.0 (7690655)|STATEMENT_EXECUTE|[4]
08:03:32.0 (7691894)|STATEMENT_EXECUTE|[5]
08:03:32.0 (7694711)|HEAP_ALLOCATE|[5]|Bytes:116
08:03:32.0 (7708506)|HEAP_ALLOCATE|[5]|Bytes:4
08:03:32.0 (7734354)|HEAP_ALLOCATE|[5]|Bytes:7
08:03:32.0 (7792987)|HEAP_ALLOCATE|[50]|Bytes:5
08:03:32.0 (7820021)|HEAP_ALLOCATE|[56]|Bytes:5
08:03:32.0 (7831392)|HEAP_ALLOCATE|[64]|Bytes:7
08:03:32.0 (8573331)|SOQL_EXECUTE_BEGIN|[5]|Aggregations:0|SELECT FirstName, LastName, Phone, Email, Birthdate, AccountId, Account.Name FROM Contact WHERE AccountId = :tmpVar1
08:03:32.0 (12755069)|SOQL_EXECUTE_END|[5]|Rows:1
08:03:32.0 (12775392)|HEAP_ALLOCATE|[5]|Bytes:8
08:03:32.0 (12796291)|HEAP_ALLOCATE|[5]|Bytes:219
08:03:32.0 (12876091)|HEAP_ALLOCATE|[5]|Bytes:8
08:03:32.0 (12888886)|VARIABLE_SCOPE_BEGIN|[5]|contacts|List<Contact>|true|false
08:03:32.0 (12939548)|VARIABLE_ASSIGNMENT|[5]|contacts|[{"FirstName":"Edna","LastName":"Frank","Phone":"(650) 867-3450","Email":"efrank@genepoint.com","Birthdate":"1939-11-04T00:00:00.000Z","AccountId":"0017F00000DPb63QAD","Id":"0037F000007hqfzQAA","Account":{"Name":"GenePoint","Id":"0017F00000DPb63QAD"}}]|0x210ddbf7
08:03:32.0 (12949814)|STATEMENT_EXECUTE|[10]
08:03:32.0 (12958219)|SYSTEM_MODE_EXIT|false
08:03:32.13 (13000705)|CUMULATIVE_LIMIT_USAGE
08:03:32.13 (13000705)|LIMIT_USAGE_FOR_NS|(default)|
  Number of SOQL queries: 1 out of 100
  Number of query rows: 1 out of 50000
  Number of SOSL queries: 0 out of 20
  Number of DML statements: 0 out of 150
  Number of DML rows: 0 out of 10000
  Maximum CPU time: 0 out of 10000
  Maximum heap size: 0 out of 6000000
  Number of callouts: 0 out of 100
  Number of Email Invocations: 0 out of 10
  Number of future calls: 0 out of 50
  Number of queueable jobs added to the queue: 0 out of 50
  Number of Mobile Apex push calls: 0 out of 10

08:03:32.13 (13000705)|CUMULATIVE_LIMIT_USAGE_END

08:03:32.0 (13042751)|CODE_UNIT_FINISHED|accountsWithContactsClass.getAllContacts
08:03:32.0 (13117823)|CODE_UNIT_FINISHED|Aura
08:03:32.0 (14491992)|EXECUTION_FINISHED
