40.0 APEX_CODE,FINEST;APEX_PROFILING,INFO;CALLOUT,INFO;DB,INFO;SYSTEM,DEBUG;VALIDATION,INFO;VISUALFORCE,INFO;WAVE,INFO;WORKFLOW,INFO
07:48:59.0 (92581)|USER_INFO|[EXTERNAL]|0057F000000SZkg|test-d_masalsky@twistellar.com|Pacific Standard Time|GMT-07:00
07:48:59.0 (149593)|EXECUTION_STARTED
07:48:59.0 (155784)|CODE_UNIT_STARTED|[EXTERNAL]|Aura
07:48:59.0 (6167666)|HEAP_ALLOCATE|[72]|Bytes:3
07:48:59.0 (6209092)|HEAP_ALLOCATE|[77]|Bytes:152
07:48:59.0 (6227910)|HEAP_ALLOCATE|[342]|Bytes:408
07:48:59.0 (6240688)|HEAP_ALLOCATE|[355]|Bytes:408
07:48:59.0 (6250741)|HEAP_ALLOCATE|[467]|Bytes:48
07:48:59.0 (6279441)|HEAP_ALLOCATE|[139]|Bytes:6
07:48:59.0 (6294553)|HEAP_ALLOCATE|[EXTERNAL]|Bytes:18
07:48:59.0 (6311999)|HEAP_ALLOCATE|[EXTERNAL]|Bytes:4
07:48:59.0 (6956181)|CODE_UNIT_STARTED|[EXTERNAL]|01p7F000008cBuq|accountsWithContactsClass.getAllContacts
07:48:59.0 (7056618)|HEAP_ALLOCATE|[EXTERNAL]|Bytes:10
07:48:59.0 (7071816)|METHOD_ENTRY|[1]|01p7F000008cBuq|accountsWithContactsClass.accountsWithContactsClass()
07:48:59.0 (7078193)|STATEMENT_EXECUTE|[1]
07:48:59.0 (7083870)|STATEMENT_EXECUTE|[1]
07:48:59.0 (7087633)|METHOD_EXIT|[1]|accountsWithContactsClass
07:48:59.0 (7093161)|HEAP_ALLOCATE|[EXTERNAL]|Bytes:4
07:48:59.0 (7104818)|SYSTEM_MODE_ENTER|false
07:48:59.0 (7112559)|VARIABLE_SCOPE_BEGIN|[4]|accountId|Id|false|false
07:48:59.0 (7224671)|VARIABLE_ASSIGNMENT|[4]|accountId|"0017F00000DPb63QAD"
07:48:59.0 (7238957)|STATEMENT_EXECUTE|[4]
07:48:59.0 (7240199)|STATEMENT_EXECUTE|[5]
07:48:59.0 (7242809)|HEAP_ALLOCATE|[5]|Bytes:116
07:48:59.0 (7255550)|HEAP_ALLOCATE|[5]|Bytes:4
07:48:59.0 (7268394)|HEAP_ALLOCATE|[5]|Bytes:7
07:48:59.0 (7314553)|HEAP_ALLOCATE|[50]|Bytes:5
07:48:59.0 (7336954)|HEAP_ALLOCATE|[56]|Bytes:5
07:48:59.0 (7343609)|HEAP_ALLOCATE|[64]|Bytes:7
07:48:59.0 (8031999)|SOQL_EXECUTE_BEGIN|[5]|Aggregations:0|SELECT FirstName, LastName, Phone, Email, Birthdate, AccountId, Account.Name FROM Contact WHERE AccountId = :tmpVar1
07:48:59.0 (11842008)|SOQL_EXECUTE_END|[5]|Rows:1
07:48:59.0 (11861953)|HEAP_ALLOCATE|[5]|Bytes:8
07:48:59.0 (11882707)|HEAP_ALLOCATE|[5]|Bytes:219
07:48:59.0 (11950228)|HEAP_ALLOCATE|[5]|Bytes:8
07:48:59.0 (11962088)|VARIABLE_SCOPE_BEGIN|[5]|contacts|List<Contact>|true|false
07:48:59.0 (12008386)|VARIABLE_ASSIGNMENT|[5]|contacts|[{"FirstName":"Edna","LastName":"Frank","Phone":"(650) 867-3450","Email":"efrank@genepoint.com","Birthdate":"1939-11-04T00:00:00.000Z","AccountId":"0017F00000DPb63QAD","Id":"0037F000007hqfzQAA","Account":{"Name":"GenePoint","Id":"0017F00000DPb63QAD"}}]|0x5b5d183e
07:48:59.0 (12018522)|STATEMENT_EXECUTE|[10]
07:48:59.0 (12027784)|SYSTEM_MODE_EXIT|false
07:48:59.12 (12058786)|CUMULATIVE_LIMIT_USAGE
07:48:59.12 (12058786)|LIMIT_USAGE_FOR_NS|(default)|
  Number of SOQL queries: 1 out of 100
  Number of query rows: 1 out of 50000
  Number of SOSL queries: 0 out of 20
  Number of DML statements: 0 out of 150
  Number of DML rows: 0 out of 10000
  Maximum CPU time: 0 out of 10000
  Maximum heap size: 0 out of 6000000
  Number of callouts: 0 out of 100
  Number of Email Invocations: 0 out of 10
  Number of future calls: 0 out of 50
  Number of queueable jobs added to the queue: 0 out of 50
  Number of Mobile Apex push calls: 0 out of 10

07:48:59.12 (12058786)|CUMULATIVE_LIMIT_USAGE_END

07:48:59.0 (12098015)|CODE_UNIT_FINISHED|accountsWithContactsClass.getAllContacts
07:48:59.0 (12163250)|CODE_UNIT_FINISHED|Aura
07:48:59.0 (13073253)|EXECUTION_FINISHED
