40.0 APEX_CODE,FINEST;APEX_PROFILING,INFO;CALLOUT,INFO;DB,INFO;SYSTEM,DEBUG;VALIDATION,INFO;VISUALFORCE,INFO;WAVE,INFO;WORKFLOW,INFO
07:56:56.0 (72104)|USER_INFO|[EXTERNAL]|0057F000000SZkg|test-d_masalsky@twistellar.com|Pacific Standard Time|GMT-07:00
07:56:56.0 (114931)|EXECUTION_STARTED
07:56:56.0 (120163)|CODE_UNIT_STARTED|[EXTERNAL]|Aura
07:56:56.0 (5682030)|HEAP_ALLOCATE|[72]|Bytes:3
07:56:56.0 (5723343)|HEAP_ALLOCATE|[77]|Bytes:152
07:56:56.0 (5738757)|HEAP_ALLOCATE|[342]|Bytes:408
07:56:56.0 (5750745)|HEAP_ALLOCATE|[355]|Bytes:408
07:56:56.0 (5761365)|HEAP_ALLOCATE|[467]|Bytes:48
07:56:56.0 (5790065)|HEAP_ALLOCATE|[139]|Bytes:6
07:56:56.0 (5802678)|HEAP_ALLOCATE|[EXTERNAL]|Bytes:18
07:56:56.0 (5819448)|HEAP_ALLOCATE|[EXTERNAL]|Bytes:4
07:56:56.0 (6461672)|CODE_UNIT_STARTED|[EXTERNAL]|01p7F000008cBuq|accountsWithContactsClass.getAllContacts
07:56:56.0 (6564929)|HEAP_ALLOCATE|[EXTERNAL]|Bytes:10
07:56:56.0 (6584472)|METHOD_ENTRY|[1]|01p7F000008cBuq|accountsWithContactsClass.accountsWithContactsClass()
07:56:56.0 (6590701)|STATEMENT_EXECUTE|[1]
07:56:56.0 (6597103)|STATEMENT_EXECUTE|[1]
07:56:56.0 (6600826)|METHOD_EXIT|[1]|accountsWithContactsClass
07:56:56.0 (6606434)|HEAP_ALLOCATE|[EXTERNAL]|Bytes:4
07:56:56.0 (6617154)|SYSTEM_MODE_ENTER|false
07:56:56.0 (6625108)|VARIABLE_SCOPE_BEGIN|[4]|accountId|Id|false|false
07:56:56.0 (6733341)|VARIABLE_ASSIGNMENT|[4]|accountId|"0017F00000DPb63QAD"
07:56:56.0 (6746489)|STATEMENT_EXECUTE|[4]
07:56:56.0 (6747822)|STATEMENT_EXECUTE|[5]
07:56:56.0 (6750510)|HEAP_ALLOCATE|[5]|Bytes:116
07:56:56.0 (6762840)|HEAP_ALLOCATE|[5]|Bytes:4
07:56:56.0 (6776237)|HEAP_ALLOCATE|[5]|Bytes:7
07:56:56.0 (6821298)|HEAP_ALLOCATE|[50]|Bytes:5
07:56:56.0 (6845098)|HEAP_ALLOCATE|[56]|Bytes:5
07:56:56.0 (6851588)|HEAP_ALLOCATE|[64]|Bytes:7
07:56:56.0 (7560076)|SOQL_EXECUTE_BEGIN|[5]|Aggregations:0|SELECT FirstName, LastName, Phone, Email, Birthdate, AccountId, Account.Name FROM Contact WHERE AccountId = :tmpVar1
07:56:56.0 (11545733)|SOQL_EXECUTE_END|[5]|Rows:1
07:56:56.0 (11566099)|HEAP_ALLOCATE|[5]|Bytes:8
07:56:56.0 (11590977)|HEAP_ALLOCATE|[5]|Bytes:219
07:56:56.0 (11680859)|HEAP_ALLOCATE|[5]|Bytes:8
07:56:56.0 (11694603)|VARIABLE_SCOPE_BEGIN|[5]|contacts|List<Contact>|true|false
07:56:56.0 (11745526)|VARIABLE_ASSIGNMENT|[5]|contacts|[{"FirstName":"Edna","LastName":"Frank","Phone":"(650) 867-3450","Email":"efrank@genepoint.com","Birthdate":"1939-11-04T00:00:00.000Z","AccountId":"0017F00000DPb63QAD","Id":"0037F000007hqfzQAA","Account":{"Name":"GenePoint","Id":"0017F00000DPb63QAD"}}]|0x75047718
07:56:56.0 (11755933)|STATEMENT_EXECUTE|[10]
07:56:56.0 (11764270)|SYSTEM_MODE_EXIT|false
07:56:56.11 (11803974)|CUMULATIVE_LIMIT_USAGE
07:56:56.11 (11803974)|LIMIT_USAGE_FOR_NS|(default)|
  Number of SOQL queries: 1 out of 100
  Number of query rows: 1 out of 50000
  Number of SOSL queries: 0 out of 20
  Number of DML statements: 0 out of 150
  Number of DML rows: 0 out of 10000
  Maximum CPU time: 0 out of 10000
  Maximum heap size: 0 out of 6000000
  Number of callouts: 0 out of 100
  Number of Email Invocations: 0 out of 10
  Number of future calls: 0 out of 50
  Number of queueable jobs added to the queue: 0 out of 50
  Number of Mobile Apex push calls: 0 out of 10

07:56:56.11 (11803974)|CUMULATIVE_LIMIT_USAGE_END

07:56:56.0 (11842744)|CODE_UNIT_FINISHED|accountsWithContactsClass.getAllContacts
07:56:56.0 (11913942)|CODE_UNIT_FINISHED|Aura
07:56:56.0 (12814416)|EXECUTION_FINISHED
