40.0 APEX_CODE,FINEST;APEX_PROFILING,INFO;CALLOUT,INFO;DB,INFO;SYSTEM,DEBUG;VALIDATION,INFO;VISUALFORCE,INFO;WAVE,INFO;WORKFLOW,INFO
08:18:07.0 (72118)|USER_INFO|[EXTERNAL]|0057F000000SZkg|test-d_masalsky@twistellar.com|Pacific Standard Time|GMT-07:00
08:18:07.0 (113713)|EXECUTION_STARTED
08:18:07.0 (118502)|CODE_UNIT_STARTED|[EXTERNAL]|Aura
08:18:07.0 (6158060)|HEAP_ALLOCATE|[72]|Bytes:3
08:18:07.0 (6200150)|HEAP_ALLOCATE|[77]|Bytes:152
08:18:07.0 (6216708)|HEAP_ALLOCATE|[342]|Bytes:408
08:18:07.0 (6229444)|HEAP_ALLOCATE|[355]|Bytes:408
08:18:07.0 (6239693)|HEAP_ALLOCATE|[467]|Bytes:48
08:18:07.0 (6266628)|HEAP_ALLOCATE|[139]|Bytes:6
08:18:07.0 (7006239)|CODE_UNIT_STARTED|[EXTERNAL]|01p7F000008cBuq|accountsWithContactsClass.fetchLookUpValues
08:18:07.0 (7110504)|HEAP_ALLOCATE|[EXTERNAL]|Bytes:10
08:18:07.0 (7131233)|METHOD_ENTRY|[1]|01p7F000008cBuq|accountsWithContactsClass.accountsWithContactsClass()
08:18:07.0 (7141266)|STATEMENT_EXECUTE|[1]
08:18:07.0 (7148601)|STATEMENT_EXECUTE|[1]
08:18:07.0 (7152540)|METHOD_EXIT|[1]|accountsWithContactsClass
08:18:07.0 (7166852)|SYSTEM_MODE_ENTER|false
08:18:07.0 (7175253)|VARIABLE_SCOPE_BEGIN|[20]|searchKeyWord|String|false|false
08:18:07.0 (7212397)|VARIABLE_ASSIGNMENT|[20]|searchKeyWord|""
08:18:07.0 (7228961)|STATEMENT_EXECUTE|[20]
08:18:07.0 (7230797)|STATEMENT_EXECUTE|[21]
08:18:07.0 (7234088)|HEAP_ALLOCATE|[21]|Bytes:1
08:18:07.0 (7248401)|HEAP_ALLOCATE|[21]|Bytes:1
08:18:07.0 (7254572)|VARIABLE_SCOPE_BEGIN|[21]|searchKey|String|false|false
08:18:07.0 (7264862)|VARIABLE_ASSIGNMENT|[21]|searchKey|"%"
08:18:07.0 (7269316)|STATEMENT_EXECUTE|[22]
08:18:07.0 (7335775)|HEAP_ALLOCATE|[22]|Bytes:4
08:18:07.0 (7405186)|VARIABLE_SCOPE_BEGIN|[22]|returnList|List<Account>|true|false
08:18:07.0 (7419929)|HEAP_ALLOCATE|[EXTERNAL]|Bytes:4
08:18:07.0 (7431436)|VARIABLE_ASSIGNMENT|[22]|returnList|[]|0x78093971
08:18:07.0 (7437105)|STATEMENT_EXECUTE|[23]
08:18:07.0 (7439354)|HEAP_ALLOCATE|[23]|Bytes:89
08:18:07.0 (7444520)|VARIABLE_SCOPE_BEGIN|[23]|sQuery|String|false|false
08:18:07.0 (7456298)|VARIABLE_ASSIGNMENT|[23]|sQuery|"SELECT Id, Name FROM (69 more) ..."
08:18:07.0 (7459703)|STATEMENT_EXECUTE|[24]
08:18:07.0 (7498664)|HEAP_ALLOCATE|[50]|Bytes:5
08:18:07.0 (7521568)|HEAP_ALLOCATE|[56]|Bytes:5
08:18:07.0 (7528498)|HEAP_ALLOCATE|[64]|Bytes:7
08:18:07.0 (7986687)|SOQL_EXECUTE_BEGIN|[24]|Aggregations:0|SELECT Id, Name FROM Account WHERE Name LIKE: searchKey ORDER BY CreatedDate DESC LIMIT 5
08:18:07.0 (9940334)|SOQL_EXECUTE_END|[24]|Rows:5
08:18:07.0 (9960890)|HEAP_ALLOCATE|[24]|Bytes:24
08:18:07.0 (9982249)|HEAP_ALLOCATE|[24]|Bytes:307
08:18:07.0 (10007495)|HEAP_ALLOCATE|[24]|Bytes:24
08:18:07.0 (10022805)|VARIABLE_SCOPE_BEGIN|[24]|lstOfRecords|List<Account>|true|false
08:18:07.0 (10054139)|VARIABLE_ASSIGNMENT|[24]|lstOfRecords|[{"Id":"0017F00000DPb63QAD","Name":"GenePoint"},{"Id":"0017F00000DPb61QAD","Name":"United Oil & Gas, UK"},{"Id":"0017F00000DPb62QAD","Name":"United Oil & Gas, Si (7 more) ..."},{"Id":"0017F00000DPb5tQAD","Name":"Express Logistics an (11 more) ..."},{"Id":"0017F00000DPb5uQAD","Name":"Burlington Textiles  (15 more) ..."}]|0x196365bc
08:18:07.0 (10220794)|HEAP_ALLOCATE|[25]|Bytes:5
08:18:07.0 (10256596)|HEAP_ALLOCATE|[25]|Bytes:12
08:18:07.0 (10267670)|VARIABLE_SCOPE_BEGIN|[25]|obj|Account|true|false
08:18:07.0 (10281036)|VARIABLE_ASSIGNMENT|[25]|obj|{"Id":"0017F00000DPb63QAD","Name":"GenePoint"}|0x5ae6ff94
08:18:07.0 (10287262)|STATEMENT_EXECUTE|[25]
08:18:07.0 (10288641)|STATEMENT_EXECUTE|[26]
08:18:07.0 (10315667)|HEAP_ALLOCATE|[EXTERNAL]|Bytes:4
08:18:07.0 (10329325)|HEAP_ALLOCATE|[25]|Bytes:5
08:18:07.0 (10343486)|HEAP_ALLOCATE|[25]|Bytes:12
08:18:07.0 (10354522)|VARIABLE_SCOPE_BEGIN|[25]|obj|Account|true|false
08:18:07.0 (10365669)|VARIABLE_ASSIGNMENT|[25]|obj|{"Id":"0017F00000DPb61QAD","Name":"United Oil & Gas, UK"}|0x7774353
08:18:07.0 (10371031)|STATEMENT_EXECUTE|[25]
08:18:07.0 (10372317)|STATEMENT_EXECUTE|[26]
08:18:07.0 (10377185)|HEAP_ALLOCATE|[EXTERNAL]|Bytes:4
08:18:07.0 (10385044)|HEAP_ALLOCATE|[25]|Bytes:5
08:18:07.0 (10395452)|HEAP_ALLOCATE|[25]|Bytes:12
08:18:07.0 (10400096)|VARIABLE_SCOPE_BEGIN|[25]|obj|Account|true|false
08:18:07.0 (10409804)|VARIABLE_ASSIGNMENT|[25]|obj|{"Id":"0017F00000DPb62QAD","Name":"United Oil & Gas, Si (7 more) ..."}|0x1aaafdc1
08:18:07.0 (10414930)|STATEMENT_EXECUTE|[25]
08:18:07.0 (10415845)|STATEMENT_EXECUTE|[26]
08:18:07.0 (10419334)|HEAP_ALLOCATE|[EXTERNAL]|Bytes:4
08:18:07.0 (10429318)|HEAP_ALLOCATE|[25]|Bytes:5
08:18:07.0 (10442712)|HEAP_ALLOCATE|[25]|Bytes:12
08:18:07.0 (10447185)|VARIABLE_SCOPE_BEGIN|[25]|obj|Account|true|false
08:18:07.0 (10456997)|VARIABLE_ASSIGNMENT|[25]|obj|{"Id":"0017F00000DPb5tQAD","Name":"Express Logistics an (11 more) ..."}|0x5fd7105c
08:18:07.0 (10461619)|STATEMENT_EXECUTE|[25]
08:18:07.0 (10462525)|STATEMENT_EXECUTE|[26]
08:18:07.0 (10466317)|HEAP_ALLOCATE|[EXTERNAL]|Bytes:4
08:18:07.0 (10473260)|HEAP_ALLOCATE|[25]|Bytes:5
08:18:07.0 (10482248)|HEAP_ALLOCATE|[25]|Bytes:12
08:18:07.0 (10486386)|VARIABLE_SCOPE_BEGIN|[25]|obj|Account|true|false
08:18:07.0 (10494835)|VARIABLE_ASSIGNMENT|[25]|obj|{"Id":"0017F00000DPb5uQAD","Name":"Burlington Textiles  (15 more) ..."}|0x32205e6d
08:18:07.0 (10499744)|STATEMENT_EXECUTE|[25]
08:18:07.0 (10500637)|STATEMENT_EXECUTE|[26]
08:18:07.0 (10503964)|HEAP_ALLOCATE|[EXTERNAL]|Bytes:4
08:18:07.0 (10510775)|HEAP_ALLOCATE|[25]|Bytes:5
08:18:07.0 (10519063)|VARIABLE_ASSIGNMENT|[25]|obj|null|
08:18:07.0 (10523016)|STATEMENT_EXECUTE|[28]
08:18:07.0 (10527931)|SYSTEM_MODE_EXIT|false
08:18:07.10 (10553554)|CUMULATIVE_LIMIT_USAGE
08:18:07.10 (10553554)|LIMIT_USAGE_FOR_NS|(default)|
  Number of SOQL queries: 1 out of 100
  Number of query rows: 5 out of 50000
  Number of SOSL queries: 0 out of 20
  Number of DML statements: 0 out of 150
  Number of DML rows: 0 out of 10000
  Maximum CPU time: 0 out of 10000
  Maximum heap size: 0 out of 6000000
  Number of callouts: 0 out of 100
  Number of Email Invocations: 0 out of 10
  Number of future calls: 0 out of 50
  Number of queueable jobs added to the queue: 0 out of 50
  Number of Mobile Apex push calls: 0 out of 10

08:18:07.10 (10553554)|CUMULATIVE_LIMIT_USAGE_END

08:18:07.0 (10583557)|CODE_UNIT_FINISHED|accountsWithContactsClass.fetchLookUpValues
08:18:07.0 (10647337)|CODE_UNIT_FINISHED|Aura
08:18:07.0 (11673045)|EXECUTION_FINISHED
