40.0 APEX_CODE,FINEST;APEX_PROFILING,INFO;CALLOUT,INFO;DB,INFO;SYSTEM,DEBUG;VALIDATION,INFO;VISUALFORCE,INFO;WAVE,INFO;WORKFLOW,INFO
07:38:29.0 (73721)|USER_INFO|[EXTERNAL]|0057F000000SZkg|test-d_masalsky@twistellar.com|Pacific Standard Time|GMT-07:00
07:38:29.0 (118645)|EXECUTION_STARTED
07:38:29.0 (123266)|CODE_UNIT_STARTED|[EXTERNAL]|Aura
07:38:29.0 (5831248)|HEAP_ALLOCATE|[72]|Bytes:3
07:38:29.0 (5870059)|HEAP_ALLOCATE|[77]|Bytes:152
07:38:29.0 (5885785)|HEAP_ALLOCATE|[342]|Bytes:408
07:38:29.0 (5898155)|HEAP_ALLOCATE|[355]|Bytes:408
07:38:29.0 (5908021)|HEAP_ALLOCATE|[467]|Bytes:48
07:38:29.0 (5947867)|HEAP_ALLOCATE|[139]|Bytes:6
07:38:29.0 (5966138)|HEAP_ALLOCATE|[EXTERNAL]|Bytes:1
07:38:29.0 (5978178)|HEAP_ALLOCATE|[EXTERNAL]|Bytes:1
07:38:29.0 (6602861)|CODE_UNIT_STARTED|[EXTERNAL]|01p7F000008cBuq|accountsWithContactsClass.fetchLookUpValues
07:38:29.0 (6702824)|HEAP_ALLOCATE|[EXTERNAL]|Bytes:10
07:38:29.0 (6715820)|METHOD_ENTRY|[1]|01p7F000008cBuq|accountsWithContactsClass.accountsWithContactsClass()
07:38:29.0 (6721817)|STATEMENT_EXECUTE|[1]
07:38:29.0 (6727435)|STATEMENT_EXECUTE|[1]
07:38:29.0 (6731954)|METHOD_EXIT|[1]|accountsWithContactsClass
07:38:29.0 (6737013)|HEAP_ALLOCATE|[EXTERNAL]|Bytes:1
07:38:29.0 (6747627)|SYSTEM_MODE_ENTER|false
07:38:29.0 (6754822)|VARIABLE_SCOPE_BEGIN|[20]|searchKeyWord|String|false|false
07:38:29.0 (6777244)|VARIABLE_ASSIGNMENT|[20]|searchKeyWord|"g"
07:38:29.0 (6788822)|STATEMENT_EXECUTE|[20]
07:38:29.0 (6790208)|STATEMENT_EXECUTE|[21]
07:38:29.0 (6792953)|HEAP_ALLOCATE|[21]|Bytes:1
07:38:29.0 (6806976)|HEAP_ALLOCATE|[21]|Bytes:2
07:38:29.0 (6812681)|VARIABLE_SCOPE_BEGIN|[21]|searchKey|String|false|false
07:38:29.0 (6822663)|VARIABLE_ASSIGNMENT|[21]|searchKey|"g%"
07:38:29.0 (6826546)|STATEMENT_EXECUTE|[22]
07:38:29.0 (6888036)|HEAP_ALLOCATE|[22]|Bytes:4
07:38:29.0 (6950630)|VARIABLE_SCOPE_BEGIN|[22]|returnList|List<Account>|true|false
07:38:29.0 (6962733)|HEAP_ALLOCATE|[EXTERNAL]|Bytes:4
07:38:29.0 (6973091)|VARIABLE_ASSIGNMENT|[22]|returnList|[]|0x5fd3c27
07:38:29.0 (6981387)|STATEMENT_EXECUTE|[23]
07:38:29.0 (6983599)|HEAP_ALLOCATE|[23]|Bytes:89
07:38:29.0 (6988135)|VARIABLE_SCOPE_BEGIN|[23]|sQuery|String|false|false
07:38:29.0 (6998923)|VARIABLE_ASSIGNMENT|[23]|sQuery|"SELECT Id, Name FROM (69 more) ..."
07:38:29.0 (7002340)|STATEMENT_EXECUTE|[24]
07:38:29.0 (7036001)|HEAP_ALLOCATE|[50]|Bytes:5
07:38:29.0 (7059221)|HEAP_ALLOCATE|[56]|Bytes:5
07:38:29.0 (7065909)|HEAP_ALLOCATE|[64]|Bytes:7
07:38:29.0 (7527028)|SOQL_EXECUTE_BEGIN|[24]|Aggregations:0|SELECT Id, Name FROM Account WHERE Name LIKE: searchKey ORDER BY CreatedDate DESC LIMIT 5
07:38:29.0 (11320699)|SOQL_EXECUTE_END|[24]|Rows:2
07:38:29.0 (11339117)|HEAP_ALLOCATE|[24]|Bytes:12
07:38:29.0 (11355762)|HEAP_ALLOCATE|[24]|Bytes:109
07:38:29.0 (11380485)|HEAP_ALLOCATE|[24]|Bytes:12
07:38:29.0 (11394790)|VARIABLE_SCOPE_BEGIN|[24]|lstOfRecords|List<Account>|true|false
07:38:29.0 (11418324)|VARIABLE_ASSIGNMENT|[24]|lstOfRecords|[{"Id":"0017F00000DPb63QAD","Name":"GenePoint"},{"Id":"0017F00000DPb5xQAD","Name":"Grand Hotels & Resor (6 more) ..."}]|0x6a340ddd
07:38:29.0 (11573893)|HEAP_ALLOCATE|[25]|Bytes:5
07:38:29.0 (11609173)|HEAP_ALLOCATE|[25]|Bytes:12
07:38:29.0 (11618875)|VARIABLE_SCOPE_BEGIN|[25]|obj|Account|true|false
07:38:29.0 (11632920)|VARIABLE_ASSIGNMENT|[25]|obj|{"Id":"0017F00000DPb63QAD","Name":"GenePoint"}|0x1566e39c
07:38:29.0 (11638927)|STATEMENT_EXECUTE|[25]
07:38:29.0 (11640281)|STATEMENT_EXECUTE|[26]
07:38:29.0 (11667931)|HEAP_ALLOCATE|[EXTERNAL]|Bytes:4
07:38:29.0 (11680532)|HEAP_ALLOCATE|[25]|Bytes:5
07:38:29.0 (11694442)|HEAP_ALLOCATE|[25]|Bytes:12
07:38:29.0 (11700064)|VARIABLE_SCOPE_BEGIN|[25]|obj|Account|true|false
07:38:29.0 (11711394)|VARIABLE_ASSIGNMENT|[25]|obj|{"Id":"0017F00000DPb5xQAD","Name":"Grand Hotels & Resor (6 more) ..."}|0x5ff65e08
07:38:29.0 (11716699)|STATEMENT_EXECUTE|[25]
07:38:29.0 (11717749)|STATEMENT_EXECUTE|[26]
07:38:29.0 (11722836)|HEAP_ALLOCATE|[EXTERNAL]|Bytes:4
07:38:29.0 (11731288)|HEAP_ALLOCATE|[25]|Bytes:5
07:38:29.0 (11739628)|VARIABLE_ASSIGNMENT|[25]|obj|null|
07:38:29.0 (11743925)|STATEMENT_EXECUTE|[28]
07:38:29.0 (11749111)|SYSTEM_MODE_EXIT|false
07:38:29.11 (11777542)|CUMULATIVE_LIMIT_USAGE
07:38:29.11 (11777542)|LIMIT_USAGE_FOR_NS|(default)|
  Number of SOQL queries: 1 out of 100
  Number of query rows: 2 out of 50000
  Number of SOSL queries: 0 out of 20
  Number of DML statements: 0 out of 150
  Number of DML rows: 0 out of 10000
  Maximum CPU time: 0 out of 10000
  Maximum heap size: 0 out of 6000000
  Number of callouts: 0 out of 100
  Number of Email Invocations: 0 out of 10
  Number of future calls: 0 out of 50
  Number of queueable jobs added to the queue: 0 out of 50
  Number of Mobile Apex push calls: 0 out of 10

07:38:29.11 (11777542)|CUMULATIVE_LIMIT_USAGE_END

07:38:29.0 (11816069)|CODE_UNIT_FINISHED|accountsWithContactsClass.fetchLookUpValues
07:38:29.0 (11874475)|CODE_UNIT_FINISHED|Aura
07:38:29.0 (12809013)|EXECUTION_FINISHED
