40.0 APEX_CODE,FINEST;APEX_PROFILING,INFO;CALLOUT,INFO;DB,INFO;SYSTEM,DEBUG;VALIDATION,INFO;VISUALFORCE,INFO;WAVE,INFO;WORKFLOW,INFO
08:08:02.0 (68647)|USER_INFO|[EXTERNAL]|0057F000000SZkg|test-d_masalsky@twistellar.com|Pacific Standard Time|GMT-07:00
08:08:02.0 (111176)|EXECUTION_STARTED
08:08:02.0 (115350)|CODE_UNIT_STARTED|[EXTERNAL]|Aura
08:08:02.0 (5842414)|HEAP_ALLOCATE|[72]|Bytes:3
08:08:02.0 (5881699)|HEAP_ALLOCATE|[77]|Bytes:152
08:08:02.0 (5897192)|HEAP_ALLOCATE|[342]|Bytes:408
08:08:02.0 (5909224)|HEAP_ALLOCATE|[355]|Bytes:408
08:08:02.0 (5919095)|HEAP_ALLOCATE|[467]|Bytes:48
08:08:02.0 (5946253)|HEAP_ALLOCATE|[139]|Bytes:6
08:08:02.0 (5958420)|HEAP_ALLOCATE|[EXTERNAL]|Bytes:18
08:08:02.0 (5975706)|HEAP_ALLOCATE|[EXTERNAL]|Bytes:4
08:08:02.0 (6607427)|CODE_UNIT_STARTED|[EXTERNAL]|01p7F000008cBuq|accountsWithContactsClass.getAllContacts
08:08:02.0 (6707905)|HEAP_ALLOCATE|[EXTERNAL]|Bytes:10
08:08:02.0 (6722388)|METHOD_ENTRY|[1]|01p7F000008cBuq|accountsWithContactsClass.accountsWithContactsClass()
08:08:02.0 (6727820)|STATEMENT_EXECUTE|[1]
08:08:02.0 (6733605)|STATEMENT_EXECUTE|[1]
08:08:02.0 (6737022)|METHOD_EXIT|[1]|accountsWithContactsClass
08:08:02.0 (6742305)|HEAP_ALLOCATE|[EXTERNAL]|Bytes:4
08:08:02.0 (6752493)|SYSTEM_MODE_ENTER|false
08:08:02.0 (6759839)|VARIABLE_SCOPE_BEGIN|[4]|accountId|Id|false|false
08:08:02.0 (6908924)|VARIABLE_ASSIGNMENT|[4]|accountId|"0017F00000DPb63QAD"
08:08:02.0 (6921539)|STATEMENT_EXECUTE|[4]
08:08:02.0 (6922788)|STATEMENT_EXECUTE|[5]
08:08:02.0 (6925371)|HEAP_ALLOCATE|[5]|Bytes:116
08:08:02.0 (6938044)|HEAP_ALLOCATE|[5]|Bytes:4
08:08:02.0 (6949971)|HEAP_ALLOCATE|[5]|Bytes:7
08:08:02.0 (6992011)|HEAP_ALLOCATE|[50]|Bytes:5
08:08:02.0 (7014465)|HEAP_ALLOCATE|[56]|Bytes:5
08:08:02.0 (7021692)|HEAP_ALLOCATE|[64]|Bytes:7
08:08:02.0 (7861780)|SOQL_EXECUTE_BEGIN|[5]|Aggregations:0|SELECT FirstName, LastName, Phone, Email, Birthdate, AccountId, Account.Name FROM Contact WHERE AccountId = :tmpVar1
08:08:02.0 (12564330)|SOQL_EXECUTE_END|[5]|Rows:1
08:08:02.0 (12591891)|HEAP_ALLOCATE|[5]|Bytes:8
08:08:02.0 (12614487)|HEAP_ALLOCATE|[5]|Bytes:219
08:08:02.0 (12686116)|HEAP_ALLOCATE|[5]|Bytes:8
08:08:02.0 (12698318)|VARIABLE_SCOPE_BEGIN|[5]|contacts|List<Contact>|true|false
08:08:02.0 (12747066)|VARIABLE_ASSIGNMENT|[5]|contacts|[{"FirstName":"Edna","LastName":"Frank","Phone":"(650) 867-3450","Email":"efrank@genepoint.com","Birthdate":"1939-11-04T00:00:00.000Z","AccountId":"0017F00000DPb63QAD","Id":"0037F000007hqfzQAA","Account":{"Name":"GenePoint","Id":"0017F00000DPb63QAD"}}]|0x36a798ef
08:08:02.0 (12756540)|STATEMENT_EXECUTE|[10]
08:08:02.0 (12764354)|SYSTEM_MODE_EXIT|false
08:08:02.12 (12794443)|CUMULATIVE_LIMIT_USAGE
08:08:02.12 (12794443)|LIMIT_USAGE_FOR_NS|(default)|
  Number of SOQL queries: 1 out of 100
  Number of query rows: 1 out of 50000
  Number of SOSL queries: 0 out of 20
  Number of DML statements: 0 out of 150
  Number of DML rows: 0 out of 10000
  Maximum CPU time: 0 out of 10000
  Maximum heap size: 0 out of 6000000
  Number of callouts: 0 out of 100
  Number of Email Invocations: 0 out of 10
  Number of future calls: 0 out of 50
  Number of queueable jobs added to the queue: 0 out of 50
  Number of Mobile Apex push calls: 0 out of 10

08:08:02.12 (12794443)|CUMULATIVE_LIMIT_USAGE_END

08:08:02.0 (12834160)|CODE_UNIT_FINISHED|accountsWithContactsClass.getAllContacts
08:08:02.0 (12903013)|CODE_UNIT_FINISHED|Aura
08:08:02.0 (13804813)|EXECUTION_FINISHED
