40.0 APEX_CODE,FINEST;APEX_PROFILING,INFO;CALLOUT,INFO;DB,INFO;SYSTEM,DEBUG;VALIDATION,INFO;VISUALFORCE,INFO;WAVE,INFO;WORKFLOW,INFO
08:22:53.0 (74885)|USER_INFO|[EXTERNAL]|0057F000000SZkg|test-d_masalsky@twistellar.com|Pacific Standard Time|GMT-07:00
08:22:53.0 (118030)|EXECUTION_STARTED
08:22:53.0 (122279)|CODE_UNIT_STARTED|[EXTERNAL]|Aura
08:22:53.0 (6042392)|HEAP_ALLOCATE|[72]|Bytes:3
08:22:53.0 (6083984)|HEAP_ALLOCATE|[77]|Bytes:152
08:22:53.0 (6100000)|HEAP_ALLOCATE|[342]|Bytes:408
08:22:53.0 (6114098)|HEAP_ALLOCATE|[355]|Bytes:408
08:22:53.0 (6123887)|HEAP_ALLOCATE|[467]|Bytes:48
08:22:53.0 (6151701)|HEAP_ALLOCATE|[139]|Bytes:6
08:22:53.0 (6163877)|HEAP_ALLOCATE|[EXTERNAL]|Bytes:18
08:22:53.0 (6182495)|HEAP_ALLOCATE|[EXTERNAL]|Bytes:4
08:22:53.0 (6895896)|CODE_UNIT_STARTED|[EXTERNAL]|01p7F000008cBuq|accountsWithContactsClass.getAllContacts
08:22:53.0 (6997656)|HEAP_ALLOCATE|[EXTERNAL]|Bytes:10
08:22:53.0 (7011581)|METHOD_ENTRY|[1]|01p7F000008cBuq|accountsWithContactsClass.accountsWithContactsClass()
08:22:53.0 (7017853)|STATEMENT_EXECUTE|[1]
08:22:53.0 (7023459)|STATEMENT_EXECUTE|[1]
08:22:53.0 (7026689)|METHOD_EXIT|[1]|accountsWithContactsClass
08:22:53.0 (7032110)|HEAP_ALLOCATE|[EXTERNAL]|Bytes:4
08:22:53.0 (7041252)|SYSTEM_MODE_ENTER|false
08:22:53.0 (7048862)|VARIABLE_SCOPE_BEGIN|[4]|accountId|Id|false|false
08:22:53.0 (7214811)|VARIABLE_ASSIGNMENT|[4]|accountId|"0017F00000DPb63QAD"
08:22:53.0 (7228334)|STATEMENT_EXECUTE|[4]
08:22:53.0 (7229559)|STATEMENT_EXECUTE|[5]
08:22:53.0 (7232205)|HEAP_ALLOCATE|[5]|Bytes:116
08:22:53.0 (7244476)|HEAP_ALLOCATE|[5]|Bytes:4
08:22:53.0 (7256241)|HEAP_ALLOCATE|[5]|Bytes:7
08:22:53.0 (7305312)|HEAP_ALLOCATE|[50]|Bytes:5
08:22:53.0 (7327905)|HEAP_ALLOCATE|[56]|Bytes:5
08:22:53.0 (7334530)|HEAP_ALLOCATE|[64]|Bytes:7
08:22:53.0 (8020871)|SOQL_EXECUTE_BEGIN|[5]|Aggregations:0|SELECT FirstName, LastName, Phone, Email, Birthdate, AccountId, Account.Name FROM Contact WHERE AccountId = :tmpVar1
08:22:53.0 (13965888)|SOQL_EXECUTE_END|[5]|Rows:1
08:22:53.0 (13989049)|HEAP_ALLOCATE|[5]|Bytes:8
08:22:53.0 (14010938)|HEAP_ALLOCATE|[5]|Bytes:219
08:22:53.0 (14100350)|HEAP_ALLOCATE|[5]|Bytes:8
08:22:53.0 (14115353)|VARIABLE_SCOPE_BEGIN|[5]|contacts|List<Contact>|true|false
08:22:53.0 (14169982)|VARIABLE_ASSIGNMENT|[5]|contacts|[{"FirstName":"Edna","LastName":"Frank","Phone":"(650) 867-3450","Email":"efrank@genepoint.com","Birthdate":"1939-11-04T00:00:00.000Z","AccountId":"0017F00000DPb63QAD","Id":"0037F000007hqfzQAA","Account":{"Name":"GenePoint","Id":"0017F00000DPb63QAD"}}]|0x3e8aa4a9
08:22:53.0 (14180906)|STATEMENT_EXECUTE|[10]
08:22:53.0 (14189337)|SYSTEM_MODE_EXIT|false
08:22:53.14 (14215369)|CUMULATIVE_LIMIT_USAGE
08:22:53.14 (14215369)|LIMIT_USAGE_FOR_NS|(default)|
  Number of SOQL queries: 1 out of 100
  Number of query rows: 1 out of 50000
  Number of SOSL queries: 0 out of 20
  Number of DML statements: 0 out of 150
  Number of DML rows: 0 out of 10000
  Maximum CPU time: 0 out of 10000
  Maximum heap size: 0 out of 6000000
  Number of callouts: 0 out of 100
  Number of Email Invocations: 0 out of 10
  Number of future calls: 0 out of 50
  Number of queueable jobs added to the queue: 0 out of 50
  Number of Mobile Apex push calls: 0 out of 10

08:22:53.14 (14215369)|CUMULATIVE_LIMIT_USAGE_END

08:22:53.0 (14250001)|CODE_UNIT_FINISHED|accountsWithContactsClass.getAllContacts
08:22:53.0 (14323497)|CODE_UNIT_FINISHED|Aura
08:22:53.0 (15307778)|EXECUTION_FINISHED
