40.0 APEX_CODE,FINEST;APEX_PROFILING,INFO;CALLOUT,INFO;DB,INFO;SYSTEM,DEBUG;VALIDATION,INFO;VISUALFORCE,INFO;WAVE,INFO;WORKFLOW,INFO
05:14:00.0 (345215)|USER_INFO|[EXTERNAL]|0057F000000SZkg|test-d_masalsky@twistellar.com|Pacific Standard Time|GMT-07:00
05:14:00.0 (377045)|EXECUTION_STARTED
05:14:00.0 (381305)|CODE_UNIT_STARTED|[EXTERNAL]|01p7F000008eP5o|13setDiscountsStatusScheduler
05:14:00.0 (10682495)|HEAP_ALLOCATE|[72]|Bytes:3
05:14:00.0 (10714487)|HEAP_ALLOCATE|[77]|Bytes:152
05:14:00.0 (10728638)|HEAP_ALLOCATE|[342]|Bytes:408
05:14:00.0 (10744773)|HEAP_ALLOCATE|[355]|Bytes:408
05:14:00.0 (10759136)|HEAP_ALLOCATE|[467]|Bytes:48
05:14:00.0 (10783659)|HEAP_ALLOCATE|[139]|Bytes:6
05:14:00.0 (10801174)|HEAP_ALLOCATE|[EXTERNAL]|Bytes:3
05:14:00.0 (10811999)|SYSTEM_METHOD_ENTRY|[1]|SchedulableContextImpl.SchedulableContextImpl()
05:14:00.0 (10816565)|STATEMENT_EXECUTE|[1]
05:14:00.0 (10824829)|SYSTEM_METHOD_EXIT|[1]|SchedulableContextImpl
05:14:00.0 (10830067)|HEAP_ALLOCATE|[EXTERNAL]|Bytes:8
05:14:00.0 (10833677)|HEAP_ALLOCATE|[EXTERNAL]|Bytes:4
05:14:00.0 (10838690)|VARIABLE_SCOPE_BEGIN|[4]|this|System.SchedulableContextImpl|true|false
05:14:00.0 (10876392)|VARIABLE_ASSIGNMENT|[4]|this|{}|0x6c1b0bb7
05:14:00.0 (10882128)|VARIABLE_SCOPE_BEGIN|[4]|triggerId|Id|false|false
05:14:00.0 (10955573)|VARIABLE_ASSIGNMENT|[4]|triggerId|"08e7F000005BCevQAG"
05:14:00.0 (11517198)|HEAP_ALLOCATE|[EXTERNAL]|Bytes:1
05:14:00.0 (11530893)|METHOD_ENTRY|[1]|01p7F000008eP5o|checkDiscountsStatusScheduler.checkDiscountsStatusScheduler()
05:14:00.0 (11536218)|STATEMENT_EXECUTE|[1]
05:14:00.0 (11539893)|STATEMENT_EXECUTE|[1]
05:14:00.0 (11543293)|METHOD_EXIT|[1]|checkDiscountsStatusScheduler
05:14:00.0 (11551920)|HEAP_ALLOCATE|[EXTERNAL]|Bytes:4
05:14:00.0 (11555073)|HEAP_ALLOCATE|[EXTERNAL]|Bytes:8
05:14:00.0 (11559745)|VARIABLE_SCOPE_BEGIN|[3]|this|checkDiscountsStatusScheduler|true|false
05:14:00.0 (11580864)|VARIABLE_ASSIGNMENT|[3]|this|{}|0x3fa3832
05:14:00.0 (11587418)|VARIABLE_SCOPE_BEGIN|[3]|ctx|System.SchedulableContext|true|false
05:14:00.0 (11642582)|VARIABLE_ASSIGNMENT|[3]|ctx|{"triggerId":"08e7F000005BCevQAG"}|0x6c1b0bb7
05:14:00.0 (11653646)|STATEMENT_EXECUTE|[3]
05:14:00.0 (11654889)|STATEMENT_EXECUTE|[4]
05:14:00.0 (15213965)|HEAP_ALLOCATE|[4]|Bytes:82
05:14:00.0 (15224658)|HEAP_ALLOCATE|[4]|Bytes:22
05:14:00.0 (15228191)|HEAP_ALLOCATE|[4]|Bytes:7
05:14:00.0 (15239715)|METHOD_ENTRY|[1]|01p7F000008eSte|RSS.RSS()
05:14:00.0 (15244501)|STATEMENT_EXECUTE|[1]
05:14:00.0 (15248604)|STATEMENT_EXECUTE|[1]
05:14:00.0 (15252751)|METHOD_EXIT|[1]|RSS
05:14:00.0 (15265028)|HEAP_ALLOCATE|[4]|Bytes:4
05:14:00.0 (15284220)|CONSTRUCTOR_ENTRY|[4]|01p7F000008eSte|<init>()
05:14:00.0 (15311372)|VARIABLE_SCOPE_BEGIN|[1]|this|RSS|true|false
05:14:00.0 (15329504)|VARIABLE_ASSIGNMENT|[1]|this|{}|0x105cbeef
05:14:00.0 (15345531)|STATEMENT_EXECUTE|[1]
05:14:00.0 (15352576)|CONSTRUCTOR_EXIT|[4]|01p7F000008eSte|<init>()
05:14:00.0 (15357711)|VARIABLE_SCOPE_BEGIN|[4]|myBatch|RSS|true|false
05:14:00.0 (15368955)|VARIABLE_ASSIGNMENT|[4]|myBatch|{}|0x105cbeef
05:14:00.0 (15373310)|STATEMENT_EXECUTE|[5]
05:14:00.0 (15387017)|HEAP_ALLOCATE|[50]|Bytes:5
05:14:00.0 (15403296)|HEAP_ALLOCATE|[56]|Bytes:5
05:14:00.0 (15410851)|HEAP_ALLOCATE|[64]|Bytes:7
05:14:00.40 (40592169)|CUMULATIVE_LIMIT_USAGE
05:14:00.40 (40592169)|LIMIT_USAGE_FOR_NS|(default)|
  Number of SOQL queries: 0 out of 100
  Number of query rows: 0 out of 50000
  Number of SOSL queries: 0 out of 20
  Number of DML statements: 0 out of 150
  Number of DML rows: 0 out of 10000
  Maximum CPU time: 0 out of 10000
  Maximum heap size: 0 out of 6000000
  Number of callouts: 0 out of 100
  Number of Email Invocations: 0 out of 10
  Number of future calls: 0 out of 50
  Number of queueable jobs added to the queue: 0 out of 50
  Number of Mobile Apex push calls: 0 out of 10

05:14:00.40 (40592169)|CUMULATIVE_LIMIT_USAGE_END

05:14:00.0 (40633607)|CODE_UNIT_FINISHED|13setDiscountsStatusScheduler
05:14:00.0 (41323397)|EXECUTION_FINISHED
