40.0 APEX_CODE,FINEST;APEX_PROFILING,INFO;CALLOUT,INFO;DB,INFO;SYSTEM,DEBUG;VALIDATION,INFO;VISUALFORCE,INFO;WAVE,INFO;WORKFLOW,INFO
08:07:36.0 (81984)|USER_INFO|[EXTERNAL]|0057F000000SZkg|test-d_masalsky@twistellar.com|Pacific Standard Time|GMT-07:00
08:07:36.0 (124905)|EXECUTION_STARTED
08:07:36.0 (129482)|CODE_UNIT_STARTED|[EXTERNAL]|Aura
08:07:36.0 (6708995)|HEAP_ALLOCATE|[72]|Bytes:3
08:07:36.0 (6771201)|HEAP_ALLOCATE|[77]|Bytes:152
08:07:36.0 (6792094)|HEAP_ALLOCATE|[342]|Bytes:408
08:07:36.0 (6805482)|HEAP_ALLOCATE|[355]|Bytes:408
08:07:36.0 (6816434)|HEAP_ALLOCATE|[467]|Bytes:48
08:07:36.0 (6845232)|HEAP_ALLOCATE|[139]|Bytes:6
08:07:36.0 (6859511)|HEAP_ALLOCATE|[EXTERNAL]|Bytes:18
08:07:36.0 (6887547)|HEAP_ALLOCATE|[EXTERNAL]|Bytes:4
08:07:36.0 (7812888)|CODE_UNIT_STARTED|[EXTERNAL]|01p7F000008cBuq|accountsWithContactsClass.getAllContacts
08:07:36.0 (7962507)|HEAP_ALLOCATE|[EXTERNAL]|Bytes:10
08:07:36.0 (7983216)|METHOD_ENTRY|[1]|01p7F000008cBuq|accountsWithContactsClass.accountsWithContactsClass()
08:07:36.0 (7993536)|STATEMENT_EXECUTE|[1]
08:07:36.0 (8000627)|STATEMENT_EXECUTE|[1]
08:07:36.0 (8005859)|METHOD_EXIT|[1]|accountsWithContactsClass
08:07:36.0 (8011958)|HEAP_ALLOCATE|[EXTERNAL]|Bytes:4
08:07:36.0 (8024381)|SYSTEM_MODE_ENTER|false
08:07:36.0 (8032293)|VARIABLE_SCOPE_BEGIN|[4]|accountId|Id|false|false
08:07:36.0 (8251566)|VARIABLE_ASSIGNMENT|[4]|accountId|"0017F00000DPb63QAD"
08:07:36.0 (8270269)|STATEMENT_EXECUTE|[4]
08:07:36.0 (8271696)|STATEMENT_EXECUTE|[5]
08:07:36.0 (8274888)|HEAP_ALLOCATE|[5]|Bytes:116
08:07:36.0 (8289637)|HEAP_ALLOCATE|[5]|Bytes:4
08:07:36.0 (8303542)|HEAP_ALLOCATE|[5]|Bytes:7
08:07:36.0 (8354227)|HEAP_ALLOCATE|[50]|Bytes:5
08:07:36.0 (8380297)|HEAP_ALLOCATE|[56]|Bytes:5
08:07:36.0 (8388303)|HEAP_ALLOCATE|[64]|Bytes:7
08:07:36.0 (9255048)|SOQL_EXECUTE_BEGIN|[5]|Aggregations:0|SELECT FirstName, LastName, Phone, Email, Birthdate, AccountId, Account.Name FROM Contact WHERE AccountId = :tmpVar1
08:07:36.0 (14463170)|SOQL_EXECUTE_END|[5]|Rows:1
08:07:36.0 (14486766)|HEAP_ALLOCATE|[5]|Bytes:8
08:07:36.0 (14507861)|HEAP_ALLOCATE|[5]|Bytes:219
08:07:36.0 (14602311)|HEAP_ALLOCATE|[5]|Bytes:8
08:07:36.0 (14617841)|VARIABLE_SCOPE_BEGIN|[5]|contacts|List<Contact>|true|false
08:07:36.0 (14672230)|VARIABLE_ASSIGNMENT|[5]|contacts|[{"FirstName":"Edna","LastName":"Frank","Phone":"(650) 867-3450","Email":"efrank@genepoint.com","Birthdate":"1939-11-04T00:00:00.000Z","AccountId":"0017F00000DPb63QAD","Id":"0037F000007hqfzQAA","Account":{"Name":"GenePoint","Id":"0017F00000DPb63QAD"}}]|0x20f5aadf
08:07:36.0 (14683136)|STATEMENT_EXECUTE|[10]
08:07:36.0 (14692262)|SYSTEM_MODE_EXIT|false
08:07:36.14 (14748550)|CUMULATIVE_LIMIT_USAGE
08:07:36.14 (14748550)|LIMIT_USAGE_FOR_NS|(default)|
  Number of SOQL queries: 1 out of 100
  Number of query rows: 1 out of 50000
  Number of SOSL queries: 0 out of 20
  Number of DML statements: 0 out of 150
  Number of DML rows: 0 out of 10000
  Maximum CPU time: 0 out of 10000
  Maximum heap size: 0 out of 6000000
  Number of callouts: 0 out of 100
  Number of Email Invocations: 0 out of 10
  Number of future calls: 0 out of 50
  Number of queueable jobs added to the queue: 0 out of 50
  Number of Mobile Apex push calls: 0 out of 10

08:07:36.14 (14748550)|CUMULATIVE_LIMIT_USAGE_END

08:07:36.0 (14795454)|CODE_UNIT_FINISHED|accountsWithContactsClass.getAllContacts
08:07:36.0 (14874336)|CODE_UNIT_FINISHED|Aura
08:07:36.0 (16111844)|EXECUTION_FINISHED
