40.0 APEX_CODE,FINEST;APEX_PROFILING,INFO;CALLOUT,INFO;DB,INFO;SYSTEM,DEBUG;VALIDATION,INFO;VISUALFORCE,INFO;WAVE,INFO;WORKFLOW,INFO
08:14:14.0 (71083)|USER_INFO|[EXTERNAL]|0057F000000SZkg|test-d_masalsky@twistellar.com|Pacific Standard Time|GMT-07:00
08:14:14.0 (110001)|EXECUTION_STARTED
08:14:14.0 (114216)|CODE_UNIT_STARTED|[EXTERNAL]|Aura
08:14:14.0 (5521091)|HEAP_ALLOCATE|[72]|Bytes:3
08:14:14.0 (5558915)|HEAP_ALLOCATE|[77]|Bytes:152
08:14:14.0 (5573653)|HEAP_ALLOCATE|[342]|Bytes:408
08:14:14.0 (5586319)|HEAP_ALLOCATE|[355]|Bytes:408
08:14:14.0 (5596866)|HEAP_ALLOCATE|[467]|Bytes:48
08:14:14.0 (5619362)|HEAP_ALLOCATE|[139]|Bytes:6
08:14:14.0 (5635360)|HEAP_ALLOCATE|[EXTERNAL]|Bytes:1
08:14:14.0 (5645853)|HEAP_ALLOCATE|[EXTERNAL]|Bytes:1
08:14:14.0 (6310713)|CODE_UNIT_STARTED|[EXTERNAL]|01p7F000008cBuq|accountsWithContactsClass.fetchLookUpValues
08:14:14.0 (6427982)|HEAP_ALLOCATE|[EXTERNAL]|Bytes:10
08:14:14.0 (6447113)|METHOD_ENTRY|[1]|01p7F000008cBuq|accountsWithContactsClass.accountsWithContactsClass()
08:14:14.0 (6456730)|STATEMENT_EXECUTE|[1]
08:14:14.0 (6463335)|STATEMENT_EXECUTE|[1]
08:14:14.0 (6467673)|METHOD_EXIT|[1]|accountsWithContactsClass
08:14:14.0 (6473354)|HEAP_ALLOCATE|[EXTERNAL]|Bytes:1
08:14:14.0 (6484053)|SYSTEM_MODE_ENTER|false
08:14:14.0 (6490567)|VARIABLE_SCOPE_BEGIN|[20]|searchKeyWord|String|false|false
08:14:14.0 (6511076)|VARIABLE_ASSIGNMENT|[20]|searchKeyWord|"G"
08:14:14.0 (6532372)|STATEMENT_EXECUTE|[20]
08:14:14.0 (6534612)|STATEMENT_EXECUTE|[21]
08:14:14.0 (6538426)|HEAP_ALLOCATE|[21]|Bytes:1
08:14:14.0 (6555515)|HEAP_ALLOCATE|[21]|Bytes:2
08:14:14.0 (6561857)|VARIABLE_SCOPE_BEGIN|[21]|searchKey|String|false|false
08:14:14.0 (6571449)|VARIABLE_ASSIGNMENT|[21]|searchKey|"G%"
08:14:14.0 (6576160)|STATEMENT_EXECUTE|[22]
08:14:14.0 (6659926)|HEAP_ALLOCATE|[22]|Bytes:4
08:14:14.0 (6737207)|VARIABLE_SCOPE_BEGIN|[22]|returnList|List<Account>|true|false
08:14:14.0 (6750145)|HEAP_ALLOCATE|[EXTERNAL]|Bytes:4
08:14:14.0 (6759013)|VARIABLE_ASSIGNMENT|[22]|returnList|[]|0x2c3f6f9d
08:14:14.0 (6763965)|STATEMENT_EXECUTE|[23]
08:14:14.0 (6766254)|HEAP_ALLOCATE|[23]|Bytes:89
08:14:14.0 (6770490)|VARIABLE_SCOPE_BEGIN|[23]|sQuery|String|false|false
08:14:14.0 (6780287)|VARIABLE_ASSIGNMENT|[23]|sQuery|"SELECT Id, Name FROM (69 more) ..."
08:14:14.0 (6792593)|STATEMENT_EXECUTE|[24]
08:14:14.0 (6835815)|HEAP_ALLOCATE|[50]|Bytes:5
08:14:14.0 (6867028)|HEAP_ALLOCATE|[56]|Bytes:5
08:14:14.0 (6877815)|HEAP_ALLOCATE|[64]|Bytes:7
08:14:14.0 (7430422)|SOQL_EXECUTE_BEGIN|[24]|Aggregations:0|SELECT Id, Name FROM Account WHERE Name LIKE: searchKey ORDER BY CreatedDate DESC LIMIT 5
08:14:14.0 (11513625)|SOQL_EXECUTE_END|[24]|Rows:2
08:14:14.0 (11534300)|HEAP_ALLOCATE|[24]|Bytes:12
08:14:14.0 (11550583)|HEAP_ALLOCATE|[24]|Bytes:109
08:14:14.0 (11576332)|HEAP_ALLOCATE|[24]|Bytes:12
08:14:14.0 (11590944)|VARIABLE_SCOPE_BEGIN|[24]|lstOfRecords|List<Account>|true|false
08:14:14.0 (11614418)|VARIABLE_ASSIGNMENT|[24]|lstOfRecords|[{"Id":"0017F00000DPb63QAD","Name":"GenePoint"},{"Id":"0017F00000DPb5xQAD","Name":"Grand Hotels & Resor (6 more) ..."}]|0x130b061a
08:14:14.0 (11769967)|HEAP_ALLOCATE|[25]|Bytes:5
08:14:14.0 (11804711)|HEAP_ALLOCATE|[25]|Bytes:12
08:14:14.0 (11814693)|VARIABLE_SCOPE_BEGIN|[25]|obj|Account|true|false
08:14:14.0 (11842971)|VARIABLE_ASSIGNMENT|[25]|obj|{"Id":"0017F00000DPb63QAD","Name":"GenePoint"}|0x7ac53369
08:14:14.0 (11852817)|STATEMENT_EXECUTE|[25]
08:14:14.0 (11854831)|STATEMENT_EXECUTE|[26]
08:14:14.0 (11893140)|HEAP_ALLOCATE|[EXTERNAL]|Bytes:4
08:14:14.0 (11908411)|HEAP_ALLOCATE|[25]|Bytes:5
08:14:14.0 (11925039)|HEAP_ALLOCATE|[25]|Bytes:12
08:14:14.0 (11931608)|VARIABLE_SCOPE_BEGIN|[25]|obj|Account|true|false
08:14:14.0 (11945045)|VARIABLE_ASSIGNMENT|[25]|obj|{"Id":"0017F00000DPb5xQAD","Name":"Grand Hotels & Resor (6 more) ..."}|0x3135d1fd
08:14:14.0 (11950738)|STATEMENT_EXECUTE|[25]
08:14:14.0 (11951744)|STATEMENT_EXECUTE|[26]
08:14:14.0 (11956921)|HEAP_ALLOCATE|[EXTERNAL]|Bytes:4
08:14:14.0 (11965405)|HEAP_ALLOCATE|[25]|Bytes:5
08:14:14.0 (11973730)|VARIABLE_ASSIGNMENT|[25]|obj|null|
08:14:14.0 (11978262)|STATEMENT_EXECUTE|[28]
08:14:14.0 (11983390)|SYSTEM_MODE_EXIT|false
08:14:14.12 (12028675)|CUMULATIVE_LIMIT_USAGE
08:14:14.12 (12028675)|LIMIT_USAGE_FOR_NS|(default)|
  Number of SOQL queries: 1 out of 100
  Number of query rows: 2 out of 50000
  Number of SOSL queries: 0 out of 20
  Number of DML statements: 0 out of 150
  Number of DML rows: 0 out of 10000
  Maximum CPU time: 0 out of 10000
  Maximum heap size: 0 out of 6000000
  Number of callouts: 0 out of 100
  Number of Email Invocations: 0 out of 10
  Number of future calls: 0 out of 50
  Number of queueable jobs added to the queue: 0 out of 50
  Number of Mobile Apex push calls: 0 out of 10

08:14:14.12 (12028675)|CUMULATIVE_LIMIT_USAGE_END

08:14:14.0 (12068122)|CODE_UNIT_FINISHED|accountsWithContactsClass.fetchLookUpValues
08:14:14.0 (12133513)|CODE_UNIT_FINISHED|Aura
08:14:14.0 (13183066)|EXECUTION_FINISHED
