40.0 APEX_CODE,FINEST;APEX_PROFILING,INFO;CALLOUT,INFO;DB,INFO;SYSTEM,DEBUG;VALIDATION,INFO;VISUALFORCE,INFO;WAVE,INFO;WORKFLOW,INFO
07:42:10.0 (101027)|USER_INFO|[EXTERNAL]|0057F000000SZkg|test-d_masalsky@twistellar.com|Pacific Standard Time|GMT-07:00
07:42:10.0 (143577)|EXECUTION_STARTED
07:42:10.0 (148296)|CODE_UNIT_STARTED|[EXTERNAL]|Aura
07:42:10.0 (7452794)|HEAP_ALLOCATE|[72]|Bytes:3
07:42:10.0 (7505447)|HEAP_ALLOCATE|[77]|Bytes:152
07:42:10.0 (7530269)|HEAP_ALLOCATE|[342]|Bytes:408
07:42:10.0 (7553964)|HEAP_ALLOCATE|[355]|Bytes:408
07:42:10.0 (7576783)|HEAP_ALLOCATE|[467]|Bytes:48
07:42:10.0 (7614250)|HEAP_ALLOCATE|[139]|Bytes:6
07:42:10.0 (7641916)|HEAP_ALLOCATE|[EXTERNAL]|Bytes:3
07:42:10.0 (7654413)|HEAP_ALLOCATE|[EXTERNAL]|Bytes:3
07:42:10.0 (8297551)|CODE_UNIT_STARTED|[EXTERNAL]|01p7F000008cBuq|accountsWithContactsClass.fetchLookUpValues
07:42:10.0 (8417605)|HEAP_ALLOCATE|[EXTERNAL]|Bytes:10
07:42:10.0 (8437530)|METHOD_ENTRY|[1]|01p7F000008cBuq|accountsWithContactsClass.accountsWithContactsClass()
07:42:10.0 (8447236)|STATEMENT_EXECUTE|[1]
07:42:10.0 (8454801)|STATEMENT_EXECUTE|[1]
07:42:10.0 (8464014)|METHOD_EXIT|[1]|accountsWithContactsClass
07:42:10.0 (8472891)|HEAP_ALLOCATE|[EXTERNAL]|Bytes:3
07:42:10.0 (8492540)|SYSTEM_MODE_ENTER|false
07:42:10.0 (8503957)|VARIABLE_SCOPE_BEGIN|[20]|searchKeyWord|String|false|false
07:42:10.0 (8538580)|VARIABLE_ASSIGNMENT|[20]|searchKeyWord|"sdf"
07:42:10.0 (8550869)|STATEMENT_EXECUTE|[20]
07:42:10.0 (8552277)|STATEMENT_EXECUTE|[21]
07:42:10.0 (8555449)|HEAP_ALLOCATE|[21]|Bytes:1
07:42:10.0 (8569628)|HEAP_ALLOCATE|[21]|Bytes:4
07:42:10.0 (8575708)|VARIABLE_SCOPE_BEGIN|[21]|searchKey|String|false|false
07:42:10.0 (8586082)|VARIABLE_ASSIGNMENT|[21]|searchKey|"sdf%"
07:42:10.0 (8590256)|STATEMENT_EXECUTE|[22]
07:42:10.0 (8662821)|HEAP_ALLOCATE|[22]|Bytes:4
07:42:10.0 (8752449)|VARIABLE_SCOPE_BEGIN|[22]|returnList|List<Account>|true|false
07:42:10.0 (8772211)|HEAP_ALLOCATE|[EXTERNAL]|Bytes:4
07:42:10.0 (8786637)|VARIABLE_ASSIGNMENT|[22]|returnList|[]|0x2fb759b8
07:42:10.0 (8795076)|STATEMENT_EXECUTE|[23]
07:42:10.0 (8798607)|HEAP_ALLOCATE|[23]|Bytes:89
07:42:10.0 (8805100)|VARIABLE_SCOPE_BEGIN|[23]|sQuery|String|false|false
07:42:10.0 (8816822)|VARIABLE_ASSIGNMENT|[23]|sQuery|"SELECT Id, Name FROM (69 more) ..."
07:42:10.0 (8822825)|STATEMENT_EXECUTE|[24]
07:42:10.0 (8858159)|HEAP_ALLOCATE|[50]|Bytes:5
07:42:10.0 (8881861)|HEAP_ALLOCATE|[56]|Bytes:5
07:42:10.0 (8888688)|HEAP_ALLOCATE|[64]|Bytes:7
07:42:10.0 (9502161)|SOQL_EXECUTE_BEGIN|[24]|Aggregations:0|SELECT Id, Name FROM Account WHERE Name LIKE: searchKey ORDER BY CreatedDate DESC LIMIT 5
07:42:10.0 (14183617)|SOQL_EXECUTE_END|[24]|Rows:0
07:42:10.0 (14206803)|HEAP_ALLOCATE|[24]|Bytes:4
07:42:10.0 (14217404)|HEAP_ALLOCATE|[24]|Bytes:0
07:42:10.0 (14248992)|HEAP_ALLOCATE|[24]|Bytes:4
07:42:10.0 (14264942)|VARIABLE_SCOPE_BEGIN|[24]|lstOfRecords|List<Account>|true|false
07:42:10.0 (14280707)|VARIABLE_ASSIGNMENT|[24]|lstOfRecords|[]|0x5e0d406b
07:42:10.0 (14450096)|HEAP_ALLOCATE|[25]|Bytes:5
07:42:10.0 (14479892)|VARIABLE_ASSIGNMENT|[25]|obj|null|
07:42:10.0 (14486401)|STATEMENT_EXECUTE|[25]
07:42:10.0 (14487747)|STATEMENT_EXECUTE|[28]
07:42:10.0 (14493115)|SYSTEM_MODE_EXIT|false
07:42:10.14 (14525430)|CUMULATIVE_LIMIT_USAGE
07:42:10.14 (14525430)|LIMIT_USAGE_FOR_NS|(default)|
  Number of SOQL queries: 1 out of 100
  Number of query rows: 0 out of 50000
  Number of SOSL queries: 0 out of 20
  Number of DML statements: 0 out of 150
  Number of DML rows: 0 out of 10000
  Maximum CPU time: 0 out of 10000
  Maximum heap size: 0 out of 6000000
  Number of callouts: 0 out of 100
  Number of Email Invocations: 0 out of 10
  Number of future calls: 0 out of 50
  Number of queueable jobs added to the queue: 0 out of 50
  Number of Mobile Apex push calls: 0 out of 10

07:42:10.14 (14525430)|CUMULATIVE_LIMIT_USAGE_END

07:42:10.0 (14564389)|CODE_UNIT_FINISHED|accountsWithContactsClass.fetchLookUpValues
07:42:10.0 (14615787)|CODE_UNIT_FINISHED|Aura
07:42:10.0 (15555687)|EXECUTION_FINISHED
