40.0 APEX_CODE,FINEST;APEX_PROFILING,INFO;CALLOUT,INFO;DB,INFO;SYSTEM,DEBUG;VALIDATION,INFO;VISUALFORCE,INFO;WAVE,INFO;WORKFLOW,INFO
08:18:26.0 (76597)|USER_INFO|[EXTERNAL]|0057F000000SZkg|test-d_masalsky@twistellar.com|Pacific Standard Time|GMT-07:00
08:18:26.0 (115363)|EXECUTION_STARTED
08:18:26.0 (121260)|CODE_UNIT_STARTED|[EXTERNAL]|Aura
08:18:26.0 (7508365)|HEAP_ALLOCATE|[72]|Bytes:3
08:18:26.0 (7551004)|HEAP_ALLOCATE|[77]|Bytes:152
08:18:26.0 (7566133)|HEAP_ALLOCATE|[342]|Bytes:408
08:18:26.0 (7578613)|HEAP_ALLOCATE|[355]|Bytes:408
08:18:26.0 (7588542)|HEAP_ALLOCATE|[467]|Bytes:48
08:18:26.0 (7614572)|HEAP_ALLOCATE|[139]|Bytes:6
08:18:26.0 (7627765)|HEAP_ALLOCATE|[EXTERNAL]|Bytes:18
08:18:26.0 (7645189)|HEAP_ALLOCATE|[EXTERNAL]|Bytes:4
08:18:26.0 (8297672)|CODE_UNIT_STARTED|[EXTERNAL]|01p7F000008cBuq|accountsWithContactsClass.getAllContacts
08:18:26.0 (8469829)|HEAP_ALLOCATE|[EXTERNAL]|Bytes:10
08:18:26.0 (8487049)|METHOD_ENTRY|[1]|01p7F000008cBuq|accountsWithContactsClass.accountsWithContactsClass()
08:18:26.0 (8493485)|STATEMENT_EXECUTE|[1]
08:18:26.0 (8499880)|STATEMENT_EXECUTE|[1]
08:18:26.0 (8504296)|METHOD_EXIT|[1]|accountsWithContactsClass
08:18:26.0 (8510940)|HEAP_ALLOCATE|[EXTERNAL]|Bytes:4
08:18:26.0 (8526259)|SYSTEM_MODE_ENTER|false
08:18:26.0 (8533205)|VARIABLE_SCOPE_BEGIN|[4]|accountId|Id|false|false
08:18:26.0 (8649386)|VARIABLE_ASSIGNMENT|[4]|accountId|"0017F00000DPb63QAD"
08:18:26.0 (8661895)|STATEMENT_EXECUTE|[4]
08:18:26.0 (8663367)|STATEMENT_EXECUTE|[5]
08:18:26.0 (8666259)|HEAP_ALLOCATE|[5]|Bytes:116
08:18:26.0 (8678893)|HEAP_ALLOCATE|[5]|Bytes:4
08:18:26.0 (8691411)|HEAP_ALLOCATE|[5]|Bytes:7
08:18:26.0 (8749536)|HEAP_ALLOCATE|[50]|Bytes:5
08:18:26.0 (8773884)|HEAP_ALLOCATE|[56]|Bytes:5
08:18:26.0 (8780863)|HEAP_ALLOCATE|[64]|Bytes:7
08:18:26.0 (9494023)|SOQL_EXECUTE_BEGIN|[5]|Aggregations:0|SELECT FirstName, LastName, Phone, Email, Birthdate, AccountId, Account.Name FROM Contact WHERE AccountId = :tmpVar1
08:18:26.0 (13415984)|SOQL_EXECUTE_END|[5]|Rows:1
08:18:26.0 (13437372)|HEAP_ALLOCATE|[5]|Bytes:8
08:18:26.0 (13462773)|HEAP_ALLOCATE|[5]|Bytes:219
08:18:26.0 (13557441)|HEAP_ALLOCATE|[5]|Bytes:8
08:18:26.0 (13571088)|VARIABLE_SCOPE_BEGIN|[5]|contacts|List<Contact>|true|false
08:18:26.0 (13620094)|VARIABLE_ASSIGNMENT|[5]|contacts|[{"FirstName":"Edna","LastName":"Frank","Phone":"(650) 867-3450","Email":"efrank@genepoint.com","Birthdate":"1939-11-04T00:00:00.000Z","AccountId":"0017F00000DPb63QAD","Id":"0037F000007hqfzQAA","Account":{"Name":"GenePoint","Id":"0017F00000DPb63QAD"}}]|0x55c57068
08:18:26.0 (13636257)|STATEMENT_EXECUTE|[10]
08:18:26.0 (13646476)|SYSTEM_MODE_EXIT|false
08:18:26.13 (13679314)|CUMULATIVE_LIMIT_USAGE
08:18:26.13 (13679314)|LIMIT_USAGE_FOR_NS|(default)|
  Number of SOQL queries: 1 out of 100
  Number of query rows: 1 out of 50000
  Number of SOSL queries: 0 out of 20
  Number of DML statements: 0 out of 150
  Number of DML rows: 0 out of 10000
  Maximum CPU time: 0 out of 10000
  Maximum heap size: 0 out of 6000000
  Number of callouts: 0 out of 100
  Number of Email Invocations: 0 out of 10
  Number of future calls: 0 out of 50
  Number of queueable jobs added to the queue: 0 out of 50
  Number of Mobile Apex push calls: 0 out of 10

08:18:26.13 (13679314)|CUMULATIVE_LIMIT_USAGE_END

08:18:26.0 (13711699)|CODE_UNIT_FINISHED|accountsWithContactsClass.getAllContacts
08:18:26.0 (13799684)|CODE_UNIT_FINISHED|Aura
08:18:26.0 (14741757)|EXECUTION_FINISHED
