40.0 APEX_CODE,FINEST;APEX_PROFILING,INFO;CALLOUT,INFO;DB,INFO;SYSTEM,DEBUG;VALIDATION,INFO;VISUALFORCE,INFO;WAVE,INFO;WORKFLOW,INFO
08:11:20.0 (77527)|USER_INFO|[EXTERNAL]|0057F000000SZkg|test-d_masalsky@twistellar.com|Pacific Standard Time|GMT-07:00
08:11:20.0 (122932)|EXECUTION_STARTED
08:11:20.0 (127606)|CODE_UNIT_STARTED|[EXTERNAL]|Aura
08:11:20.0 (6004106)|HEAP_ALLOCATE|[72]|Bytes:3
08:11:20.0 (6046402)|HEAP_ALLOCATE|[77]|Bytes:152
08:11:20.0 (6062519)|HEAP_ALLOCATE|[342]|Bytes:408
08:11:20.0 (6075711)|HEAP_ALLOCATE|[355]|Bytes:408
08:11:20.0 (6088827)|HEAP_ALLOCATE|[467]|Bytes:48
08:11:20.0 (6118006)|HEAP_ALLOCATE|[139]|Bytes:6
08:11:20.0 (6131182)|HEAP_ALLOCATE|[EXTERNAL]|Bytes:18
08:11:20.0 (6149415)|HEAP_ALLOCATE|[EXTERNAL]|Bytes:4
08:11:20.0 (7176292)|CODE_UNIT_STARTED|[EXTERNAL]|01p7F000008cBuq|accountsWithContactsClass.getAllContacts
08:11:20.0 (7285114)|HEAP_ALLOCATE|[EXTERNAL]|Bytes:10
08:11:20.0 (7298783)|METHOD_ENTRY|[1]|01p7F000008cBuq|accountsWithContactsClass.accountsWithContactsClass()
08:11:20.0 (7304462)|STATEMENT_EXECUTE|[1]
08:11:20.0 (7309960)|STATEMENT_EXECUTE|[1]
08:11:20.0 (7313468)|METHOD_EXIT|[1]|accountsWithContactsClass
08:11:20.0 (7318814)|HEAP_ALLOCATE|[EXTERNAL]|Bytes:4
08:11:20.0 (7329617)|SYSTEM_MODE_ENTER|false
08:11:20.0 (7336317)|VARIABLE_SCOPE_BEGIN|[4]|accountId|Id|false|false
08:11:20.0 (7451963)|VARIABLE_ASSIGNMENT|[4]|accountId|"0017F00000DPb63QAD"
08:11:20.0 (7465721)|STATEMENT_EXECUTE|[4]
08:11:20.0 (7466903)|STATEMENT_EXECUTE|[5]
08:11:20.0 (7469394)|HEAP_ALLOCATE|[5]|Bytes:116
08:11:20.0 (7481889)|HEAP_ALLOCATE|[5]|Bytes:4
08:11:20.0 (7494844)|HEAP_ALLOCATE|[5]|Bytes:7
08:11:20.0 (7541237)|HEAP_ALLOCATE|[50]|Bytes:5
08:11:20.0 (7563833)|HEAP_ALLOCATE|[56]|Bytes:5
08:11:20.0 (7573436)|HEAP_ALLOCATE|[64]|Bytes:7
08:11:20.0 (8313065)|SOQL_EXECUTE_BEGIN|[5]|Aggregations:0|SELECT FirstName, LastName, Phone, Email, Birthdate, AccountId, Account.Name FROM Contact WHERE AccountId = :tmpVar1
08:11:20.0 (12582455)|SOQL_EXECUTE_END|[5]|Rows:1
08:11:20.0 (12603768)|HEAP_ALLOCATE|[5]|Bytes:8
08:11:20.0 (12625528)|HEAP_ALLOCATE|[5]|Bytes:219
08:11:20.0 (12705513)|HEAP_ALLOCATE|[5]|Bytes:8
08:11:20.0 (12718145)|VARIABLE_SCOPE_BEGIN|[5]|contacts|List<Contact>|true|false
08:11:20.0 (12769982)|VARIABLE_ASSIGNMENT|[5]|contacts|[{"FirstName":"Edna","LastName":"Frank","Phone":"(650) 867-3450","Email":"efrank@genepoint.com","Birthdate":"1939-11-04T00:00:00.000Z","AccountId":"0017F00000DPb63QAD","Id":"0037F000007hqfzQAA","Account":{"Name":"GenePoint","Id":"0017F00000DPb63QAD"}}]|0xe4c5715
08:11:20.0 (12781574)|STATEMENT_EXECUTE|[10]
08:11:20.0 (12790216)|SYSTEM_MODE_EXIT|false
08:11:20.12 (12825231)|CUMULATIVE_LIMIT_USAGE
08:11:20.12 (12825231)|LIMIT_USAGE_FOR_NS|(default)|
  Number of SOQL queries: 1 out of 100
  Number of query rows: 1 out of 50000
  Number of SOSL queries: 0 out of 20
  Number of DML statements: 0 out of 150
  Number of DML rows: 0 out of 10000
  Maximum CPU time: 0 out of 10000
  Maximum heap size: 0 out of 6000000
  Number of callouts: 0 out of 100
  Number of Email Invocations: 0 out of 10
  Number of future calls: 0 out of 50
  Number of queueable jobs added to the queue: 0 out of 50
  Number of Mobile Apex push calls: 0 out of 10

08:11:20.12 (12825231)|CUMULATIVE_LIMIT_USAGE_END

08:11:20.0 (12864037)|CODE_UNIT_FINISHED|accountsWithContactsClass.getAllContacts
08:11:20.0 (12940821)|CODE_UNIT_FINISHED|Aura
08:11:20.0 (14150561)|EXECUTION_FINISHED
