40.0 APEX_CODE,FINEST;APEX_PROFILING,INFO;CALLOUT,INFO;DB,INFO;SYSTEM,DEBUG;VALIDATION,INFO;VISUALFORCE,INFO;WAVE,INFO;WORKFLOW,INFO
07:58:08.0 (72309)|USER_INFO|[EXTERNAL]|0057F000000SZkg|test-d_masalsky@twistellar.com|Pacific Standard Time|GMT-07:00
07:58:08.0 (111215)|EXECUTION_STARTED
07:58:08.0 (115588)|CODE_UNIT_STARTED|[EXTERNAL]|Aura
07:58:08.0 (5608755)|HEAP_ALLOCATE|[72]|Bytes:3
07:58:08.0 (5647201)|HEAP_ALLOCATE|[77]|Bytes:152
07:58:08.0 (5663192)|HEAP_ALLOCATE|[342]|Bytes:408
07:58:08.0 (5676161)|HEAP_ALLOCATE|[355]|Bytes:408
07:58:08.0 (5686088)|HEAP_ALLOCATE|[467]|Bytes:48
07:58:08.0 (5713204)|HEAP_ALLOCATE|[139]|Bytes:6
07:58:08.0 (5725314)|HEAP_ALLOCATE|[EXTERNAL]|Bytes:18
07:58:08.0 (5741852)|HEAP_ALLOCATE|[EXTERNAL]|Bytes:4
07:58:08.0 (6431980)|CODE_UNIT_STARTED|[EXTERNAL]|01p7F000008cBuq|accountsWithContactsClass.getAllContacts
07:58:08.0 (6537539)|HEAP_ALLOCATE|[EXTERNAL]|Bytes:10
07:58:08.0 (6550536)|METHOD_ENTRY|[1]|01p7F000008cBuq|accountsWithContactsClass.accountsWithContactsClass()
07:58:08.0 (6556092)|STATEMENT_EXECUTE|[1]
07:58:08.0 (6561341)|STATEMENT_EXECUTE|[1]
07:58:08.0 (6564443)|METHOD_EXIT|[1]|accountsWithContactsClass
07:58:08.0 (6569732)|HEAP_ALLOCATE|[EXTERNAL]|Bytes:4
07:58:08.0 (6581917)|SYSTEM_MODE_ENTER|false
07:58:08.0 (6589389)|VARIABLE_SCOPE_BEGIN|[4]|accountId|Id|false|false
07:58:08.0 (6713157)|VARIABLE_ASSIGNMENT|[4]|accountId|"0017F00000DPb63QAD"
07:58:08.0 (6725059)|STATEMENT_EXECUTE|[4]
07:58:08.0 (6726231)|STATEMENT_EXECUTE|[5]
07:58:08.0 (6728839)|HEAP_ALLOCATE|[5]|Bytes:116
07:58:08.0 (6741502)|HEAP_ALLOCATE|[5]|Bytes:4
07:58:08.0 (6754438)|HEAP_ALLOCATE|[5]|Bytes:7
07:58:08.0 (6799762)|HEAP_ALLOCATE|[50]|Bytes:5
07:58:08.0 (6825469)|HEAP_ALLOCATE|[56]|Bytes:5
07:58:08.0 (6832896)|HEAP_ALLOCATE|[64]|Bytes:7
07:58:08.0 (7547717)|SOQL_EXECUTE_BEGIN|[5]|Aggregations:0|SELECT FirstName, LastName, Phone, Email, Birthdate, AccountId, Account.Name FROM Contact WHERE AccountId = :tmpVar1
07:58:08.0 (11296851)|SOQL_EXECUTE_END|[5]|Rows:1
07:58:08.0 (11316519)|HEAP_ALLOCATE|[5]|Bytes:8
07:58:08.0 (11337030)|HEAP_ALLOCATE|[5]|Bytes:219
07:58:08.0 (11404886)|HEAP_ALLOCATE|[5]|Bytes:8
07:58:08.0 (11416315)|VARIABLE_SCOPE_BEGIN|[5]|contacts|List<Contact>|true|false
07:58:08.0 (11464900)|VARIABLE_ASSIGNMENT|[5]|contacts|[{"FirstName":"Edna","LastName":"Frank","Phone":"(650) 867-3450","Email":"efrank@genepoint.com","Birthdate":"1939-11-04T00:00:00.000Z","AccountId":"0017F00000DPb63QAD","Id":"0037F000007hqfzQAA","Account":{"Name":"GenePoint","Id":"0017F00000DPb63QAD"}}]|0x6d19d6d3
07:58:08.0 (11474990)|STATEMENT_EXECUTE|[10]
07:58:08.0 (11483217)|SYSTEM_MODE_EXIT|false
07:58:08.11 (11517706)|CUMULATIVE_LIMIT_USAGE
07:58:08.11 (11517706)|LIMIT_USAGE_FOR_NS|(default)|
  Number of SOQL queries: 1 out of 100
  Number of query rows: 1 out of 50000
  Number of SOSL queries: 0 out of 20
  Number of DML statements: 0 out of 150
  Number of DML rows: 0 out of 10000
  Maximum CPU time: 0 out of 10000
  Maximum heap size: 0 out of 6000000
  Number of callouts: 0 out of 100
  Number of Email Invocations: 0 out of 10
  Number of future calls: 0 out of 50
  Number of queueable jobs added to the queue: 0 out of 50
  Number of Mobile Apex push calls: 0 out of 10

07:58:08.11 (11517706)|CUMULATIVE_LIMIT_USAGE_END

07:58:08.0 (11556984)|CODE_UNIT_FINISHED|accountsWithContactsClass.getAllContacts
07:58:08.0 (11627127)|CODE_UNIT_FINISHED|Aura
07:58:08.0 (12581881)|EXECUTION_FINISHED
