40.0 APEX_CODE,FINEST;APEX_PROFILING,INFO;CALLOUT,INFO;DB,INFO;SYSTEM,DEBUG;VALIDATION,INFO;VISUALFORCE,INFO;WAVE,INFO;WORKFLOW,INFO
07:40:11.0 (87733)|USER_INFO|[EXTERNAL]|0057F000000SZkg|test-d_masalsky@twistellar.com|Pacific Standard Time|GMT-07:00
07:40:11.0 (143567)|EXECUTION_STARTED
07:40:11.0 (149628)|CODE_UNIT_STARTED|[EXTERNAL]|Aura
07:40:11.0 (7397167)|HEAP_ALLOCATE|[72]|Bytes:3
07:40:11.0 (7444638)|HEAP_ALLOCATE|[77]|Bytes:152
07:40:11.0 (7460821)|HEAP_ALLOCATE|[342]|Bytes:408
07:40:11.0 (7473497)|HEAP_ALLOCATE|[355]|Bytes:408
07:40:11.0 (7484030)|HEAP_ALLOCATE|[467]|Bytes:48
07:40:11.0 (7521065)|HEAP_ALLOCATE|[139]|Bytes:6
07:40:11.0 (7547359)|HEAP_ALLOCATE|[EXTERNAL]|Bytes:1
07:40:11.0 (7563847)|HEAP_ALLOCATE|[EXTERNAL]|Bytes:1
07:40:11.0 (8257883)|CODE_UNIT_STARTED|[EXTERNAL]|01p7F000008cBuq|accountsWithContactsClass.fetchLookUpValues
07:40:11.0 (8370161)|HEAP_ALLOCATE|[EXTERNAL]|Bytes:10
07:40:11.0 (8384502)|METHOD_ENTRY|[1]|01p7F000008cBuq|accountsWithContactsClass.accountsWithContactsClass()
07:40:11.0 (8391172)|STATEMENT_EXECUTE|[1]
07:40:11.0 (8396814)|STATEMENT_EXECUTE|[1]
07:40:11.0 (8402959)|METHOD_EXIT|[1]|accountsWithContactsClass
07:40:11.0 (8408306)|HEAP_ALLOCATE|[EXTERNAL]|Bytes:1
07:40:11.0 (8418697)|SYSTEM_MODE_ENTER|false
07:40:11.0 (8426073)|VARIABLE_SCOPE_BEGIN|[20]|searchKeyWord|String|false|false
07:40:11.0 (8451087)|VARIABLE_ASSIGNMENT|[20]|searchKeyWord|"k"
07:40:11.0 (8461931)|STATEMENT_EXECUTE|[20]
07:40:11.0 (8463274)|STATEMENT_EXECUTE|[21]
07:40:11.0 (8466527)|HEAP_ALLOCATE|[21]|Bytes:1
07:40:11.0 (8479954)|HEAP_ALLOCATE|[21]|Bytes:2
07:40:11.0 (8486314)|VARIABLE_SCOPE_BEGIN|[21]|searchKey|String|false|false
07:40:11.0 (8497217)|VARIABLE_ASSIGNMENT|[21]|searchKey|"k%"
07:40:11.0 (8501666)|STATEMENT_EXECUTE|[22]
07:40:11.0 (8562467)|HEAP_ALLOCATE|[22]|Bytes:4
07:40:11.0 (8625408)|VARIABLE_SCOPE_BEGIN|[22]|returnList|List<Account>|true|false
07:40:11.0 (8637803)|HEAP_ALLOCATE|[EXTERNAL]|Bytes:4
07:40:11.0 (8648910)|VARIABLE_ASSIGNMENT|[22]|returnList|[]|0x1f032e48
07:40:11.0 (8653788)|STATEMENT_EXECUTE|[23]
07:40:11.0 (8656185)|HEAP_ALLOCATE|[23]|Bytes:89
07:40:11.0 (8660269)|VARIABLE_SCOPE_BEGIN|[23]|sQuery|String|false|false
07:40:11.0 (8672218)|VARIABLE_ASSIGNMENT|[23]|sQuery|"SELECT Id, Name FROM (69 more) ..."
07:40:11.0 (8675716)|STATEMENT_EXECUTE|[24]
07:40:11.0 (8709329)|HEAP_ALLOCATE|[50]|Bytes:5
07:40:11.0 (8732702)|HEAP_ALLOCATE|[56]|Bytes:5
07:40:11.0 (8739299)|HEAP_ALLOCATE|[64]|Bytes:7
07:40:11.0 (9274011)|SOQL_EXECUTE_BEGIN|[24]|Aggregations:0|SELECT Id, Name FROM Account WHERE Name LIKE: searchKey ORDER BY CreatedDate DESC LIMIT 5
07:40:11.0 (13483739)|SOQL_EXECUTE_END|[24]|Rows:0
07:40:11.0 (13504855)|HEAP_ALLOCATE|[24]|Bytes:4
07:40:11.0 (13514471)|HEAP_ALLOCATE|[24]|Bytes:0
07:40:11.0 (13539271)|HEAP_ALLOCATE|[24]|Bytes:4
07:40:11.0 (13552985)|VARIABLE_SCOPE_BEGIN|[24]|lstOfRecords|List<Account>|true|false
07:40:11.0 (13567094)|VARIABLE_ASSIGNMENT|[24]|lstOfRecords|[]|0x7b7eca39
07:40:11.0 (13726138)|HEAP_ALLOCATE|[25]|Bytes:5
07:40:11.0 (13763331)|VARIABLE_ASSIGNMENT|[25]|obj|null|
07:40:11.0 (13772212)|STATEMENT_EXECUTE|[25]
07:40:11.0 (13774103)|STATEMENT_EXECUTE|[28]
07:40:11.0 (13781610)|SYSTEM_MODE_EXIT|false
07:40:11.13 (13816793)|CUMULATIVE_LIMIT_USAGE
07:40:11.13 (13816793)|LIMIT_USAGE_FOR_NS|(default)|
  Number of SOQL queries: 1 out of 100
  Number of query rows: 0 out of 50000
  Number of SOSL queries: 0 out of 20
  Number of DML statements: 0 out of 150
  Number of DML rows: 0 out of 10000
  Maximum CPU time: 0 out of 10000
  Maximum heap size: 0 out of 6000000
  Number of callouts: 0 out of 100
  Number of Email Invocations: 0 out of 10
  Number of future calls: 0 out of 50
  Number of queueable jobs added to the queue: 0 out of 50
  Number of Mobile Apex push calls: 0 out of 10

07:40:11.13 (13816793)|CUMULATIVE_LIMIT_USAGE_END

07:40:11.0 (13855409)|CODE_UNIT_FINISHED|accountsWithContactsClass.fetchLookUpValues
07:40:11.0 (13906480)|CODE_UNIT_FINISHED|Aura
07:40:11.0 (14952671)|EXECUTION_FINISHED
