40.0 APEX_CODE,FINEST;APEX_PROFILING,INFO;CALLOUT,INFO;DB,INFO;SYSTEM,DEBUG;VALIDATION,INFO;VISUALFORCE,INFO;WAVE,INFO;WORKFLOW,INFO
08:22:37.0 (70376)|USER_INFO|[EXTERNAL]|0057F000000SZkg|test-d_masalsky@twistellar.com|Pacific Standard Time|GMT-07:00
08:22:37.0 (109484)|EXECUTION_STARTED
08:22:37.0 (113939)|CODE_UNIT_STARTED|[EXTERNAL]|Aura
08:22:37.0 (6053261)|HEAP_ALLOCATE|[72]|Bytes:3
08:22:37.0 (6099989)|HEAP_ALLOCATE|[77]|Bytes:152
08:22:37.0 (6115487)|HEAP_ALLOCATE|[342]|Bytes:408
08:22:37.0 (6128402)|HEAP_ALLOCATE|[355]|Bytes:408
08:22:37.0 (6139035)|HEAP_ALLOCATE|[467]|Bytes:48
08:22:37.0 (6165983)|HEAP_ALLOCATE|[139]|Bytes:6
08:22:37.0 (6177925)|HEAP_ALLOCATE|[EXTERNAL]|Bytes:18
08:22:37.0 (6196762)|HEAP_ALLOCATE|[EXTERNAL]|Bytes:4
08:22:37.0 (6913198)|CODE_UNIT_STARTED|[EXTERNAL]|01p7F000008cBuq|accountsWithContactsClass.getAllContacts
08:22:37.0 (7014475)|HEAP_ALLOCATE|[EXTERNAL]|Bytes:10
08:22:37.0 (7028801)|METHOD_ENTRY|[1]|01p7F000008cBuq|accountsWithContactsClass.accountsWithContactsClass()
08:22:37.0 (7034563)|STATEMENT_EXECUTE|[1]
08:22:37.0 (7040114)|STATEMENT_EXECUTE|[1]
08:22:37.0 (7043510)|METHOD_EXIT|[1]|accountsWithContactsClass
08:22:37.0 (7048823)|HEAP_ALLOCATE|[EXTERNAL]|Bytes:4
08:22:37.0 (7060141)|SYSTEM_MODE_ENTER|false
08:22:37.0 (7067255)|VARIABLE_SCOPE_BEGIN|[4]|accountId|Id|false|false
08:22:37.0 (7198611)|VARIABLE_ASSIGNMENT|[4]|accountId|"0017F00000DPb63QAD"
08:22:37.0 (7212180)|STATEMENT_EXECUTE|[4]
08:22:37.0 (7213357)|STATEMENT_EXECUTE|[5]
08:22:37.0 (7215845)|HEAP_ALLOCATE|[5]|Bytes:116
08:22:37.0 (7228917)|HEAP_ALLOCATE|[5]|Bytes:4
08:22:37.0 (7241491)|HEAP_ALLOCATE|[5]|Bytes:7
08:22:37.0 (7285455)|HEAP_ALLOCATE|[50]|Bytes:5
08:22:37.0 (7308690)|HEAP_ALLOCATE|[56]|Bytes:5
08:22:37.0 (7315525)|HEAP_ALLOCATE|[64]|Bytes:7
08:22:37.0 (8045346)|SOQL_EXECUTE_BEGIN|[5]|Aggregations:0|SELECT FirstName, LastName, Phone, Email, Birthdate, AccountId, Account.Name FROM Contact WHERE AccountId = :tmpVar1
08:22:37.0 (11843068)|SOQL_EXECUTE_END|[5]|Rows:1
08:22:37.0 (11864768)|HEAP_ALLOCATE|[5]|Bytes:8
08:22:37.0 (11887011)|HEAP_ALLOCATE|[5]|Bytes:219
08:22:37.0 (11960707)|HEAP_ALLOCATE|[5]|Bytes:8
08:22:37.0 (11973685)|VARIABLE_SCOPE_BEGIN|[5]|contacts|List<Contact>|true|false
08:22:37.0 (12023639)|VARIABLE_ASSIGNMENT|[5]|contacts|[{"FirstName":"Edna","LastName":"Frank","Phone":"(650) 867-3450","Email":"efrank@genepoint.com","Birthdate":"1939-11-04T00:00:00.000Z","AccountId":"0017F00000DPb63QAD","Id":"0037F000007hqfzQAA","Account":{"Name":"GenePoint","Id":"0017F00000DPb63QAD"}}]|0x41df0cd7
08:22:37.0 (12034660)|STATEMENT_EXECUTE|[10]
08:22:37.0 (12043802)|SYSTEM_MODE_EXIT|false
08:22:37.12 (12067509)|CUMULATIVE_LIMIT_USAGE
08:22:37.12 (12067509)|LIMIT_USAGE_FOR_NS|(default)|
  Number of SOQL queries: 1 out of 100
  Number of query rows: 1 out of 50000
  Number of SOSL queries: 0 out of 20
  Number of DML statements: 0 out of 150
  Number of DML rows: 0 out of 10000
  Maximum CPU time: 0 out of 10000
  Maximum heap size: 0 out of 6000000
  Number of callouts: 0 out of 100
  Number of Email Invocations: 0 out of 10
  Number of future calls: 0 out of 50
  Number of queueable jobs added to the queue: 0 out of 50
  Number of Mobile Apex push calls: 0 out of 10

08:22:37.12 (12067509)|CUMULATIVE_LIMIT_USAGE_END

08:22:37.0 (12098127)|CODE_UNIT_FINISHED|accountsWithContactsClass.getAllContacts
08:22:37.0 (12166478)|CODE_UNIT_FINISHED|Aura
08:22:37.0 (13125546)|EXECUTION_FINISHED
