40.0 APEX_CODE,FINEST;APEX_PROFILING,INFO;CALLOUT,INFO;DB,INFO;SYSTEM,DEBUG;VALIDATION,INFO;VISUALFORCE,INFO;WAVE,INFO;WORKFLOW,INFO
08:19:38.0 (70274)|USER_INFO|[EXTERNAL]|0057F000000SZkg|test-d_masalsky@twistellar.com|Pacific Standard Time|GMT-07:00
08:19:38.0 (111280)|EXECUTION_STARTED
08:19:38.0 (116127)|CODE_UNIT_STARTED|[EXTERNAL]|Aura
08:19:38.0 (6513273)|HEAP_ALLOCATE|[72]|Bytes:3
08:19:38.0 (6543653)|HEAP_ALLOCATE|[77]|Bytes:152
08:19:38.0 (6556854)|HEAP_ALLOCATE|[342]|Bytes:408
08:19:38.0 (6568980)|HEAP_ALLOCATE|[355]|Bytes:408
08:19:38.0 (6578603)|HEAP_ALLOCATE|[467]|Bytes:48
08:19:38.0 (6602294)|HEAP_ALLOCATE|[139]|Bytes:6
08:19:38.0 (6614706)|HEAP_ALLOCATE|[EXTERNAL]|Bytes:18
08:19:38.0 (6633063)|HEAP_ALLOCATE|[EXTERNAL]|Bytes:4
08:19:38.0 (7297323)|CODE_UNIT_STARTED|[EXTERNAL]|01p7F000008cBuq|accountsWithContactsClass.getAllContacts
08:19:38.0 (7396572)|HEAP_ALLOCATE|[EXTERNAL]|Bytes:10
08:19:38.0 (7414165)|METHOD_ENTRY|[1]|01p7F000008cBuq|accountsWithContactsClass.accountsWithContactsClass()
08:19:38.0 (7420843)|STATEMENT_EXECUTE|[1]
08:19:38.0 (7426083)|STATEMENT_EXECUTE|[1]
08:19:38.0 (7429825)|METHOD_EXIT|[1]|accountsWithContactsClass
08:19:38.0 (7435142)|HEAP_ALLOCATE|[EXTERNAL]|Bytes:4
08:19:38.0 (7444890)|SYSTEM_MODE_ENTER|false
08:19:38.0 (7452258)|VARIABLE_SCOPE_BEGIN|[4]|accountId|Id|false|false
08:19:38.0 (7608692)|VARIABLE_ASSIGNMENT|[4]|accountId|"0017F00000DPb63QAD"
08:19:38.0 (7625030)|STATEMENT_EXECUTE|[4]
08:19:38.0 (7626752)|STATEMENT_EXECUTE|[5]
08:19:38.0 (7630501)|HEAP_ALLOCATE|[5]|Bytes:116
08:19:38.0 (7651559)|HEAP_ALLOCATE|[5]|Bytes:4
08:19:38.0 (7670036)|HEAP_ALLOCATE|[5]|Bytes:7
08:19:38.0 (7722901)|HEAP_ALLOCATE|[50]|Bytes:5
08:19:38.0 (7740322)|HEAP_ALLOCATE|[56]|Bytes:5
08:19:38.0 (7747181)|HEAP_ALLOCATE|[64]|Bytes:7
08:19:38.0 (8481631)|SOQL_EXECUTE_BEGIN|[5]|Aggregations:0|SELECT FirstName, LastName, Phone, Email, Birthdate, AccountId, Account.Name FROM Contact WHERE AccountId = :tmpVar1
08:19:38.0 (12290277)|SOQL_EXECUTE_END|[5]|Rows:1
08:19:38.0 (12309945)|HEAP_ALLOCATE|[5]|Bytes:8
08:19:38.0 (12330370)|HEAP_ALLOCATE|[5]|Bytes:219
08:19:38.0 (12420995)|HEAP_ALLOCATE|[5]|Bytes:8
08:19:38.0 (12436206)|VARIABLE_SCOPE_BEGIN|[5]|contacts|List<Contact>|true|false
08:19:38.0 (12501149)|VARIABLE_ASSIGNMENT|[5]|contacts|[{"FirstName":"Edna","LastName":"Frank","Phone":"(650) 867-3450","Email":"efrank@genepoint.com","Birthdate":"1939-11-04T00:00:00.000Z","AccountId":"0017F00000DPb63QAD","Id":"0037F000007hqfzQAA","Account":{"Name":"GenePoint","Id":"0017F00000DPb63QAD"}}]|0x26c7cc1c
08:19:38.0 (12514611)|STATEMENT_EXECUTE|[10]
08:19:38.0 (12522516)|SYSTEM_MODE_EXIT|false
08:19:38.12 (12548316)|CUMULATIVE_LIMIT_USAGE
08:19:38.12 (12548316)|LIMIT_USAGE_FOR_NS|(default)|
  Number of SOQL queries: 1 out of 100
  Number of query rows: 1 out of 50000
  Number of SOSL queries: 0 out of 20
  Number of DML statements: 0 out of 150
  Number of DML rows: 0 out of 10000
  Maximum CPU time: 0 out of 10000
  Maximum heap size: 0 out of 6000000
  Number of callouts: 0 out of 100
  Number of Email Invocations: 0 out of 10
  Number of future calls: 0 out of 50
  Number of queueable jobs added to the queue: 0 out of 50
  Number of Mobile Apex push calls: 0 out of 10

08:19:38.12 (12548316)|CUMULATIVE_LIMIT_USAGE_END

08:19:38.0 (12599483)|CODE_UNIT_FINISHED|accountsWithContactsClass.getAllContacts
08:19:38.0 (12694157)|CODE_UNIT_FINISHED|Aura
08:19:38.0 (13683381)|EXECUTION_FINISHED
