40.0 APEX_CODE,FINEST;APEX_PROFILING,INFO;CALLOUT,INFO;DB,INFO;SYSTEM,DEBUG;VALIDATION,INFO;VISUALFORCE,INFO;WAVE,INFO;WORKFLOW,INFO
08:12:15.0 (84333)|USER_INFO|[EXTERNAL]|0057F000000SZkg|test-d_masalsky@twistellar.com|Pacific Standard Time|GMT-07:00
08:12:15.0 (133885)|EXECUTION_STARTED
08:12:15.0 (138205)|CODE_UNIT_STARTED|[EXTERNAL]|Aura
08:12:15.0 (6034226)|HEAP_ALLOCATE|[72]|Bytes:3
08:12:15.0 (6089345)|HEAP_ALLOCATE|[77]|Bytes:152
08:12:15.0 (6108933)|HEAP_ALLOCATE|[342]|Bytes:408
08:12:15.0 (6122005)|HEAP_ALLOCATE|[355]|Bytes:408
08:12:15.0 (6132992)|HEAP_ALLOCATE|[467]|Bytes:48
08:12:15.0 (6157743)|HEAP_ALLOCATE|[139]|Bytes:6
08:12:15.0 (7139450)|CODE_UNIT_STARTED|[EXTERNAL]|01p7F000008cBuq|accountsWithContactsClass.fetchLookUpValues
08:12:15.0 (7262733)|HEAP_ALLOCATE|[EXTERNAL]|Bytes:10
08:12:15.0 (7278480)|METHOD_ENTRY|[1]|01p7F000008cBuq|accountsWithContactsClass.accountsWithContactsClass()
08:12:15.0 (7284611)|STATEMENT_EXECUTE|[1]
08:12:15.0 (7290220)|STATEMENT_EXECUTE|[1]
08:12:15.0 (7293770)|METHOD_EXIT|[1]|accountsWithContactsClass
08:12:15.0 (7307317)|SYSTEM_MODE_ENTER|false
08:12:15.0 (7315093)|VARIABLE_SCOPE_BEGIN|[20]|searchKeyWord|String|false|false
08:12:15.0 (7345594)|VARIABLE_ASSIGNMENT|[20]|searchKeyWord|""
08:12:15.0 (7356648)|STATEMENT_EXECUTE|[20]
08:12:15.0 (7357990)|STATEMENT_EXECUTE|[21]
08:12:15.0 (7360985)|HEAP_ALLOCATE|[21]|Bytes:1
08:12:15.0 (7376550)|HEAP_ALLOCATE|[21]|Bytes:1
08:12:15.0 (7382750)|VARIABLE_SCOPE_BEGIN|[21]|searchKey|String|false|false
08:12:15.0 (7392780)|VARIABLE_ASSIGNMENT|[21]|searchKey|"%"
08:12:15.0 (7396930)|STATEMENT_EXECUTE|[22]
08:12:15.0 (7479344)|HEAP_ALLOCATE|[22]|Bytes:4
08:12:15.0 (7542391)|VARIABLE_SCOPE_BEGIN|[22]|returnList|List<Account>|true|false
08:12:15.0 (7555390)|HEAP_ALLOCATE|[EXTERNAL]|Bytes:4
08:12:15.0 (7566384)|VARIABLE_ASSIGNMENT|[22]|returnList|[]|0x7c926aa5
08:12:15.0 (7571691)|STATEMENT_EXECUTE|[23]
08:12:15.0 (7574500)|HEAP_ALLOCATE|[23]|Bytes:89
08:12:15.0 (7578904)|VARIABLE_SCOPE_BEGIN|[23]|sQuery|String|false|false
08:12:15.0 (7590087)|VARIABLE_ASSIGNMENT|[23]|sQuery|"SELECT Id, Name FROM (69 more) ..."
08:12:15.0 (7593323)|STATEMENT_EXECUTE|[24]
08:12:15.0 (7631736)|HEAP_ALLOCATE|[50]|Bytes:5
08:12:15.0 (7656271)|HEAP_ALLOCATE|[56]|Bytes:5
08:12:15.0 (7663423)|HEAP_ALLOCATE|[64]|Bytes:7
08:12:15.0 (8144981)|SOQL_EXECUTE_BEGIN|[24]|Aggregations:0|SELECT Id, Name FROM Account WHERE Name LIKE: searchKey ORDER BY CreatedDate DESC LIMIT 5
08:12:15.0 (10379825)|SOQL_EXECUTE_END|[24]|Rows:5
08:12:15.0 (10407070)|HEAP_ALLOCATE|[24]|Bytes:24
08:12:15.0 (10434730)|HEAP_ALLOCATE|[24]|Bytes:307
08:12:15.0 (10461759)|HEAP_ALLOCATE|[24]|Bytes:24
08:12:15.0 (10477159)|VARIABLE_SCOPE_BEGIN|[24]|lstOfRecords|List<Account>|true|false
08:12:15.0 (10507975)|VARIABLE_ASSIGNMENT|[24]|lstOfRecords|[{"Id":"0017F00000DPb63QAD","Name":"GenePoint"},{"Id":"0017F00000DPb61QAD","Name":"United Oil & Gas, UK"},{"Id":"0017F00000DPb62QAD","Name":"United Oil & Gas, Si (7 more) ..."},{"Id":"0017F00000DPb5tQAD","Name":"Express Logistics an (11 more) ..."},{"Id":"0017F00000DPb5uQAD","Name":"Burlington Textiles  (15 more) ..."}]|0x62fc8092
08:12:15.0 (10709985)|HEAP_ALLOCATE|[25]|Bytes:5
08:12:15.0 (10764775)|HEAP_ALLOCATE|[25]|Bytes:12
08:12:15.0 (10780461)|VARIABLE_SCOPE_BEGIN|[25]|obj|Account|true|false
08:12:15.0 (10802227)|VARIABLE_ASSIGNMENT|[25]|obj|{"Id":"0017F00000DPb63QAD","Name":"GenePoint"}|0x5bbad547
08:12:15.0 (10812049)|STATEMENT_EXECUTE|[25]
08:12:15.0 (10814000)|STATEMENT_EXECUTE|[26]
08:12:15.0 (10854126)|HEAP_ALLOCATE|[EXTERNAL]|Bytes:4
08:12:15.0 (10879544)|HEAP_ALLOCATE|[25]|Bytes:5
08:12:15.0 (10905187)|HEAP_ALLOCATE|[25]|Bytes:12
08:12:15.0 (10914016)|VARIABLE_SCOPE_BEGIN|[25]|obj|Account|true|false
08:12:15.0 (10930550)|VARIABLE_ASSIGNMENT|[25]|obj|{"Id":"0017F00000DPb61QAD","Name":"United Oil & Gas, UK"}|0x533359d6
08:12:15.0 (10938882)|STATEMENT_EXECUTE|[25]
08:12:15.0 (10940859)|STATEMENT_EXECUTE|[26]
08:12:15.0 (10948707)|HEAP_ALLOCATE|[EXTERNAL]|Bytes:4
08:12:15.0 (10963763)|HEAP_ALLOCATE|[25]|Bytes:5
08:12:15.0 (10978280)|HEAP_ALLOCATE|[25]|Bytes:12
08:12:15.0 (10983466)|VARIABLE_SCOPE_BEGIN|[25]|obj|Account|true|false
08:12:15.0 (10994157)|VARIABLE_ASSIGNMENT|[25]|obj|{"Id":"0017F00000DPb62QAD","Name":"United Oil & Gas, Si (7 more) ..."}|0x6fe46028
08:12:15.0 (10999923)|STATEMENT_EXECUTE|[25]
08:12:15.0 (11000928)|STATEMENT_EXECUTE|[26]
08:12:15.0 (11006134)|HEAP_ALLOCATE|[EXTERNAL]|Bytes:4
08:12:15.0 (11014395)|HEAP_ALLOCATE|[25]|Bytes:5
08:12:15.0 (11024072)|HEAP_ALLOCATE|[25]|Bytes:12
08:12:15.0 (11028353)|VARIABLE_SCOPE_BEGIN|[25]|obj|Account|true|false
08:12:15.0 (11042451)|VARIABLE_ASSIGNMENT|[25]|obj|{"Id":"0017F00000DPb5tQAD","Name":"Express Logistics an (11 more) ..."}|0x65f900a1
08:12:15.0 (11051061)|STATEMENT_EXECUTE|[25]
08:12:15.0 (11052489)|STATEMENT_EXECUTE|[26]
08:12:15.0 (11058972)|HEAP_ALLOCATE|[EXTERNAL]|Bytes:4
08:12:15.0 (11071901)|HEAP_ALLOCATE|[25]|Bytes:5
08:12:15.0 (11088328)|HEAP_ALLOCATE|[25]|Bytes:12
08:12:15.0 (11094825)|VARIABLE_SCOPE_BEGIN|[25]|obj|Account|true|false
08:12:15.0 (11110641)|VARIABLE_ASSIGNMENT|[25]|obj|{"Id":"0017F00000DPb5uQAD","Name":"Burlington Textiles  (15 more) ..."}|0x6864f1b4
08:12:15.0 (11118585)|STATEMENT_EXECUTE|[25]
08:12:15.0 (11120022)|STATEMENT_EXECUTE|[26]
08:12:15.0 (11126563)|HEAP_ALLOCATE|[EXTERNAL]|Bytes:4
08:12:15.0 (11138710)|HEAP_ALLOCATE|[25]|Bytes:5
08:12:15.0 (11151647)|VARIABLE_ASSIGNMENT|[25]|obj|null|
08:12:15.0 (11158728)|STATEMENT_EXECUTE|[28]
08:12:15.0 (11165420)|SYSTEM_MODE_EXIT|false
08:12:15.11 (11208778)|CUMULATIVE_LIMIT_USAGE
08:12:15.11 (11208778)|LIMIT_USAGE_FOR_NS|(default)|
  Number of SOQL queries: 1 out of 100
  Number of query rows: 5 out of 50000
  Number of SOSL queries: 0 out of 20
  Number of DML statements: 0 out of 150
  Number of DML rows: 0 out of 10000
  Maximum CPU time: 0 out of 10000
  Maximum heap size: 0 out of 6000000
  Number of callouts: 0 out of 100
  Number of Email Invocations: 0 out of 10
  Number of future calls: 0 out of 50
  Number of queueable jobs added to the queue: 0 out of 50
  Number of Mobile Apex push calls: 0 out of 10

08:12:15.11 (11208778)|CUMULATIVE_LIMIT_USAGE_END

08:12:15.0 (11245340)|CODE_UNIT_FINISHED|accountsWithContactsClass.fetchLookUpValues
08:12:15.0 (11315927)|CODE_UNIT_FINISHED|Aura
08:12:15.0 (12711114)|EXECUTION_FINISHED
