40.0 APEX_CODE,FINEST;APEX_PROFILING,INFO;CALLOUT,INFO;DB,INFO;SYSTEM,DEBUG;VALIDATION,INFO;VISUALFORCE,INFO;WAVE,INFO;WORKFLOW,INFO
08:18:03.0 (149203)|USER_INFO|[EXTERNAL]|0057F000000SZkg|test-d_masalsky@twistellar.com|Pacific Standard Time|GMT-07:00
08:18:03.0 (239646)|EXECUTION_STARTED
08:18:03.0 (249048)|CODE_UNIT_STARTED|[EXTERNAL]|Aura
08:18:03.0 (7519367)|HEAP_ALLOCATE|[72]|Bytes:3
08:18:03.0 (7552288)|HEAP_ALLOCATE|[77]|Bytes:152
08:18:03.0 (7567688)|HEAP_ALLOCATE|[342]|Bytes:408
08:18:03.0 (7581377)|HEAP_ALLOCATE|[355]|Bytes:408
08:18:03.0 (7591356)|HEAP_ALLOCATE|[467]|Bytes:48
08:18:03.0 (7615200)|HEAP_ALLOCATE|[139]|Bytes:6
08:18:03.0 (8310936)|CODE_UNIT_STARTED|[EXTERNAL]|01p7F000008cBuq|accountsWithContactsClass.fetchLookUpValues
08:18:03.0 (8416820)|HEAP_ALLOCATE|[EXTERNAL]|Bytes:10
08:18:03.0 (8430475)|METHOD_ENTRY|[1]|01p7F000008cBuq|accountsWithContactsClass.accountsWithContactsClass()
08:18:03.0 (8435960)|STATEMENT_EXECUTE|[1]
08:18:03.0 (8441407)|STATEMENT_EXECUTE|[1]
08:18:03.0 (8444968)|METHOD_EXIT|[1]|accountsWithContactsClass
08:18:03.0 (8455798)|SYSTEM_MODE_ENTER|false
08:18:03.0 (8463140)|VARIABLE_SCOPE_BEGIN|[20]|searchKeyWord|String|false|false
08:18:03.0 (8486135)|VARIABLE_ASSIGNMENT|[20]|searchKeyWord|""
08:18:03.0 (8496883)|STATEMENT_EXECUTE|[20]
08:18:03.0 (8498173)|STATEMENT_EXECUTE|[21]
08:18:03.0 (8500682)|HEAP_ALLOCATE|[21]|Bytes:1
08:18:03.0 (8512451)|HEAP_ALLOCATE|[21]|Bytes:1
08:18:03.0 (8518570)|VARIABLE_SCOPE_BEGIN|[21]|searchKey|String|false|false
08:18:03.0 (8528403)|VARIABLE_ASSIGNMENT|[21]|searchKey|"%"
08:18:03.0 (8533027)|STATEMENT_EXECUTE|[22]
08:18:03.0 (8592434)|HEAP_ALLOCATE|[22]|Bytes:4
08:18:03.0 (8652686)|VARIABLE_SCOPE_BEGIN|[22]|returnList|List<Account>|true|false
08:18:03.0 (8665635)|HEAP_ALLOCATE|[EXTERNAL]|Bytes:4
08:18:03.0 (8676655)|VARIABLE_ASSIGNMENT|[22]|returnList|[]|0x50e4684b
08:18:03.0 (8681686)|STATEMENT_EXECUTE|[23]
08:18:03.0 (8683787)|HEAP_ALLOCATE|[23]|Bytes:89
08:18:03.0 (8688153)|VARIABLE_SCOPE_BEGIN|[23]|sQuery|String|false|false
08:18:03.0 (8698774)|VARIABLE_ASSIGNMENT|[23]|sQuery|"SELECT Id, Name FROM (69 more) ..."
08:18:03.0 (8702496)|STATEMENT_EXECUTE|[24]
08:18:03.0 (8736367)|HEAP_ALLOCATE|[50]|Bytes:5
08:18:03.0 (8757473)|HEAP_ALLOCATE|[56]|Bytes:5
08:18:03.0 (8764030)|HEAP_ALLOCATE|[64]|Bytes:7
08:18:03.0 (9280153)|SOQL_EXECUTE_BEGIN|[24]|Aggregations:0|SELECT Id, Name FROM Account WHERE Name LIKE: searchKey ORDER BY CreatedDate DESC LIMIT 5
08:18:03.0 (11621906)|SOQL_EXECUTE_END|[24]|Rows:5
08:18:03.0 (11642198)|HEAP_ALLOCATE|[24]|Bytes:24
08:18:03.0 (11662778)|HEAP_ALLOCATE|[24]|Bytes:307
08:18:03.0 (11702682)|HEAP_ALLOCATE|[24]|Bytes:24
08:18:03.0 (11722231)|VARIABLE_SCOPE_BEGIN|[24]|lstOfRecords|List<Account>|true|false
08:18:03.0 (11761116)|VARIABLE_ASSIGNMENT|[24]|lstOfRecords|[{"Id":"0017F00000DPb63QAD","Name":"GenePoint"},{"Id":"0017F00000DPb61QAD","Name":"United Oil & Gas, UK"},{"Id":"0017F00000DPb62QAD","Name":"United Oil & Gas, Si (7 more) ..."},{"Id":"0017F00000DPb5tQAD","Name":"Express Logistics an (11 more) ..."},{"Id":"0017F00000DPb5uQAD","Name":"Burlington Textiles  (15 more) ..."}]|0x3dbb0216
08:18:03.0 (11967298)|HEAP_ALLOCATE|[25]|Bytes:5
08:18:03.0 (12013872)|HEAP_ALLOCATE|[25]|Bytes:12
08:18:03.0 (12038130)|VARIABLE_SCOPE_BEGIN|[25]|obj|Account|true|false
08:18:03.0 (12059213)|VARIABLE_ASSIGNMENT|[25]|obj|{"Id":"0017F00000DPb63QAD","Name":"GenePoint"}|0x3a80a7ec
08:18:03.0 (12068724)|STATEMENT_EXECUTE|[25]
08:18:03.0 (12070699)|STATEMENT_EXECUTE|[26]
08:18:03.0 (12108127)|HEAP_ALLOCATE|[EXTERNAL]|Bytes:4
08:18:03.0 (12200397)|HEAP_ALLOCATE|[25]|Bytes:5
08:18:03.0 (12235680)|HEAP_ALLOCATE|[25]|Bytes:12
08:18:03.0 (12244588)|VARIABLE_SCOPE_BEGIN|[25]|obj|Account|true|false
08:18:03.0 (12260355)|VARIABLE_ASSIGNMENT|[25]|obj|{"Id":"0017F00000DPb61QAD","Name":"United Oil & Gas, UK"}|0x4531932f
08:18:03.0 (12268540)|STATEMENT_EXECUTE|[25]
08:18:03.0 (12270143)|STATEMENT_EXECUTE|[26]
08:18:03.0 (12276489)|HEAP_ALLOCATE|[EXTERNAL]|Bytes:4
08:18:03.0 (12286736)|HEAP_ALLOCATE|[25]|Bytes:5
08:18:03.0 (12298158)|HEAP_ALLOCATE|[25]|Bytes:12
08:18:03.0 (12302776)|VARIABLE_SCOPE_BEGIN|[25]|obj|Account|true|false
08:18:03.0 (12313272)|VARIABLE_ASSIGNMENT|[25]|obj|{"Id":"0017F00000DPb62QAD","Name":"United Oil & Gas, Si (7 more) ..."}|0xab27de0
08:18:03.0 (12318085)|STATEMENT_EXECUTE|[25]
08:18:03.0 (12319028)|STATEMENT_EXECUTE|[26]
08:18:03.0 (12322871)|HEAP_ALLOCATE|[EXTERNAL]|Bytes:4
08:18:03.0 (12330031)|HEAP_ALLOCATE|[25]|Bytes:5
08:18:03.0 (12339486)|HEAP_ALLOCATE|[25]|Bytes:12
08:18:03.0 (12344378)|VARIABLE_SCOPE_BEGIN|[25]|obj|Account|true|false
08:18:03.0 (12353840)|VARIABLE_ASSIGNMENT|[25]|obj|{"Id":"0017F00000DPb5tQAD","Name":"Express Logistics an (11 more) ..."}|0x547c5cdc
08:18:03.0 (12359156)|STATEMENT_EXECUTE|[25]
08:18:03.0 (12360046)|STATEMENT_EXECUTE|[26]
08:18:03.0 (12363335)|HEAP_ALLOCATE|[EXTERNAL]|Bytes:4
08:18:03.0 (12370225)|HEAP_ALLOCATE|[25]|Bytes:5
08:18:03.0 (12379288)|HEAP_ALLOCATE|[25]|Bytes:12
08:18:03.0 (12383712)|VARIABLE_SCOPE_BEGIN|[25]|obj|Account|true|false
08:18:03.0 (12395173)|VARIABLE_ASSIGNMENT|[25]|obj|{"Id":"0017F00000DPb5uQAD","Name":"Burlington Textiles  (15 more) ..."}|0x6b7c2e78
08:18:03.0 (12399482)|STATEMENT_EXECUTE|[25]
08:18:03.0 (12400489)|STATEMENT_EXECUTE|[26]
08:18:03.0 (12403745)|HEAP_ALLOCATE|[EXTERNAL]|Bytes:4
08:18:03.0 (12410631)|HEAP_ALLOCATE|[25]|Bytes:5
08:18:03.0 (12425225)|VARIABLE_ASSIGNMENT|[25]|obj|null|
08:18:03.0 (12433295)|STATEMENT_EXECUTE|[28]
08:18:03.0 (12440208)|SYSTEM_MODE_EXIT|false
08:18:03.12 (12471873)|CUMULATIVE_LIMIT_USAGE
08:18:03.12 (12471873)|LIMIT_USAGE_FOR_NS|(default)|
  Number of SOQL queries: 1 out of 100
  Number of query rows: 5 out of 50000
  Number of SOSL queries: 0 out of 20
  Number of DML statements: 0 out of 150
  Number of DML rows: 0 out of 10000
  Maximum CPU time: 0 out of 10000
  Maximum heap size: 0 out of 6000000
  Number of callouts: 0 out of 100
  Number of Email Invocations: 0 out of 10
  Number of future calls: 0 out of 50
  Number of queueable jobs added to the queue: 0 out of 50
  Number of Mobile Apex push calls: 0 out of 10

08:18:03.12 (12471873)|CUMULATIVE_LIMIT_USAGE_END

08:18:03.0 (12513058)|CODE_UNIT_FINISHED|accountsWithContactsClass.fetchLookUpValues
08:18:03.0 (12596168)|CODE_UNIT_FINISHED|Aura
08:18:03.0 (13605522)|EXECUTION_FINISHED
