40.0 APEX_CODE,FINEST;APEX_PROFILING,INFO;CALLOUT,INFO;DB,INFO;SYSTEM,DEBUG;VALIDATION,INFO;VISUALFORCE,INFO;WAVE,INFO;WORKFLOW,INFO
07:45:24.0 (70908)|USER_INFO|[EXTERNAL]|0057F000000SZkg|test-d_masalsky@twistellar.com|Pacific Standard Time|GMT-07:00
07:45:24.0 (115257)|EXECUTION_STARTED
07:45:24.0 (119855)|CODE_UNIT_STARTED|[EXTERNAL]|Aura
07:45:24.0 (5807261)|HEAP_ALLOCATE|[72]|Bytes:3
07:45:24.0 (5845884)|HEAP_ALLOCATE|[77]|Bytes:152
07:45:24.0 (5861795)|HEAP_ALLOCATE|[342]|Bytes:408
07:45:24.0 (5877955)|HEAP_ALLOCATE|[355]|Bytes:408
07:45:24.0 (5888874)|HEAP_ALLOCATE|[467]|Bytes:48
07:45:24.0 (5912904)|HEAP_ALLOCATE|[139]|Bytes:6
07:45:24.0 (5929198)|HEAP_ALLOCATE|[EXTERNAL]|Bytes:1
07:45:24.0 (5940663)|HEAP_ALLOCATE|[EXTERNAL]|Bytes:1
07:45:24.0 (6588520)|CODE_UNIT_STARTED|[EXTERNAL]|01p7F000008cBuq|accountsWithContactsClass.fetchLookUpValues
07:45:24.0 (6688012)|HEAP_ALLOCATE|[EXTERNAL]|Bytes:10
07:45:24.0 (6701801)|METHOD_ENTRY|[1]|01p7F000008cBuq|accountsWithContactsClass.accountsWithContactsClass()
07:45:24.0 (6707712)|STATEMENT_EXECUTE|[1]
07:45:24.0 (6713490)|STATEMENT_EXECUTE|[1]
07:45:24.0 (6717316)|METHOD_EXIT|[1]|accountsWithContactsClass
07:45:24.0 (6722263)|HEAP_ALLOCATE|[EXTERNAL]|Bytes:1
07:45:24.0 (6732892)|SYSTEM_MODE_ENTER|false
07:45:24.0 (6739842)|VARIABLE_SCOPE_BEGIN|[20]|searchKeyWord|String|false|false
07:45:24.0 (6762883)|VARIABLE_ASSIGNMENT|[20]|searchKeyWord|"m"
07:45:24.0 (6773431)|STATEMENT_EXECUTE|[20]
07:45:24.0 (6774780)|STATEMENT_EXECUTE|[21]
07:45:24.0 (6777485)|HEAP_ALLOCATE|[21]|Bytes:1
07:45:24.0 (6790946)|HEAP_ALLOCATE|[21]|Bytes:2
07:45:24.0 (6796927)|VARIABLE_SCOPE_BEGIN|[21]|searchKey|String|false|false
07:45:24.0 (6806646)|VARIABLE_ASSIGNMENT|[21]|searchKey|"m%"
07:45:24.0 (6810711)|STATEMENT_EXECUTE|[22]
07:45:24.0 (6884803)|HEAP_ALLOCATE|[22]|Bytes:4
07:45:24.0 (6947706)|VARIABLE_SCOPE_BEGIN|[22]|returnList|List<Account>|true|false
07:45:24.0 (6960558)|HEAP_ALLOCATE|[EXTERNAL]|Bytes:4
07:45:24.0 (6970806)|VARIABLE_ASSIGNMENT|[22]|returnList|[]|0x375c3c83
07:45:24.0 (6975599)|STATEMENT_EXECUTE|[23]
07:45:24.0 (6978107)|HEAP_ALLOCATE|[23]|Bytes:89
07:45:24.0 (6982654)|VARIABLE_SCOPE_BEGIN|[23]|sQuery|String|false|false
07:45:24.0 (6997918)|VARIABLE_ASSIGNMENT|[23]|sQuery|"SELECT Id, Name FROM (69 more) ..."
07:45:24.0 (7004100)|STATEMENT_EXECUTE|[24]
07:45:24.0 (7041349)|HEAP_ALLOCATE|[50]|Bytes:5
07:45:24.0 (7064421)|HEAP_ALLOCATE|[56]|Bytes:5
07:45:24.0 (7071458)|HEAP_ALLOCATE|[64]|Bytes:7
07:45:24.0 (7543060)|SOQL_EXECUTE_BEGIN|[24]|Aggregations:0|SELECT Id, Name FROM Account WHERE Name LIKE: searchKey ORDER BY CreatedDate DESC LIMIT 5
07:45:24.0 (11955261)|SOQL_EXECUTE_END|[24]|Rows:0
07:45:24.0 (11977639)|HEAP_ALLOCATE|[24]|Bytes:4
07:45:24.0 (11988016)|HEAP_ALLOCATE|[24]|Bytes:0
07:45:24.0 (12013302)|HEAP_ALLOCATE|[24]|Bytes:4
07:45:24.0 (12028194)|VARIABLE_SCOPE_BEGIN|[24]|lstOfRecords|List<Account>|true|false
07:45:24.0 (12042046)|VARIABLE_ASSIGNMENT|[24]|lstOfRecords|[]|0x655cf533
07:45:24.0 (12193517)|HEAP_ALLOCATE|[25]|Bytes:5
07:45:24.0 (12222178)|VARIABLE_ASSIGNMENT|[25]|obj|null|
07:45:24.0 (12227704)|STATEMENT_EXECUTE|[25]
07:45:24.0 (12229020)|STATEMENT_EXECUTE|[28]
07:45:24.0 (12233874)|SYSTEM_MODE_EXIT|false
07:45:24.12 (12265715)|CUMULATIVE_LIMIT_USAGE
07:45:24.12 (12265715)|LIMIT_USAGE_FOR_NS|(default)|
  Number of SOQL queries: 1 out of 100
  Number of query rows: 0 out of 50000
  Number of SOSL queries: 0 out of 20
  Number of DML statements: 0 out of 150
  Number of DML rows: 0 out of 10000
  Maximum CPU time: 0 out of 10000
  Maximum heap size: 0 out of 6000000
  Number of callouts: 0 out of 100
  Number of Email Invocations: 0 out of 10
  Number of future calls: 0 out of 50
  Number of queueable jobs added to the queue: 0 out of 50
  Number of Mobile Apex push calls: 0 out of 10

07:45:24.12 (12265715)|CUMULATIVE_LIMIT_USAGE_END

07:45:24.0 (12305488)|CODE_UNIT_FINISHED|accountsWithContactsClass.fetchLookUpValues
07:45:24.0 (12356859)|CODE_UNIT_FINISHED|Aura
07:45:24.0 (13310186)|EXECUTION_FINISHED
