40.0 APEX_CODE,FINEST;APEX_PROFILING,INFO;CALLOUT,INFO;DB,INFO;SYSTEM,DEBUG;VALIDATION,INFO;VISUALFORCE,INFO;WAVE,INFO;WORKFLOW,INFO
07:40:02.0 (75148)|USER_INFO|[EXTERNAL]|0057F000000SZkg|test-d_masalsky@twistellar.com|Pacific Standard Time|GMT-07:00
07:40:02.0 (115409)|EXECUTION_STARTED
07:40:02.0 (120087)|CODE_UNIT_STARTED|[EXTERNAL]|Aura
07:40:02.0 (5894519)|HEAP_ALLOCATE|[72]|Bytes:3
07:40:02.0 (5944645)|HEAP_ALLOCATE|[77]|Bytes:152
07:40:02.0 (5968695)|HEAP_ALLOCATE|[342]|Bytes:408
07:40:02.0 (5991879)|HEAP_ALLOCATE|[355]|Bytes:408
07:40:02.0 (6004449)|HEAP_ALLOCATE|[467]|Bytes:48
07:40:02.0 (6036272)|HEAP_ALLOCATE|[139]|Bytes:6
07:40:02.0 (6052043)|HEAP_ALLOCATE|[EXTERNAL]|Bytes:18
07:40:02.0 (6070786)|HEAP_ALLOCATE|[EXTERNAL]|Bytes:4
07:40:02.0 (7082379)|CODE_UNIT_STARTED|[EXTERNAL]|01p7F000008cBuq|accountsWithContactsClass.getAllContacts
07:40:02.0 (7190986)|HEAP_ALLOCATE|[EXTERNAL]|Bytes:10
07:40:02.0 (7205192)|METHOD_ENTRY|[1]|01p7F000008cBuq|accountsWithContactsClass.accountsWithContactsClass()
07:40:02.0 (7211171)|STATEMENT_EXECUTE|[1]
07:40:02.0 (7220185)|STATEMENT_EXECUTE|[1]
07:40:02.0 (7225927)|METHOD_EXIT|[1]|accountsWithContactsClass
07:40:02.0 (7231532)|HEAP_ALLOCATE|[EXTERNAL]|Bytes:4
07:40:02.0 (7242054)|SYSTEM_MODE_ENTER|false
07:40:02.0 (7250078)|VARIABLE_SCOPE_BEGIN|[4]|accountId|Id|false|false
07:40:02.0 (7383912)|VARIABLE_ASSIGNMENT|[4]|accountId|"0017F00000DPb63QAD"
07:40:02.0 (7397786)|STATEMENT_EXECUTE|[4]
07:40:02.0 (7398977)|STATEMENT_EXECUTE|[5]
07:40:02.0 (7401369)|HEAP_ALLOCATE|[5]|Bytes:116
07:40:02.0 (7414608)|HEAP_ALLOCATE|[5]|Bytes:4
07:40:02.0 (7430969)|HEAP_ALLOCATE|[5]|Bytes:7
07:40:02.0 (7494317)|HEAP_ALLOCATE|[50]|Bytes:5
07:40:02.0 (7524530)|HEAP_ALLOCATE|[56]|Bytes:5
07:40:02.0 (7533230)|HEAP_ALLOCATE|[64]|Bytes:7
07:40:02.0 (8455279)|SOQL_EXECUTE_BEGIN|[5]|Aggregations:0|SELECT FirstName, LastName, Phone, Email, Birthdate, AccountId, Account.Name FROM Contact WHERE AccountId = :tmpVar1
07:40:02.0 (13054433)|SOQL_EXECUTE_END|[5]|Rows:1
07:40:02.0 (13076725)|HEAP_ALLOCATE|[5]|Bytes:8
07:40:02.0 (13100157)|HEAP_ALLOCATE|[5]|Bytes:219
07:40:02.0 (13199597)|HEAP_ALLOCATE|[5]|Bytes:8
07:40:02.0 (13218032)|VARIABLE_SCOPE_BEGIN|[5]|contacts|List<Contact>|true|false
07:40:02.0 (13279148)|VARIABLE_ASSIGNMENT|[5]|contacts|[{"FirstName":"Edna","LastName":"Frank","Phone":"(650) 867-3450","Email":"efrank@genepoint.com","Birthdate":"1939-11-04T00:00:00.000Z","AccountId":"0017F00000DPb63QAD","Id":"0037F000007hqfzQAA","Account":{"Name":"GenePoint","Id":"0017F00000DPb63QAD"}}]|0x359f769e
07:40:02.0 (13294491)|STATEMENT_EXECUTE|[10]
07:40:02.0 (13303829)|SYSTEM_MODE_EXIT|false
07:40:02.13 (13337163)|CUMULATIVE_LIMIT_USAGE
07:40:02.13 (13337163)|LIMIT_USAGE_FOR_NS|(default)|
  Number of SOQL queries: 1 out of 100
  Number of query rows: 1 out of 50000
  Number of SOSL queries: 0 out of 20
  Number of DML statements: 0 out of 150
  Number of DML rows: 0 out of 10000
  Maximum CPU time: 0 out of 10000
  Maximum heap size: 0 out of 6000000
  Number of callouts: 0 out of 100
  Number of Email Invocations: 0 out of 10
  Number of future calls: 0 out of 50
  Number of queueable jobs added to the queue: 0 out of 50
  Number of Mobile Apex push calls: 0 out of 10

07:40:02.13 (13337163)|CUMULATIVE_LIMIT_USAGE_END

07:40:02.0 (13378594)|CODE_UNIT_FINISHED|accountsWithContactsClass.getAllContacts
07:40:02.0 (13457319)|CODE_UNIT_FINISHED|Aura
07:40:02.0 (14591035)|EXECUTION_FINISHED
