40.0 APEX_CODE,FINEST;APEX_PROFILING,INFO;CALLOUT,INFO;DB,INFO;SYSTEM,DEBUG;VALIDATION,INFO;VISUALFORCE,INFO;WAVE,INFO;WORKFLOW,INFO
07:34:57.0 (92714)|USER_INFO|[EXTERNAL]|0057F000000SZkg|test-d_masalsky@twistellar.com|Pacific Standard Time|GMT-07:00
07:34:57.0 (149194)|EXECUTION_STARTED
07:34:57.0 (155551)|CODE_UNIT_STARTED|[EXTERNAL]|Aura
07:34:57.0 (14772981)|HEAP_ALLOCATE|[72]|Bytes:3
07:34:57.0 (14816379)|HEAP_ALLOCATE|[77]|Bytes:152
07:34:57.0 (14831843)|HEAP_ALLOCATE|[342]|Bytes:408
07:34:57.0 (14844470)|HEAP_ALLOCATE|[355]|Bytes:408
07:34:57.0 (14854420)|HEAP_ALLOCATE|[467]|Bytes:48
07:34:57.0 (14883291)|HEAP_ALLOCATE|[139]|Bytes:6
07:34:57.0 (14896432)|HEAP_ALLOCATE|[EXTERNAL]|Bytes:18
07:34:57.0 (14914626)|HEAP_ALLOCATE|[EXTERNAL]|Bytes:4
07:34:57.0 (15584453)|CODE_UNIT_STARTED|[EXTERNAL]|01p7F000008cBuq|accountsWithContactsClass.getAllContacts
07:34:57.0 (15679534)|HEAP_ALLOCATE|[EXTERNAL]|Bytes:10
07:34:57.0 (15694411)|METHOD_ENTRY|[1]|01p7F000008cBuq|accountsWithContactsClass.accountsWithContactsClass()
07:34:57.0 (15700891)|STATEMENT_EXECUTE|[1]
07:34:57.0 (15706043)|STATEMENT_EXECUTE|[1]
07:34:57.0 (15710819)|METHOD_EXIT|[1]|accountsWithContactsClass
07:34:57.0 (15716101)|HEAP_ALLOCATE|[EXTERNAL]|Bytes:4
07:34:57.0 (15727608)|SYSTEM_MODE_ENTER|false
07:34:57.0 (15734685)|VARIABLE_SCOPE_BEGIN|[4]|accountId|Id|false|false
07:34:57.0 (15836976)|VARIABLE_ASSIGNMENT|[4]|accountId|"0017F00000DPb63QAD"
07:34:57.0 (15851661)|STATEMENT_EXECUTE|[4]
07:34:57.0 (15852843)|STATEMENT_EXECUTE|[5]
07:34:57.0 (15870062)|HEAP_ALLOCATE|[5]|Bytes:116
07:34:57.0 (15884440)|HEAP_ALLOCATE|[5]|Bytes:4
07:34:57.0 (15897767)|HEAP_ALLOCATE|[5]|Bytes:7
07:34:57.0 (15955206)|HEAP_ALLOCATE|[50]|Bytes:5
07:34:57.0 (15978393)|HEAP_ALLOCATE|[56]|Bytes:5
07:34:57.0 (15985431)|HEAP_ALLOCATE|[64]|Bytes:7
07:34:57.0 (16570980)|SOQL_EXECUTE_BEGIN|[5]|Aggregations:0|SELECT FirstName, LastName, Phone, Email, Birthdate, AccountId, Account.Name FROM Contact WHERE AccountId = :tmpVar1
07:34:57.0 (20440197)|SOQL_EXECUTE_END|[5]|Rows:1
07:34:57.0 (20464189)|HEAP_ALLOCATE|[5]|Bytes:8
07:34:57.0 (20484870)|HEAP_ALLOCATE|[5]|Bytes:219
07:34:57.0 (20556881)|HEAP_ALLOCATE|[5]|Bytes:8
07:34:57.0 (20569131)|VARIABLE_SCOPE_BEGIN|[5]|contacts|List<Contact>|true|false
07:34:57.0 (20614200)|VARIABLE_ASSIGNMENT|[5]|contacts|[{"FirstName":"Edna","LastName":"Frank","Phone":"(650) 867-3450","Email":"efrank@genepoint.com","Birthdate":"1939-11-04T00:00:00.000Z","AccountId":"0017F00000DPb63QAD","Id":"0037F000007hqfzQAA","Account":{"Name":"GenePoint","Id":"0017F00000DPb63QAD"}}]|0x454830eb
07:34:57.0 (20626384)|STATEMENT_EXECUTE|[10]
07:34:57.0 (20635225)|SYSTEM_MODE_EXIT|false
07:34:57.20 (20666398)|CUMULATIVE_LIMIT_USAGE
07:34:57.20 (20666398)|LIMIT_USAGE_FOR_NS|(default)|
  Number of SOQL queries: 1 out of 100
  Number of query rows: 1 out of 50000
  Number of SOSL queries: 0 out of 20
  Number of DML statements: 0 out of 150
  Number of DML rows: 0 out of 10000
  Maximum CPU time: 0 out of 10000
  Maximum heap size: 0 out of 6000000
  Number of callouts: 0 out of 100
  Number of Email Invocations: 0 out of 10
  Number of future calls: 0 out of 50
  Number of queueable jobs added to the queue: 0 out of 50
  Number of Mobile Apex push calls: 0 out of 10

07:34:57.20 (20666398)|CUMULATIVE_LIMIT_USAGE_END

07:34:57.0 (20705944)|CODE_UNIT_FINISHED|accountsWithContactsClass.getAllContacts
07:34:57.0 (20770865)|CODE_UNIT_FINISHED|Aura
07:34:57.0 (21703796)|EXECUTION_FINISHED
