40.0 APEX_CODE,FINEST;APEX_PROFILING,INFO;CALLOUT,INFO;DB,INFO;SYSTEM,DEBUG;VALIDATION,INFO;VISUALFORCE,INFO;WAVE,INFO;WORKFLOW,INFO
08:10:57.0 (82307)|USER_INFO|[EXTERNAL]|0057F000000SZkg|test-d_masalsky@twistellar.com|Pacific Standard Time|GMT-07:00
08:10:57.0 (125936)|EXECUTION_STARTED
08:10:57.0 (130226)|CODE_UNIT_STARTED|[EXTERNAL]|Aura
08:10:57.0 (7672456)|HEAP_ALLOCATE|[72]|Bytes:3
08:10:57.0 (7716522)|HEAP_ALLOCATE|[77]|Bytes:152
08:10:57.0 (7732809)|HEAP_ALLOCATE|[342]|Bytes:408
08:10:57.0 (7745984)|HEAP_ALLOCATE|[355]|Bytes:408
08:10:57.0 (7756287)|HEAP_ALLOCATE|[467]|Bytes:48
08:10:57.0 (7783396)|HEAP_ALLOCATE|[139]|Bytes:6
08:10:57.0 (8471839)|CODE_UNIT_STARTED|[EXTERNAL]|01p7F000008cBuq|accountsWithContactsClass.fetchLookUpValues
08:10:57.0 (8587046)|HEAP_ALLOCATE|[EXTERNAL]|Bytes:10
08:10:57.0 (8602172)|METHOD_ENTRY|[1]|01p7F000008cBuq|accountsWithContactsClass.accountsWithContactsClass()
08:10:57.0 (8607982)|STATEMENT_EXECUTE|[1]
08:10:57.0 (8613538)|STATEMENT_EXECUTE|[1]
08:10:57.0 (8617260)|METHOD_EXIT|[1]|accountsWithContactsClass
08:10:57.0 (8632673)|SYSTEM_MODE_ENTER|false
08:10:57.0 (8640567)|VARIABLE_SCOPE_BEGIN|[20]|searchKeyWord|String|false|false
08:10:57.0 (8665505)|VARIABLE_ASSIGNMENT|[20]|searchKeyWord|""
08:10:57.0 (8677910)|STATEMENT_EXECUTE|[20]
08:10:57.0 (8679398)|STATEMENT_EXECUTE|[21]
08:10:57.0 (8682364)|HEAP_ALLOCATE|[21]|Bytes:1
08:10:57.0 (8696840)|HEAP_ALLOCATE|[21]|Bytes:1
08:10:57.0 (8702530)|VARIABLE_SCOPE_BEGIN|[21]|searchKey|String|false|false
08:10:57.0 (8713057)|VARIABLE_ASSIGNMENT|[21]|searchKey|"%"
08:10:57.0 (8716994)|STATEMENT_EXECUTE|[22]
08:10:57.0 (8782331)|HEAP_ALLOCATE|[22]|Bytes:4
08:10:57.0 (8881775)|VARIABLE_SCOPE_BEGIN|[22]|returnList|List<Account>|true|false
08:10:57.0 (8900750)|HEAP_ALLOCATE|[EXTERNAL]|Bytes:4
08:10:57.0 (8912236)|VARIABLE_ASSIGNMENT|[22]|returnList|[]|0x9d82776
08:10:57.0 (8918076)|STATEMENT_EXECUTE|[23]
08:10:57.0 (8920912)|HEAP_ALLOCATE|[23]|Bytes:89
08:10:57.0 (8926442)|VARIABLE_SCOPE_BEGIN|[23]|sQuery|String|false|false
08:10:57.0 (8937601)|VARIABLE_ASSIGNMENT|[23]|sQuery|"SELECT Id, Name FROM (69 more) ..."
08:10:57.0 (8941734)|STATEMENT_EXECUTE|[24]
08:10:57.0 (8980467)|HEAP_ALLOCATE|[50]|Bytes:5
08:10:57.0 (9006311)|HEAP_ALLOCATE|[56]|Bytes:5
08:10:57.0 (9015307)|HEAP_ALLOCATE|[64]|Bytes:7
08:10:57.0 (9595771)|SOQL_EXECUTE_BEGIN|[24]|Aggregations:0|SELECT Id, Name FROM Account WHERE Name LIKE: searchKey ORDER BY CreatedDate DESC LIMIT 5
08:10:57.0 (11821018)|SOQL_EXECUTE_END|[24]|Rows:5
08:10:57.0 (11842798)|HEAP_ALLOCATE|[24]|Bytes:24
08:10:57.0 (11864694)|HEAP_ALLOCATE|[24]|Bytes:307
08:10:57.0 (11892761)|HEAP_ALLOCATE|[24]|Bytes:24
08:10:57.0 (11908434)|VARIABLE_SCOPE_BEGIN|[24]|lstOfRecords|List<Account>|true|false
08:10:57.0 (11935613)|VARIABLE_ASSIGNMENT|[24]|lstOfRecords|[{"Id":"0017F00000DPb63QAD","Name":"GenePoint"},{"Id":"0017F00000DPb61QAD","Name":"United Oil & Gas, UK"},{"Id":"0017F00000DPb62QAD","Name":"United Oil & Gas, Si (7 more) ..."},{"Id":"0017F00000DPb5tQAD","Name":"Express Logistics an (11 more) ..."},{"Id":"0017F00000DPb5uQAD","Name":"Burlington Textiles  (15 more) ..."}]|0x732f7d75
08:10:57.0 (12104542)|HEAP_ALLOCATE|[25]|Bytes:5
08:10:57.0 (12149611)|HEAP_ALLOCATE|[25]|Bytes:12
08:10:57.0 (12161177)|VARIABLE_SCOPE_BEGIN|[25]|obj|Account|true|false
08:10:57.0 (12175362)|VARIABLE_ASSIGNMENT|[25]|obj|{"Id":"0017F00000DPb63QAD","Name":"GenePoint"}|0x7156a46e
08:10:57.0 (12181857)|STATEMENT_EXECUTE|[25]
08:10:57.0 (12183310)|STATEMENT_EXECUTE|[26]
08:10:57.0 (12213261)|HEAP_ALLOCATE|[EXTERNAL]|Bytes:4
08:10:57.0 (12227596)|HEAP_ALLOCATE|[25]|Bytes:5
08:10:57.0 (12243858)|HEAP_ALLOCATE|[25]|Bytes:12
08:10:57.0 (12249985)|VARIABLE_SCOPE_BEGIN|[25]|obj|Account|true|false
08:10:57.0 (12261213)|VARIABLE_ASSIGNMENT|[25]|obj|{"Id":"0017F00000DPb61QAD","Name":"United Oil & Gas, UK"}|0x526f0c0c
08:10:57.0 (12265905)|STATEMENT_EXECUTE|[25]
08:10:57.0 (12269653)|STATEMENT_EXECUTE|[26]
08:10:57.0 (12275708)|HEAP_ALLOCATE|[EXTERNAL]|Bytes:4
08:10:57.0 (12284892)|HEAP_ALLOCATE|[25]|Bytes:5
08:10:57.0 (12297425)|HEAP_ALLOCATE|[25]|Bytes:12
08:10:57.0 (12302542)|VARIABLE_SCOPE_BEGIN|[25]|obj|Account|true|false
08:10:57.0 (12312943)|VARIABLE_ASSIGNMENT|[25]|obj|{"Id":"0017F00000DPb62QAD","Name":"United Oil & Gas, Si (7 more) ..."}|0x7bcc91ff
08:10:57.0 (12317772)|STATEMENT_EXECUTE|[25]
08:10:57.0 (12318695)|STATEMENT_EXECUTE|[26]
08:10:57.0 (12323390)|HEAP_ALLOCATE|[EXTERNAL]|Bytes:4
08:10:57.0 (12332118)|HEAP_ALLOCATE|[25]|Bytes:5
08:10:57.0 (12343716)|HEAP_ALLOCATE|[25]|Bytes:12
08:10:57.0 (12348423)|VARIABLE_SCOPE_BEGIN|[25]|obj|Account|true|false
08:10:57.0 (12358662)|VARIABLE_ASSIGNMENT|[25]|obj|{"Id":"0017F00000DPb5tQAD","Name":"Express Logistics an (11 more) ..."}|0x45836a8b
08:10:57.0 (12363258)|STATEMENT_EXECUTE|[25]
08:10:57.0 (12364145)|STATEMENT_EXECUTE|[26]
08:10:57.0 (12368431)|HEAP_ALLOCATE|[EXTERNAL]|Bytes:4
08:10:57.0 (12376283)|HEAP_ALLOCATE|[25]|Bytes:5
08:10:57.0 (12387203)|HEAP_ALLOCATE|[25]|Bytes:12
08:10:57.0 (12391862)|VARIABLE_SCOPE_BEGIN|[25]|obj|Account|true|false
08:10:57.0 (12400988)|VARIABLE_ASSIGNMENT|[25]|obj|{"Id":"0017F00000DPb5uQAD","Name":"Burlington Textiles  (15 more) ..."}|0x132d381
08:10:57.0 (12405186)|STATEMENT_EXECUTE|[25]
08:10:57.0 (12406050)|STATEMENT_EXECUTE|[26]
08:10:57.0 (12410345)|HEAP_ALLOCATE|[EXTERNAL]|Bytes:4
08:10:57.0 (12418326)|HEAP_ALLOCATE|[25]|Bytes:5
08:10:57.0 (12427251)|VARIABLE_ASSIGNMENT|[25]|obj|null|
08:10:57.0 (12432668)|STATEMENT_EXECUTE|[28]
08:10:57.0 (12437764)|SYSTEM_MODE_EXIT|false
08:10:57.12 (12469184)|CUMULATIVE_LIMIT_USAGE
08:10:57.12 (12469184)|LIMIT_USAGE_FOR_NS|(default)|
  Number of SOQL queries: 1 out of 100
  Number of query rows: 5 out of 50000
  Number of SOSL queries: 0 out of 20
  Number of DML statements: 0 out of 150
  Number of DML rows: 0 out of 10000
  Maximum CPU time: 0 out of 10000
  Maximum heap size: 0 out of 6000000
  Number of callouts: 0 out of 100
  Number of Email Invocations: 0 out of 10
  Number of future calls: 0 out of 50
  Number of queueable jobs added to the queue: 0 out of 50
  Number of Mobile Apex push calls: 0 out of 10

08:10:57.12 (12469184)|CUMULATIVE_LIMIT_USAGE_END

08:10:57.0 (12511789)|CODE_UNIT_FINISHED|accountsWithContactsClass.fetchLookUpValues
08:10:57.0 (12599396)|CODE_UNIT_FINISHED|Aura
08:10:57.0 (13607782)|EXECUTION_FINISHED
