40.0 APEX_CODE,FINEST;APEX_PROFILING,INFO;CALLOUT,INFO;DB,INFO;SYSTEM,DEBUG;VALIDATION,INFO;VISUALFORCE,INFO;WAVE,INFO;WORKFLOW,INFO
08:20:33.0 (70040)|USER_INFO|[EXTERNAL]|0057F000000SZkg|test-d_masalsky@twistellar.com|Pacific Standard Time|GMT-07:00
08:20:33.0 (111241)|EXECUTION_STARTED
08:20:33.0 (116174)|CODE_UNIT_STARTED|[EXTERNAL]|Aura
08:20:33.0 (6058448)|HEAP_ALLOCATE|[72]|Bytes:3
08:20:33.0 (6097917)|HEAP_ALLOCATE|[77]|Bytes:152
08:20:33.0 (6112715)|HEAP_ALLOCATE|[342]|Bytes:408
08:20:33.0 (6125081)|HEAP_ALLOCATE|[355]|Bytes:408
08:20:33.0 (6135134)|HEAP_ALLOCATE|[467]|Bytes:48
08:20:33.0 (6159469)|HEAP_ALLOCATE|[139]|Bytes:6
08:20:33.0 (6841558)|CODE_UNIT_STARTED|[EXTERNAL]|01p7F000008cBuq|accountsWithContactsClass.fetchLookUpValues
08:20:33.0 (6949172)|HEAP_ALLOCATE|[EXTERNAL]|Bytes:10
08:20:33.0 (6962632)|METHOD_ENTRY|[1]|01p7F000008cBuq|accountsWithContactsClass.accountsWithContactsClass()
08:20:33.0 (6968302)|STATEMENT_EXECUTE|[1]
08:20:33.0 (6974089)|STATEMENT_EXECUTE|[1]
08:20:33.0 (6977474)|METHOD_EXIT|[1]|accountsWithContactsClass
08:20:33.0 (6990887)|SYSTEM_MODE_ENTER|false
08:20:33.0 (6999050)|VARIABLE_SCOPE_BEGIN|[20]|searchKeyWord|String|false|false
08:20:33.0 (7021153)|VARIABLE_ASSIGNMENT|[20]|searchKeyWord|""
08:20:33.0 (7032207)|STATEMENT_EXECUTE|[20]
08:20:33.0 (7033634)|STATEMENT_EXECUTE|[21]
08:20:33.0 (7036395)|HEAP_ALLOCATE|[21]|Bytes:1
08:20:33.0 (7050738)|HEAP_ALLOCATE|[21]|Bytes:1
08:20:33.0 (7055862)|VARIABLE_SCOPE_BEGIN|[21]|searchKey|String|false|false
08:20:33.0 (7065974)|VARIABLE_ASSIGNMENT|[21]|searchKey|"%"
08:20:33.0 (7069877)|STATEMENT_EXECUTE|[22]
08:20:33.0 (7133302)|HEAP_ALLOCATE|[22]|Bytes:4
08:20:33.0 (7201814)|VARIABLE_SCOPE_BEGIN|[22]|returnList|List<Account>|true|false
08:20:33.0 (7214690)|HEAP_ALLOCATE|[EXTERNAL]|Bytes:4
08:20:33.0 (7225410)|VARIABLE_ASSIGNMENT|[22]|returnList|[]|0x143a2baf
08:20:33.0 (7230604)|STATEMENT_EXECUTE|[23]
08:20:33.0 (7232832)|HEAP_ALLOCATE|[23]|Bytes:89
08:20:33.0 (7237433)|VARIABLE_SCOPE_BEGIN|[23]|sQuery|String|false|false
08:20:33.0 (7248341)|VARIABLE_ASSIGNMENT|[23]|sQuery|"SELECT Id, Name FROM (69 more) ..."
08:20:33.0 (7252639)|STATEMENT_EXECUTE|[24]
08:20:33.0 (7285799)|HEAP_ALLOCATE|[50]|Bytes:5
08:20:33.0 (7307951)|HEAP_ALLOCATE|[56]|Bytes:5
08:20:33.0 (7314355)|HEAP_ALLOCATE|[64]|Bytes:7
08:20:33.0 (7799722)|SOQL_EXECUTE_BEGIN|[24]|Aggregations:0|SELECT Id, Name FROM Account WHERE Name LIKE: searchKey ORDER BY CreatedDate DESC LIMIT 5
08:20:33.0 (9844090)|SOQL_EXECUTE_END|[24]|Rows:5
08:20:33.0 (9865046)|HEAP_ALLOCATE|[24]|Bytes:24
08:20:33.0 (9889678)|HEAP_ALLOCATE|[24]|Bytes:307
08:20:33.0 (9914802)|HEAP_ALLOCATE|[24]|Bytes:24
08:20:33.0 (9928588)|VARIABLE_SCOPE_BEGIN|[24]|lstOfRecords|List<Account>|true|false
08:20:33.0 (9956733)|VARIABLE_ASSIGNMENT|[24]|lstOfRecords|[{"Id":"0017F00000DPb63QAD","Name":"GenePoint"},{"Id":"0017F00000DPb61QAD","Name":"United Oil & Gas, UK"},{"Id":"0017F00000DPb62QAD","Name":"United Oil & Gas, Si (7 more) ..."},{"Id":"0017F00000DPb5tQAD","Name":"Express Logistics an (11 more) ..."},{"Id":"0017F00000DPb5uQAD","Name":"Burlington Textiles  (15 more) ..."}]|0x240a6b69
08:20:33.0 (10114724)|HEAP_ALLOCATE|[25]|Bytes:5
08:20:33.0 (10150788)|HEAP_ALLOCATE|[25]|Bytes:12
08:20:33.0 (10160870)|VARIABLE_SCOPE_BEGIN|[25]|obj|Account|true|false
08:20:33.0 (10178634)|VARIABLE_ASSIGNMENT|[25]|obj|{"Id":"0017F00000DPb63QAD","Name":"GenePoint"}|0x5766cd58
08:20:33.0 (10184995)|STATEMENT_EXECUTE|[25]
08:20:33.0 (10186285)|STATEMENT_EXECUTE|[26]
08:20:33.0 (10212930)|HEAP_ALLOCATE|[EXTERNAL]|Bytes:4
08:20:33.0 (10225659)|HEAP_ALLOCATE|[25]|Bytes:5
08:20:33.0 (10239176)|HEAP_ALLOCATE|[25]|Bytes:12
08:20:33.0 (10245036)|VARIABLE_SCOPE_BEGIN|[25]|obj|Account|true|false
08:20:33.0 (10255910)|VARIABLE_ASSIGNMENT|[25]|obj|{"Id":"0017F00000DPb61QAD","Name":"United Oil & Gas, UK"}|0x63a87061
08:20:33.0 (10261378)|STATEMENT_EXECUTE|[25]
08:20:33.0 (10262583)|STATEMENT_EXECUTE|[26]
08:20:33.0 (10267024)|HEAP_ALLOCATE|[EXTERNAL]|Bytes:4
08:20:33.0 (10274669)|HEAP_ALLOCATE|[25]|Bytes:5
08:20:33.0 (10284176)|HEAP_ALLOCATE|[25]|Bytes:12
08:20:33.0 (10288042)|VARIABLE_SCOPE_BEGIN|[25]|obj|Account|true|false
08:20:33.0 (10296847)|VARIABLE_ASSIGNMENT|[25]|obj|{"Id":"0017F00000DPb62QAD","Name":"United Oil & Gas, Si (7 more) ..."}|0x66eebbd0
08:20:33.0 (10301121)|STATEMENT_EXECUTE|[25]
08:20:33.0 (10302110)|STATEMENT_EXECUTE|[26]
08:20:33.0 (10305506)|HEAP_ALLOCATE|[EXTERNAL]|Bytes:4
08:20:33.0 (10312360)|HEAP_ALLOCATE|[25]|Bytes:5
08:20:33.0 (10320647)|HEAP_ALLOCATE|[25]|Bytes:12
08:20:33.0 (10324302)|VARIABLE_SCOPE_BEGIN|[25]|obj|Account|true|false
08:20:33.0 (10333380)|VARIABLE_ASSIGNMENT|[25]|obj|{"Id":"0017F00000DPb5tQAD","Name":"Express Logistics an (11 more) ..."}|0x10f4cdbb
08:20:33.0 (10338059)|STATEMENT_EXECUTE|[25]
08:20:33.0 (10338971)|STATEMENT_EXECUTE|[26]
08:20:33.0 (10342034)|HEAP_ALLOCATE|[EXTERNAL]|Bytes:4
08:20:33.0 (10348550)|HEAP_ALLOCATE|[25]|Bytes:5
08:20:33.0 (10357131)|HEAP_ALLOCATE|[25]|Bytes:12
08:20:33.0 (10361292)|VARIABLE_SCOPE_BEGIN|[25]|obj|Account|true|false
08:20:33.0 (10369901)|VARIABLE_ASSIGNMENT|[25]|obj|{"Id":"0017F00000DPb5uQAD","Name":"Burlington Textiles  (15 more) ..."}|0x7119cef0
08:20:33.0 (10374069)|STATEMENT_EXECUTE|[25]
08:20:33.0 (10374999)|STATEMENT_EXECUTE|[26]
08:20:33.0 (10378198)|HEAP_ALLOCATE|[EXTERNAL]|Bytes:4
08:20:33.0 (10384726)|HEAP_ALLOCATE|[25]|Bytes:5
08:20:33.0 (10392334)|VARIABLE_ASSIGNMENT|[25]|obj|null|
08:20:33.0 (10396637)|STATEMENT_EXECUTE|[28]
08:20:33.0 (10401744)|SYSTEM_MODE_EXIT|false
08:20:33.10 (10425634)|CUMULATIVE_LIMIT_USAGE
08:20:33.10 (10425634)|LIMIT_USAGE_FOR_NS|(default)|
  Number of SOQL queries: 1 out of 100
  Number of query rows: 5 out of 50000
  Number of SOSL queries: 0 out of 20
  Number of DML statements: 0 out of 150
  Number of DML rows: 0 out of 10000
  Maximum CPU time: 0 out of 10000
  Maximum heap size: 0 out of 6000000
  Number of callouts: 0 out of 100
  Number of Email Invocations: 0 out of 10
  Number of future calls: 0 out of 50
  Number of queueable jobs added to the queue: 0 out of 50
  Number of Mobile Apex push calls: 0 out of 10

08:20:33.10 (10425634)|CUMULATIVE_LIMIT_USAGE_END

08:20:33.0 (10455903)|CODE_UNIT_FINISHED|accountsWithContactsClass.fetchLookUpValues
08:20:33.0 (10524429)|CODE_UNIT_FINISHED|Aura
08:20:33.0 (11481234)|EXECUTION_FINISHED
