40.0 APEX_CODE,FINEST;APEX_PROFILING,INFO;CALLOUT,INFO;DB,INFO;SYSTEM,DEBUG;VALIDATION,INFO;VISUALFORCE,INFO;WAVE,INFO;WORKFLOW,INFO
08:11:24.0 (74338)|USER_INFO|[EXTERNAL]|0057F000000SZkg|test-d_masalsky@twistellar.com|Pacific Standard Time|GMT-07:00
08:11:24.0 (117943)|EXECUTION_STARTED
08:11:24.0 (121833)|CODE_UNIT_STARTED|[EXTERNAL]|Aura
08:11:24.0 (6052925)|HEAP_ALLOCATE|[72]|Bytes:3
08:11:24.0 (6094423)|HEAP_ALLOCATE|[77]|Bytes:152
08:11:24.0 (6109834)|HEAP_ALLOCATE|[342]|Bytes:408
08:11:24.0 (6123552)|HEAP_ALLOCATE|[355]|Bytes:408
08:11:24.0 (6133289)|HEAP_ALLOCATE|[467]|Bytes:48
08:11:24.0 (6158236)|HEAP_ALLOCATE|[139]|Bytes:6
08:11:24.0 (7064952)|CODE_UNIT_STARTED|[EXTERNAL]|01p7F000008cBuq|accountsWithContactsClass.fetchLookUpValues
08:11:24.0 (7175075)|HEAP_ALLOCATE|[EXTERNAL]|Bytes:10
08:11:24.0 (7189297)|METHOD_ENTRY|[1]|01p7F000008cBuq|accountsWithContactsClass.accountsWithContactsClass()
08:11:24.0 (7195936)|STATEMENT_EXECUTE|[1]
08:11:24.0 (7202129)|STATEMENT_EXECUTE|[1]
08:11:24.0 (7205140)|METHOD_EXIT|[1]|accountsWithContactsClass
08:11:24.0 (7218391)|SYSTEM_MODE_ENTER|false
08:11:24.0 (7225886)|VARIABLE_SCOPE_BEGIN|[20]|searchKeyWord|String|false|false
08:11:24.0 (7251392)|VARIABLE_ASSIGNMENT|[20]|searchKeyWord|""
08:11:24.0 (7262074)|STATEMENT_EXECUTE|[20]
08:11:24.0 (7263458)|STATEMENT_EXECUTE|[21]
08:11:24.0 (7266438)|HEAP_ALLOCATE|[21]|Bytes:1
08:11:24.0 (7280474)|HEAP_ALLOCATE|[21]|Bytes:1
08:11:24.0 (7286249)|VARIABLE_SCOPE_BEGIN|[21]|searchKey|String|false|false
08:11:24.0 (7296443)|VARIABLE_ASSIGNMENT|[21]|searchKey|"%"
08:11:24.0 (7301260)|STATEMENT_EXECUTE|[22]
08:11:24.0 (7363705)|HEAP_ALLOCATE|[22]|Bytes:4
08:11:24.0 (7427314)|VARIABLE_SCOPE_BEGIN|[22]|returnList|List<Account>|true|false
08:11:24.0 (7439964)|HEAP_ALLOCATE|[EXTERNAL]|Bytes:4
08:11:24.0 (7451269)|VARIABLE_ASSIGNMENT|[22]|returnList|[]|0x4cf1b81d
08:11:24.0 (7456540)|STATEMENT_EXECUTE|[23]
08:11:24.0 (7458941)|HEAP_ALLOCATE|[23]|Bytes:89
08:11:24.0 (7463001)|VARIABLE_SCOPE_BEGIN|[23]|sQuery|String|false|false
08:11:24.0 (7474602)|VARIABLE_ASSIGNMENT|[23]|sQuery|"SELECT Id, Name FROM (69 more) ..."
08:11:24.0 (7478319)|STATEMENT_EXECUTE|[24]
08:11:24.0 (7512366)|HEAP_ALLOCATE|[50]|Bytes:5
08:11:24.0 (7535075)|HEAP_ALLOCATE|[56]|Bytes:5
08:11:24.0 (7541495)|HEAP_ALLOCATE|[64]|Bytes:7
08:11:24.0 (8045532)|SOQL_EXECUTE_BEGIN|[24]|Aggregations:0|SELECT Id, Name FROM Account WHERE Name LIKE: searchKey ORDER BY CreatedDate DESC LIMIT 5
08:11:24.0 (10164855)|SOQL_EXECUTE_END|[24]|Rows:5
08:11:24.0 (10185364)|HEAP_ALLOCATE|[24]|Bytes:24
08:11:24.0 (10207308)|HEAP_ALLOCATE|[24]|Bytes:307
08:11:24.0 (10233491)|HEAP_ALLOCATE|[24]|Bytes:24
08:11:24.0 (10247630)|VARIABLE_SCOPE_BEGIN|[24]|lstOfRecords|List<Account>|true|false
08:11:24.0 (10279191)|VARIABLE_ASSIGNMENT|[24]|lstOfRecords|[{"Id":"0017F00000DPb63QAD","Name":"GenePoint"},{"Id":"0017F00000DPb61QAD","Name":"United Oil & Gas, UK"},{"Id":"0017F00000DPb62QAD","Name":"United Oil & Gas, Si (7 more) ..."},{"Id":"0017F00000DPb5tQAD","Name":"Express Logistics an (11 more) ..."},{"Id":"0017F00000DPb5uQAD","Name":"Burlington Textiles  (15 more) ..."}]|0x3718662
08:11:24.0 (10443959)|HEAP_ALLOCATE|[25]|Bytes:5
08:11:24.0 (10480122)|HEAP_ALLOCATE|[25]|Bytes:12
08:11:24.0 (10490380)|VARIABLE_SCOPE_BEGIN|[25]|obj|Account|true|false
08:11:24.0 (10504122)|VARIABLE_ASSIGNMENT|[25]|obj|{"Id":"0017F00000DPb63QAD","Name":"GenePoint"}|0x3d9478fc
08:11:24.0 (10510929)|STATEMENT_EXECUTE|[25]
08:11:24.0 (10512222)|STATEMENT_EXECUTE|[26]
08:11:24.0 (10540079)|HEAP_ALLOCATE|[EXTERNAL]|Bytes:4
08:11:24.0 (10552949)|HEAP_ALLOCATE|[25]|Bytes:5
08:11:24.0 (10567590)|HEAP_ALLOCATE|[25]|Bytes:12
08:11:24.0 (10572982)|VARIABLE_SCOPE_BEGIN|[25]|obj|Account|true|false
08:11:24.0 (10583552)|VARIABLE_ASSIGNMENT|[25]|obj|{"Id":"0017F00000DPb61QAD","Name":"United Oil & Gas, UK"}|0xe243528
08:11:24.0 (10588859)|STATEMENT_EXECUTE|[25]
08:11:24.0 (10590146)|STATEMENT_EXECUTE|[26]
08:11:24.0 (10594762)|HEAP_ALLOCATE|[EXTERNAL]|Bytes:4
08:11:24.0 (10602265)|HEAP_ALLOCATE|[25]|Bytes:5
08:11:24.0 (10611887)|HEAP_ALLOCATE|[25]|Bytes:12
08:11:24.0 (10616055)|VARIABLE_SCOPE_BEGIN|[25]|obj|Account|true|false
08:11:24.0 (10625885)|VARIABLE_ASSIGNMENT|[25]|obj|{"Id":"0017F00000DPb62QAD","Name":"United Oil & Gas, Si (7 more) ..."}|0x6d7526da
08:11:24.0 (10630608)|STATEMENT_EXECUTE|[25]
08:11:24.0 (10631500)|STATEMENT_EXECUTE|[26]
08:11:24.0 (10635148)|HEAP_ALLOCATE|[EXTERNAL]|Bytes:4
08:11:24.0 (10642401)|HEAP_ALLOCATE|[25]|Bytes:5
08:11:24.0 (10651229)|HEAP_ALLOCATE|[25]|Bytes:12
08:11:24.0 (10654990)|VARIABLE_SCOPE_BEGIN|[25]|obj|Account|true|false
08:11:24.0 (10664150)|VARIABLE_ASSIGNMENT|[25]|obj|{"Id":"0017F00000DPb5tQAD","Name":"Express Logistics an (11 more) ..."}|0x245d5dd1
08:11:24.0 (10669091)|STATEMENT_EXECUTE|[25]
08:11:24.0 (10669981)|STATEMENT_EXECUTE|[26]
08:11:24.0 (10673228)|HEAP_ALLOCATE|[EXTERNAL]|Bytes:4
08:11:24.0 (10680012)|HEAP_ALLOCATE|[25]|Bytes:5
08:11:24.0 (10688903)|HEAP_ALLOCATE|[25]|Bytes:12
08:11:24.0 (10692651)|VARIABLE_SCOPE_BEGIN|[25]|obj|Account|true|false
08:11:24.0 (10701639)|VARIABLE_ASSIGNMENT|[25]|obj|{"Id":"0017F00000DPb5uQAD","Name":"Burlington Textiles  (15 more) ..."}|0x3a10823e
08:11:24.0 (10705949)|STATEMENT_EXECUTE|[25]
08:11:24.0 (10706819)|STATEMENT_EXECUTE|[26]
08:11:24.0 (10709923)|HEAP_ALLOCATE|[EXTERNAL]|Bytes:4
08:11:24.0 (10716795)|HEAP_ALLOCATE|[25]|Bytes:5
08:11:24.0 (10724498)|VARIABLE_ASSIGNMENT|[25]|obj|null|
08:11:24.0 (10729539)|STATEMENT_EXECUTE|[28]
08:11:24.0 (10734468)|SYSTEM_MODE_EXIT|false
08:11:24.10 (10766304)|CUMULATIVE_LIMIT_USAGE
08:11:24.10 (10766304)|LIMIT_USAGE_FOR_NS|(default)|
  Number of SOQL queries: 1 out of 100
  Number of query rows: 5 out of 50000
  Number of SOSL queries: 0 out of 20
  Number of DML statements: 0 out of 150
  Number of DML rows: 0 out of 10000
  Maximum CPU time: 0 out of 10000
  Maximum heap size: 0 out of 6000000
  Number of callouts: 0 out of 100
  Number of Email Invocations: 0 out of 10
  Number of future calls: 0 out of 50
  Number of queueable jobs added to the queue: 0 out of 50
  Number of Mobile Apex push calls: 0 out of 10

08:11:24.10 (10766304)|CUMULATIVE_LIMIT_USAGE_END

08:11:24.0 (10806005)|CODE_UNIT_FINISHED|accountsWithContactsClass.fetchLookUpValues
08:11:24.0 (10871431)|CODE_UNIT_FINISHED|Aura
08:11:24.0 (12066086)|EXECUTION_FINISHED
