40.0 APEX_CODE,FINEST;APEX_PROFILING,INFO;CALLOUT,INFO;DB,INFO;SYSTEM,DEBUG;VALIDATION,INFO;VISUALFORCE,INFO;WAVE,INFO;WORKFLOW,INFO
08:14:56.0 (43193)|USER_INFO|[EXTERNAL]|0057F000000SZkg|test-d_masalsky@twistellar.com|Pacific Standard Time|GMT-07:00
08:14:56.0 (68655)|EXECUTION_STARTED
08:14:56.0 (71518)|CODE_UNIT_STARTED|[EXTERNAL]|Aura
08:14:56.0 (5547632)|HEAP_ALLOCATE|[72]|Bytes:3
08:14:56.0 (5587648)|HEAP_ALLOCATE|[77]|Bytes:152
08:14:56.0 (5603134)|HEAP_ALLOCATE|[342]|Bytes:408
08:14:56.0 (5614800)|HEAP_ALLOCATE|[355]|Bytes:408
08:14:56.0 (5625336)|HEAP_ALLOCATE|[467]|Bytes:48
08:14:56.0 (5649462)|HEAP_ALLOCATE|[139]|Bytes:6
08:14:56.0 (5666083)|HEAP_ALLOCATE|[EXTERNAL]|Bytes:1
08:14:56.0 (5676803)|HEAP_ALLOCATE|[EXTERNAL]|Bytes:1
08:14:56.0 (6306652)|CODE_UNIT_STARTED|[EXTERNAL]|01p7F000008cBuq|accountsWithContactsClass.fetchLookUpValues
08:14:56.0 (6412242)|HEAP_ALLOCATE|[EXTERNAL]|Bytes:10
08:14:56.0 (6426922)|METHOD_ENTRY|[1]|01p7F000008cBuq|accountsWithContactsClass.accountsWithContactsClass()
08:14:56.0 (6432691)|STATEMENT_EXECUTE|[1]
08:14:56.0 (6438371)|STATEMENT_EXECUTE|[1]
08:14:56.0 (6441596)|METHOD_EXIT|[1]|accountsWithContactsClass
08:14:56.0 (6447825)|HEAP_ALLOCATE|[EXTERNAL]|Bytes:1
08:14:56.0 (6457092)|SYSTEM_MODE_ENTER|false
08:14:56.0 (6464783)|VARIABLE_SCOPE_BEGIN|[20]|searchKeyWord|String|false|false
08:14:56.0 (6489138)|VARIABLE_ASSIGNMENT|[20]|searchKeyWord|"G"
08:14:56.0 (6499412)|STATEMENT_EXECUTE|[20]
08:14:56.0 (6500674)|STATEMENT_EXECUTE|[21]
08:14:56.0 (6503850)|HEAP_ALLOCATE|[21]|Bytes:1
08:14:56.0 (6518403)|HEAP_ALLOCATE|[21]|Bytes:2
08:14:56.0 (6524521)|VARIABLE_SCOPE_BEGIN|[21]|searchKey|String|false|false
08:14:56.0 (6534902)|VARIABLE_ASSIGNMENT|[21]|searchKey|"G%"
08:14:56.0 (6539270)|STATEMENT_EXECUTE|[22]
08:14:56.0 (6603185)|HEAP_ALLOCATE|[22]|Bytes:4
08:14:56.0 (6667323)|VARIABLE_SCOPE_BEGIN|[22]|returnList|List<Account>|true|false
08:14:56.0 (6680519)|HEAP_ALLOCATE|[EXTERNAL]|Bytes:4
08:14:56.0 (6690598)|VARIABLE_ASSIGNMENT|[22]|returnList|[]|0x2d7de0e7
08:14:56.0 (6696039)|STATEMENT_EXECUTE|[23]
08:14:56.0 (6698468)|HEAP_ALLOCATE|[23]|Bytes:89
08:14:56.0 (6703288)|VARIABLE_SCOPE_BEGIN|[23]|sQuery|String|false|false
08:14:56.0 (6714484)|VARIABLE_ASSIGNMENT|[23]|sQuery|"SELECT Id, Name FROM (69 more) ..."
08:14:56.0 (6718896)|STATEMENT_EXECUTE|[24]
08:14:56.0 (6754532)|HEAP_ALLOCATE|[50]|Bytes:5
08:14:56.0 (6777957)|HEAP_ALLOCATE|[56]|Bytes:5
08:14:56.0 (6785000)|HEAP_ALLOCATE|[64]|Bytes:7
08:14:56.0 (7211387)|SOQL_EXECUTE_BEGIN|[24]|Aggregations:0|SELECT Id, Name FROM Account WHERE Name LIKE: searchKey ORDER BY CreatedDate DESC LIMIT 5
08:14:56.0 (11157427)|SOQL_EXECUTE_END|[24]|Rows:2
08:14:56.0 (11181600)|HEAP_ALLOCATE|[24]|Bytes:12
08:14:56.0 (11199385)|HEAP_ALLOCATE|[24]|Bytes:109
08:14:56.0 (11224791)|HEAP_ALLOCATE|[24]|Bytes:12
08:14:56.0 (11241364)|VARIABLE_SCOPE_BEGIN|[24]|lstOfRecords|List<Account>|true|false
08:14:56.0 (11268175)|VARIABLE_ASSIGNMENT|[24]|lstOfRecords|[{"Id":"0017F00000DPb63QAD","Name":"GenePoint"},{"Id":"0017F00000DPb5xQAD","Name":"Grand Hotels & Resor (6 more) ..."}]|0x3f18563e
08:14:56.0 (11421995)|HEAP_ALLOCATE|[25]|Bytes:5
08:14:56.0 (11464377)|HEAP_ALLOCATE|[25]|Bytes:12
08:14:56.0 (11476784)|VARIABLE_SCOPE_BEGIN|[25]|obj|Account|true|false
08:14:56.0 (11498537)|VARIABLE_ASSIGNMENT|[25]|obj|{"Id":"0017F00000DPb63QAD","Name":"GenePoint"}|0x192cbe56
08:14:56.0 (11509820)|STATEMENT_EXECUTE|[25]
08:14:56.0 (11511843)|STATEMENT_EXECUTE|[26]
08:14:56.0 (11549154)|HEAP_ALLOCATE|[EXTERNAL]|Bytes:4
08:14:56.0 (11569627)|HEAP_ALLOCATE|[25]|Bytes:5
08:14:56.0 (11595475)|HEAP_ALLOCATE|[25]|Bytes:12
08:14:56.0 (11605219)|VARIABLE_SCOPE_BEGIN|[25]|obj|Account|true|false
08:14:56.0 (11625271)|VARIABLE_ASSIGNMENT|[25]|obj|{"Id":"0017F00000DPb5xQAD","Name":"Grand Hotels & Resor (6 more) ..."}|0x6478b2eb
08:14:56.0 (11633554)|STATEMENT_EXECUTE|[25]
08:14:56.0 (11635363)|STATEMENT_EXECUTE|[26]
08:14:56.0 (11643207)|HEAP_ALLOCATE|[EXTERNAL]|Bytes:4
08:14:56.0 (11658624)|HEAP_ALLOCATE|[25]|Bytes:5
08:14:56.0 (11672104)|VARIABLE_ASSIGNMENT|[25]|obj|null|
08:14:56.0 (11679938)|STATEMENT_EXECUTE|[28]
08:14:56.0 (11685885)|SYSTEM_MODE_EXIT|false
08:14:56.11 (11712586)|CUMULATIVE_LIMIT_USAGE
08:14:56.11 (11712586)|LIMIT_USAGE_FOR_NS|(default)|
  Number of SOQL queries: 1 out of 100
  Number of query rows: 2 out of 50000
  Number of SOSL queries: 0 out of 20
  Number of DML statements: 0 out of 150
  Number of DML rows: 0 out of 10000
  Maximum CPU time: 0 out of 10000
  Maximum heap size: 0 out of 6000000
  Number of callouts: 0 out of 100
  Number of Email Invocations: 0 out of 10
  Number of future calls: 0 out of 50
  Number of queueable jobs added to the queue: 0 out of 50
  Number of Mobile Apex push calls: 0 out of 10

08:14:56.11 (11712586)|CUMULATIVE_LIMIT_USAGE_END

08:14:56.0 (11741415)|CODE_UNIT_FINISHED|accountsWithContactsClass.fetchLookUpValues
08:14:56.0 (11801918)|CODE_UNIT_FINISHED|Aura
08:14:56.0 (12726782)|EXECUTION_FINISHED

