40.0 APEX_CODE,FINEST;APEX_PROFILING,INFO;CALLOUT,INFO;DB,INFO;SYSTEM,DEBUG;VALIDATION,INFO;VISUALFORCE,INFO;WAVE,INFO;WORKFLOW,INFO
08:15:02.0 (86215)|USER_INFO|[EXTERNAL]|0057F000000SZkg|test-d_masalsky@twistellar.com|Pacific Standard Time|GMT-07:00
08:15:02.0 (133435)|EXECUTION_STARTED
08:15:02.0 (137787)|CODE_UNIT_STARTED|[EXTERNAL]|Aura
08:15:02.0 (6557500)|HEAP_ALLOCATE|[72]|Bytes:3
08:15:02.0 (6597917)|HEAP_ALLOCATE|[77]|Bytes:152
08:15:02.0 (6618977)|HEAP_ALLOCATE|[342]|Bytes:408
08:15:02.0 (6632357)|HEAP_ALLOCATE|[355]|Bytes:408
08:15:02.0 (6642994)|HEAP_ALLOCATE|[467]|Bytes:48
08:15:02.0 (6666529)|HEAP_ALLOCATE|[139]|Bytes:6
08:15:02.0 (7328111)|CODE_UNIT_STARTED|[EXTERNAL]|01p7F000008cBuq|accountsWithContactsClass.fetchLookUpValues
08:15:02.0 (7423927)|HEAP_ALLOCATE|[EXTERNAL]|Bytes:10
08:15:02.0 (7451906)|METHOD_ENTRY|[1]|01p7F000008cBuq|accountsWithContactsClass.accountsWithContactsClass()
08:15:02.0 (7459044)|STATEMENT_EXECUTE|[1]
08:15:02.0 (7465040)|STATEMENT_EXECUTE|[1]
08:15:02.0 (7468806)|METHOD_EXIT|[1]|accountsWithContactsClass
08:15:02.0 (7480862)|SYSTEM_MODE_ENTER|false
08:15:02.0 (7488114)|VARIABLE_SCOPE_BEGIN|[20]|searchKeyWord|String|false|false
08:15:02.0 (7511743)|VARIABLE_ASSIGNMENT|[20]|searchKeyWord|""
08:15:02.0 (7521731)|STATEMENT_EXECUTE|[20]
08:15:02.0 (7523096)|STATEMENT_EXECUTE|[21]
08:15:02.0 (7526031)|HEAP_ALLOCATE|[21]|Bytes:1
08:15:02.0 (7537180)|HEAP_ALLOCATE|[21]|Bytes:1
08:15:02.0 (7543288)|VARIABLE_SCOPE_BEGIN|[21]|searchKey|String|false|false
08:15:02.0 (7552749)|VARIABLE_ASSIGNMENT|[21]|searchKey|"%"
08:15:02.0 (7557131)|STATEMENT_EXECUTE|[22]
08:15:02.0 (7609939)|HEAP_ALLOCATE|[22]|Bytes:4
08:15:02.0 (7664579)|VARIABLE_SCOPE_BEGIN|[22]|returnList|List<Account>|true|false
08:15:02.0 (7676748)|HEAP_ALLOCATE|[EXTERNAL]|Bytes:4
08:15:02.0 (7687651)|VARIABLE_ASSIGNMENT|[22]|returnList|[]|0x322a2538
08:15:02.0 (7692813)|STATEMENT_EXECUTE|[23]
08:15:02.0 (7694870)|HEAP_ALLOCATE|[23]|Bytes:89
08:15:02.0 (7699097)|VARIABLE_SCOPE_BEGIN|[23]|sQuery|String|false|false
08:15:02.0 (7711039)|VARIABLE_ASSIGNMENT|[23]|sQuery|"SELECT Id, Name FROM (69 more) ..."
08:15:02.0 (7714874)|STATEMENT_EXECUTE|[24]
08:15:02.0 (7747423)|HEAP_ALLOCATE|[50]|Bytes:5
08:15:02.0 (7767635)|HEAP_ALLOCATE|[56]|Bytes:5
08:15:02.0 (7774598)|HEAP_ALLOCATE|[64]|Bytes:7
08:15:02.0 (8211601)|SOQL_EXECUTE_BEGIN|[24]|Aggregations:0|SELECT Id, Name FROM Account WHERE Name LIKE: searchKey ORDER BY CreatedDate DESC LIMIT 5
08:15:02.0 (10120490)|SOQL_EXECUTE_END|[24]|Rows:5
08:15:02.0 (10138333)|HEAP_ALLOCATE|[24]|Bytes:24
08:15:02.0 (10155778)|HEAP_ALLOCATE|[24]|Bytes:307
08:15:02.0 (10175428)|HEAP_ALLOCATE|[24]|Bytes:24
08:15:02.0 (10189155)|VARIABLE_SCOPE_BEGIN|[24]|lstOfRecords|List<Account>|true|false
08:15:02.0 (10219866)|VARIABLE_ASSIGNMENT|[24]|lstOfRecords|[{"Id":"0017F00000DPb63QAD","Name":"GenePoint"},{"Id":"0017F00000DPb61QAD","Name":"United Oil & Gas, UK"},{"Id":"0017F00000DPb62QAD","Name":"United Oil & Gas, Si (7 more) ..."},{"Id":"0017F00000DPb5tQAD","Name":"Express Logistics an (11 more) ..."},{"Id":"0017F00000DPb5uQAD","Name":"Burlington Textiles  (15 more) ..."}]|0x215f60f7
08:15:02.0 (10379573)|HEAP_ALLOCATE|[25]|Bytes:5
08:15:02.0 (10411018)|HEAP_ALLOCATE|[25]|Bytes:12
08:15:02.0 (10420742)|VARIABLE_SCOPE_BEGIN|[25]|obj|Account|true|false
08:15:02.0 (10434902)|VARIABLE_ASSIGNMENT|[25]|obj|{"Id":"0017F00000DPb63QAD","Name":"GenePoint"}|0x7a393fab
08:15:02.0 (10441184)|STATEMENT_EXECUTE|[25]
08:15:02.0 (10442708)|STATEMENT_EXECUTE|[26]
08:15:02.0 (10469727)|HEAP_ALLOCATE|[EXTERNAL]|Bytes:4
08:15:02.0 (10483990)|HEAP_ALLOCATE|[25]|Bytes:5
08:15:02.0 (10498815)|HEAP_ALLOCATE|[25]|Bytes:12
08:15:02.0 (10504199)|VARIABLE_SCOPE_BEGIN|[25]|obj|Account|true|false
08:15:02.0 (10514608)|VARIABLE_ASSIGNMENT|[25]|obj|{"Id":"0017F00000DPb61QAD","Name":"United Oil & Gas, UK"}|0x5edfeff8
08:15:02.0 (10520297)|STATEMENT_EXECUTE|[25]
08:15:02.0 (10521582)|STATEMENT_EXECUTE|[26]
08:15:02.0 (10526328)|HEAP_ALLOCATE|[EXTERNAL]|Bytes:4
08:15:02.0 (10535247)|HEAP_ALLOCATE|[25]|Bytes:5
08:15:02.0 (10545087)|HEAP_ALLOCATE|[25]|Bytes:12
08:15:02.0 (10549283)|VARIABLE_SCOPE_BEGIN|[25]|obj|Account|true|false
08:15:02.0 (10559095)|VARIABLE_ASSIGNMENT|[25]|obj|{"Id":"0017F00000DPb62QAD","Name":"United Oil & Gas, Si (7 more) ..."}|0x594b83a3
08:15:02.0 (10564734)|STATEMENT_EXECUTE|[25]
08:15:02.0 (10565646)|STATEMENT_EXECUTE|[26]
08:15:02.0 (10569325)|HEAP_ALLOCATE|[EXTERNAL]|Bytes:4
08:15:02.0 (10576578)|HEAP_ALLOCATE|[25]|Bytes:5
08:15:02.0 (10585731)|HEAP_ALLOCATE|[25]|Bytes:12
08:15:02.0 (10589668)|VARIABLE_SCOPE_BEGIN|[25]|obj|Account|true|false
08:15:02.0 (10598927)|VARIABLE_ASSIGNMENT|[25]|obj|{"Id":"0017F00000DPb5tQAD","Name":"Express Logistics an (11 more) ..."}|0x459aa089
08:15:02.0 (10603812)|STATEMENT_EXECUTE|[25]
08:15:02.0 (10604688)|STATEMENT_EXECUTE|[26]
08:15:02.0 (10607994)|HEAP_ALLOCATE|[EXTERNAL]|Bytes:4
08:15:02.0 (10614813)|HEAP_ALLOCATE|[25]|Bytes:5
08:15:02.0 (10624018)|HEAP_ALLOCATE|[25]|Bytes:12
08:15:02.0 (10628105)|VARIABLE_SCOPE_BEGIN|[25]|obj|Account|true|false
08:15:02.0 (10637144)|VARIABLE_ASSIGNMENT|[25]|obj|{"Id":"0017F00000DPb5uQAD","Name":"Burlington Textiles  (15 more) ..."}|0x76ed1bf6
08:15:02.0 (10642015)|STATEMENT_EXECUTE|[25]
08:15:02.0 (10642966)|STATEMENT_EXECUTE|[26]
08:15:02.0 (10646293)|HEAP_ALLOCATE|[EXTERNAL]|Bytes:4
08:15:02.0 (10653176)|HEAP_ALLOCATE|[25]|Bytes:5
08:15:02.0 (10660666)|VARIABLE_ASSIGNMENT|[25]|obj|null|
08:15:02.0 (10664437)|STATEMENT_EXECUTE|[28]
08:15:02.0 (10668759)|SYSTEM_MODE_EXIT|false
08:15:02.10 (10701083)|CUMULATIVE_LIMIT_USAGE
08:15:02.10 (10701083)|LIMIT_USAGE_FOR_NS|(default)|
  Number of SOQL queries: 1 out of 100
  Number of query rows: 5 out of 50000
  Number of SOSL queries: 0 out of 20
  Number of DML statements: 0 out of 150
  Number of DML rows: 0 out of 10000
  Maximum CPU time: 0 out of 10000
  Maximum heap size: 0 out of 6000000
  Number of callouts: 0 out of 100
  Number of Email Invocations: 0 out of 10
  Number of future calls: 0 out of 50
  Number of queueable jobs added to the queue: 0 out of 50
  Number of Mobile Apex push calls: 0 out of 10

08:15:02.10 (10701083)|CUMULATIVE_LIMIT_USAGE_END

08:15:02.0 (10733080)|CODE_UNIT_FINISHED|accountsWithContactsClass.fetchLookUpValues
08:15:02.0 (10806423)|CODE_UNIT_FINISHED|Aura
08:15:02.0 (11756376)|EXECUTION_FINISHED
