40.0 APEX_CODE,FINEST;APEX_PROFILING,INFO;CALLOUT,INFO;DB,INFO;SYSTEM,DEBUG;VALIDATION,INFO;VISUALFORCE,INFO;WAVE,INFO;WORKFLOW,INFO
07:49:41.0 (75180)|USER_INFO|[EXTERNAL]|0057F000000SZkg|test-d_masalsky@twistellar.com|Pacific Standard Time|GMT-07:00
07:49:41.0 (118599)|EXECUTION_STARTED
07:49:41.0 (123327)|CODE_UNIT_STARTED|[EXTERNAL]|Aura
07:49:41.0 (6182117)|HEAP_ALLOCATE|[72]|Bytes:3
07:49:41.0 (6224982)|HEAP_ALLOCATE|[77]|Bytes:152
07:49:41.0 (6241074)|HEAP_ALLOCATE|[342]|Bytes:408
07:49:41.0 (6252654)|HEAP_ALLOCATE|[355]|Bytes:408
07:49:41.0 (6262802)|HEAP_ALLOCATE|[467]|Bytes:48
07:49:41.0 (6288154)|HEAP_ALLOCATE|[139]|Bytes:6
07:49:41.0 (7013050)|CODE_UNIT_STARTED|[EXTERNAL]|01p7F000008cBuq|accountsWithContactsClass.fetchLookUpValues
07:49:41.0 (7132756)|HEAP_ALLOCATE|[EXTERNAL]|Bytes:10
07:49:41.0 (7147904)|METHOD_ENTRY|[1]|01p7F000008cBuq|accountsWithContactsClass.accountsWithContactsClass()
07:49:41.0 (7154662)|STATEMENT_EXECUTE|[1]
07:49:41.0 (7160171)|STATEMENT_EXECUTE|[1]
07:49:41.0 (7163716)|METHOD_EXIT|[1]|accountsWithContactsClass
07:49:41.0 (7178088)|SYSTEM_MODE_ENTER|false
07:49:41.0 (7189684)|VARIABLE_SCOPE_BEGIN|[20]|searchKeyWord|String|false|false
07:49:41.0 (7215224)|VARIABLE_ASSIGNMENT|[20]|searchKeyWord|""
07:49:41.0 (7227390)|STATEMENT_EXECUTE|[20]
07:49:41.0 (7228754)|STATEMENT_EXECUTE|[21]
07:49:41.0 (7231664)|HEAP_ALLOCATE|[21]|Bytes:1
07:49:41.0 (7246010)|HEAP_ALLOCATE|[21]|Bytes:1
07:49:41.0 (7251792)|VARIABLE_SCOPE_BEGIN|[21]|searchKey|String|false|false
07:49:41.0 (7262049)|VARIABLE_ASSIGNMENT|[21]|searchKey|"%"
07:49:41.0 (7266134)|STATEMENT_EXECUTE|[22]
07:49:41.0 (7336423)|HEAP_ALLOCATE|[22]|Bytes:4
07:49:41.0 (7404164)|VARIABLE_SCOPE_BEGIN|[22]|returnList|List<Account>|true|false
07:49:41.0 (7416714)|HEAP_ALLOCATE|[EXTERNAL]|Bytes:4
07:49:41.0 (7427640)|VARIABLE_ASSIGNMENT|[22]|returnList|[]|0x101f4c3f
07:49:41.0 (7432753)|STATEMENT_EXECUTE|[23]
07:49:41.0 (7435397)|HEAP_ALLOCATE|[23]|Bytes:89
07:49:41.0 (7439475)|VARIABLE_SCOPE_BEGIN|[23]|sQuery|String|false|false
07:49:41.0 (7450657)|VARIABLE_ASSIGNMENT|[23]|sQuery|"SELECT Id, Name FROM (69 more) ..."
07:49:41.0 (7454507)|STATEMENT_EXECUTE|[24]
07:49:41.0 (7490718)|HEAP_ALLOCATE|[50]|Bytes:5
07:49:41.0 (7513724)|HEAP_ALLOCATE|[56]|Bytes:5
07:49:41.0 (7520627)|HEAP_ALLOCATE|[64]|Bytes:7
07:49:41.0 (8045039)|SOQL_EXECUTE_BEGIN|[24]|Aggregations:0|SELECT Id, Name FROM Account WHERE Name LIKE: searchKey ORDER BY CreatedDate DESC LIMIT 5
07:49:41.0 (10248896)|SOQL_EXECUTE_END|[24]|Rows:5
07:49:41.0 (10267362)|HEAP_ALLOCATE|[24]|Bytes:24
07:49:41.0 (10288792)|HEAP_ALLOCATE|[24]|Bytes:307
07:49:41.0 (10320576)|HEAP_ALLOCATE|[24]|Bytes:24
07:49:41.0 (10334966)|VARIABLE_SCOPE_BEGIN|[24]|lstOfRecords|List<Account>|true|false
07:49:41.0 (10362322)|VARIABLE_ASSIGNMENT|[24]|lstOfRecords|[{"Id":"0017F00000DPb63QAD","Name":"GenePoint"},{"Id":"0017F00000DPb61QAD","Name":"United Oil & Gas, UK"},{"Id":"0017F00000DPb62QAD","Name":"United Oil & Gas, Si (7 more) ..."},{"Id":"0017F00000DPb5tQAD","Name":"Express Logistics an (11 more) ..."},{"Id":"0017F00000DPb5uQAD","Name":"Burlington Textiles  (15 more) ..."}]|0x2dbf4a1c
07:49:41.0 (10526122)|HEAP_ALLOCATE|[25]|Bytes:5
07:49:41.0 (10562297)|HEAP_ALLOCATE|[25]|Bytes:12
07:49:41.0 (10572221)|VARIABLE_SCOPE_BEGIN|[25]|obj|Account|true|false
07:49:41.0 (10590779)|VARIABLE_ASSIGNMENT|[25]|obj|{"Id":"0017F00000DPb63QAD","Name":"GenePoint"}|0x78c00b8b
07:49:41.0 (10596904)|STATEMENT_EXECUTE|[25]
07:49:41.0 (10598197)|STATEMENT_EXECUTE|[26]
07:49:41.0 (10625879)|HEAP_ALLOCATE|[EXTERNAL]|Bytes:4
07:49:41.0 (10639276)|HEAP_ALLOCATE|[25]|Bytes:5
07:49:41.0 (10653046)|HEAP_ALLOCATE|[25]|Bytes:12
07:49:41.0 (10658550)|VARIABLE_SCOPE_BEGIN|[25]|obj|Account|true|false
07:49:41.0 (10670039)|VARIABLE_ASSIGNMENT|[25]|obj|{"Id":"0017F00000DPb61QAD","Name":"United Oil & Gas, UK"}|0x48a0e02b
07:49:41.0 (10675173)|STATEMENT_EXECUTE|[25]
07:49:41.0 (10676469)|STATEMENT_EXECUTE|[26]
07:49:41.0 (10680995)|HEAP_ALLOCATE|[EXTERNAL]|Bytes:4
07:49:41.0 (10689223)|HEAP_ALLOCATE|[25]|Bytes:5
07:49:41.0 (10699024)|HEAP_ALLOCATE|[25]|Bytes:12
07:49:41.0 (10703317)|VARIABLE_SCOPE_BEGIN|[25]|obj|Account|true|false
07:49:41.0 (10712696)|VARIABLE_ASSIGNMENT|[25]|obj|{"Id":"0017F00000DPb62QAD","Name":"United Oil & Gas, Si (7 more) ..."}|0x72fda05f
07:49:41.0 (10718139)|STATEMENT_EXECUTE|[25]
07:49:41.0 (10719006)|STATEMENT_EXECUTE|[26]
07:49:41.0 (10722459)|HEAP_ALLOCATE|[EXTERNAL]|Bytes:4
07:49:41.0 (10729212)|HEAP_ALLOCATE|[25]|Bytes:5
07:49:41.0 (10738934)|HEAP_ALLOCATE|[25]|Bytes:12
07:49:41.0 (10742829)|VARIABLE_SCOPE_BEGIN|[25]|obj|Account|true|false
07:49:41.0 (10752257)|VARIABLE_ASSIGNMENT|[25]|obj|{"Id":"0017F00000DPb5tQAD","Name":"Express Logistics an (11 more) ..."}|0x108034d8
07:49:41.0 (10756606)|STATEMENT_EXECUTE|[25]
07:49:41.0 (10757500)|STATEMENT_EXECUTE|[26]
07:49:41.0 (10760808)|HEAP_ALLOCATE|[EXTERNAL]|Bytes:4
07:49:41.0 (10768428)|HEAP_ALLOCATE|[25]|Bytes:5
07:49:41.0 (10777882)|HEAP_ALLOCATE|[25]|Bytes:12
07:49:41.0 (10781442)|VARIABLE_SCOPE_BEGIN|[25]|obj|Account|true|false
07:49:41.0 (10790759)|VARIABLE_ASSIGNMENT|[25]|obj|{"Id":"0017F00000DPb5uQAD","Name":"Burlington Textiles  (15 more) ..."}|0x6864f910
07:49:41.0 (10795664)|STATEMENT_EXECUTE|[25]
07:49:41.0 (10796506)|STATEMENT_EXECUTE|[26]
07:49:41.0 (10799600)|HEAP_ALLOCATE|[EXTERNAL]|Bytes:4
07:49:41.0 (10806762)|HEAP_ALLOCATE|[25]|Bytes:5
07:49:41.0 (10814389)|VARIABLE_ASSIGNMENT|[25]|obj|null|
07:49:41.0 (10819414)|STATEMENT_EXECUTE|[28]
07:49:41.0 (10825393)|SYSTEM_MODE_EXIT|false
07:49:41.10 (10857043)|CUMULATIVE_LIMIT_USAGE
07:49:41.10 (10857043)|LIMIT_USAGE_FOR_NS|(default)|
  Number of SOQL queries: 1 out of 100
  Number of query rows: 5 out of 50000
  Number of SOSL queries: 0 out of 20
  Number of DML statements: 0 out of 150
  Number of DML rows: 0 out of 10000
  Maximum CPU time: 0 out of 10000
  Maximum heap size: 0 out of 6000000
  Number of callouts: 0 out of 100
  Number of Email Invocations: 0 out of 10
  Number of future calls: 0 out of 50
  Number of queueable jobs added to the queue: 0 out of 50
  Number of Mobile Apex push calls: 0 out of 10

07:49:41.10 (10857043)|CUMULATIVE_LIMIT_USAGE_END

07:49:41.0 (10897453)|CODE_UNIT_FINISHED|accountsWithContactsClass.fetchLookUpValues
07:49:41.0 (10968040)|CODE_UNIT_FINISHED|Aura
07:49:41.0 (11951471)|EXECUTION_FINISHED
