40.0 APEX_CODE,FINEST;APEX_PROFILING,INFO;CALLOUT,INFO;DB,INFO;SYSTEM,DEBUG;VALIDATION,INFO;VISUALFORCE,INFO;WAVE,INFO;WORKFLOW,INFO
07:35:16.0 (75855)|USER_INFO|[EXTERNAL]|0057F000000SZkg|test-d_masalsky@twistellar.com|Pacific Standard Time|GMT-07:00
07:35:16.0 (116354)|EXECUTION_STARTED
07:35:16.0 (121231)|CODE_UNIT_STARTED|[EXTERNAL]|Aura
07:35:16.0 (6055645)|HEAP_ALLOCATE|[72]|Bytes:3
07:35:16.0 (6098496)|HEAP_ALLOCATE|[77]|Bytes:152
07:35:16.0 (6114642)|HEAP_ALLOCATE|[342]|Bytes:408
07:35:16.0 (6130380)|HEAP_ALLOCATE|[355]|Bytes:408
07:35:16.0 (6141542)|HEAP_ALLOCATE|[467]|Bytes:48
07:35:16.0 (6170068)|HEAP_ALLOCATE|[139]|Bytes:6
07:35:16.0 (6184969)|HEAP_ALLOCATE|[EXTERNAL]|Bytes:18
07:35:16.0 (6204948)|HEAP_ALLOCATE|[EXTERNAL]|Bytes:4
07:35:16.0 (6874871)|CODE_UNIT_STARTED|[EXTERNAL]|01p7F000008cBuq|accountsWithContactsClass.getAllContacts
07:35:16.0 (6991976)|HEAP_ALLOCATE|[EXTERNAL]|Bytes:10
07:35:16.0 (7007324)|METHOD_ENTRY|[1]|01p7F000008cBuq|accountsWithContactsClass.accountsWithContactsClass()
07:35:16.0 (7014122)|STATEMENT_EXECUTE|[1]
07:35:16.0 (7019362)|STATEMENT_EXECUTE|[1]
07:35:16.0 (7024350)|METHOD_EXIT|[1]|accountsWithContactsClass
07:35:16.0 (7029942)|HEAP_ALLOCATE|[EXTERNAL]|Bytes:4
07:35:16.0 (7039125)|SYSTEM_MODE_ENTER|false
07:35:16.0 (7046277)|VARIABLE_SCOPE_BEGIN|[4]|accountId|Id|false|false
07:35:16.0 (7210104)|VARIABLE_ASSIGNMENT|[4]|accountId|"0017F00000DPb63QAD"
07:35:16.0 (7222661)|STATEMENT_EXECUTE|[4]
07:35:16.0 (7223993)|STATEMENT_EXECUTE|[5]
07:35:16.0 (7226331)|HEAP_ALLOCATE|[5]|Bytes:116
07:35:16.0 (7239172)|HEAP_ALLOCATE|[5]|Bytes:4
07:35:16.0 (7251612)|HEAP_ALLOCATE|[5]|Bytes:7
07:35:16.0 (7296885)|HEAP_ALLOCATE|[50]|Bytes:5
07:35:16.0 (7318757)|HEAP_ALLOCATE|[56]|Bytes:5
07:35:16.0 (7325432)|HEAP_ALLOCATE|[64]|Bytes:7
07:35:16.0 (8045006)|SOQL_EXECUTE_BEGIN|[5]|Aggregations:0|SELECT FirstName, LastName, Phone, Email, Birthdate, AccountId, Account.Name FROM Contact WHERE AccountId = :tmpVar1
07:35:16.0 (12089205)|SOQL_EXECUTE_END|[5]|Rows:1
07:35:16.0 (12108940)|HEAP_ALLOCATE|[5]|Bytes:8
07:35:16.0 (12129574)|HEAP_ALLOCATE|[5]|Bytes:219
07:35:16.0 (12209752)|HEAP_ALLOCATE|[5]|Bytes:8
07:35:16.0 (12222134)|VARIABLE_SCOPE_BEGIN|[5]|contacts|List<Contact>|true|false
07:35:16.0 (12272909)|VARIABLE_ASSIGNMENT|[5]|contacts|[{"FirstName":"Edna","LastName":"Frank","Phone":"(650) 867-3450","Email":"efrank@genepoint.com","Birthdate":"1939-11-04T00:00:00.000Z","AccountId":"0017F00000DPb63QAD","Id":"0037F000007hqfzQAA","Account":{"Name":"GenePoint","Id":"0017F00000DPb63QAD"}}]|0x738af59c
07:35:16.0 (12282651)|STATEMENT_EXECUTE|[10]
07:35:16.0 (12290667)|SYSTEM_MODE_EXIT|false
07:35:16.12 (12323148)|CUMULATIVE_LIMIT_USAGE
07:35:16.12 (12323148)|LIMIT_USAGE_FOR_NS|(default)|
  Number of SOQL queries: 1 out of 100
  Number of query rows: 1 out of 50000
  Number of SOSL queries: 0 out of 20
  Number of DML statements: 0 out of 150
  Number of DML rows: 0 out of 10000
  Maximum CPU time: 0 out of 10000
  Maximum heap size: 0 out of 6000000
  Number of callouts: 0 out of 100
  Number of Email Invocations: 0 out of 10
  Number of future calls: 0 out of 50
  Number of queueable jobs added to the queue: 0 out of 50
  Number of Mobile Apex push calls: 0 out of 10

07:35:16.12 (12323148)|CUMULATIVE_LIMIT_USAGE_END

07:35:16.0 (12363859)|CODE_UNIT_FINISHED|accountsWithContactsClass.getAllContacts
07:35:16.0 (12436908)|CODE_UNIT_FINISHED|Aura
07:35:16.0 (13355751)|EXECUTION_FINISHED
