40.0 APEX_CODE,FINEST;APEX_PROFILING,INFO;CALLOUT,INFO;DB,INFO;SYSTEM,DEBUG;VALIDATION,INFO;VISUALFORCE,INFO;WAVE,INFO;WORKFLOW,INFO
07:49:18.0 (70035)|USER_INFO|[EXTERNAL]|0057F000000SZkg|test-d_masalsky@twistellar.com|Pacific Standard Time|GMT-07:00
07:49:18.0 (118642)|EXECUTION_STARTED
07:49:18.0 (122864)|CODE_UNIT_STARTED|[EXTERNAL]|Aura
07:49:18.0 (5669535)|HEAP_ALLOCATE|[72]|Bytes:3
07:49:18.0 (5707847)|HEAP_ALLOCATE|[77]|Bytes:152
07:49:18.0 (5724147)|HEAP_ALLOCATE|[342]|Bytes:408
07:49:18.0 (5735802)|HEAP_ALLOCATE|[355]|Bytes:408
07:49:18.0 (5746095)|HEAP_ALLOCATE|[467]|Bytes:48
07:49:18.0 (5770104)|HEAP_ALLOCATE|[139]|Bytes:6
07:49:18.0 (6493390)|CODE_UNIT_STARTED|[EXTERNAL]|01p7F000008cBuq|accountsWithContactsClass.fetchLookUpValues
07:49:18.0 (6587376)|HEAP_ALLOCATE|[EXTERNAL]|Bytes:10
07:49:18.0 (6601668)|METHOD_ENTRY|[1]|01p7F000008cBuq|accountsWithContactsClass.accountsWithContactsClass()
07:49:18.0 (6608791)|STATEMENT_EXECUTE|[1]
07:49:18.0 (6614360)|STATEMENT_EXECUTE|[1]
07:49:18.0 (6618059)|METHOD_EXIT|[1]|accountsWithContactsClass
07:49:18.0 (6631780)|SYSTEM_MODE_ENTER|false
07:49:18.0 (6639368)|VARIABLE_SCOPE_BEGIN|[20]|searchKeyWord|String|false|false
07:49:18.0 (6661771)|VARIABLE_ASSIGNMENT|[20]|searchKeyWord|""
07:49:18.0 (6672979)|STATEMENT_EXECUTE|[20]
07:49:18.0 (6674368)|STATEMENT_EXECUTE|[21]
07:49:18.0 (6677343)|HEAP_ALLOCATE|[21]|Bytes:1
07:49:18.0 (6690809)|HEAP_ALLOCATE|[21]|Bytes:1
07:49:18.0 (6695923)|VARIABLE_SCOPE_BEGIN|[21]|searchKey|String|false|false
07:49:18.0 (6706498)|VARIABLE_ASSIGNMENT|[21]|searchKey|"%"
07:49:18.0 (6710852)|STATEMENT_EXECUTE|[22]
07:49:18.0 (6772561)|HEAP_ALLOCATE|[22]|Bytes:4
07:49:18.0 (6835365)|VARIABLE_SCOPE_BEGIN|[22]|returnList|List<Account>|true|false
07:49:18.0 (6847513)|HEAP_ALLOCATE|[EXTERNAL]|Bytes:4
07:49:18.0 (6858197)|VARIABLE_ASSIGNMENT|[22]|returnList|[]|0x4cb33b10
07:49:18.0 (6863101)|STATEMENT_EXECUTE|[23]
07:49:18.0 (6865329)|HEAP_ALLOCATE|[23]|Bytes:89
07:49:18.0 (6869487)|VARIABLE_SCOPE_BEGIN|[23]|sQuery|String|false|false
07:49:18.0 (6880267)|VARIABLE_ASSIGNMENT|[23]|sQuery|"SELECT Id, Name FROM (69 more) ..."
07:49:18.0 (6884308)|STATEMENT_EXECUTE|[24]
07:49:18.0 (6918151)|HEAP_ALLOCATE|[50]|Bytes:5
07:49:18.0 (6939956)|HEAP_ALLOCATE|[56]|Bytes:5
07:49:18.0 (6946416)|HEAP_ALLOCATE|[64]|Bytes:7
07:49:18.0 (7392846)|SOQL_EXECUTE_BEGIN|[24]|Aggregations:0|SELECT Id, Name FROM Account WHERE Name LIKE: searchKey ORDER BY CreatedDate DESC LIMIT 5
07:49:18.0 (9313005)|SOQL_EXECUTE_END|[24]|Rows:5
07:49:18.0 (9331469)|HEAP_ALLOCATE|[24]|Bytes:24
07:49:18.0 (9353162)|HEAP_ALLOCATE|[24]|Bytes:307
07:49:18.0 (9378121)|HEAP_ALLOCATE|[24]|Bytes:24
07:49:18.0 (9392621)|VARIABLE_SCOPE_BEGIN|[24]|lstOfRecords|List<Account>|true|false
07:49:18.0 (9419686)|VARIABLE_ASSIGNMENT|[24]|lstOfRecords|[{"Id":"0017F00000DPb63QAD","Name":"GenePoint"},{"Id":"0017F00000DPb61QAD","Name":"United Oil & Gas, UK"},{"Id":"0017F00000DPb62QAD","Name":"United Oil & Gas, Si (7 more) ..."},{"Id":"0017F00000DPb5tQAD","Name":"Express Logistics an (11 more) ..."},{"Id":"0017F00000DPb5uQAD","Name":"Burlington Textiles  (15 more) ..."}]|0x86a4260
07:49:18.0 (9577889)|HEAP_ALLOCATE|[25]|Bytes:5
07:49:18.0 (9613404)|HEAP_ALLOCATE|[25]|Bytes:12
07:49:18.0 (9623444)|VARIABLE_SCOPE_BEGIN|[25]|obj|Account|true|false
07:49:18.0 (9636890)|VARIABLE_ASSIGNMENT|[25]|obj|{"Id":"0017F00000DPb63QAD","Name":"GenePoint"}|0x4f7b4323
07:49:18.0 (9643029)|STATEMENT_EXECUTE|[25]
07:49:18.0 (9644393)|STATEMENT_EXECUTE|[26]
07:49:18.0 (9671592)|HEAP_ALLOCATE|[EXTERNAL]|Bytes:4
07:49:18.0 (9684582)|HEAP_ALLOCATE|[25]|Bytes:5
07:49:18.0 (9697669)|HEAP_ALLOCATE|[25]|Bytes:12
07:49:18.0 (9702861)|VARIABLE_SCOPE_BEGIN|[25]|obj|Account|true|false
07:49:18.0 (9713470)|VARIABLE_ASSIGNMENT|[25]|obj|{"Id":"0017F00000DPb61QAD","Name":"United Oil & Gas, UK"}|0x4b54c93e
07:49:18.0 (9719056)|STATEMENT_EXECUTE|[25]
07:49:18.0 (9720084)|STATEMENT_EXECUTE|[26]
07:49:18.0 (9725362)|HEAP_ALLOCATE|[EXTERNAL]|Bytes:4
07:49:18.0 (9733663)|HEAP_ALLOCATE|[25]|Bytes:5
07:49:18.0 (9743124)|HEAP_ALLOCATE|[25]|Bytes:12
07:49:18.0 (9747236)|VARIABLE_SCOPE_BEGIN|[25]|obj|Account|true|false
07:49:18.0 (9756857)|VARIABLE_ASSIGNMENT|[25]|obj|{"Id":"0017F00000DPb62QAD","Name":"United Oil & Gas, Si (7 more) ..."}|0x1d3ad3fb
07:49:18.0 (9761706)|STATEMENT_EXECUTE|[25]
07:49:18.0 (9762637)|STATEMENT_EXECUTE|[26]
07:49:18.0 (9766375)|HEAP_ALLOCATE|[EXTERNAL]|Bytes:4
07:49:18.0 (9773304)|HEAP_ALLOCATE|[25]|Bytes:5
07:49:18.0 (9782199)|HEAP_ALLOCATE|[25]|Bytes:12
07:49:18.0 (9786150)|VARIABLE_SCOPE_BEGIN|[25]|obj|Account|true|false
07:49:18.0 (9795313)|VARIABLE_ASSIGNMENT|[25]|obj|{"Id":"0017F00000DPb5tQAD","Name":"Express Logistics an (11 more) ..."}|0x7da4331f
07:49:18.0 (9799663)|STATEMENT_EXECUTE|[25]
07:49:18.0 (9803530)|STATEMENT_EXECUTE|[26]
07:49:18.0 (9807634)|HEAP_ALLOCATE|[EXTERNAL]|Bytes:4
07:49:18.0 (9814743)|HEAP_ALLOCATE|[25]|Bytes:5
07:49:18.0 (9824099)|HEAP_ALLOCATE|[25]|Bytes:12
07:49:18.0 (9829042)|VARIABLE_SCOPE_BEGIN|[25]|obj|Account|true|false
07:49:18.0 (9839063)|VARIABLE_ASSIGNMENT|[25]|obj|{"Id":"0017F00000DPb5uQAD","Name":"Burlington Textiles  (15 more) ..."}|0x685305d3
07:49:18.0 (9843817)|STATEMENT_EXECUTE|[25]
07:49:18.0 (9844763)|STATEMENT_EXECUTE|[26]
07:49:18.0 (9848336)|HEAP_ALLOCATE|[EXTERNAL]|Bytes:4
07:49:18.0 (9855599)|HEAP_ALLOCATE|[25]|Bytes:5
07:49:18.0 (9863487)|VARIABLE_ASSIGNMENT|[25]|obj|null|
07:49:18.0 (9867901)|STATEMENT_EXECUTE|[28]
07:49:18.0 (9874173)|SYSTEM_MODE_EXIT|false
07:49:18.9 (9904067)|CUMULATIVE_LIMIT_USAGE
07:49:18.9 (9904067)|LIMIT_USAGE_FOR_NS|(default)|
  Number of SOQL queries: 1 out of 100
  Number of query rows: 5 out of 50000
  Number of SOSL queries: 0 out of 20
  Number of DML statements: 0 out of 150
  Number of DML rows: 0 out of 10000
  Maximum CPU time: 0 out of 10000
  Maximum heap size: 0 out of 6000000
  Number of callouts: 0 out of 100
  Number of Email Invocations: 0 out of 10
  Number of future calls: 0 out of 50
  Number of queueable jobs added to the queue: 0 out of 50
  Number of Mobile Apex push calls: 0 out of 10

07:49:18.9 (9904067)|CUMULATIVE_LIMIT_USAGE_END

07:49:18.0 (9941876)|CODE_UNIT_FINISHED|accountsWithContactsClass.fetchLookUpValues
07:49:18.0 (10005905)|CODE_UNIT_FINISHED|Aura
07:49:18.0 (11024340)|EXECUTION_FINISHED
