40.0 APEX_CODE,FINEST;APEX_PROFILING,INFO;CALLOUT,INFO;DB,INFO;SYSTEM,DEBUG;VALIDATION,INFO;VISUALFORCE,INFO;WAVE,INFO;WORKFLOW,INFO
08:17:40.0 (70676)|USER_INFO|[EXTERNAL]|0057F000000SZkg|test-d_masalsky@twistellar.com|Pacific Standard Time|GMT-07:00
08:17:40.0 (111334)|EXECUTION_STARTED
08:17:40.0 (115525)|CODE_UNIT_STARTED|[EXTERNAL]|Aura
08:17:40.0 (6192975)|HEAP_ALLOCATE|[72]|Bytes:3
08:17:40.0 (6240813)|HEAP_ALLOCATE|[77]|Bytes:152
08:17:40.0 (6258372)|HEAP_ALLOCATE|[342]|Bytes:408
08:17:40.0 (6271399)|HEAP_ALLOCATE|[355]|Bytes:408
08:17:40.0 (6281632)|HEAP_ALLOCATE|[467]|Bytes:48
08:17:40.0 (6309580)|HEAP_ALLOCATE|[139]|Bytes:6
08:17:40.0 (6323136)|HEAP_ALLOCATE|[EXTERNAL]|Bytes:18
08:17:40.0 (6342144)|HEAP_ALLOCATE|[EXTERNAL]|Bytes:4
08:17:40.0 (7068959)|CODE_UNIT_STARTED|[EXTERNAL]|01p7F000008cBuq|accountsWithContactsClass.getAllContacts
08:17:40.0 (7195517)|HEAP_ALLOCATE|[EXTERNAL]|Bytes:10
08:17:40.0 (7210568)|METHOD_ENTRY|[1]|01p7F000008cBuq|accountsWithContactsClass.accountsWithContactsClass()
08:17:40.0 (7217600)|STATEMENT_EXECUTE|[1]
08:17:40.0 (7225677)|STATEMENT_EXECUTE|[1]
08:17:40.0 (7231273)|METHOD_EXIT|[1]|accountsWithContactsClass
08:17:40.0 (7239584)|HEAP_ALLOCATE|[EXTERNAL]|Bytes:4
08:17:40.0 (7255001)|SYSTEM_MODE_ENTER|false
08:17:40.0 (7262782)|VARIABLE_SCOPE_BEGIN|[4]|accountId|Id|false|false
08:17:40.0 (7375051)|VARIABLE_ASSIGNMENT|[4]|accountId|"0017F00000DPb63QAD"
08:17:40.0 (7391415)|STATEMENT_EXECUTE|[4]
08:17:40.0 (7392708)|STATEMENT_EXECUTE|[5]
08:17:40.0 (7395179)|HEAP_ALLOCATE|[5]|Bytes:116
08:17:40.0 (7408379)|HEAP_ALLOCATE|[5]|Bytes:4
08:17:40.0 (7421560)|HEAP_ALLOCATE|[5]|Bytes:7
08:17:40.0 (7467487)|HEAP_ALLOCATE|[50]|Bytes:5
08:17:40.0 (7491450)|HEAP_ALLOCATE|[56]|Bytes:5
08:17:40.0 (7498106)|HEAP_ALLOCATE|[64]|Bytes:7
08:17:40.0 (8228177)|SOQL_EXECUTE_BEGIN|[5]|Aggregations:0|SELECT FirstName, LastName, Phone, Email, Birthdate, AccountId, Account.Name FROM Contact WHERE AccountId = :tmpVar1
08:17:40.0 (12276337)|SOQL_EXECUTE_END|[5]|Rows:1
08:17:40.0 (12298064)|HEAP_ALLOCATE|[5]|Bytes:8
08:17:40.0 (12324031)|HEAP_ALLOCATE|[5]|Bytes:219
08:17:40.0 (12413515)|HEAP_ALLOCATE|[5]|Bytes:8
08:17:40.0 (12426560)|VARIABLE_SCOPE_BEGIN|[5]|contacts|List<Contact>|true|false
08:17:40.0 (12477594)|VARIABLE_ASSIGNMENT|[5]|contacts|[{"FirstName":"Edna","LastName":"Frank","Phone":"(650) 867-3450","Email":"efrank@genepoint.com","Birthdate":"1939-11-04T00:00:00.000Z","AccountId":"0017F00000DPb63QAD","Id":"0037F000007hqfzQAA","Account":{"Name":"GenePoint","Id":"0017F00000DPb63QAD"}}]|0x22aeb069
08:17:40.0 (12488022)|STATEMENT_EXECUTE|[10]
08:17:40.0 (12497272)|SYSTEM_MODE_EXIT|false
08:17:40.12 (12527591)|CUMULATIVE_LIMIT_USAGE
08:17:40.12 (12527591)|LIMIT_USAGE_FOR_NS|(default)|
  Number of SOQL queries: 1 out of 100
  Number of query rows: 1 out of 50000
  Number of SOSL queries: 0 out of 20
  Number of DML statements: 0 out of 150
  Number of DML rows: 0 out of 10000
  Maximum CPU time: 0 out of 10000
  Maximum heap size: 0 out of 6000000
  Number of callouts: 0 out of 100
  Number of Email Invocations: 0 out of 10
  Number of future calls: 0 out of 50
  Number of queueable jobs added to the queue: 0 out of 50
  Number of Mobile Apex push calls: 0 out of 10

08:17:40.12 (12527591)|CUMULATIVE_LIMIT_USAGE_END

08:17:40.0 (12562139)|CODE_UNIT_FINISHED|accountsWithContactsClass.getAllContacts
08:17:40.0 (12633418)|CODE_UNIT_FINISHED|Aura
08:17:40.0 (13582548)|EXECUTION_FINISHED
