40.0 APEX_CODE,FINEST;APEX_PROFILING,INFO;CALLOUT,INFO;DB,INFO;SYSTEM,DEBUG;VALIDATION,INFO;VISUALFORCE,INFO;WAVE,INFO;WORKFLOW,INFO
08:12:11.0 (74961)|USER_INFO|[EXTERNAL]|0057F000000SZkg|test-d_masalsky@twistellar.com|Pacific Standard Time|GMT-07:00
08:12:11.0 (113965)|EXECUTION_STARTED
08:12:11.0 (118606)|CODE_UNIT_STARTED|[EXTERNAL]|Aura
08:12:11.0 (5935449)|HEAP_ALLOCATE|[72]|Bytes:3
08:12:11.0 (5968848)|HEAP_ALLOCATE|[77]|Bytes:152
08:12:11.0 (5984397)|HEAP_ALLOCATE|[342]|Bytes:408
08:12:11.0 (5996068)|HEAP_ALLOCATE|[355]|Bytes:408
08:12:11.0 (6006824)|HEAP_ALLOCATE|[467]|Bytes:48
08:12:11.0 (6030174)|HEAP_ALLOCATE|[139]|Bytes:6
08:12:11.0 (6725407)|CODE_UNIT_STARTED|[EXTERNAL]|01p7F000008cBuq|accountsWithContactsClass.fetchLookUpValues
08:12:11.0 (6817054)|HEAP_ALLOCATE|[EXTERNAL]|Bytes:10
08:12:11.0 (6830591)|METHOD_ENTRY|[1]|01p7F000008cBuq|accountsWithContactsClass.accountsWithContactsClass()
08:12:11.0 (6837629)|STATEMENT_EXECUTE|[1]
08:12:11.0 (6842830)|STATEMENT_EXECUTE|[1]
08:12:11.0 (6846820)|METHOD_EXIT|[1]|accountsWithContactsClass
08:12:11.0 (6858980)|SYSTEM_MODE_ENTER|false
08:12:11.0 (6866646)|VARIABLE_SCOPE_BEGIN|[20]|searchKeyWord|String|false|false
08:12:11.0 (6890483)|VARIABLE_ASSIGNMENT|[20]|searchKeyWord|""
08:12:11.0 (6900780)|STATEMENT_EXECUTE|[20]
08:12:11.0 (6902090)|STATEMENT_EXECUTE|[21]
08:12:11.0 (6904851)|HEAP_ALLOCATE|[21]|Bytes:1
08:12:11.0 (6917757)|HEAP_ALLOCATE|[21]|Bytes:1
08:12:11.0 (6923824)|VARIABLE_SCOPE_BEGIN|[21]|searchKey|String|false|false
08:12:11.0 (6933667)|VARIABLE_ASSIGNMENT|[21]|searchKey|"%"
08:12:11.0 (6937811)|STATEMENT_EXECUTE|[22]
08:12:11.0 (6999630)|HEAP_ALLOCATE|[22]|Bytes:4
08:12:11.0 (7067823)|VARIABLE_SCOPE_BEGIN|[22]|returnList|List<Account>|true|false
08:12:11.0 (7080922)|HEAP_ALLOCATE|[EXTERNAL]|Bytes:4
08:12:11.0 (7092031)|VARIABLE_ASSIGNMENT|[22]|returnList|[]|0x1cf01dad
08:12:11.0 (7096973)|STATEMENT_EXECUTE|[23]
08:12:11.0 (7099545)|HEAP_ALLOCATE|[23]|Bytes:89
08:12:11.0 (7103693)|VARIABLE_SCOPE_BEGIN|[23]|sQuery|String|false|false
08:12:11.0 (7114744)|VARIABLE_ASSIGNMENT|[23]|sQuery|"SELECT Id, Name FROM (69 more) ..."
08:12:11.0 (7118303)|STATEMENT_EXECUTE|[24]
08:12:11.0 (7150111)|HEAP_ALLOCATE|[50]|Bytes:5
08:12:11.0 (7172571)|HEAP_ALLOCATE|[56]|Bytes:5
08:12:11.0 (7178908)|HEAP_ALLOCATE|[64]|Bytes:7
08:12:11.0 (7664748)|SOQL_EXECUTE_BEGIN|[24]|Aggregations:0|SELECT Id, Name FROM Account WHERE Name LIKE: searchKey ORDER BY CreatedDate DESC LIMIT 5
08:12:11.0 (9705100)|SOQL_EXECUTE_END|[24]|Rows:5
08:12:11.0 (9724464)|HEAP_ALLOCATE|[24]|Bytes:24
08:12:11.0 (9746991)|HEAP_ALLOCATE|[24]|Bytes:307
08:12:11.0 (9772660)|HEAP_ALLOCATE|[24]|Bytes:24
08:12:11.0 (9786179)|VARIABLE_SCOPE_BEGIN|[24]|lstOfRecords|List<Account>|true|false
08:12:11.0 (9813695)|VARIABLE_ASSIGNMENT|[24]|lstOfRecords|[{"Id":"0017F00000DPb63QAD","Name":"GenePoint"},{"Id":"0017F00000DPb61QAD","Name":"United Oil & Gas, UK"},{"Id":"0017F00000DPb62QAD","Name":"United Oil & Gas, Si (7 more) ..."},{"Id":"0017F00000DPb5tQAD","Name":"Express Logistics an (11 more) ..."},{"Id":"0017F00000DPb5uQAD","Name":"Burlington Textiles  (15 more) ..."}]|0x33ae223c
08:12:11.0 (9975142)|HEAP_ALLOCATE|[25]|Bytes:5
08:12:11.0 (10012457)|HEAP_ALLOCATE|[25]|Bytes:12
08:12:11.0 (10023510)|VARIABLE_SCOPE_BEGIN|[25]|obj|Account|true|false
08:12:11.0 (10041038)|VARIABLE_ASSIGNMENT|[25]|obj|{"Id":"0017F00000DPb63QAD","Name":"GenePoint"}|0x1ded6182
08:12:11.0 (10048405)|STATEMENT_EXECUTE|[25]
08:12:11.0 (10049756)|STATEMENT_EXECUTE|[26]
08:12:11.0 (10076788)|HEAP_ALLOCATE|[EXTERNAL]|Bytes:4
08:12:11.0 (10090140)|HEAP_ALLOCATE|[25]|Bytes:5
08:12:11.0 (10104389)|HEAP_ALLOCATE|[25]|Bytes:12
08:12:11.0 (10109702)|VARIABLE_SCOPE_BEGIN|[25]|obj|Account|true|false
08:12:11.0 (10120527)|VARIABLE_ASSIGNMENT|[25]|obj|{"Id":"0017F00000DPb61QAD","Name":"United Oil & Gas, UK"}|0x12d5dc2a
08:12:11.0 (10126091)|STATEMENT_EXECUTE|[25]
08:12:11.0 (10127289)|STATEMENT_EXECUTE|[26]
08:12:11.0 (10132521)|HEAP_ALLOCATE|[EXTERNAL]|Bytes:4
08:12:11.0 (10140446)|HEAP_ALLOCATE|[25]|Bytes:5
08:12:11.0 (10150538)|HEAP_ALLOCATE|[25]|Bytes:12
08:12:11.0 (10154706)|VARIABLE_SCOPE_BEGIN|[25]|obj|Account|true|false
08:12:11.0 (10164093)|VARIABLE_ASSIGNMENT|[25]|obj|{"Id":"0017F00000DPb62QAD","Name":"United Oil & Gas, Si (7 more) ..."}|0x81d60de
08:12:11.0 (10169117)|STATEMENT_EXECUTE|[25]
08:12:11.0 (10169970)|STATEMENT_EXECUTE|[26]
08:12:11.0 (10173486)|HEAP_ALLOCATE|[EXTERNAL]|Bytes:4
08:12:11.0 (10180544)|HEAP_ALLOCATE|[25]|Bytes:5
08:12:11.0 (10189035)|HEAP_ALLOCATE|[25]|Bytes:12
08:12:11.0 (10193569)|VARIABLE_SCOPE_BEGIN|[25]|obj|Account|true|false
08:12:11.0 (10202716)|VARIABLE_ASSIGNMENT|[25]|obj|{"Id":"0017F00000DPb5tQAD","Name":"Express Logistics an (11 more) ..."}|0x36243ddd
08:12:11.0 (10207436)|STATEMENT_EXECUTE|[25]
08:12:11.0 (10208258)|STATEMENT_EXECUTE|[26]
08:12:11.0 (10211508)|HEAP_ALLOCATE|[EXTERNAL]|Bytes:4
08:12:11.0 (10218236)|HEAP_ALLOCATE|[25]|Bytes:5
08:12:11.0 (10226948)|HEAP_ALLOCATE|[25]|Bytes:12
08:12:11.0 (10230890)|VARIABLE_SCOPE_BEGIN|[25]|obj|Account|true|false
08:12:11.0 (10240143)|VARIABLE_ASSIGNMENT|[25]|obj|{"Id":"0017F00000DPb5uQAD","Name":"Burlington Textiles  (15 more) ..."}|0x40b3abea
08:12:11.0 (10244298)|STATEMENT_EXECUTE|[25]
08:12:11.0 (10245583)|STATEMENT_EXECUTE|[26]
08:12:11.0 (10248852)|HEAP_ALLOCATE|[EXTERNAL]|Bytes:4
08:12:11.0 (10255459)|HEAP_ALLOCATE|[25]|Bytes:5
08:12:11.0 (10263306)|VARIABLE_ASSIGNMENT|[25]|obj|null|
08:12:11.0 (10267886)|STATEMENT_EXECUTE|[28]
08:12:11.0 (10273000)|SYSTEM_MODE_EXIT|false
08:12:11.10 (10298790)|CUMULATIVE_LIMIT_USAGE
08:12:11.10 (10298790)|LIMIT_USAGE_FOR_NS|(default)|
  Number of SOQL queries: 1 out of 100
  Number of query rows: 5 out of 50000
  Number of SOSL queries: 0 out of 20
  Number of DML statements: 0 out of 150
  Number of DML rows: 0 out of 10000
  Maximum CPU time: 0 out of 10000
  Maximum heap size: 0 out of 6000000
  Number of callouts: 0 out of 100
  Number of Email Invocations: 0 out of 10
  Number of future calls: 0 out of 50
  Number of queueable jobs added to the queue: 0 out of 50
  Number of Mobile Apex push calls: 0 out of 10

08:12:11.10 (10298790)|CUMULATIVE_LIMIT_USAGE_END

08:12:11.0 (10328923)|CODE_UNIT_FINISHED|accountsWithContactsClass.fetchLookUpValues
08:12:11.0 (10393167)|CODE_UNIT_FINISHED|Aura
08:12:11.0 (11574970)|EXECUTION_FINISHED
