40.0 APEX_CODE,FINEST;APEX_PROFILING,INFO;CALLOUT,INFO;DB,INFO;SYSTEM,DEBUG;VALIDATION,INFO;VISUALFORCE,INFO;WAVE,INFO;WORKFLOW,INFO
07:42:11.0 (74639)|USER_INFO|[EXTERNAL]|0057F000000SZkg|test-d_masalsky@twistellar.com|Pacific Standard Time|GMT-07:00
07:42:11.0 (114835)|EXECUTION_STARTED
07:42:11.0 (118319)|CODE_UNIT_STARTED|[EXTERNAL]|Aura
07:42:11.0 (6011616)|HEAP_ALLOCATE|[72]|Bytes:3
07:42:11.0 (6050653)|HEAP_ALLOCATE|[77]|Bytes:152
07:42:11.0 (6065362)|HEAP_ALLOCATE|[342]|Bytes:408
07:42:11.0 (6078296)|HEAP_ALLOCATE|[355]|Bytes:408
07:42:11.0 (6088218)|HEAP_ALLOCATE|[467]|Bytes:48
07:42:11.0 (6112682)|HEAP_ALLOCATE|[139]|Bytes:6
07:42:11.0 (6128950)|HEAP_ALLOCATE|[EXTERNAL]|Bytes:4
07:42:11.0 (6139879)|HEAP_ALLOCATE|[EXTERNAL]|Bytes:4
07:42:11.0 (6774063)|CODE_UNIT_STARTED|[EXTERNAL]|01p7F000008cBuq|accountsWithContactsClass.fetchLookUpValues
07:42:11.0 (6877328)|HEAP_ALLOCATE|[EXTERNAL]|Bytes:10
07:42:11.0 (6891457)|METHOD_ENTRY|[1]|01p7F000008cBuq|accountsWithContactsClass.accountsWithContactsClass()
07:42:11.0 (6898060)|STATEMENT_EXECUTE|[1]
07:42:11.0 (6903634)|STATEMENT_EXECUTE|[1]
07:42:11.0 (6909200)|METHOD_EXIT|[1]|accountsWithContactsClass
07:42:11.0 (6914550)|HEAP_ALLOCATE|[EXTERNAL]|Bytes:4
07:42:11.0 (6924075)|SYSTEM_MODE_ENTER|false
07:42:11.0 (6931183)|VARIABLE_SCOPE_BEGIN|[20]|searchKeyWord|String|false|false
07:42:11.0 (6954394)|VARIABLE_ASSIGNMENT|[20]|searchKeyWord|"sdfs"
07:42:11.0 (6966351)|STATEMENT_EXECUTE|[20]
07:42:11.0 (6967693)|STATEMENT_EXECUTE|[21]
07:42:11.0 (6970369)|HEAP_ALLOCATE|[21]|Bytes:1
07:42:11.0 (6984026)|HEAP_ALLOCATE|[21]|Bytes:5
07:42:11.0 (6989969)|VARIABLE_SCOPE_BEGIN|[21]|searchKey|String|false|false
07:42:11.0 (7000104)|VARIABLE_ASSIGNMENT|[21]|searchKey|"sdfs%"
07:42:11.0 (7005254)|STATEMENT_EXECUTE|[22]
07:42:11.0 (7068636)|HEAP_ALLOCATE|[22]|Bytes:4
07:42:11.0 (7144714)|VARIABLE_SCOPE_BEGIN|[22]|returnList|List<Account>|true|false
07:42:11.0 (7157446)|HEAP_ALLOCATE|[EXTERNAL]|Bytes:4
07:42:11.0 (7168227)|VARIABLE_ASSIGNMENT|[22]|returnList|[]|0x62499bc8
07:42:11.0 (7173279)|STATEMENT_EXECUTE|[23]
07:42:11.0 (7175598)|HEAP_ALLOCATE|[23]|Bytes:89
07:42:11.0 (7180372)|VARIABLE_SCOPE_BEGIN|[23]|sQuery|String|false|false
07:42:11.0 (7191651)|VARIABLE_ASSIGNMENT|[23]|sQuery|"SELECT Id, Name FROM (69 more) ..."
07:42:11.0 (7195665)|STATEMENT_EXECUTE|[24]
07:42:11.0 (7230087)|HEAP_ALLOCATE|[50]|Bytes:5
07:42:11.0 (7252732)|HEAP_ALLOCATE|[56]|Bytes:5
07:42:11.0 (7259727)|HEAP_ALLOCATE|[64]|Bytes:7
07:42:11.0 (7756637)|SOQL_EXECUTE_BEGIN|[24]|Aggregations:0|SELECT Id, Name FROM Account WHERE Name LIKE: searchKey ORDER BY CreatedDate DESC LIMIT 5
07:42:11.0 (11886144)|SOQL_EXECUTE_END|[24]|Rows:0
07:42:11.0 (11907477)|HEAP_ALLOCATE|[24]|Bytes:4
07:42:11.0 (11917685)|HEAP_ALLOCATE|[24]|Bytes:0
07:42:11.0 (11944844)|HEAP_ALLOCATE|[24]|Bytes:4
07:42:11.0 (11959966)|VARIABLE_SCOPE_BEGIN|[24]|lstOfRecords|List<Account>|true|false
07:42:11.0 (11975736)|VARIABLE_ASSIGNMENT|[24]|lstOfRecords|[]|0x7b0e320a
07:42:11.0 (12132978)|HEAP_ALLOCATE|[25]|Bytes:5
07:42:11.0 (12162286)|VARIABLE_ASSIGNMENT|[25]|obj|null|
07:42:11.0 (12168140)|STATEMENT_EXECUTE|[25]
07:42:11.0 (12169385)|STATEMENT_EXECUTE|[28]
07:42:11.0 (12175251)|SYSTEM_MODE_EXIT|false
07:42:11.12 (12220845)|CUMULATIVE_LIMIT_USAGE
07:42:11.12 (12220845)|LIMIT_USAGE_FOR_NS|(default)|
  Number of SOQL queries: 1 out of 100
  Number of query rows: 0 out of 50000
  Number of SOSL queries: 0 out of 20
  Number of DML statements: 0 out of 150
  Number of DML rows: 0 out of 10000
  Maximum CPU time: 0 out of 10000
  Maximum heap size: 0 out of 6000000
  Number of callouts: 0 out of 100
  Number of Email Invocations: 0 out of 10
  Number of future calls: 0 out of 50
  Number of queueable jobs added to the queue: 0 out of 50
  Number of Mobile Apex push calls: 0 out of 10

07:42:11.12 (12220845)|CUMULATIVE_LIMIT_USAGE_END

07:42:11.0 (12259670)|CODE_UNIT_FINISHED|accountsWithContactsClass.fetchLookUpValues
07:42:11.0 (12312784)|CODE_UNIT_FINISHED|Aura
07:42:11.0 (13290107)|EXECUTION_FINISHED
