40.0 APEX_CODE,FINEST;APEX_PROFILING,INFO;CALLOUT,INFO;DB,INFO;SYSTEM,DEBUG;VALIDATION,INFO;VISUALFORCE,INFO;WAVE,INFO;WORKFLOW,INFO
06:01:45.0 (404185)|USER_INFO|[EXTERNAL]|0057F000000SZkg|test-d_masalsky@twistellar.com|Pacific Standard Time|GMT-07:00
06:01:45.0 (459857)|EXECUTION_STARTED
06:01:45.0 (468770)|CODE_UNIT_STARTED|[EXTERNAL]|0667F000003H5tO|VF: /apex/ShowNews
06:01:45.0 (2506522)|SYSTEM_MODE_ENTER|true
06:01:45.0 (2932973)|HEAP_ALLOCATE|[72]|Bytes:3
06:01:45.0 (2979895)|HEAP_ALLOCATE|[77]|Bytes:152
06:01:45.0 (3005821)|HEAP_ALLOCATE|[342]|Bytes:408
06:01:45.0 (3032293)|HEAP_ALLOCATE|[355]|Bytes:408
06:01:45.0 (3055221)|HEAP_ALLOCATE|[467]|Bytes:48
06:01:45.0 (3096481)|HEAP_ALLOCATE|[139]|Bytes:6
06:01:45.0 (3123226)|HEAP_ALLOCATE|[EXTERNAL]|Bytes:124
06:01:45.0 (3154229)|HEAP_ALLOCATE|[EXTERNAL]|Bytes:24
06:01:45.0 (3189965)|METHOD_ENTRY|[1]|01p7F000009Lmcm|JsonController.JsonController()
06:01:45.0 (3201003)|STATEMENT_EXECUTE|[1]
06:01:45.0 (3207190)|STATEMENT_EXECUTE|[1]
06:01:45.0 (3215731)|METHOD_EXIT|[1]|JsonController
06:01:45.0 (3255214)|HEAP_ALLOCATE|[EXTERNAL]|Bytes:28
06:01:45.0 (3394123)|VARIABLE_SCOPE_BEGIN|[11]|this|JsonController|true|false
06:01:45.0 (4103697)|VARIABLE_ASSIGNMENT|[11]|this|{}|0x22907591
06:01:45.0 (4121959)|STATEMENT_EXECUTE|[1]
06:01:45.0 (4123808)|STATEMENT_EXECUTE|[3]
06:01:45.0 (4132575)|HEAP_ALLOCATE|[3]|Bytes:4
06:01:45.0 (4249435)|HEAP_ALLOCATE|[EXTERNAL]|Bytes:4
06:01:45.0 (4436087)|VARIABLE_ASSIGNMENT|[3]|this.resultEntries|[]|0x22907591
06:01:45.0 (4449904)|STATEMENT_EXECUTE|[4]
06:01:45.0 (4452729)|STATEMENT_EXECUTE|[5]
06:01:45.0 (4454322)|STATEMENT_EXECUTE|[7]
06:01:45.0 (4463455)|HEAP_ALLOCATE|[7]|Bytes:4
06:01:45.0 (4480436)|VARIABLE_ASSIGNMENT|[7]|this.counter|0|0x22907591
06:01:45.0 (4488903)|STATEMENT_EXECUTE|[8]
06:01:45.0 (4492472)|HEAP_ALLOCATE|[8]|Bytes:4
06:01:45.0 (4501680)|VARIABLE_ASSIGNMENT|[8]|this.limitSize|10|0x22907591
06:01:45.0 (4507945)|STATEMENT_EXECUTE|[9]
06:01:45.0 (4510734)|HEAP_ALLOCATE|[9]|Bytes:4
06:01:45.0 (4520681)|VARIABLE_ASSIGNMENT|[9]|this.totalSize|0|0x22907591
06:01:45.0 (4535753)|HEAP_ALLOCATE|[9]|Bytes:6
06:01:45.0 (4607652)|STATEMENT_EXECUTE|[11]
06:01:45.0 (4610928)|STATEMENT_EXECUTE|[12]
06:01:45.0 (4615872)|HEAP_ALLOCATE|[12]|Bytes:4
06:01:45.0 (4725505)|VARIABLE_ASSIGNMENT|[EXTERNAL]|this|{"counter":0,"limitSize":10,"resultEntries":"0x22598b4c","totalSize":0}|0x22907591
06:01:45.0 (4739615)|HEAP_ALLOCATE|[EXTERNAL]|Bytes:4
06:01:45.0 (4747984)|VARIABLE_ASSIGNMENT|[EXTERNAL]|value|[]|0x1004978
06:01:45.0 (4759613)|VARIABLE_ASSIGNMENT|[4]|this.blogEntriesToShow|[]|0x22907591
06:01:45.0 (4769851)|STATEMENT_EXECUTE|[13]
06:01:45.0 (4773646)|HEAP_ALLOCATE|[13]|Bytes:24
06:01:45.0 (4786804)|HEAP_ALLOCATE|[13]|Bytes:4
06:01:45.0 (4809831)|HEAP_ALLOCATE|[50]|Bytes:5
06:01:45.0 (4831000)|HEAP_ALLOCATE|[56]|Bytes:5
06:01:45.0 (4843327)|HEAP_ALLOCATE|[64]|Bytes:7
06:01:45.0 (5084179)|SOQL_EXECUTE_BEGIN|[13]|Aggregations:0|SELECT Name FROM Account
06:01:45.0 (9319761)|SOQL_EXECUTE_END|[13]|Rows:11
06:01:45.0 (9362528)|HEAP_ALLOCATE|[13]|Bytes:48
06:01:45.0 (9404838)|HEAP_ALLOCATE|[13]|Bytes:640
06:01:45.0 (9449650)|HEAP_ALLOCATE|[13]|Bytes:48
06:01:45.0 (9559014)|VARIABLE_ASSIGNMENT|[EXTERNAL]|this|{"blogEntriesToShow":"0x1004978","counter":0,"limitSize":10,"resultEntries":"0x22598b4c","totalSize":0}|0x22907591
06:01:45.0 (9590291)|VARIABLE_ASSIGNMENT|[EXTERNAL]|value|"List of size 11 too large to display"|0x1eadff15
06:01:45.0 (9612043)|VARIABLE_ASSIGNMENT|[5]|this.accountsToShow|"List of size 11 too large to display"|0x22907591
06:01:45.0 (9628544)|STATEMENT_EXECUTE|[16]
06:01:45.0 (9634920)|HEAP_ALLOCATE|[16]|Bytes:111
06:01:45.0 (9648535)|HEAP_ALLOCATE|[16]|Bytes:4
06:01:45.0 (10035258)|SOQL_EXECUTE_BEGIN|[16]|Aggregations:0|SELECT title__c, link__c, published__c, description__c FROM BlogEntry__c ORDER BY published__c DESC NULLS FIRST
06:01:45.0 (38079425)|SOQL_EXECUTE_END|[16]|Rows:42
06:01:45.0 (38149961)|HEAP_ALLOCATE|[16]|Bytes:172
06:01:45.0 (38246554)|HEAP_ALLOCATE|[16]|Bytes:26465
06:01:45.0 (38310705)|HEAP_ALLOCATE|[16]|Bytes:172
06:01:45.0 (38392791)|VARIABLE_ASSIGNMENT|[16]|this.resultEntries|"List of size 42 too large to display"|0x22907591
06:01:45.0 (38406227)|STATEMENT_EXECUTE|[19]
06:01:45.0 (38491860)|HEAP_ALLOCATE|[19]|Bytes:4
06:01:45.0 (38509447)|VARIABLE_ASSIGNMENT|[19]|this.totalSize|42|0x22907591
06:01:45.0 (38531754)|STATEMENT_EXECUTE|[20]
06:01:45.0 (38537294)|STATEMENT_EXECUTE|[21]
06:01:45.0 (38544861)|VARIABLE_SCOPE_BEGIN|[21]|i|Integer|false|false
06:01:45.0 (38559699)|HEAP_ALLOCATE|[21]|Bytes:4
06:01:45.0 (38593653)|VARIABLE_ASSIGNMENT|[21]|i|0
06:01:45.0 (38605575)|STATEMENT_EXECUTE|[21]
06:01:45.0 (38607761)|STATEMENT_EXECUTE|[22]
06:01:45.0 (38757525)|VARIABLE_ASSIGNMENT|[EXTERNAL]|this|{"accountsToShow":"0x1eadff15","blogEntriesToShow":"0x1004978","counter":0,"limitSize":10,"resultEntries":"0x3912a4ec","totalSize":42}|0x22907591
06:01:45.0 (38863567)|HEAP_ALLOCATE|[22]|Bytes:24
06:01:45.0 (38910654)|HEAP_ALLOCATE|[EXTERNAL]|Bytes:4
06:01:45.0 (38927074)|HEAP_ALLOCATE|[21]|Bytes:4
06:01:45.0 (38939288)|VARIABLE_ASSIGNMENT|[21]|i|1
06:01:45.0 (38949623)|STATEMENT_EXECUTE|[21]
06:01:45.0 (38952024)|STATEMENT_EXECUTE|[22]
06:01:45.0 (39031500)|VARIABLE_ASSIGNMENT|[EXTERNAL]|this|{"accountsToShow":"0x1eadff15","blogEntriesToShow":"0x1004978","counter":0,"limitSize":10,"resultEntries":"0x3912a4ec","totalSize":42}|0x22907591
06:01:45.0 (39071406)|HEAP_ALLOCATE|[22]|Bytes:24
06:01:45.0 (39088629)|HEAP_ALLOCATE|[EXTERNAL]|Bytes:4
06:01:45.0 (39097795)|HEAP_ALLOCATE|[21]|Bytes:4
06:01:45.0 (39108000)|VARIABLE_ASSIGNMENT|[21]|i|2
06:01:45.0 (39116739)|STATEMENT_EXECUTE|[21]
06:01:45.0 (39119138)|STATEMENT_EXECUTE|[22]
06:01:45.0 (39158507)|VARIABLE_ASSIGNMENT|[EXTERNAL]|this|{"accountsToShow":"0x1eadff15","blogEntriesToShow":"0x1004978","counter":0,"limitSize":10,"resultEntries":"0x3912a4ec","totalSize":42}|0x22907591
06:01:45.0 (39190674)|HEAP_ALLOCATE|[22]|Bytes:24
06:01:45.0 (39205994)|HEAP_ALLOCATE|[EXTERNAL]|Bytes:4
06:01:45.0 (39214692)|HEAP_ALLOCATE|[21]|Bytes:4
06:01:45.0 (39224528)|VARIABLE_ASSIGNMENT|[21]|i|3
06:01:45.0 (39232701)|STATEMENT_EXECUTE|[21]
06:01:45.0 (39235057)|STATEMENT_EXECUTE|[22]
06:01:45.0 (39413239)|VARIABLE_ASSIGNMENT|[EXTERNAL]|this|{"accountsToShow":"0x1eadff15","blogEntriesToShow":"0x1004978","counter":0,"limitSize":10,"resultEntries":"0x3912a4ec","totalSize":42}|0x22907591
06:01:45.0 (39448941)|HEAP_ALLOCATE|[22]|Bytes:24
06:01:45.0 (39463977)|HEAP_ALLOCATE|[EXTERNAL]|Bytes:4
06:01:45.0 (39471936)|HEAP_ALLOCATE|[21]|Bytes:4
06:01:45.0 (39482230)|VARIABLE_ASSIGNMENT|[21]|i|4
06:01:45.0 (39490298)|STATEMENT_EXECUTE|[21]
06:01:45.0 (39492474)|STATEMENT_EXECUTE|[22]
06:01:45.0 (39530396)|VARIABLE_ASSIGNMENT|[EXTERNAL]|this|{"accountsToShow":"0x1eadff15","blogEntriesToShow":"0x1004978","counter":0,"limitSize":10,"resultEntries":"0x3912a4ec","totalSize":42}|0x22907591
06:01:45.0 (39561655)|HEAP_ALLOCATE|[22]|Bytes:24
06:01:45.0 (39577211)|HEAP_ALLOCATE|[EXTERNAL]|Bytes:4
06:01:45.0 (39586096)|HEAP_ALLOCATE|[21]|Bytes:4
06:01:45.0 (39595962)|VARIABLE_ASSIGNMENT|[21]|i|5
06:01:45.0 (39604911)|STATEMENT_EXECUTE|[21]
06:01:45.0 (39606943)|STATEMENT_EXECUTE|[22]
06:01:45.0 (39649359)|VARIABLE_ASSIGNMENT|[EXTERNAL]|this|{"accountsToShow":"0x1eadff15","blogEntriesToShow":"0x1004978","counter":0,"limitSize":10,"resultEntries":"0x3912a4ec","totalSize":42}|0x22907591
06:01:45.0 (39680858)|HEAP_ALLOCATE|[22]|Bytes:24
06:01:45.0 (39695286)|HEAP_ALLOCATE|[EXTERNAL]|Bytes:4
06:01:45.0 (39703053)|HEAP_ALLOCATE|[21]|Bytes:4
06:01:45.0 (39712528)|VARIABLE_ASSIGNMENT|[21]|i|6
06:01:45.0 (39721233)|STATEMENT_EXECUTE|[21]
06:01:45.0 (39723486)|STATEMENT_EXECUTE|[22]
06:01:45.0 (39759304)|VARIABLE_ASSIGNMENT|[EXTERNAL]|this|{"accountsToShow":"0x1eadff15","blogEntriesToShow":"0x1004978","counter":0,"limitSize":10,"resultEntries":"0x3912a4ec","totalSize":42}|0x22907591
06:01:45.0 (39791954)|HEAP_ALLOCATE|[22]|Bytes:24
06:01:45.0 (39806953)|HEAP_ALLOCATE|[EXTERNAL]|Bytes:4
06:01:45.0 (39814572)|HEAP_ALLOCATE|[21]|Bytes:4
06:01:45.0 (39823680)|VARIABLE_ASSIGNMENT|[21]|i|7
06:01:45.0 (39831277)|STATEMENT_EXECUTE|[21]
06:01:45.0 (39833398)|STATEMENT_EXECUTE|[22]
06:01:45.0 (39874612)|VARIABLE_ASSIGNMENT|[EXTERNAL]|this|{"accountsToShow":"0x1eadff15","blogEntriesToShow":"0x1004978","counter":0,"limitSize":10,"resultEntries":"0x3912a4ec","totalSize":42}|0x22907591
06:01:45.0 (39904417)|HEAP_ALLOCATE|[22]|Bytes:24
06:01:45.0 (39918211)|HEAP_ALLOCATE|[EXTERNAL]|Bytes:4
06:01:45.0 (39926107)|HEAP_ALLOCATE|[21]|Bytes:4
06:01:45.0 (39935039)|VARIABLE_ASSIGNMENT|[21]|i|8
06:01:45.0 (39943528)|STATEMENT_EXECUTE|[21]
06:01:45.0 (39945693)|STATEMENT_EXECUTE|[22]
06:01:45.0 (39981432)|VARIABLE_ASSIGNMENT|[EXTERNAL]|this|{"accountsToShow":"0x1eadff15","blogEntriesToShow":"0x1004978","counter":0,"limitSize":10,"resultEntries":"0x3912a4ec","totalSize":42}|0x22907591
06:01:45.0 (40009448)|HEAP_ALLOCATE|[22]|Bytes:24
06:01:45.0 (40019893)|HEAP_ALLOCATE|[EXTERNAL]|Bytes:4
06:01:45.0 (40025311)|HEAP_ALLOCATE|[21]|Bytes:4
06:01:45.0 (40031771)|VARIABLE_ASSIGNMENT|[21]|i|9
06:01:45.0 (40037609)|STATEMENT_EXECUTE|[21]
06:01:45.0 (40038868)|STATEMENT_EXECUTE|[22]
06:01:45.0 (40063317)|VARIABLE_ASSIGNMENT|[EXTERNAL]|this|{"accountsToShow":"0x1eadff15","blogEntriesToShow":"0x1004978","counter":0,"limitSize":10,"resultEntries":"0x3912a4ec","totalSize":42}|0x22907591
06:01:45.0 (40081972)|HEAP_ALLOCATE|[22]|Bytes:24
06:01:45.0 (40095260)|HEAP_ALLOCATE|[EXTERNAL]|Bytes:4
06:01:45.0 (40103582)|HEAP_ALLOCATE|[21]|Bytes:4
06:01:45.0 (40112809)|VARIABLE_ASSIGNMENT|[21]|i|10
06:01:45.0 (40261662)|SYSTEM_MODE_ENTER|true
06:01:45.0 (42368893)|SYSTEM_MODE_ENTER|true
06:01:45.0 (44697798)|SYSTEM_MODE_ENTER|true
06:01:45.0 (44788115)|HEAP_ALLOCATE|[EXTERNAL]|Bytes:28
06:01:45.0 (44834520)|VARIABLE_SCOPE_BEGIN|[88]|this|JsonController|true|false
06:01:45.0 (44879266)|VARIABLE_ASSIGNMENT|[88]|this|{"accountsToShow":"0x1eadff15","blogEntriesToShow":"0x1004978","counter":0,"limitSize":10,"resultEntries":"0x3912a4ec","totalSize":42}|0x22907591
06:01:45.0 (44908526)|STATEMENT_EXECUTE|[88]
06:01:45.0 (44916590)|STATEMENT_EXECUTE|[90]
06:01:45.0 (44942254)|HEAP_ALLOCATE|[90]|Bytes:5
06:01:45.0 (45228705)|SYSTEM_MODE_ENTER|true
06:01:45.0 (45271056)|HEAP_ALLOCATE|[EXTERNAL]|Bytes:28
06:01:45.0 (45315991)|VARIABLE_SCOPE_BEGIN|[81]|this|JsonController|true|false
06:01:45.0 (45367266)|VARIABLE_ASSIGNMENT|[81]|this|{"accountsToShow":"0x1eadff15","blogEntriesToShow":"0x1004978","counter":0,"limitSize":10,"resultEntries":"0x3912a4ec","totalSize":42}|0x22907591
06:01:45.0 (45383609)|STATEMENT_EXECUTE|[81]
06:01:45.0 (45391033)|STATEMENT_EXECUTE|[85]
06:01:45.0 (45396168)|HEAP_ALLOCATE|[85]|Bytes:5
06:01:45.0 (64568286)|VF_SERIALIZE_VIEWSTATE_BEGIN|0667F000003H5tO
06:01:45.0 (86081830)|VF_SERIALIZE_VIEWSTATE_END
06:01:45.0 (174288975)|CODE_UNIT_STARTED|[EXTERNAL]|Generate Metadata
06:01:45.0 (187624308)|CODE_UNIT_FINISHED|Generate Metadata
06:01:45.192 (192990171)|CUMULATIVE_LIMIT_USAGE
06:01:45.192 (192990171)|LIMIT_USAGE_FOR_NS|(default)|
  Number of SOQL queries: 2 out of 100
  Number of query rows: 53 out of 50000
  Number of SOSL queries: 0 out of 20
  Number of DML statements: 0 out of 150
  Number of DML rows: 0 out of 10000
  Maximum CPU time: 0 out of 10000
  Maximum heap size: 0 out of 6000000
  Number of callouts: 0 out of 100
  Number of Email Invocations: 0 out of 10
  Number of future calls: 0 out of 50
  Number of queueable jobs added to the queue: 0 out of 50
  Number of Mobile Apex push calls: 0 out of 10

06:01:45.192 (192990171)|CUMULATIVE_LIMIT_USAGE_END

06:01:45.0 (193079284)|CODE_UNIT_FINISHED|VF: /apex/ShowNews
06:01:45.0 (193849241)|EXECUTION_FINISHED
