40.0 APEX_CODE,FINEST;APEX_PROFILING,INFO;CALLOUT,INFO;DB,INFO;SYSTEM,DEBUG;VALIDATION,INFO;VISUALFORCE,INFO;WAVE,INFO;WORKFLOW,INFO
08:07:43.0 (71537)|USER_INFO|[EXTERNAL]|0057F000000SZkg|test-d_masalsky@twistellar.com|Pacific Standard Time|GMT-07:00
08:07:43.0 (113583)|EXECUTION_STARTED
08:07:43.0 (118333)|CODE_UNIT_STARTED|[EXTERNAL]|Aura
08:07:43.0 (5756697)|HEAP_ALLOCATE|[72]|Bytes:3
08:07:43.0 (5797085)|HEAP_ALLOCATE|[77]|Bytes:152
08:07:43.0 (5812960)|HEAP_ALLOCATE|[342]|Bytes:408
08:07:43.0 (5826188)|HEAP_ALLOCATE|[355]|Bytes:408
08:07:43.0 (5836131)|HEAP_ALLOCATE|[467]|Bytes:48
08:07:43.0 (5860372)|HEAP_ALLOCATE|[139]|Bytes:6
08:07:43.0 (5877467)|HEAP_ALLOCATE|[EXTERNAL]|Bytes:1
08:07:43.0 (5887969)|HEAP_ALLOCATE|[EXTERNAL]|Bytes:1
08:07:43.0 (6575651)|CODE_UNIT_STARTED|[EXTERNAL]|01p7F000008cBuq|accountsWithContactsClass.fetchLookUpValues
08:07:43.0 (6678850)|HEAP_ALLOCATE|[EXTERNAL]|Bytes:10
08:07:43.0 (6694135)|METHOD_ENTRY|[1]|01p7F000008cBuq|accountsWithContactsClass.accountsWithContactsClass()
08:07:43.0 (6700589)|STATEMENT_EXECUTE|[1]
08:07:43.0 (6706141)|STATEMENT_EXECUTE|[1]
08:07:43.0 (6709525)|METHOD_EXIT|[1]|accountsWithContactsClass
08:07:43.0 (6715113)|HEAP_ALLOCATE|[EXTERNAL]|Bytes:1
08:07:43.0 (6725695)|SYSTEM_MODE_ENTER|false
08:07:43.0 (6732881)|VARIABLE_SCOPE_BEGIN|[20]|searchKeyWord|String|false|false
08:07:43.0 (6755398)|VARIABLE_ASSIGNMENT|[20]|searchKeyWord|"h"
08:07:43.0 (6766215)|STATEMENT_EXECUTE|[20]
08:07:43.0 (6767612)|STATEMENT_EXECUTE|[21]
08:07:43.0 (6770933)|HEAP_ALLOCATE|[21]|Bytes:1
08:07:43.0 (6785547)|HEAP_ALLOCATE|[21]|Bytes:2
08:07:43.0 (6791549)|VARIABLE_SCOPE_BEGIN|[21]|searchKey|String|false|false
08:07:43.0 (6801881)|VARIABLE_ASSIGNMENT|[21]|searchKey|"h%"
08:07:43.0 (6806424)|STATEMENT_EXECUTE|[22]
08:07:43.0 (6871123)|HEAP_ALLOCATE|[22]|Bytes:4
08:07:43.0 (6934656)|VARIABLE_SCOPE_BEGIN|[22]|returnList|List<Account>|true|false
08:07:43.0 (6947237)|HEAP_ALLOCATE|[EXTERNAL]|Bytes:4
08:07:43.0 (6957931)|VARIABLE_ASSIGNMENT|[22]|returnList|[]|0x56578807
08:07:43.0 (6963014)|STATEMENT_EXECUTE|[23]
08:07:43.0 (6965533)|HEAP_ALLOCATE|[23]|Bytes:89
08:07:43.0 (6969814)|VARIABLE_SCOPE_BEGIN|[23]|sQuery|String|false|false
08:07:43.0 (6980498)|VARIABLE_ASSIGNMENT|[23]|sQuery|"SELECT Id, Name FROM (69 more) ..."
08:07:43.0 (6984205)|STATEMENT_EXECUTE|[24]
08:07:43.0 (7022215)|HEAP_ALLOCATE|[50]|Bytes:5
08:07:43.0 (7045768)|HEAP_ALLOCATE|[56]|Bytes:5
08:07:43.0 (7052557)|HEAP_ALLOCATE|[64]|Bytes:7
08:07:43.0 (7508883)|SOQL_EXECUTE_BEGIN|[24]|Aggregations:0|SELECT Id, Name FROM Account WHERE Name LIKE: searchKey ORDER BY CreatedDate DESC LIMIT 5
08:07:43.0 (12082319)|SOQL_EXECUTE_END|[24]|Rows:0
08:07:43.0 (12103004)|HEAP_ALLOCATE|[24]|Bytes:4
08:07:43.0 (12112379)|HEAP_ALLOCATE|[24]|Bytes:0
08:07:43.0 (12136516)|HEAP_ALLOCATE|[24]|Bytes:4
08:07:43.0 (12151089)|VARIABLE_SCOPE_BEGIN|[24]|lstOfRecords|List<Account>|true|false
08:07:43.0 (12163986)|VARIABLE_ASSIGNMENT|[24]|lstOfRecords|[]|0x5031ddc4
08:07:43.0 (12318770)|HEAP_ALLOCATE|[25]|Bytes:5
08:07:43.0 (12347536)|VARIABLE_ASSIGNMENT|[25]|obj|null|
08:07:43.0 (12354126)|STATEMENT_EXECUTE|[25]
08:07:43.0 (12355397)|STATEMENT_EXECUTE|[28]
08:07:43.0 (12360408)|SYSTEM_MODE_EXIT|false
08:07:43.12 (12391109)|CUMULATIVE_LIMIT_USAGE
08:07:43.12 (12391109)|LIMIT_USAGE_FOR_NS|(default)|
  Number of SOQL queries: 1 out of 100
  Number of query rows: 0 out of 50000
  Number of SOSL queries: 0 out of 20
  Number of DML statements: 0 out of 150
  Number of DML rows: 0 out of 10000
  Maximum CPU time: 0 out of 10000
  Maximum heap size: 0 out of 6000000
  Number of callouts: 0 out of 100
  Number of Email Invocations: 0 out of 10
  Number of future calls: 0 out of 50
  Number of queueable jobs added to the queue: 0 out of 50
  Number of Mobile Apex push calls: 0 out of 10

08:07:43.12 (12391109)|CUMULATIVE_LIMIT_USAGE_END

08:07:43.0 (12429776)|CODE_UNIT_FINISHED|accountsWithContactsClass.fetchLookUpValues
08:07:43.0 (12479175)|CODE_UNIT_FINISHED|Aura
08:07:43.0 (13846500)|EXECUTION_FINISHED
