40.0 APEX_CODE,FINEST;APEX_PROFILING,INFO;CALLOUT,INFO;DB,INFO;SYSTEM,DEBUG;VALIDATION,INFO;VISUALFORCE,INFO;WAVE,INFO;WORKFLOW,INFO
07:14:00.0 (336619)|USER_INFO|[EXTERNAL]|0057F000000SZkg|test-d_masalsky@twistellar.com|Pacific Standard Time|GMT-07:00
07:14:00.0 (381932)|EXECUTION_STARTED
07:14:00.0 (385568)|CODE_UNIT_STARTED|[EXTERNAL]|01p7F000008eP5o|13setDiscountsStatusScheduler
07:14:00.0 (11253832)|HEAP_ALLOCATE|[72]|Bytes:3
07:14:00.0 (11311459)|HEAP_ALLOCATE|[77]|Bytes:152
07:14:00.0 (11333177)|HEAP_ALLOCATE|[342]|Bytes:408
07:14:00.0 (11351362)|HEAP_ALLOCATE|[355]|Bytes:408
07:14:00.0 (11368309)|HEAP_ALLOCATE|[467]|Bytes:48
07:14:00.0 (11408660)|HEAP_ALLOCATE|[139]|Bytes:6
07:14:00.0 (11427638)|HEAP_ALLOCATE|[EXTERNAL]|Bytes:3
07:14:00.0 (11495578)|SYSTEM_METHOD_ENTRY|[1]|SchedulableContextImpl.SchedulableContextImpl()
07:14:00.0 (11521736)|STATEMENT_EXECUTE|[1]
07:14:00.0 (11578164)|SYSTEM_METHOD_EXIT|[1]|SchedulableContextImpl
07:14:00.0 (11591151)|HEAP_ALLOCATE|[EXTERNAL]|Bytes:8
07:14:00.0 (11597908)|HEAP_ALLOCATE|[EXTERNAL]|Bytes:4
07:14:00.0 (11684627)|VARIABLE_SCOPE_BEGIN|[4]|this|System.SchedulableContextImpl|true|false
07:14:00.0 (11781255)|VARIABLE_ASSIGNMENT|[4]|this|{}|0x78462780
07:14:00.0 (11789087)|VARIABLE_SCOPE_BEGIN|[4]|triggerId|Id|false|false
07:14:00.0 (11861713)|VARIABLE_ASSIGNMENT|[4]|triggerId|"08e7F000005BCevQAG"
07:14:00.0 (12317969)|HEAP_ALLOCATE|[EXTERNAL]|Bytes:1
07:14:00.0 (12335612)|METHOD_ENTRY|[1]|01p7F000008eP5o|checkDiscountsStatusScheduler.checkDiscountsStatusScheduler()
07:14:00.0 (12341910)|STATEMENT_EXECUTE|[1]
07:14:00.0 (12345322)|STATEMENT_EXECUTE|[1]
07:14:00.0 (12349467)|METHOD_EXIT|[1]|checkDiscountsStatusScheduler
07:14:00.0 (12359417)|HEAP_ALLOCATE|[EXTERNAL]|Bytes:4
07:14:00.0 (12362752)|HEAP_ALLOCATE|[EXTERNAL]|Bytes:8
07:14:00.0 (12367465)|VARIABLE_SCOPE_BEGIN|[3]|this|checkDiscountsStatusScheduler|true|false
07:14:00.0 (12383053)|VARIABLE_ASSIGNMENT|[3]|this|{}|0x4538dda6
07:14:00.0 (12388423)|VARIABLE_SCOPE_BEGIN|[3]|ctx|System.SchedulableContext|true|false
07:14:00.0 (12439531)|VARIABLE_ASSIGNMENT|[3]|ctx|{"triggerId":"08e7F000005BCevQAG"}|0x78462780
07:14:00.0 (12449739)|STATEMENT_EXECUTE|[3]
07:14:00.0 (12450945)|STATEMENT_EXECUTE|[4]
07:14:00.0 (15890179)|HEAP_ALLOCATE|[4]|Bytes:82
07:14:00.0 (15903719)|HEAP_ALLOCATE|[4]|Bytes:22
07:14:00.0 (15909619)|HEAP_ALLOCATE|[4]|Bytes:7
07:14:00.0 (15933028)|METHOD_ENTRY|[1]|01p7F000008eSte|RSS.RSS()
07:14:00.0 (15942483)|STATEMENT_EXECUTE|[1]
07:14:00.0 (15946859)|STATEMENT_EXECUTE|[1]
07:14:00.0 (15953920)|METHOD_EXIT|[1]|RSS
07:14:00.0 (15971906)|HEAP_ALLOCATE|[4]|Bytes:4
07:14:00.0 (16000285)|CONSTRUCTOR_ENTRY|[4]|01p7F000008eSte|<init>()
07:14:00.0 (16040033)|VARIABLE_SCOPE_BEGIN|[1]|this|RSS|true|false
07:14:00.0 (16067390)|VARIABLE_ASSIGNMENT|[1]|this|{}|0x3c9148d8
07:14:00.0 (16094317)|STATEMENT_EXECUTE|[1]
07:14:00.0 (16106364)|CONSTRUCTOR_EXIT|[4]|01p7F000008eSte|<init>()
07:14:00.0 (16115630)|VARIABLE_SCOPE_BEGIN|[4]|myBatch|RSS|true|false
07:14:00.0 (16133587)|VARIABLE_ASSIGNMENT|[4]|myBatch|{}|0x3c9148d8
07:14:00.0 (16141083)|STATEMENT_EXECUTE|[5]
07:14:00.0 (16175662)|HEAP_ALLOCATE|[50]|Bytes:5
07:14:00.0 (16193835)|HEAP_ALLOCATE|[56]|Bytes:5
07:14:00.0 (16201762)|HEAP_ALLOCATE|[64]|Bytes:7
07:14:00.38 (38945891)|CUMULATIVE_LIMIT_USAGE
07:14:00.38 (38945891)|LIMIT_USAGE_FOR_NS|(default)|
  Number of SOQL queries: 0 out of 100
  Number of query rows: 0 out of 50000
  Number of SOSL queries: 0 out of 20
  Number of DML statements: 0 out of 150
  Number of DML rows: 0 out of 10000
  Maximum CPU time: 0 out of 10000
  Maximum heap size: 0 out of 6000000
  Number of callouts: 0 out of 100
  Number of Email Invocations: 0 out of 10
  Number of future calls: 0 out of 50
  Number of queueable jobs added to the queue: 0 out of 50
  Number of Mobile Apex push calls: 0 out of 10

07:14:00.38 (38945891)|CUMULATIVE_LIMIT_USAGE_END

07:14:00.0 (39001366)|CODE_UNIT_FINISHED|13setDiscountsStatusScheduler
07:14:00.0 (39726229)|EXECUTION_FINISHED
