40.0 APEX_CODE,FINEST;APEX_PROFILING,INFO;CALLOUT,INFO;DB,INFO;SYSTEM,DEBUG;VALIDATION,INFO;VISUALFORCE,INFO;WAVE,INFO;WORKFLOW,INFO
08:07:02.0 (74286)|USER_INFO|[EXTERNAL]|0057F000000SZkg|test-d_masalsky@twistellar.com|Pacific Standard Time|GMT-07:00
08:07:02.0 (113345)|EXECUTION_STARTED
08:07:02.0 (117904)|CODE_UNIT_STARTED|[EXTERNAL]|Aura
08:07:02.0 (6521518)|HEAP_ALLOCATE|[72]|Bytes:3
08:07:02.0 (6561511)|HEAP_ALLOCATE|[77]|Bytes:152
08:07:02.0 (6577350)|HEAP_ALLOCATE|[342]|Bytes:408
08:07:02.0 (6589885)|HEAP_ALLOCATE|[355]|Bytes:408
08:07:02.0 (6599928)|HEAP_ALLOCATE|[467]|Bytes:48
08:07:02.0 (6627828)|HEAP_ALLOCATE|[139]|Bytes:6
08:07:02.0 (6641217)|HEAP_ALLOCATE|[EXTERNAL]|Bytes:18
08:07:02.0 (6658822)|HEAP_ALLOCATE|[EXTERNAL]|Bytes:4
08:07:02.0 (7391245)|CODE_UNIT_STARTED|[EXTERNAL]|01p7F000008cBuq|accountsWithContactsClass.getAllContacts
08:07:02.0 (7501031)|HEAP_ALLOCATE|[EXTERNAL]|Bytes:10
08:07:02.0 (7515598)|METHOD_ENTRY|[1]|01p7F000008cBuq|accountsWithContactsClass.accountsWithContactsClass()
08:07:02.0 (7521195)|STATEMENT_EXECUTE|[1]
08:07:02.0 (7527527)|STATEMENT_EXECUTE|[1]
08:07:02.0 (7531291)|METHOD_EXIT|[1]|accountsWithContactsClass
08:07:02.0 (7536978)|HEAP_ALLOCATE|[EXTERNAL]|Bytes:4
08:07:02.0 (7548769)|SYSTEM_MODE_ENTER|false
08:07:02.0 (7556098)|VARIABLE_SCOPE_BEGIN|[4]|accountId|Id|false|false
08:07:02.0 (7734129)|VARIABLE_ASSIGNMENT|[4]|accountId|"0017F00000DPb63QAD"
08:07:02.0 (7747878)|STATEMENT_EXECUTE|[4]
08:07:02.0 (7749251)|STATEMENT_EXECUTE|[5]
08:07:02.0 (7752262)|HEAP_ALLOCATE|[5]|Bytes:116
08:07:02.0 (7765045)|HEAP_ALLOCATE|[5]|Bytes:4
08:07:02.0 (7778162)|HEAP_ALLOCATE|[5]|Bytes:7
08:07:02.0 (7841856)|HEAP_ALLOCATE|[50]|Bytes:5
08:07:02.0 (7873007)|HEAP_ALLOCATE|[56]|Bytes:5
08:07:02.0 (7881097)|HEAP_ALLOCATE|[64]|Bytes:7
08:07:02.0 (8678837)|SOQL_EXECUTE_BEGIN|[5]|Aggregations:0|SELECT FirstName, LastName, Phone, Email, Birthdate, AccountId, Account.Name FROM Contact WHERE AccountId = :tmpVar1
08:07:02.0 (14224450)|SOQL_EXECUTE_END|[5]|Rows:1
08:07:02.0 (14244125)|HEAP_ALLOCATE|[5]|Bytes:8
08:07:02.0 (14264751)|HEAP_ALLOCATE|[5]|Bytes:219
08:07:02.0 (14332613)|HEAP_ALLOCATE|[5]|Bytes:8
08:07:02.0 (14345195)|VARIABLE_SCOPE_BEGIN|[5]|contacts|List<Contact>|true|false
08:07:02.0 (14395595)|VARIABLE_ASSIGNMENT|[5]|contacts|[{"FirstName":"Edna","LastName":"Frank","Phone":"(650) 867-3450","Email":"efrank@genepoint.com","Birthdate":"1939-11-04T00:00:00.000Z","AccountId":"0017F00000DPb63QAD","Id":"0037F000007hqfzQAA","Account":{"Name":"GenePoint","Id":"0017F00000DPb63QAD"}}]|0x2c9bf4a9
08:07:02.0 (14406296)|STATEMENT_EXECUTE|[10]
08:07:02.0 (14414652)|SYSTEM_MODE_EXIT|false
08:07:02.14 (14463470)|CUMULATIVE_LIMIT_USAGE
08:07:02.14 (14463470)|LIMIT_USAGE_FOR_NS|(default)|
  Number of SOQL queries: 1 out of 100
  Number of query rows: 1 out of 50000
  Number of SOSL queries: 0 out of 20
  Number of DML statements: 0 out of 150
  Number of DML rows: 0 out of 10000
  Maximum CPU time: 0 out of 10000
  Maximum heap size: 0 out of 6000000
  Number of callouts: 0 out of 100
  Number of Email Invocations: 0 out of 10
  Number of future calls: 0 out of 50
  Number of queueable jobs added to the queue: 0 out of 50
  Number of Mobile Apex push calls: 0 out of 10

08:07:02.14 (14463470)|CUMULATIVE_LIMIT_USAGE_END

08:07:02.0 (14510158)|CODE_UNIT_FINISHED|accountsWithContactsClass.getAllContacts
08:07:02.0 (14589227)|CODE_UNIT_FINISHED|Aura
08:07:02.0 (15882555)|EXECUTION_FINISHED
