40.0 APEX_CODE,FINEST;APEX_PROFILING,INFO;CALLOUT,INFO;DB,INFO;SYSTEM,DEBUG;VALIDATION,INFO;VISUALFORCE,INFO;WAVE,INFO;WORKFLOW,INFO
08:24:02.0 (104409)|USER_INFO|[EXTERNAL]|0057F000000SZkg|test-d_masalsky@twistellar.com|Pacific Standard Time|GMT-07:00
08:24:02.0 (144649)|EXECUTION_STARTED
08:24:02.0 (149140)|CODE_UNIT_STARTED|[EXTERNAL]|Aura
08:24:02.0 (7822443)|HEAP_ALLOCATE|[72]|Bytes:3
08:24:02.0 (7862935)|HEAP_ALLOCATE|[77]|Bytes:152
08:24:02.0 (7879824)|HEAP_ALLOCATE|[342]|Bytes:408
08:24:02.0 (7891408)|HEAP_ALLOCATE|[355]|Bytes:408
08:24:02.0 (7901843)|HEAP_ALLOCATE|[467]|Bytes:48
08:24:02.0 (7927306)|HEAP_ALLOCATE|[139]|Bytes:6
08:24:02.0 (7943998)|HEAP_ALLOCATE|[EXTERNAL]|Bytes:1
08:24:02.0 (7955865)|HEAP_ALLOCATE|[EXTERNAL]|Bytes:1
08:24:02.0 (8678608)|CODE_UNIT_STARTED|[EXTERNAL]|01p7F000008cBuq|accountsWithContactsClass.fetchLookUpValues
08:24:02.0 (8804124)|HEAP_ALLOCATE|[EXTERNAL]|Bytes:10
08:24:02.0 (8825015)|METHOD_ENTRY|[1]|01p7F000008cBuq|accountsWithContactsClass.accountsWithContactsClass()
08:24:02.0 (8834241)|STATEMENT_EXECUTE|[1]
08:24:02.0 (8840266)|STATEMENT_EXECUTE|[1]
08:24:02.0 (8844265)|METHOD_EXIT|[1]|accountsWithContactsClass
08:24:02.0 (8850379)|HEAP_ALLOCATE|[EXTERNAL]|Bytes:1
08:24:02.0 (8861849)|SYSTEM_MODE_ENTER|false
08:24:02.0 (8868517)|VARIABLE_SCOPE_BEGIN|[20]|searchKeyWord|String|false|false
08:24:02.0 (8892019)|VARIABLE_ASSIGNMENT|[20]|searchKeyWord|"b"
08:24:02.0 (8902562)|STATEMENT_EXECUTE|[20]
08:24:02.0 (8904034)|STATEMENT_EXECUTE|[21]
08:24:02.0 (8907191)|HEAP_ALLOCATE|[21]|Bytes:1
08:24:02.0 (8936331)|HEAP_ALLOCATE|[21]|Bytes:2
08:24:02.0 (8946570)|VARIABLE_SCOPE_BEGIN|[21]|searchKey|String|false|false
08:24:02.0 (8962583)|VARIABLE_ASSIGNMENT|[21]|searchKey|"b%"
08:24:02.0 (8969471)|STATEMENT_EXECUTE|[22]
08:24:02.0 (9042229)|HEAP_ALLOCATE|[22]|Bytes:4
08:24:02.0 (9138631)|VARIABLE_SCOPE_BEGIN|[22]|returnList|List<Account>|true|false
08:24:02.0 (9159200)|HEAP_ALLOCATE|[EXTERNAL]|Bytes:4
08:24:02.0 (9170747)|VARIABLE_ASSIGNMENT|[22]|returnList|[]|0x6eda7a2a
08:24:02.0 (9176430)|STATEMENT_EXECUTE|[23]
08:24:02.0 (9179004)|HEAP_ALLOCATE|[23]|Bytes:89
08:24:02.0 (9183944)|VARIABLE_SCOPE_BEGIN|[23]|sQuery|String|false|false
08:24:02.0 (9194529)|VARIABLE_ASSIGNMENT|[23]|sQuery|"SELECT Id, Name FROM (69 more) ..."
08:24:02.0 (9198048)|STATEMENT_EXECUTE|[24]
08:24:02.0 (9253752)|HEAP_ALLOCATE|[50]|Bytes:5
08:24:02.0 (9278338)|HEAP_ALLOCATE|[56]|Bytes:5
08:24:02.0 (9285057)|HEAP_ALLOCATE|[64]|Bytes:7
08:24:02.0 (9877343)|SOQL_EXECUTE_BEGIN|[24]|Aggregations:0|SELECT Id, Name FROM Account WHERE Name LIKE: searchKey ORDER BY CreatedDate DESC LIMIT 5
08:24:02.0 (14500865)|SOQL_EXECUTE_END|[24]|Rows:1
08:24:02.0 (14527763)|HEAP_ALLOCATE|[24]|Bytes:8
08:24:02.0 (14549322)|HEAP_ALLOCATE|[24]|Bytes:72
08:24:02.0 (14583123)|HEAP_ALLOCATE|[24]|Bytes:8
08:24:02.0 (14601293)|VARIABLE_SCOPE_BEGIN|[24]|lstOfRecords|List<Account>|true|false
08:24:02.0 (14625012)|VARIABLE_ASSIGNMENT|[24]|lstOfRecords|[{"Id":"0017F00000DPb5uQAD","Name":"Burlington Textiles  (15 more) ..."}]|0x4fb6f54f
08:24:02.0 (14777011)|HEAP_ALLOCATE|[25]|Bytes:5
08:24:02.0 (14814272)|HEAP_ALLOCATE|[25]|Bytes:12
08:24:02.0 (14823925)|VARIABLE_SCOPE_BEGIN|[25]|obj|Account|true|false
08:24:02.0 (14839313)|VARIABLE_ASSIGNMENT|[25]|obj|{"Id":"0017F00000DPb5uQAD","Name":"Burlington Textiles  (15 more) ..."}|0x3f56c4c9
08:24:02.0 (14845935)|STATEMENT_EXECUTE|[25]
08:24:02.0 (14847347)|STATEMENT_EXECUTE|[26]
08:24:02.0 (14874590)|HEAP_ALLOCATE|[EXTERNAL]|Bytes:4
08:24:02.0 (14887539)|HEAP_ALLOCATE|[25]|Bytes:5
08:24:02.0 (14898271)|VARIABLE_ASSIGNMENT|[25]|obj|null|
08:24:02.0 (14902829)|STATEMENT_EXECUTE|[28]
08:24:02.0 (14909510)|SYSTEM_MODE_EXIT|false
08:24:02.14 (14935059)|CUMULATIVE_LIMIT_USAGE
08:24:02.14 (14935059)|LIMIT_USAGE_FOR_NS|(default)|
  Number of SOQL queries: 1 out of 100
  Number of query rows: 1 out of 50000
  Number of SOSL queries: 0 out of 20
  Number of DML statements: 0 out of 150
  Number of DML rows: 0 out of 10000
  Maximum CPU time: 0 out of 10000
  Maximum heap size: 0 out of 6000000
  Number of callouts: 0 out of 100
  Number of Email Invocations: 0 out of 10
  Number of future calls: 0 out of 50
  Number of queueable jobs added to the queue: 0 out of 50
  Number of Mobile Apex push calls: 0 out of 10

08:24:02.14 (14935059)|CUMULATIVE_LIMIT_USAGE_END

08:24:02.0 (14969115)|CODE_UNIT_FINISHED|accountsWithContactsClass.fetchLookUpValues
08:24:02.0 (15028568)|CODE_UNIT_FINISHED|Aura
08:24:02.0 (16179163)|EXECUTION_FINISHED
