40.0 APEX_CODE,FINEST;APEX_PROFILING,INFO;CALLOUT,INFO;DB,INFO;SYSTEM,DEBUG;VALIDATION,INFO;VISUALFORCE,INFO;WAVE,INFO;WORKFLOW,INFO
07:42:07.0 (83900)|USER_INFO|[EXTERNAL]|0057F000000SZkg|test-d_masalsky@twistellar.com|Pacific Standard Time|GMT-07:00
07:42:07.0 (129888)|EXECUTION_STARTED
07:42:07.0 (134565)|CODE_UNIT_STARTED|[EXTERNAL]|Aura
07:42:07.0 (6446984)|HEAP_ALLOCATE|[72]|Bytes:3
07:42:07.0 (6494237)|HEAP_ALLOCATE|[77]|Bytes:152
07:42:07.0 (6511903)|HEAP_ALLOCATE|[342]|Bytes:408
07:42:07.0 (6523939)|HEAP_ALLOCATE|[355]|Bytes:408
07:42:07.0 (6534629)|HEAP_ALLOCATE|[467]|Bytes:48
07:42:07.0 (6562525)|HEAP_ALLOCATE|[139]|Bytes:6
07:42:07.0 (6579574)|HEAP_ALLOCATE|[EXTERNAL]|Bytes:1
07:42:07.0 (6591792)|HEAP_ALLOCATE|[EXTERNAL]|Bytes:1
07:42:07.0 (7284724)|CODE_UNIT_STARTED|[EXTERNAL]|01p7F000008cBuq|accountsWithContactsClass.fetchLookUpValues
07:42:07.0 (7405792)|HEAP_ALLOCATE|[EXTERNAL]|Bytes:10
07:42:07.0 (7420992)|METHOD_ENTRY|[1]|01p7F000008cBuq|accountsWithContactsClass.accountsWithContactsClass()
07:42:07.0 (7429781)|STATEMENT_EXECUTE|[1]
07:42:07.0 (7435521)|STATEMENT_EXECUTE|[1]
07:42:07.0 (7442270)|METHOD_EXIT|[1]|accountsWithContactsClass
07:42:07.0 (7447337)|HEAP_ALLOCATE|[EXTERNAL]|Bytes:1
07:42:07.0 (7458952)|SYSTEM_MODE_ENTER|false
07:42:07.0 (7466496)|VARIABLE_SCOPE_BEGIN|[20]|searchKeyWord|String|false|false
07:42:07.0 (7492704)|VARIABLE_ASSIGNMENT|[20]|searchKeyWord|"\\"
07:42:07.0 (7504537)|STATEMENT_EXECUTE|[20]
07:42:07.0 (7505959)|STATEMENT_EXECUTE|[21]
07:42:07.0 (7508567)|HEAP_ALLOCATE|[21]|Bytes:1
07:42:07.0 (7522474)|HEAP_ALLOCATE|[21]|Bytes:2
07:42:07.0 (7528560)|VARIABLE_SCOPE_BEGIN|[21]|searchKey|String|false|false
07:42:07.0 (7538945)|VARIABLE_ASSIGNMENT|[21]|searchKey|"\\%"
07:42:07.0 (7543616)|STATEMENT_EXECUTE|[22]
07:42:07.0 (7613630)|HEAP_ALLOCATE|[22]|Bytes:4
07:42:07.0 (7686038)|VARIABLE_SCOPE_BEGIN|[22]|returnList|List<Account>|true|false
07:42:07.0 (7699199)|HEAP_ALLOCATE|[EXTERNAL]|Bytes:4
07:42:07.0 (7710599)|VARIABLE_ASSIGNMENT|[22]|returnList|[]|0x142ad782
07:42:07.0 (7715530)|STATEMENT_EXECUTE|[23]
07:42:07.0 (7718115)|HEAP_ALLOCATE|[23]|Bytes:89
07:42:07.0 (7722534)|VARIABLE_SCOPE_BEGIN|[23]|sQuery|String|false|false
07:42:07.0 (7733007)|VARIABLE_ASSIGNMENT|[23]|sQuery|"SELECT Id, Name FROM (69 more) ..."
07:42:07.0 (7736655)|STATEMENT_EXECUTE|[24]
07:42:07.0 (7772846)|HEAP_ALLOCATE|[50]|Bytes:5
07:42:07.0 (7797397)|HEAP_ALLOCATE|[56]|Bytes:5
07:42:07.0 (7804360)|HEAP_ALLOCATE|[64]|Bytes:7
07:42:07.0 (8362558)|SOQL_EXECUTE_BEGIN|[24]|Aggregations:0|SELECT Id, Name FROM Account WHERE Name LIKE: searchKey ORDER BY CreatedDate DESC LIMIT 5
07:42:07.0 (10805826)|SOQL_EXECUTE_END|[24]|Rows:0
07:42:07.0 (10829431)|HEAP_ALLOCATE|[24]|Bytes:4
07:42:07.0 (10839872)|HEAP_ALLOCATE|[24]|Bytes:0
07:42:07.0 (10870636)|HEAP_ALLOCATE|[24]|Bytes:4
07:42:07.0 (10886590)|VARIABLE_SCOPE_BEGIN|[24]|lstOfRecords|List<Account>|true|false
07:42:07.0 (10903132)|VARIABLE_ASSIGNMENT|[24]|lstOfRecords|[]|0x41daffca
07:42:07.0 (11074076)|HEAP_ALLOCATE|[25]|Bytes:5
07:42:07.0 (11105074)|VARIABLE_ASSIGNMENT|[25]|obj|null|
07:42:07.0 (11111557)|STATEMENT_EXECUTE|[25]
07:42:07.0 (11112807)|STATEMENT_EXECUTE|[28]
07:42:07.0 (11118689)|SYSTEM_MODE_EXIT|false
07:42:07.11 (11153611)|CUMULATIVE_LIMIT_USAGE
07:42:07.11 (11153611)|LIMIT_USAGE_FOR_NS|(default)|
  Number of SOQL queries: 1 out of 100
  Number of query rows: 0 out of 50000
  Number of SOSL queries: 0 out of 20
  Number of DML statements: 0 out of 150
  Number of DML rows: 0 out of 10000
  Maximum CPU time: 0 out of 10000
  Maximum heap size: 0 out of 6000000
  Number of callouts: 0 out of 100
  Number of Email Invocations: 0 out of 10
  Number of future calls: 0 out of 50
  Number of queueable jobs added to the queue: 0 out of 50
  Number of Mobile Apex push calls: 0 out of 10

07:42:07.11 (11153611)|CUMULATIVE_LIMIT_USAGE_END

07:42:07.0 (11196417)|CODE_UNIT_FINISHED|accountsWithContactsClass.fetchLookUpValues
07:42:07.0 (11255018)|CODE_UNIT_FINISHED|Aura
07:42:07.0 (12269435)|EXECUTION_FINISHED
