40.0 APEX_CODE,FINEST;APEX_PROFILING,INFO;CALLOUT,INFO;DB,INFO;SYSTEM,DEBUG;VALIDATION,INFO;VISUALFORCE,INFO;WAVE,INFO;WORKFLOW,INFO
07:38:28.0 (74198)|USER_INFO|[EXTERNAL]|0057F000000SZkg|test-d_masalsky@twistellar.com|Pacific Standard Time|GMT-07:00
07:38:28.0 (112019)|EXECUTION_STARTED
07:38:28.0 (116236)|CODE_UNIT_STARTED|[EXTERNAL]|Aura
07:38:28.0 (5771196)|HEAP_ALLOCATE|[72]|Bytes:3
07:38:28.0 (5809769)|HEAP_ALLOCATE|[77]|Bytes:152
07:38:28.0 (5825073)|HEAP_ALLOCATE|[342]|Bytes:408
07:38:28.0 (5837147)|HEAP_ALLOCATE|[355]|Bytes:408
07:38:28.0 (5846936)|HEAP_ALLOCATE|[467]|Bytes:48
07:38:28.0 (5869841)|HEAP_ALLOCATE|[139]|Bytes:6
07:38:28.0 (5886104)|HEAP_ALLOCATE|[EXTERNAL]|Bytes:5
07:38:28.0 (5896611)|HEAP_ALLOCATE|[EXTERNAL]|Bytes:5
07:38:28.0 (6591677)|CODE_UNIT_STARTED|[EXTERNAL]|01p7F000008cBuq|accountsWithContactsClass.fetchLookUpValues
07:38:28.0 (6692612)|HEAP_ALLOCATE|[EXTERNAL]|Bytes:10
07:38:28.0 (6706811)|METHOD_ENTRY|[1]|01p7F000008cBuq|accountsWithContactsClass.accountsWithContactsClass()
07:38:28.0 (6716810)|STATEMENT_EXECUTE|[1]
07:38:28.0 (6722676)|STATEMENT_EXECUTE|[1]
07:38:28.0 (6728102)|METHOD_EXIT|[1]|accountsWithContactsClass
07:38:28.0 (6733393)|HEAP_ALLOCATE|[EXTERNAL]|Bytes:5
07:38:28.0 (6744729)|SYSTEM_MODE_ENTER|false
07:38:28.0 (6751995)|VARIABLE_SCOPE_BEGIN|[20]|searchKeyWord|String|false|false
07:38:28.0 (6774850)|VARIABLE_ASSIGNMENT|[20]|searchKeyWord|"fdasd"
07:38:28.0 (6785664)|STATEMENT_EXECUTE|[20]
07:38:28.0 (6787137)|STATEMENT_EXECUTE|[21]
07:38:28.0 (6790065)|HEAP_ALLOCATE|[21]|Bytes:1
07:38:28.0 (6803219)|HEAP_ALLOCATE|[21]|Bytes:6
07:38:28.0 (6809657)|VARIABLE_SCOPE_BEGIN|[21]|searchKey|String|false|false
07:38:28.0 (6819358)|VARIABLE_ASSIGNMENT|[21]|searchKey|"fdasd%"
07:38:28.0 (6823677)|STATEMENT_EXECUTE|[22]
07:38:28.0 (6888108)|HEAP_ALLOCATE|[22]|Bytes:4
07:38:28.0 (6949369)|VARIABLE_SCOPE_BEGIN|[22]|returnList|List<Account>|true|false
07:38:28.0 (6961902)|HEAP_ALLOCATE|[EXTERNAL]|Bytes:4
07:38:28.0 (6971531)|VARIABLE_ASSIGNMENT|[22]|returnList|[]|0x5b284bd
07:38:28.0 (6976725)|STATEMENT_EXECUTE|[23]
07:38:28.0 (6978865)|HEAP_ALLOCATE|[23]|Bytes:89
07:38:28.0 (6983118)|VARIABLE_SCOPE_BEGIN|[23]|sQuery|String|false|false
07:38:28.0 (6995711)|VARIABLE_ASSIGNMENT|[23]|sQuery|"SELECT Id, Name FROM (69 more) ..."
07:38:28.0 (6999471)|STATEMENT_EXECUTE|[24]
07:38:28.0 (7032944)|HEAP_ALLOCATE|[50]|Bytes:5
07:38:28.0 (7056090)|HEAP_ALLOCATE|[56]|Bytes:5
07:38:28.0 (7063091)|HEAP_ALLOCATE|[64]|Bytes:7
07:38:28.0 (7558634)|SOQL_EXECUTE_BEGIN|[24]|Aggregations:0|SELECT Id, Name FROM Account WHERE Name LIKE: searchKey ORDER BY CreatedDate DESC LIMIT 5
07:38:28.0 (11795049)|SOQL_EXECUTE_END|[24]|Rows:0
07:38:28.0 (11816679)|HEAP_ALLOCATE|[24]|Bytes:4
07:38:28.0 (11827739)|HEAP_ALLOCATE|[24]|Bytes:0
07:38:28.0 (11855495)|HEAP_ALLOCATE|[24]|Bytes:4
07:38:28.0 (11870132)|VARIABLE_SCOPE_BEGIN|[24]|lstOfRecords|List<Account>|true|false
07:38:28.0 (11885096)|VARIABLE_ASSIGNMENT|[24]|lstOfRecords|[]|0x463a0b1d
07:38:28.0 (12040919)|HEAP_ALLOCATE|[25]|Bytes:5
07:38:28.0 (12069227)|VARIABLE_ASSIGNMENT|[25]|obj|null|
07:38:28.0 (12075114)|STATEMENT_EXECUTE|[25]
07:38:28.0 (12076329)|STATEMENT_EXECUTE|[28]
07:38:28.0 (12081422)|SYSTEM_MODE_EXIT|false
07:38:28.12 (12110555)|CUMULATIVE_LIMIT_USAGE
07:38:28.12 (12110555)|LIMIT_USAGE_FOR_NS|(default)|
  Number of SOQL queries: 1 out of 100
  Number of query rows: 0 out of 50000
  Number of SOSL queries: 0 out of 20
  Number of DML statements: 0 out of 150
  Number of DML rows: 0 out of 10000
  Maximum CPU time: 0 out of 10000
  Maximum heap size: 0 out of 6000000
  Number of callouts: 0 out of 100
  Number of Email Invocations: 0 out of 10
  Number of future calls: 0 out of 50
  Number of queueable jobs added to the queue: 0 out of 50
  Number of Mobile Apex push calls: 0 out of 10

07:38:28.12 (12110555)|CUMULATIVE_LIMIT_USAGE_END

07:38:28.0 (12147229)|CODE_UNIT_FINISHED|accountsWithContactsClass.fetchLookUpValues
07:38:28.0 (12197426)|CODE_UNIT_FINISHED|Aura
07:38:28.0 (13147371)|EXECUTION_FINISHED
