40.0 APEX_CODE,FINEST;APEX_PROFILING,INFO;CALLOUT,INFO;DB,INFO;SYSTEM,DEBUG;VALIDATION,INFO;VISUALFORCE,INFO;WAVE,INFO;WORKFLOW,INFO
07:42:13.0 (63972)|USER_INFO|[EXTERNAL]|0057F000000SZkg|test-d_masalsky@twistellar.com|Pacific Standard Time|GMT-07:00
07:42:13.0 (90883)|EXECUTION_STARTED
07:42:13.0 (94059)|CODE_UNIT_STARTED|[EXTERNAL]|Aura
07:42:13.0 (4708143)|HEAP_ALLOCATE|[72]|Bytes:3
07:42:13.0 (4731205)|HEAP_ALLOCATE|[77]|Bytes:152
07:42:13.0 (4741298)|HEAP_ALLOCATE|[342]|Bytes:408
07:42:13.0 (4752079)|HEAP_ALLOCATE|[355]|Bytes:408
07:42:13.0 (4761422)|HEAP_ALLOCATE|[467]|Bytes:48
07:42:13.0 (4782141)|HEAP_ALLOCATE|[139]|Bytes:6
07:42:13.0 (4796663)|HEAP_ALLOCATE|[EXTERNAL]|Bytes:1
07:42:13.0 (4803220)|HEAP_ALLOCATE|[EXTERNAL]|Bytes:1
07:42:13.0 (5488082)|CODE_UNIT_STARTED|[EXTERNAL]|01p7F000008cBuq|accountsWithContactsClass.fetchLookUpValues
07:42:13.0 (5563841)|HEAP_ALLOCATE|[EXTERNAL]|Bytes:10
07:42:13.0 (5575487)|METHOD_ENTRY|[1]|01p7F000008cBuq|accountsWithContactsClass.accountsWithContactsClass()
07:42:13.0 (5580573)|STATEMENT_EXECUTE|[1]
07:42:13.0 (5583853)|STATEMENT_EXECUTE|[1]
07:42:13.0 (5587943)|METHOD_EXIT|[1]|accountsWithContactsClass
07:42:13.0 (5593852)|HEAP_ALLOCATE|[EXTERNAL]|Bytes:1
07:42:13.0 (5601048)|SYSTEM_MODE_ENTER|false
07:42:13.0 (5605609)|VARIABLE_SCOPE_BEGIN|[20]|searchKeyWord|String|false|false
07:42:13.0 (5621272)|VARIABLE_ASSIGNMENT|[20]|searchKeyWord|"g"
07:42:13.0 (5629800)|STATEMENT_EXECUTE|[20]
07:42:13.0 (5631022)|STATEMENT_EXECUTE|[21]
07:42:13.0 (5633289)|HEAP_ALLOCATE|[21]|Bytes:1
07:42:13.0 (5644073)|HEAP_ALLOCATE|[21]|Bytes:2
07:42:13.0 (5649339)|VARIABLE_SCOPE_BEGIN|[21]|searchKey|String|false|false
07:42:13.0 (5659184)|VARIABLE_ASSIGNMENT|[21]|searchKey|"g%"
07:42:13.0 (5663312)|STATEMENT_EXECUTE|[22]
07:42:13.0 (5712699)|HEAP_ALLOCATE|[22]|Bytes:4
07:42:13.0 (5758352)|VARIABLE_SCOPE_BEGIN|[22]|returnList|List<Account>|true|false
07:42:13.0 (5768852)|HEAP_ALLOCATE|[EXTERNAL]|Bytes:4
07:42:13.0 (5775961)|VARIABLE_ASSIGNMENT|[22]|returnList|[]|0x2eb87f82
07:42:13.0 (5781148)|STATEMENT_EXECUTE|[23]
07:42:13.0 (5783267)|HEAP_ALLOCATE|[23]|Bytes:89
07:42:13.0 (5787817)|VARIABLE_SCOPE_BEGIN|[23]|sQuery|String|false|false
07:42:13.0 (5797111)|VARIABLE_ASSIGNMENT|[23]|sQuery|"SELECT Id, Name FROM (69 more) ..."
07:42:13.0 (5800523)|STATEMENT_EXECUTE|[24]
07:42:13.0 (5829074)|HEAP_ALLOCATE|[50]|Bytes:5
07:42:13.0 (5845968)|HEAP_ALLOCATE|[56]|Bytes:5
07:42:13.0 (5855743)|HEAP_ALLOCATE|[64]|Bytes:7
07:42:13.0 (6174412)|SOQL_EXECUTE_BEGIN|[24]|Aggregations:0|SELECT Id, Name FROM Account WHERE Name LIKE: searchKey ORDER BY CreatedDate DESC LIMIT 5
07:42:13.0 (9757811)|SOQL_EXECUTE_END|[24]|Rows:2
07:42:13.0 (9774837)|HEAP_ALLOCATE|[24]|Bytes:12
07:42:13.0 (9790927)|HEAP_ALLOCATE|[24]|Bytes:109
07:42:13.0 (9810582)|HEAP_ALLOCATE|[24]|Bytes:12
07:42:13.0 (9823320)|VARIABLE_SCOPE_BEGIN|[24]|lstOfRecords|List<Account>|true|false
07:42:13.0 (9844790)|VARIABLE_ASSIGNMENT|[24]|lstOfRecords|[{"Id":"0017F00000DPb63QAD","Name":"GenePoint"},{"Id":"0017F00000DPb5xQAD","Name":"Grand Hotels & Resor (6 more) ..."}]|0x79123d93
07:42:13.0 (9961312)|HEAP_ALLOCATE|[25]|Bytes:5
07:42:13.0 (9995703)|HEAP_ALLOCATE|[25]|Bytes:12
07:42:13.0 (10006498)|VARIABLE_SCOPE_BEGIN|[25]|obj|Account|true|false
07:42:13.0 (10021636)|VARIABLE_ASSIGNMENT|[25]|obj|{"Id":"0017F00000DPb63QAD","Name":"GenePoint"}|0x650b87a9
07:42:13.0 (10027972)|STATEMENT_EXECUTE|[25]
07:42:13.0 (10029282)|STATEMENT_EXECUTE|[26]
07:42:13.0 (10057908)|HEAP_ALLOCATE|[EXTERNAL]|Bytes:4
07:42:13.0 (10071918)|HEAP_ALLOCATE|[25]|Bytes:5
07:42:13.0 (10086263)|HEAP_ALLOCATE|[25]|Bytes:12
07:42:13.0 (10092465)|VARIABLE_SCOPE_BEGIN|[25]|obj|Account|true|false
07:42:13.0 (10104619)|VARIABLE_ASSIGNMENT|[25]|obj|{"Id":"0017F00000DPb5xQAD","Name":"Grand Hotels & Resor (6 more) ..."}|0xd9dc03e
07:42:13.0 (10110073)|STATEMENT_EXECUTE|[25]
07:42:13.0 (10111082)|STATEMENT_EXECUTE|[26]
07:42:13.0 (10116174)|HEAP_ALLOCATE|[EXTERNAL]|Bytes:4
07:42:13.0 (10124505)|HEAP_ALLOCATE|[25]|Bytes:5
07:42:13.0 (10131841)|VARIABLE_ASSIGNMENT|[25]|obj|null|
07:42:13.0 (10136043)|STATEMENT_EXECUTE|[28]
07:42:13.0 (10140199)|SYSTEM_MODE_EXIT|false
07:42:13.10 (10161512)|CUMULATIVE_LIMIT_USAGE
07:42:13.10 (10161512)|LIMIT_USAGE_FOR_NS|(default)|
  Number of SOQL queries: 1 out of 100
  Number of query rows: 2 out of 50000
  Number of SOSL queries: 0 out of 20
  Number of DML statements: 0 out of 150
  Number of DML rows: 0 out of 10000
  Maximum CPU time: 0 out of 10000
  Maximum heap size: 0 out of 6000000
  Number of callouts: 0 out of 100
  Number of Email Invocations: 0 out of 10
  Number of future calls: 0 out of 50
  Number of queueable jobs added to the queue: 0 out of 50
  Number of Mobile Apex push calls: 0 out of 10

07:42:13.10 (10161512)|CUMULATIVE_LIMIT_USAGE_END

07:42:13.0 (10186012)|CODE_UNIT_FINISHED|accountsWithContactsClass.fetchLookUpValues
07:42:13.0 (10237634)|CODE_UNIT_FINISHED|Aura
07:42:13.0 (11167563)|EXECUTION_FINISHED
