40.0 APEX_CODE,FINEST;APEX_PROFILING,INFO;CALLOUT,INFO;DB,INFO;SYSTEM,DEBUG;VALIDATION,INFO;VISUALFORCE,INFO;WAVE,INFO;WORKFLOW,INFO
08:12:58.0 (81507)|USER_INFO|[EXTERNAL]|0057F000000SZkg|test-d_masalsky@twistellar.com|Pacific Standard Time|GMT-07:00
08:12:58.0 (144079)|EXECUTION_STARTED
08:12:58.0 (149709)|CODE_UNIT_STARTED|[EXTERNAL]|Aura
08:12:58.0 (6618032)|HEAP_ALLOCATE|[72]|Bytes:3
08:12:58.0 (6657860)|HEAP_ALLOCATE|[77]|Bytes:152
08:12:58.0 (6672347)|HEAP_ALLOCATE|[342]|Bytes:408
08:12:58.0 (6683922)|HEAP_ALLOCATE|[355]|Bytes:408
08:12:58.0 (6693578)|HEAP_ALLOCATE|[467]|Bytes:48
08:12:58.0 (6718772)|HEAP_ALLOCATE|[139]|Bytes:6
08:12:58.0 (6734679)|HEAP_ALLOCATE|[EXTERNAL]|Bytes:33
08:12:58.0 (6745233)|HEAP_ALLOCATE|[EXTERNAL]|Bytes:33
08:12:58.0 (7455357)|CODE_UNIT_STARTED|[EXTERNAL]|01p7F000008cBuq|accountsWithContactsClass.fetchLookUpValues
08:12:58.0 (7607079)|HEAP_ALLOCATE|[EXTERNAL]|Bytes:10
08:12:58.0 (7627041)|METHOD_ENTRY|[1]|01p7F000008cBuq|accountsWithContactsClass.accountsWithContactsClass()
08:12:58.0 (7637219)|STATEMENT_EXECUTE|[1]
08:12:58.0 (7644480)|STATEMENT_EXECUTE|[1]
08:12:58.0 (7649115)|METHOD_EXIT|[1]|accountsWithContactsClass
08:12:58.0 (7656435)|HEAP_ALLOCATE|[EXTERNAL]|Bytes:33
08:12:58.0 (7669652)|SYSTEM_MODE_ENTER|false
08:12:58.0 (7677622)|VARIABLE_SCOPE_BEGIN|[20]|searchKeyWord|String|false|false
08:12:58.0 (7704027)|VARIABLE_ASSIGNMENT|[20]|searchKeyWord|"GeExpress Logistics  (13 more) ..."
08:12:58.0 (7714389)|STATEMENT_EXECUTE|[20]
08:12:58.0 (7716017)|STATEMENT_EXECUTE|[21]
08:12:58.0 (7719033)|HEAP_ALLOCATE|[21]|Bytes:1
08:12:58.0 (7733573)|HEAP_ALLOCATE|[21]|Bytes:34
08:12:58.0 (7739276)|VARIABLE_SCOPE_BEGIN|[21]|searchKey|String|false|false
08:12:58.0 (7750354)|VARIABLE_ASSIGNMENT|[21]|searchKey|"GeExpress Logistics  (14 more) ..."
08:12:58.0 (7754846)|STATEMENT_EXECUTE|[22]
08:12:58.0 (7819070)|HEAP_ALLOCATE|[22]|Bytes:4
08:12:58.0 (7880509)|VARIABLE_SCOPE_BEGIN|[22]|returnList|List<Account>|true|false
08:12:58.0 (7892673)|HEAP_ALLOCATE|[EXTERNAL]|Bytes:4
08:12:58.0 (7903425)|VARIABLE_ASSIGNMENT|[22]|returnList|[]|0x4c75b932
08:12:58.0 (7908091)|STATEMENT_EXECUTE|[23]
08:12:58.0 (7910464)|HEAP_ALLOCATE|[23]|Bytes:89
08:12:58.0 (7914597)|VARIABLE_SCOPE_BEGIN|[23]|sQuery|String|false|false
08:12:58.0 (7924379)|VARIABLE_ASSIGNMENT|[23]|sQuery|"SELECT Id, Name FROM (69 more) ..."
08:12:58.0 (7927914)|STATEMENT_EXECUTE|[24]
08:12:58.0 (7967755)|HEAP_ALLOCATE|[50]|Bytes:5
08:12:58.0 (7991668)|HEAP_ALLOCATE|[56]|Bytes:5
08:12:58.0 (7998530)|HEAP_ALLOCATE|[64]|Bytes:7
08:12:58.0 (8492378)|SOQL_EXECUTE_BEGIN|[24]|Aggregations:0|SELECT Id, Name FROM Account WHERE Name LIKE: searchKey ORDER BY CreatedDate DESC LIMIT 5
08:12:58.0 (12844592)|SOQL_EXECUTE_END|[24]|Rows:0
08:12:58.0 (12866957)|HEAP_ALLOCATE|[24]|Bytes:4
08:12:58.0 (12877500)|HEAP_ALLOCATE|[24]|Bytes:0
08:12:58.0 (12901644)|HEAP_ALLOCATE|[24]|Bytes:4
08:12:58.0 (12916338)|VARIABLE_SCOPE_BEGIN|[24]|lstOfRecords|List<Account>|true|false
08:12:58.0 (12929676)|VARIABLE_ASSIGNMENT|[24]|lstOfRecords|[]|0x16a61720
08:12:58.0 (13083826)|HEAP_ALLOCATE|[25]|Bytes:5
08:12:58.0 (13112696)|VARIABLE_ASSIGNMENT|[25]|obj|null|
08:12:58.0 (13119036)|STATEMENT_EXECUTE|[25]
08:12:58.0 (13120326)|STATEMENT_EXECUTE|[28]
08:12:58.0 (13125349)|SYSTEM_MODE_EXIT|false
08:12:58.13 (13152572)|CUMULATIVE_LIMIT_USAGE
08:12:58.13 (13152572)|LIMIT_USAGE_FOR_NS|(default)|
  Number of SOQL queries: 1 out of 100
  Number of query rows: 0 out of 50000
  Number of SOSL queries: 0 out of 20
  Number of DML statements: 0 out of 150
  Number of DML rows: 0 out of 10000
  Maximum CPU time: 0 out of 10000
  Maximum heap size: 0 out of 6000000
  Number of callouts: 0 out of 100
  Number of Email Invocations: 0 out of 10
  Number of future calls: 0 out of 50
  Number of queueable jobs added to the queue: 0 out of 50
  Number of Mobile Apex push calls: 0 out of 10

08:12:58.13 (13152572)|CUMULATIVE_LIMIT_USAGE_END

08:12:58.0 (13302101)|CODE_UNIT_FINISHED|accountsWithContactsClass.fetchLookUpValues
08:12:58.0 (13351294)|CODE_UNIT_FINISHED|Aura
08:12:58.0 (14345819)|EXECUTION_FINISHED
