40.0 APEX_CODE,FINEST;APEX_PROFILING,INFO;CALLOUT,INFO;DB,INFO;SYSTEM,DEBUG;VALIDATION,INFO;VISUALFORCE,INFO;WAVE,INFO;WORKFLOW,INFO
07:34:36.0 (82308)|USER_INFO|[EXTERNAL]|0057F000000SZkg|test-d_masalsky@twistellar.com|Pacific Standard Time|GMT-07:00
07:34:36.0 (125821)|EXECUTION_STARTED
07:34:36.0 (130018)|CODE_UNIT_STARTED|[EXTERNAL]|Aura
07:34:36.0 (5725911)|HEAP_ALLOCATE|[72]|Bytes:3
07:34:36.0 (5762775)|HEAP_ALLOCATE|[77]|Bytes:152
07:34:36.0 (5776973)|HEAP_ALLOCATE|[342]|Bytes:408
07:34:36.0 (5790145)|HEAP_ALLOCATE|[355]|Bytes:408
07:34:36.0 (5800677)|HEAP_ALLOCATE|[467]|Bytes:48
07:34:36.0 (5825917)|HEAP_ALLOCATE|[139]|Bytes:6
07:34:36.0 (5838000)|HEAP_ALLOCATE|[EXTERNAL]|Bytes:18
07:34:36.0 (5854763)|HEAP_ALLOCATE|[EXTERNAL]|Bytes:4
07:34:36.0 (6527588)|CODE_UNIT_STARTED|[EXTERNAL]|01p7F000008cBuq|accountsWithContactsClass.getAllContacts
07:34:36.0 (6628186)|HEAP_ALLOCATE|[EXTERNAL]|Bytes:10
07:34:36.0 (6641361)|METHOD_ENTRY|[1]|01p7F000008cBuq|accountsWithContactsClass.accountsWithContactsClass()
07:34:36.0 (6647987)|STATEMENT_EXECUTE|[1]
07:34:36.0 (6653351)|STATEMENT_EXECUTE|[1]
07:34:36.0 (6658058)|METHOD_EXIT|[1]|accountsWithContactsClass
07:34:36.0 (6663508)|HEAP_ALLOCATE|[EXTERNAL]|Bytes:4
07:34:36.0 (6672575)|SYSTEM_MODE_ENTER|false
07:34:36.0 (6679359)|VARIABLE_SCOPE_BEGIN|[4]|accountId|Id|false|false
07:34:36.0 (6847514)|VARIABLE_ASSIGNMENT|[4]|accountId|"0017F00000DPb63QAD"
07:34:36.0 (6860090)|STATEMENT_EXECUTE|[4]
07:34:36.0 (6861314)|STATEMENT_EXECUTE|[5]
07:34:36.0 (6863835)|HEAP_ALLOCATE|[5]|Bytes:116
07:34:36.0 (6874926)|HEAP_ALLOCATE|[5]|Bytes:4
07:34:36.0 (6885863)|HEAP_ALLOCATE|[5]|Bytes:7
07:34:36.0 (6926950)|HEAP_ALLOCATE|[50]|Bytes:5
07:34:36.0 (6947371)|HEAP_ALLOCATE|[56]|Bytes:5
07:34:36.0 (6956777)|HEAP_ALLOCATE|[64]|Bytes:7
07:34:36.0 (7620163)|SOQL_EXECUTE_BEGIN|[5]|Aggregations:0|SELECT FirstName, LastName, Phone, Email, Birthdate, AccountId, Account.Name FROM Contact WHERE AccountId = :tmpVar1
07:34:36.0 (11283980)|SOQL_EXECUTE_END|[5]|Rows:1
07:34:36.0 (11301868)|HEAP_ALLOCATE|[5]|Bytes:8
07:34:36.0 (11320520)|HEAP_ALLOCATE|[5]|Bytes:219
07:34:36.0 (11383046)|HEAP_ALLOCATE|[5]|Bytes:8
07:34:36.0 (11394815)|VARIABLE_SCOPE_BEGIN|[5]|contacts|List<Contact>|true|false
07:34:36.0 (11442813)|VARIABLE_ASSIGNMENT|[5]|contacts|[{"FirstName":"Edna","LastName":"Frank","Phone":"(650) 867-3450","Email":"efrank@genepoint.com","Birthdate":"1939-11-04T00:00:00.000Z","AccountId":"0017F00000DPb63QAD","Id":"0037F000007hqfzQAA","Account":{"Name":"GenePoint","Id":"0017F00000DPb63QAD"}}]|0x5b9b857b
07:34:36.0 (11452728)|STATEMENT_EXECUTE|[10]
07:34:36.0 (11461135)|SYSTEM_MODE_EXIT|false
07:34:36.11 (11492300)|CUMULATIVE_LIMIT_USAGE
07:34:36.11 (11492300)|LIMIT_USAGE_FOR_NS|(default)|
  Number of SOQL queries: 1 out of 100
  Number of query rows: 1 out of 50000
  Number of SOSL queries: 0 out of 20
  Number of DML statements: 0 out of 150
  Number of DML rows: 0 out of 10000
  Maximum CPU time: 0 out of 10000
  Maximum heap size: 0 out of 6000000
  Number of callouts: 0 out of 100
  Number of Email Invocations: 0 out of 10
  Number of future calls: 0 out of 50
  Number of queueable jobs added to the queue: 0 out of 50
  Number of Mobile Apex push calls: 0 out of 10

07:34:36.11 (11492300)|CUMULATIVE_LIMIT_USAGE_END

07:34:36.0 (11529973)|CODE_UNIT_FINISHED|accountsWithContactsClass.getAllContacts
07:34:36.0 (11600343)|CODE_UNIT_FINISHED|Aura
07:34:36.0 (12562278)|EXECUTION_FINISHED
