40.0 APEX_CODE,FINEST;APEX_PROFILING,INFO;CALLOUT,INFO;DB,INFO;SYSTEM,DEBUG;VALIDATION,INFO;VISUALFORCE,INFO;WAVE,INFO;WORKFLOW,INFO
08:11:54.0 (73845)|USER_INFO|[EXTERNAL]|0057F000000SZkg|test-d_masalsky@twistellar.com|Pacific Standard Time|GMT-07:00
08:11:54.0 (117226)|EXECUTION_STARTED
08:11:54.0 (121991)|CODE_UNIT_STARTED|[EXTERNAL]|Aura
08:11:54.0 (5877811)|HEAP_ALLOCATE|[72]|Bytes:3
08:11:54.0 (5920064)|HEAP_ALLOCATE|[77]|Bytes:152
08:11:54.0 (5935752)|HEAP_ALLOCATE|[342]|Bytes:408
08:11:54.0 (5947932)|HEAP_ALLOCATE|[355]|Bytes:408
08:11:54.0 (5957498)|HEAP_ALLOCATE|[467]|Bytes:48
08:11:54.0 (5983107)|HEAP_ALLOCATE|[139]|Bytes:6
08:11:54.0 (6000788)|HEAP_ALLOCATE|[EXTERNAL]|Bytes:9
08:11:54.0 (6011925)|HEAP_ALLOCATE|[EXTERNAL]|Bytes:9
08:11:54.0 (6740587)|CODE_UNIT_STARTED|[EXTERNAL]|01p7F000008cBuq|accountsWithContactsClass.fetchLookUpValues
08:11:54.0 (6842907)|HEAP_ALLOCATE|[EXTERNAL]|Bytes:10
08:11:54.0 (6857419)|METHOD_ENTRY|[1]|01p7F000008cBuq|accountsWithContactsClass.accountsWithContactsClass()
08:11:54.0 (6862825)|STATEMENT_EXECUTE|[1]
08:11:54.0 (6868706)|STATEMENT_EXECUTE|[1]
08:11:54.0 (6872624)|METHOD_EXIT|[1]|accountsWithContactsClass
08:11:54.0 (6877593)|HEAP_ALLOCATE|[EXTERNAL]|Bytes:9
08:11:54.0 (6888078)|SYSTEM_MODE_ENTER|false
08:11:54.0 (6895792)|VARIABLE_SCOPE_BEGIN|[20]|searchKeyWord|String|false|false
08:11:54.0 (6919994)|VARIABLE_ASSIGNMENT|[20]|searchKeyWord|"GenePoint"
08:11:54.0 (6931344)|STATEMENT_EXECUTE|[20]
08:11:54.0 (6932756)|STATEMENT_EXECUTE|[21]
08:11:54.0 (6935488)|HEAP_ALLOCATE|[21]|Bytes:1
08:11:54.0 (6949378)|HEAP_ALLOCATE|[21]|Bytes:10
08:11:54.0 (6954590)|VARIABLE_SCOPE_BEGIN|[21]|searchKey|String|false|false
08:11:54.0 (6964263)|VARIABLE_ASSIGNMENT|[21]|searchKey|"GenePoint%"
08:11:54.0 (6970655)|STATEMENT_EXECUTE|[22]
08:11:54.0 (7036259)|HEAP_ALLOCATE|[22]|Bytes:4
08:11:54.0 (7098572)|VARIABLE_SCOPE_BEGIN|[22]|returnList|List<Account>|true|false
08:11:54.0 (7111371)|HEAP_ALLOCATE|[EXTERNAL]|Bytes:4
08:11:54.0 (7121552)|VARIABLE_ASSIGNMENT|[22]|returnList|[]|0x2407992b
08:11:54.0 (7126298)|STATEMENT_EXECUTE|[23]
08:11:54.0 (7129165)|HEAP_ALLOCATE|[23]|Bytes:89
08:11:54.0 (7133157)|VARIABLE_SCOPE_BEGIN|[23]|sQuery|String|false|false
08:11:54.0 (7143270)|VARIABLE_ASSIGNMENT|[23]|sQuery|"SELECT Id, Name FROM (69 more) ..."
08:11:54.0 (7146701)|STATEMENT_EXECUTE|[24]
08:11:54.0 (7182959)|HEAP_ALLOCATE|[50]|Bytes:5
08:11:54.0 (7207120)|HEAP_ALLOCATE|[56]|Bytes:5
08:11:54.0 (7213775)|HEAP_ALLOCATE|[64]|Bytes:7
08:11:54.0 (7676549)|SOQL_EXECUTE_BEGIN|[24]|Aggregations:0|SELECT Id, Name FROM Account WHERE Name LIKE: searchKey ORDER BY CreatedDate DESC LIMIT 5
08:11:54.0 (12522446)|SOQL_EXECUTE_END|[24]|Rows:1
08:11:54.0 (12543922)|HEAP_ALLOCATE|[24]|Bytes:8
08:11:54.0 (12558776)|HEAP_ALLOCATE|[24]|Bytes:46
08:11:54.0 (12583725)|HEAP_ALLOCATE|[24]|Bytes:8
08:11:54.0 (12600358)|VARIABLE_SCOPE_BEGIN|[24]|lstOfRecords|List<Account>|true|false
08:11:54.0 (12621095)|VARIABLE_ASSIGNMENT|[24]|lstOfRecords|[{"Id":"0017F00000DPb63QAD","Name":"GenePoint"}]|0x9c1652
08:11:54.0 (12797785)|HEAP_ALLOCATE|[25]|Bytes:5
08:11:54.0 (12835164)|HEAP_ALLOCATE|[25]|Bytes:12
08:11:54.0 (12845213)|VARIABLE_SCOPE_BEGIN|[25]|obj|Account|true|false
08:11:54.0 (12858920)|VARIABLE_ASSIGNMENT|[25]|obj|{"Id":"0017F00000DPb63QAD","Name":"GenePoint"}|0x618bfbc7
08:11:54.0 (12865136)|STATEMENT_EXECUTE|[25]
08:11:54.0 (12866530)|STATEMENT_EXECUTE|[26]
08:11:54.0 (12894475)|HEAP_ALLOCATE|[EXTERNAL]|Bytes:4
08:11:54.0 (12907359)|HEAP_ALLOCATE|[25]|Bytes:5
08:11:54.0 (12917412)|VARIABLE_ASSIGNMENT|[25]|obj|null|
08:11:54.0 (12921738)|STATEMENT_EXECUTE|[28]
08:11:54.0 (12930954)|SYSTEM_MODE_EXIT|false
08:11:54.12 (12959325)|CUMULATIVE_LIMIT_USAGE
08:11:54.12 (12959325)|LIMIT_USAGE_FOR_NS|(default)|
  Number of SOQL queries: 1 out of 100
  Number of query rows: 1 out of 50000
  Number of SOSL queries: 0 out of 20
  Number of DML statements: 0 out of 150
  Number of DML rows: 0 out of 10000
  Maximum CPU time: 0 out of 10000
  Maximum heap size: 0 out of 6000000
  Number of callouts: 0 out of 100
  Number of Email Invocations: 0 out of 10
  Number of future calls: 0 out of 50
  Number of queueable jobs added to the queue: 0 out of 50
  Number of Mobile Apex push calls: 0 out of 10

08:11:54.12 (12959325)|CUMULATIVE_LIMIT_USAGE_END

08:11:54.0 (12992032)|CODE_UNIT_FINISHED|accountsWithContactsClass.fetchLookUpValues
08:11:54.0 (13046641)|CODE_UNIT_FINISHED|Aura
08:11:54.0 (14183325)|EXECUTION_FINISHED
