40.0 APEX_CODE,FINEST;APEX_PROFILING,INFO;CALLOUT,INFO;DB,INFO;SYSTEM,DEBUG;VALIDATION,INFO;VISUALFORCE,INFO;WAVE,INFO;WORKFLOW,INFO
07:42:14.0 (70668)|USER_INFO|[EXTERNAL]|0057F000000SZkg|test-d_masalsky@twistellar.com|Pacific Standard Time|GMT-07:00
07:42:14.0 (116598)|EXECUTION_STARTED
07:42:14.0 (121041)|CODE_UNIT_STARTED|[EXTERNAL]|Aura
07:42:14.0 (6082169)|HEAP_ALLOCATE|[72]|Bytes:3
07:42:14.0 (6115738)|HEAP_ALLOCATE|[77]|Bytes:152
07:42:14.0 (6129891)|HEAP_ALLOCATE|[342]|Bytes:408
07:42:14.0 (6142079)|HEAP_ALLOCATE|[355]|Bytes:408
07:42:14.0 (6152254)|HEAP_ALLOCATE|[467]|Bytes:48
07:42:14.0 (6177561)|HEAP_ALLOCATE|[139]|Bytes:6
07:42:14.0 (6194944)|HEAP_ALLOCATE|[EXTERNAL]|Bytes:1
07:42:14.0 (6206327)|HEAP_ALLOCATE|[EXTERNAL]|Bytes:1
07:42:14.0 (6839090)|CODE_UNIT_STARTED|[EXTERNAL]|01p7F000008cBuq|accountsWithContactsClass.fetchLookUpValues
07:42:14.0 (6928291)|HEAP_ALLOCATE|[EXTERNAL]|Bytes:10
07:42:14.0 (6941659)|METHOD_ENTRY|[1]|01p7F000008cBuq|accountsWithContactsClass.accountsWithContactsClass()
07:42:14.0 (6948235)|STATEMENT_EXECUTE|[1]
07:42:14.0 (6953877)|STATEMENT_EXECUTE|[1]
07:42:14.0 (6959735)|METHOD_EXIT|[1]|accountsWithContactsClass
07:42:14.0 (6964385)|HEAP_ALLOCATE|[EXTERNAL]|Bytes:1
07:42:14.0 (6973934)|SYSTEM_MODE_ENTER|false
07:42:14.0 (6980871)|VARIABLE_SCOPE_BEGIN|[20]|searchKeyWord|String|false|false
07:42:14.0 (7005863)|VARIABLE_ASSIGNMENT|[20]|searchKeyWord|"g"
07:42:14.0 (7016381)|STATEMENT_EXECUTE|[20]
07:42:14.0 (7017757)|STATEMENT_EXECUTE|[21]
07:42:14.0 (7020144)|HEAP_ALLOCATE|[21]|Bytes:1
07:42:14.0 (7033836)|HEAP_ALLOCATE|[21]|Bytes:2
07:42:14.0 (7039503)|VARIABLE_SCOPE_BEGIN|[21]|searchKey|String|false|false
07:42:14.0 (7048957)|VARIABLE_ASSIGNMENT|[21]|searchKey|"g%"
07:42:14.0 (7053511)|STATEMENT_EXECUTE|[22]
07:42:14.0 (7114168)|HEAP_ALLOCATE|[22]|Bytes:4
07:42:14.0 (7167078)|VARIABLE_SCOPE_BEGIN|[22]|returnList|List<Account>|true|false
07:42:14.0 (7180439)|HEAP_ALLOCATE|[EXTERNAL]|Bytes:4
07:42:14.0 (7190395)|VARIABLE_ASSIGNMENT|[22]|returnList|[]|0x583c4eb3
07:42:14.0 (7195355)|STATEMENT_EXECUTE|[23]
07:42:14.0 (7197640)|HEAP_ALLOCATE|[23]|Bytes:89
07:42:14.0 (7204133)|VARIABLE_SCOPE_BEGIN|[23]|sQuery|String|false|false
07:42:14.0 (7215245)|VARIABLE_ASSIGNMENT|[23]|sQuery|"SELECT Id, Name FROM (69 more) ..."
07:42:14.0 (7220355)|STATEMENT_EXECUTE|[24]
07:42:14.0 (7252388)|HEAP_ALLOCATE|[50]|Bytes:5
07:42:14.0 (7271774)|HEAP_ALLOCATE|[56]|Bytes:5
07:42:14.0 (7278267)|HEAP_ALLOCATE|[64]|Bytes:7
07:42:14.0 (7715206)|SOQL_EXECUTE_BEGIN|[24]|Aggregations:0|SELECT Id, Name FROM Account WHERE Name LIKE: searchKey ORDER BY CreatedDate DESC LIMIT 5
07:42:14.0 (11477515)|SOQL_EXECUTE_END|[24]|Rows:2
07:42:14.0 (11494646)|HEAP_ALLOCATE|[24]|Bytes:12
07:42:14.0 (11511422)|HEAP_ALLOCATE|[24]|Bytes:109
07:42:14.0 (11533810)|HEAP_ALLOCATE|[24]|Bytes:12
07:42:14.0 (11548088)|VARIABLE_SCOPE_BEGIN|[24]|lstOfRecords|List<Account>|true|false
07:42:14.0 (11574755)|VARIABLE_ASSIGNMENT|[24]|lstOfRecords|[{"Id":"0017F00000DPb63QAD","Name":"GenePoint"},{"Id":"0017F00000DPb5xQAD","Name":"Grand Hotels & Resor (6 more) ..."}]|0x8eb2a95
07:42:14.0 (11733108)|HEAP_ALLOCATE|[25]|Bytes:5
07:42:14.0 (11769111)|HEAP_ALLOCATE|[25]|Bytes:12
07:42:14.0 (11778905)|VARIABLE_SCOPE_BEGIN|[25]|obj|Account|true|false
07:42:14.0 (11793043)|VARIABLE_ASSIGNMENT|[25]|obj|{"Id":"0017F00000DPb63QAD","Name":"GenePoint"}|0x55634af6
07:42:14.0 (11799333)|STATEMENT_EXECUTE|[25]
07:42:14.0 (11800769)|STATEMENT_EXECUTE|[26]
07:42:14.0 (11829601)|HEAP_ALLOCATE|[EXTERNAL]|Bytes:4
07:42:14.0 (11843305)|HEAP_ALLOCATE|[25]|Bytes:5
07:42:14.0 (11857138)|HEAP_ALLOCATE|[25]|Bytes:12
07:42:14.0 (11862961)|VARIABLE_SCOPE_BEGIN|[25]|obj|Account|true|false
07:42:14.0 (11874412)|VARIABLE_ASSIGNMENT|[25]|obj|{"Id":"0017F00000DPb5xQAD","Name":"Grand Hotels & Resor (6 more) ..."}|0x40d7d4d
07:42:14.0 (11879185)|STATEMENT_EXECUTE|[25]
07:42:14.0 (11880223)|STATEMENT_EXECUTE|[26]
07:42:14.0 (11885005)|HEAP_ALLOCATE|[EXTERNAL]|Bytes:4
07:42:14.0 (11893282)|HEAP_ALLOCATE|[25]|Bytes:5
07:42:14.0 (11901991)|VARIABLE_ASSIGNMENT|[25]|obj|null|
07:42:14.0 (11906538)|STATEMENT_EXECUTE|[28]
07:42:14.0 (11911102)|SYSTEM_MODE_EXIT|false
07:42:14.11 (11945319)|CUMULATIVE_LIMIT_USAGE
07:42:14.11 (11945319)|LIMIT_USAGE_FOR_NS|(default)|
  Number of SOQL queries: 1 out of 100
  Number of query rows: 2 out of 50000
  Number of SOSL queries: 0 out of 20
  Number of DML statements: 0 out of 150
  Number of DML rows: 0 out of 10000
  Maximum CPU time: 0 out of 10000
  Maximum heap size: 0 out of 6000000
  Number of callouts: 0 out of 100
  Number of Email Invocations: 0 out of 10
  Number of future calls: 0 out of 50
  Number of queueable jobs added to the queue: 0 out of 50
  Number of Mobile Apex push calls: 0 out of 10

07:42:14.11 (11945319)|CUMULATIVE_LIMIT_USAGE_END

07:42:14.0 (11984942)|CODE_UNIT_FINISHED|accountsWithContactsClass.fetchLookUpValues
07:42:14.0 (12050358)|CODE_UNIT_FINISHED|Aura
07:42:14.0 (13036994)|EXECUTION_FINISHED
