40.0 APEX_CODE,FINEST;APEX_PROFILING,INFO;CALLOUT,INFO;DB,INFO;SYSTEM,DEBUG;VALIDATION,INFO;VISUALFORCE,INFO;WAVE,INFO;WORKFLOW,INFO
07:42:11.0 (76414)|USER_INFO|[EXTERNAL]|0057F000000SZkg|test-d_masalsky@twistellar.com|Pacific Standard Time|GMT-07:00
07:42:11.0 (115820)|EXECUTION_STARTED
07:42:11.0 (119529)|CODE_UNIT_STARTED|[EXTERNAL]|Aura
07:42:11.0 (6390725)|HEAP_ALLOCATE|[72]|Bytes:3
07:42:11.0 (6432993)|HEAP_ALLOCATE|[77]|Bytes:152
07:42:11.0 (6448552)|HEAP_ALLOCATE|[342]|Bytes:408
07:42:11.0 (6463204)|HEAP_ALLOCATE|[355]|Bytes:408
07:42:11.0 (6474984)|HEAP_ALLOCATE|[467]|Bytes:48
07:42:11.0 (6501665)|HEAP_ALLOCATE|[139]|Bytes:6
07:42:11.0 (6520093)|HEAP_ALLOCATE|[EXTERNAL]|Bytes:3
07:42:11.0 (6530401)|HEAP_ALLOCATE|[EXTERNAL]|Bytes:3
07:42:11.0 (7185120)|CODE_UNIT_STARTED|[EXTERNAL]|01p7F000008cBuq|accountsWithContactsClass.fetchLookUpValues
07:42:11.0 (7305557)|HEAP_ALLOCATE|[EXTERNAL]|Bytes:10
07:42:11.0 (7324205)|METHOD_ENTRY|[1]|01p7F000008cBuq|accountsWithContactsClass.accountsWithContactsClass()
07:42:11.0 (7331249)|STATEMENT_EXECUTE|[1]
07:42:11.0 (7337328)|STATEMENT_EXECUTE|[1]
07:42:11.0 (7343921)|METHOD_EXIT|[1]|accountsWithContactsClass
07:42:11.0 (7349938)|HEAP_ALLOCATE|[EXTERNAL]|Bytes:3
07:42:11.0 (7377629)|SYSTEM_MODE_ENTER|false
07:42:11.0 (7386400)|VARIABLE_SCOPE_BEGIN|[20]|searchKeyWord|String|false|false
07:42:11.0 (7419774)|VARIABLE_ASSIGNMENT|[20]|searchKeyWord|"sdf"
07:42:11.0 (7433934)|STATEMENT_EXECUTE|[20]
07:42:11.0 (7455859)|STATEMENT_EXECUTE|[21]
07:42:11.0 (7461163)|HEAP_ALLOCATE|[21]|Bytes:1
07:42:11.0 (7483800)|HEAP_ALLOCATE|[21]|Bytes:4
07:42:11.0 (7493327)|VARIABLE_SCOPE_BEGIN|[21]|searchKey|String|false|false
07:42:11.0 (7507802)|VARIABLE_ASSIGNMENT|[21]|searchKey|"sdf%"
07:42:11.0 (7513962)|STATEMENT_EXECUTE|[22]
07:42:11.0 (7615107)|HEAP_ALLOCATE|[22]|Bytes:4
07:42:11.0 (7702897)|VARIABLE_SCOPE_BEGIN|[22]|returnList|List<Account>|true|false
07:42:11.0 (7721690)|HEAP_ALLOCATE|[EXTERNAL]|Bytes:4
07:42:11.0 (7736073)|VARIABLE_ASSIGNMENT|[22]|returnList|[]|0x45ffcc79
07:42:11.0 (7744160)|STATEMENT_EXECUTE|[23]
07:42:11.0 (7747643)|HEAP_ALLOCATE|[23]|Bytes:89
07:42:11.0 (7753961)|VARIABLE_SCOPE_BEGIN|[23]|sQuery|String|false|false
07:42:11.0 (7769862)|VARIABLE_ASSIGNMENT|[23]|sQuery|"SELECT Id, Name FROM (69 more) ..."
07:42:11.0 (7775420)|STATEMENT_EXECUTE|[24]
07:42:11.0 (7820228)|HEAP_ALLOCATE|[50]|Bytes:5
07:42:11.0 (7851314)|HEAP_ALLOCATE|[56]|Bytes:5
07:42:11.0 (7861360)|HEAP_ALLOCATE|[64]|Bytes:7
07:42:11.0 (8479421)|SOQL_EXECUTE_BEGIN|[24]|Aggregations:0|SELECT Id, Name FROM Account WHERE Name LIKE: searchKey ORDER BY CreatedDate DESC LIMIT 5
07:42:11.0 (12478674)|SOQL_EXECUTE_END|[24]|Rows:0
07:42:11.0 (12500742)|HEAP_ALLOCATE|[24]|Bytes:4
07:42:11.0 (12511074)|HEAP_ALLOCATE|[24]|Bytes:0
07:42:11.0 (12543289)|HEAP_ALLOCATE|[24]|Bytes:4
07:42:11.0 (12558306)|VARIABLE_SCOPE_BEGIN|[24]|lstOfRecords|List<Account>|true|false
07:42:11.0 (12573096)|VARIABLE_ASSIGNMENT|[24]|lstOfRecords|[]|0x73712871
07:42:11.0 (12735703)|HEAP_ALLOCATE|[25]|Bytes:5
07:42:11.0 (12764584)|VARIABLE_ASSIGNMENT|[25]|obj|null|
07:42:11.0 (12770143)|STATEMENT_EXECUTE|[25]
07:42:11.0 (12771502)|STATEMENT_EXECUTE|[28]
07:42:11.0 (12776578)|SYSTEM_MODE_EXIT|false
07:42:11.12 (12812386)|CUMULATIVE_LIMIT_USAGE
07:42:11.12 (12812386)|LIMIT_USAGE_FOR_NS|(default)|
  Number of SOQL queries: 1 out of 100
  Number of query rows: 0 out of 50000
  Number of SOSL queries: 0 out of 20
  Number of DML statements: 0 out of 150
  Number of DML rows: 0 out of 10000
  Maximum CPU time: 0 out of 10000
  Maximum heap size: 0 out of 6000000
  Number of callouts: 0 out of 100
  Number of Email Invocations: 0 out of 10
  Number of future calls: 0 out of 50
  Number of queueable jobs added to the queue: 0 out of 50
  Number of Mobile Apex push calls: 0 out of 10

07:42:11.12 (12812386)|CUMULATIVE_LIMIT_USAGE_END

07:42:11.0 (12852835)|CODE_UNIT_FINISHED|accountsWithContactsClass.fetchLookUpValues
07:42:11.0 (12906844)|CODE_UNIT_FINISHED|Aura
07:42:11.0 (13833927)|EXECUTION_FINISHED
