40.0 APEX_CODE,FINEST;APEX_PROFILING,INFO;CALLOUT,INFO;DB,INFO;SYSTEM,DEBUG;VALIDATION,INFO;VISUALFORCE,INFO;WAVE,INFO;WORKFLOW,INFO
08:17:49.0 (69601)|USER_INFO|[EXTERNAL]|0057F000000SZkg|test-d_masalsky@twistellar.com|Pacific Standard Time|GMT-07:00
08:17:49.0 (111456)|EXECUTION_STARTED
08:17:49.0 (116156)|CODE_UNIT_STARTED|[EXTERNAL]|Aura
08:17:49.0 (5839071)|HEAP_ALLOCATE|[72]|Bytes:3
08:17:49.0 (5877348)|HEAP_ALLOCATE|[77]|Bytes:152
08:17:49.0 (5892845)|HEAP_ALLOCATE|[342]|Bytes:408
08:17:49.0 (5905340)|HEAP_ALLOCATE|[355]|Bytes:408
08:17:49.0 (5915664)|HEAP_ALLOCATE|[467]|Bytes:48
08:17:49.0 (5939830)|HEAP_ALLOCATE|[139]|Bytes:6
08:17:49.0 (6607161)|CODE_UNIT_STARTED|[EXTERNAL]|01p7F000008cBuq|accountsWithContactsClass.fetchLookUpValues
08:17:49.0 (6705132)|HEAP_ALLOCATE|[EXTERNAL]|Bytes:10
08:17:49.0 (6722667)|METHOD_ENTRY|[1]|01p7F000008cBuq|accountsWithContactsClass.accountsWithContactsClass()
08:17:49.0 (6728849)|STATEMENT_EXECUTE|[1]
08:17:49.0 (6734834)|STATEMENT_EXECUTE|[1]
08:17:49.0 (6738456)|METHOD_EXIT|[1]|accountsWithContactsClass
08:17:49.0 (6750809)|SYSTEM_MODE_ENTER|false
08:17:49.0 (6761159)|VARIABLE_SCOPE_BEGIN|[20]|searchKeyWord|String|false|false
08:17:49.0 (6782822)|VARIABLE_ASSIGNMENT|[20]|searchKeyWord|""
08:17:49.0 (6793979)|STATEMENT_EXECUTE|[20]
08:17:49.0 (6795392)|STATEMENT_EXECUTE|[21]
08:17:49.0 (6798503)|HEAP_ALLOCATE|[21]|Bytes:1
08:17:49.0 (6811794)|HEAP_ALLOCATE|[21]|Bytes:1
08:17:49.0 (6817511)|VARIABLE_SCOPE_BEGIN|[21]|searchKey|String|false|false
08:17:49.0 (6826489)|VARIABLE_ASSIGNMENT|[21]|searchKey|"%"
08:17:49.0 (6830852)|STATEMENT_EXECUTE|[22]
08:17:49.0 (6894333)|HEAP_ALLOCATE|[22]|Bytes:4
08:17:49.0 (6956973)|VARIABLE_SCOPE_BEGIN|[22]|returnList|List<Account>|true|false
08:17:49.0 (6968714)|HEAP_ALLOCATE|[EXTERNAL]|Bytes:4
08:17:49.0 (6979169)|VARIABLE_ASSIGNMENT|[22]|returnList|[]|0x1adcec1b
08:17:49.0 (6983834)|STATEMENT_EXECUTE|[23]
08:17:49.0 (6986128)|HEAP_ALLOCATE|[23]|Bytes:89
08:17:49.0 (6990125)|VARIABLE_SCOPE_BEGIN|[23]|sQuery|String|false|false
08:17:49.0 (7000543)|VARIABLE_ASSIGNMENT|[23]|sQuery|"SELECT Id, Name FROM (69 more) ..."
08:17:49.0 (7004556)|STATEMENT_EXECUTE|[24]
08:17:49.0 (7035284)|HEAP_ALLOCATE|[50]|Bytes:5
08:17:49.0 (7057394)|HEAP_ALLOCATE|[56]|Bytes:5
08:17:49.0 (7063559)|HEAP_ALLOCATE|[64]|Bytes:7
08:17:49.0 (7508420)|SOQL_EXECUTE_BEGIN|[24]|Aggregations:0|SELECT Id, Name FROM Account WHERE Name LIKE: searchKey ORDER BY CreatedDate DESC LIMIT 5
08:17:49.0 (9457309)|SOQL_EXECUTE_END|[24]|Rows:5
08:17:49.0 (9477468)|HEAP_ALLOCATE|[24]|Bytes:24
08:17:49.0 (9498762)|HEAP_ALLOCATE|[24]|Bytes:307
08:17:49.0 (9523278)|HEAP_ALLOCATE|[24]|Bytes:24
08:17:49.0 (9536826)|VARIABLE_SCOPE_BEGIN|[24]|lstOfRecords|List<Account>|true|false
08:17:49.0 (9563538)|VARIABLE_ASSIGNMENT|[24]|lstOfRecords|[{"Id":"0017F00000DPb63QAD","Name":"GenePoint"},{"Id":"0017F00000DPb61QAD","Name":"United Oil & Gas, UK"},{"Id":"0017F00000DPb62QAD","Name":"United Oil & Gas, Si (7 more) ..."},{"Id":"0017F00000DPb5tQAD","Name":"Express Logistics an (11 more) ..."},{"Id":"0017F00000DPb5uQAD","Name":"Burlington Textiles  (15 more) ..."}]|0x41a9623
08:17:49.0 (9727144)|HEAP_ALLOCATE|[25]|Bytes:5
08:17:49.0 (9763166)|HEAP_ALLOCATE|[25]|Bytes:12
08:17:49.0 (9773007)|VARIABLE_SCOPE_BEGIN|[25]|obj|Account|true|false
08:17:49.0 (9786727)|VARIABLE_ASSIGNMENT|[25]|obj|{"Id":"0017F00000DPb63QAD","Name":"GenePoint"}|0x5af95fbd
08:17:49.0 (9792812)|STATEMENT_EXECUTE|[25]
08:17:49.0 (9794165)|STATEMENT_EXECUTE|[26]
08:17:49.0 (9822283)|HEAP_ALLOCATE|[EXTERNAL]|Bytes:4
08:17:49.0 (9834769)|HEAP_ALLOCATE|[25]|Bytes:5
08:17:49.0 (9848507)|HEAP_ALLOCATE|[25]|Bytes:12
08:17:49.0 (9854603)|VARIABLE_SCOPE_BEGIN|[25]|obj|Account|true|false
08:17:49.0 (9864636)|VARIABLE_ASSIGNMENT|[25]|obj|{"Id":"0017F00000DPb61QAD","Name":"United Oil & Gas, UK"}|0x79d7442
08:17:49.0 (9869888)|STATEMENT_EXECUTE|[25]
08:17:49.0 (9870852)|STATEMENT_EXECUTE|[26]
08:17:49.0 (9875535)|HEAP_ALLOCATE|[EXTERNAL]|Bytes:4
08:17:49.0 (9883234)|HEAP_ALLOCATE|[25]|Bytes:5
08:17:49.0 (9892692)|HEAP_ALLOCATE|[25]|Bytes:12
08:17:49.0 (9896802)|VARIABLE_SCOPE_BEGIN|[25]|obj|Account|true|false
08:17:49.0 (9905966)|VARIABLE_ASSIGNMENT|[25]|obj|{"Id":"0017F00000DPb62QAD","Name":"United Oil & Gas, Si (7 more) ..."}|0x4926e539
08:17:49.0 (9910518)|STATEMENT_EXECUTE|[25]
08:17:49.0 (9911499)|STATEMENT_EXECUTE|[26]
08:17:49.0 (9914991)|HEAP_ALLOCATE|[EXTERNAL]|Bytes:4
08:17:49.0 (9921506)|HEAP_ALLOCATE|[25]|Bytes:5
08:17:49.0 (9930044)|HEAP_ALLOCATE|[25]|Bytes:12
08:17:49.0 (9933715)|VARIABLE_SCOPE_BEGIN|[25]|obj|Account|true|false
08:17:49.0 (9942844)|VARIABLE_ASSIGNMENT|[25]|obj|{"Id":"0017F00000DPb5tQAD","Name":"Express Logistics an (11 more) ..."}|0x718791cc
08:17:49.0 (9947064)|STATEMENT_EXECUTE|[25]
08:17:49.0 (9947902)|STATEMENT_EXECUTE|[26]
08:17:49.0 (9951188)|HEAP_ALLOCATE|[EXTERNAL]|Bytes:4
08:17:49.0 (9957703)|HEAP_ALLOCATE|[25]|Bytes:5
08:17:49.0 (9966225)|HEAP_ALLOCATE|[25]|Bytes:12
08:17:49.0 (9970031)|VARIABLE_SCOPE_BEGIN|[25]|obj|Account|true|false
08:17:49.0 (9978318)|VARIABLE_ASSIGNMENT|[25]|obj|{"Id":"0017F00000DPb5uQAD","Name":"Burlington Textiles  (15 more) ..."}|0x61132cf6
08:17:49.0 (9982455)|STATEMENT_EXECUTE|[25]
08:17:49.0 (9983325)|STATEMENT_EXECUTE|[26]
08:17:49.0 (9986581)|HEAP_ALLOCATE|[EXTERNAL]|Bytes:4
08:17:49.0 (9992853)|HEAP_ALLOCATE|[25]|Bytes:5
08:17:49.0 (10000311)|VARIABLE_ASSIGNMENT|[25]|obj|null|
08:17:49.0 (10005519)|STATEMENT_EXECUTE|[28]
08:17:49.0 (10010448)|SYSTEM_MODE_EXIT|false
08:17:49.10 (10033194)|CUMULATIVE_LIMIT_USAGE
08:17:49.10 (10033194)|LIMIT_USAGE_FOR_NS|(default)|
  Number of SOQL queries: 1 out of 100
  Number of query rows: 5 out of 50000
  Number of SOSL queries: 0 out of 20
  Number of DML statements: 0 out of 150
  Number of DML rows: 0 out of 10000
  Maximum CPU time: 0 out of 10000
  Maximum heap size: 0 out of 6000000
  Number of callouts: 0 out of 100
  Number of Email Invocations: 0 out of 10
  Number of future calls: 0 out of 50
  Number of queueable jobs added to the queue: 0 out of 50
  Number of Mobile Apex push calls: 0 out of 10

08:17:49.10 (10033194)|CUMULATIVE_LIMIT_USAGE_END

08:17:49.0 (10061442)|CODE_UNIT_FINISHED|accountsWithContactsClass.fetchLookUpValues
08:17:49.0 (10121953)|CODE_UNIT_FINISHED|Aura
08:17:49.0 (11096088)|EXECUTION_FINISHED
