40.0 APEX_CODE,FINEST;APEX_PROFILING,INFO;CALLOUT,INFO;DB,INFO;SYSTEM,DEBUG;VALIDATION,INFO;VISUALFORCE,INFO;WAVE,INFO;WORKFLOW,INFO
07:34:45.0 (80665)|USER_INFO|[EXTERNAL]|0057F000000SZkg|test-d_masalsky@twistellar.com|Pacific Standard Time|GMT-07:00
07:34:45.0 (119597)|EXECUTION_STARTED
07:34:45.0 (124795)|CODE_UNIT_STARTED|[EXTERNAL]|Aura
07:34:45.0 (6576628)|HEAP_ALLOCATE|[72]|Bytes:3
07:34:45.0 (6616956)|HEAP_ALLOCATE|[77]|Bytes:152
07:34:45.0 (6632793)|HEAP_ALLOCATE|[342]|Bytes:408
07:34:45.0 (6644829)|HEAP_ALLOCATE|[355]|Bytes:408
07:34:45.0 (6655193)|HEAP_ALLOCATE|[467]|Bytes:48
07:34:45.0 (6678433)|HEAP_ALLOCATE|[139]|Bytes:6
07:34:45.0 (6694726)|HEAP_ALLOCATE|[EXTERNAL]|Bytes:1
07:34:45.0 (6704691)|HEAP_ALLOCATE|[EXTERNAL]|Bytes:1
07:34:45.0 (7377927)|CODE_UNIT_STARTED|[EXTERNAL]|01p7F000008cBuq|accountsWithContactsClass.fetchLookUpValues
07:34:45.0 (7550696)|HEAP_ALLOCATE|[EXTERNAL]|Bytes:10
07:34:45.0 (7564935)|METHOD_ENTRY|[1]|01p7F000008cBuq|accountsWithContactsClass.accountsWithContactsClass()
07:34:45.0 (7570620)|STATEMENT_EXECUTE|[1]
07:34:45.0 (7576734)|STATEMENT_EXECUTE|[1]
07:34:45.0 (7582313)|METHOD_EXIT|[1]|accountsWithContactsClass
07:34:45.0 (7587603)|HEAP_ALLOCATE|[EXTERNAL]|Bytes:1
07:34:45.0 (7597266)|SYSTEM_MODE_ENTER|false
07:34:45.0 (7606745)|VARIABLE_SCOPE_BEGIN|[20]|searchKeyWord|String|false|false
07:34:45.0 (7629586)|VARIABLE_ASSIGNMENT|[20]|searchKeyWord|"g"
07:34:45.0 (7640423)|STATEMENT_EXECUTE|[20]
07:34:45.0 (7641804)|STATEMENT_EXECUTE|[21]
07:34:45.0 (7644556)|HEAP_ALLOCATE|[21]|Bytes:1
07:34:45.0 (7657798)|HEAP_ALLOCATE|[21]|Bytes:2
07:34:45.0 (7662967)|VARIABLE_SCOPE_BEGIN|[21]|searchKey|String|false|false
07:34:45.0 (7673024)|VARIABLE_ASSIGNMENT|[21]|searchKey|"g%"
07:34:45.0 (7677566)|STATEMENT_EXECUTE|[22]
07:34:45.0 (7682667)|HEAP_ALLOCATE|[22]|Bytes:4
07:34:45.0 (7738648)|VARIABLE_SCOPE_BEGIN|[22]|returnList|List<Account>|true|false
07:34:45.0 (7750115)|HEAP_ALLOCATE|[EXTERNAL]|Bytes:4
07:34:45.0 (7760359)|VARIABLE_ASSIGNMENT|[22]|returnList|[]|0x795a811b
07:34:45.0 (7764902)|STATEMENT_EXECUTE|[23]
07:34:45.0 (7767084)|HEAP_ALLOCATE|[23]|Bytes:89
07:34:45.0 (7770591)|VARIABLE_SCOPE_BEGIN|[23]|sQuery|String|false|false
07:34:45.0 (7781481)|VARIABLE_ASSIGNMENT|[23]|sQuery|"SELECT Id, Name FROM (69 more) ..."
07:34:45.0 (7785576)|STATEMENT_EXECUTE|[24]
07:34:45.0 (7818514)|HEAP_ALLOCATE|[50]|Bytes:5
07:34:45.0 (7840589)|HEAP_ALLOCATE|[56]|Bytes:5
07:34:45.0 (7846997)|HEAP_ALLOCATE|[64]|Bytes:7
07:34:45.0 (8302215)|SOQL_EXECUTE_BEGIN|[24]|Aggregations:0|SELECT Id, Name FROM Account WHERE Name LIKE: searchKey ORDER BY CreatedDate DESC LIMIT 5
07:34:45.0 (14972460)|SOQL_EXECUTE_END|[24]|Rows:2
07:34:45.0 (14996552)|HEAP_ALLOCATE|[24]|Bytes:12
07:34:45.0 (15014153)|HEAP_ALLOCATE|[24]|Bytes:109
07:34:45.0 (15039573)|HEAP_ALLOCATE|[24]|Bytes:12
07:34:45.0 (15053749)|VARIABLE_SCOPE_BEGIN|[24]|lstOfRecords|List<Account>|true|false
07:34:45.0 (15077972)|VARIABLE_ASSIGNMENT|[24]|lstOfRecords|[{"Id":"0017F00000DPb63QAD","Name":"GenePoint"},{"Id":"0017F00000DPb5xQAD","Name":"Grand Hotels & Resor (6 more) ..."}]|0x1635c5bc
07:34:45.0 (15230148)|HEAP_ALLOCATE|[25]|Bytes:5
07:34:45.0 (15265888)|HEAP_ALLOCATE|[25]|Bytes:12
07:34:45.0 (15275565)|VARIABLE_SCOPE_BEGIN|[25]|obj|Account|true|false
07:34:45.0 (15289959)|VARIABLE_ASSIGNMENT|[25]|obj|{"Id":"0017F00000DPb63QAD","Name":"GenePoint"}|0x3e6c6594
07:34:45.0 (15296303)|STATEMENT_EXECUTE|[25]
07:34:45.0 (15297642)|STATEMENT_EXECUTE|[26]
07:34:45.0 (15325429)|HEAP_ALLOCATE|[EXTERNAL]|Bytes:4
07:34:45.0 (15354672)|HEAP_ALLOCATE|[25]|Bytes:5
07:34:45.0 (15369447)|HEAP_ALLOCATE|[25]|Bytes:12
07:34:45.0 (15375629)|VARIABLE_SCOPE_BEGIN|[25]|obj|Account|true|false
07:34:45.0 (15387819)|VARIABLE_ASSIGNMENT|[25]|obj|{"Id":"0017F00000DPb5xQAD","Name":"Grand Hotels & Resor (6 more) ..."}|0x64c4fc0
07:34:45.0 (15393936)|STATEMENT_EXECUTE|[25]
07:34:45.0 (15394979)|STATEMENT_EXECUTE|[26]
07:34:45.0 (15400406)|HEAP_ALLOCATE|[EXTERNAL]|Bytes:4
07:34:45.0 (15417576)|HEAP_ALLOCATE|[25]|Bytes:5
07:34:45.0 (15426575)|VARIABLE_ASSIGNMENT|[25]|obj|null|
07:34:45.0 (15431238)|STATEMENT_EXECUTE|[28]
07:34:45.0 (15436357)|SYSTEM_MODE_EXIT|false
07:34:45.15 (15466379)|CUMULATIVE_LIMIT_USAGE
07:34:45.15 (15466379)|LIMIT_USAGE_FOR_NS|(default)|
  Number of SOQL queries: 1 out of 100
  Number of query rows: 2 out of 50000
  Number of SOSL queries: 0 out of 20
  Number of DML statements: 0 out of 150
  Number of DML rows: 0 out of 10000
  Maximum CPU time: 0 out of 10000
  Maximum heap size: 0 out of 6000000
  Number of callouts: 0 out of 100
  Number of Email Invocations: 0 out of 10
  Number of future calls: 0 out of 50
  Number of queueable jobs added to the queue: 0 out of 50
  Number of Mobile Apex push calls: 0 out of 10

07:34:45.15 (15466379)|CUMULATIVE_LIMIT_USAGE_END

07:34:45.0 (15509444)|CODE_UNIT_FINISHED|accountsWithContactsClass.fetchLookUpValues
07:34:45.0 (15568198)|CODE_UNIT_FINISHED|Aura
07:34:45.0 (16540156)|EXECUTION_FINISHED
