40.0 APEX_CODE,FINEST;APEX_PROFILING,INFO;CALLOUT,INFO;DB,INFO;SYSTEM,DEBUG;VALIDATION,INFO;VISUALFORCE,INFO;WAVE,INFO;WORKFLOW,INFO
06:14:07.0 (322661)|USER_INFO|[EXTERNAL]|0057F000000SZkg|test-d_masalsky@twistellar.com|Pacific Standard Time|GMT-07:00
06:14:07.0 (374130)|EXECUTION_STARTED
06:14:07.0 (379686)|CODE_UNIT_STARTED|[EXTERNAL]|01p7F000008eSte|RSS
06:14:07.0 (1800500)|HEAP_ALLOCATE|[EXTERNAL]|Bytes:4
06:14:07.0 (1956490)|HEAP_ALLOCATE|[72]|Bytes:3
06:14:07.0 (1989039)|HEAP_ALLOCATE|[77]|Bytes:152
06:14:07.0 (2002340)|HEAP_ALLOCATE|[342]|Bytes:408
06:14:07.0 (2015589)|HEAP_ALLOCATE|[355]|Bytes:408
06:14:07.0 (2028349)|HEAP_ALLOCATE|[467]|Bytes:48
06:14:07.0 (2050618)|HEAP_ALLOCATE|[139]|Bytes:6
06:14:07.0 (2084251)|HEAP_ALLOCATE|[EXTERNAL]|Bytes:11
06:14:07.0 (2097187)|SYSTEM_METHOD_ENTRY|[15]|BatchableContextImpl.BatchableContextImpl()
06:14:07.0 (2102395)|STATEMENT_EXECUTE|[15]
06:14:07.0 (2110306)|SYSTEM_METHOD_EXIT|[15]|BatchableContextImpl
06:14:07.0 (2116044)|HEAP_ALLOCATE|[EXTERNAL]|Bytes:12
06:14:07.0 (2119775)|HEAP_ALLOCATE|[EXTERNAL]|Bytes:4
06:14:07.0 (2125416)|VARIABLE_SCOPE_BEGIN|[31]|this|Database.BatchableContextImpl|true|false
06:14:07.0 (2167807)|VARIABLE_ASSIGNMENT|[31]|this|{}|0x2eb6c611
06:14:07.0 (2174730)|VARIABLE_SCOPE_BEGIN|[31]|jobId|Id|false|false
06:14:07.0 (2237590)|VARIABLE_ASSIGNMENT|[31]|jobId|"7077F00000ohlcuQAA"
06:14:07.0 (2243804)|VARIABLE_SCOPE_BEGIN|[31]|childJobId|Id|false|false
06:14:07.0 (2251583)|VARIABLE_ASSIGNMENT|[31]|childJobId|null
06:14:07.0 (7328916)|HEAP_ALLOCATE|[EXTERNAL]|Bytes:82
06:14:07.0 (7342027)|HEAP_ALLOCATE|[EXTERNAL]|Bytes:22
06:14:07.0 (7353486)|HEAP_ALLOCATE|[EXTERNAL]|Bytes:7
06:14:07.0 (7364972)|METHOD_ENTRY|[1]|01p7F000008eSte|RSS.RSS()
06:14:07.0 (7371801)|STATEMENT_EXECUTE|[1]
06:14:07.0 (7375373)|STATEMENT_EXECUTE|[1]
06:14:07.0 (7380247)|METHOD_EXIT|[1]|RSS
06:14:07.0 (7386826)|HEAP_ALLOCATE|[EXTERNAL]|Bytes:4
06:14:07.0 (7391166)|HEAP_ALLOCATE|[EXTERNAL]|Bytes:12
06:14:07.0 (7398539)|VARIABLE_SCOPE_BEGIN|[111]|this|RSS|true|false
06:14:07.0 (7419392)|VARIABLE_ASSIGNMENT|[111]|this|{}|0x5ce16aed
06:14:07.0 (7427864)|VARIABLE_SCOPE_BEGIN|[111]|bc|Database.BatchableContext|true|false
06:14:07.0 (7513617)|VARIABLE_ASSIGNMENT|[111]|bc|{"jobId":"7077F00000ohlcuQAA"}|0x2eb6c611
06:14:07.0 (7528013)|STATEMENT_EXECUTE|[111]
06:14:07.14 (14403958)|CUMULATIVE_LIMIT_USAGE
06:14:07.14 (14403958)|LIMIT_USAGE_FOR_NS|(default)|
  Number of SOQL queries: 0 out of 200
  Number of query rows: 0 out of 50000
  Number of SOSL queries: 0 out of 20
  Number of DML statements: 0 out of 150
  Number of DML rows: 0 out of 10000
  Maximum CPU time: 0 out of 60000
  Maximum heap size: 0 out of 12000000
  Number of callouts: 0 out of 0
  Number of Email Invocations: 0 out of 10
  Number of future calls: 0 out of 0
  Number of queueable jobs added to the queue: 0 out of 1
  Number of Mobile Apex push calls: 0 out of 10

06:14:07.14 (14403958)|CUMULATIVE_LIMIT_USAGE_END

06:14:07.0 (14456825)|CODE_UNIT_FINISHED|RSS
06:14:07.0 (15176302)|EXECUTION_FINISHED
