40.0 APEX_CODE,FINEST;APEX_PROFILING,INFO;CALLOUT,INFO;DB,INFO;SYSTEM,DEBUG;VALIDATION,INFO;VISUALFORCE,INFO;WAVE,INFO;WORKFLOW,INFO
08:23:46.0 (72150)|USER_INFO|[EXTERNAL]|0057F000000SZkg|test-d_masalsky@twistellar.com|Pacific Standard Time|GMT-07:00
08:23:46.0 (113509)|EXECUTION_STARTED
08:23:46.0 (117694)|CODE_UNIT_STARTED|[EXTERNAL]|Aura
08:23:46.0 (5823897)|HEAP_ALLOCATE|[72]|Bytes:3
08:23:46.0 (5863657)|HEAP_ALLOCATE|[77]|Bytes:152
08:23:46.0 (5879220)|HEAP_ALLOCATE|[342]|Bytes:408
08:23:46.0 (5892665)|HEAP_ALLOCATE|[355]|Bytes:408
08:23:46.0 (5902681)|HEAP_ALLOCATE|[467]|Bytes:48
08:23:46.0 (5927852)|HEAP_ALLOCATE|[139]|Bytes:6
08:23:46.0 (6594109)|CODE_UNIT_STARTED|[EXTERNAL]|01p7F000008cBuq|accountsWithContactsClass.fetchLookUpValues
08:23:46.0 (6694544)|HEAP_ALLOCATE|[EXTERNAL]|Bytes:10
08:23:46.0 (6708135)|METHOD_ENTRY|[1]|01p7F000008cBuq|accountsWithContactsClass.accountsWithContactsClass()
08:23:46.0 (6714057)|STATEMENT_EXECUTE|[1]
08:23:46.0 (6719486)|STATEMENT_EXECUTE|[1]
08:23:46.0 (6723353)|METHOD_EXIT|[1]|accountsWithContactsClass
08:23:46.0 (6735920)|SYSTEM_MODE_ENTER|false
08:23:46.0 (6745601)|VARIABLE_SCOPE_BEGIN|[20]|searchKeyWord|String|false|false
08:23:46.0 (6768291)|VARIABLE_ASSIGNMENT|[20]|searchKeyWord|""
08:23:46.0 (6779625)|STATEMENT_EXECUTE|[20]
08:23:46.0 (6780967)|STATEMENT_EXECUTE|[21]
08:23:46.0 (6783963)|HEAP_ALLOCATE|[21]|Bytes:1
08:23:46.0 (6797784)|HEAP_ALLOCATE|[21]|Bytes:1
08:23:46.0 (6803447)|VARIABLE_SCOPE_BEGIN|[21]|searchKey|String|false|false
08:23:46.0 (6816746)|VARIABLE_ASSIGNMENT|[21]|searchKey|"%"
08:23:46.0 (6820784)|STATEMENT_EXECUTE|[22]
08:23:46.0 (6885018)|HEAP_ALLOCATE|[22]|Bytes:4
08:23:46.0 (6946819)|VARIABLE_SCOPE_BEGIN|[22]|returnList|List<Account>|true|false
08:23:46.0 (6960256)|HEAP_ALLOCATE|[EXTERNAL]|Bytes:4
08:23:46.0 (6970955)|VARIABLE_ASSIGNMENT|[22]|returnList|[]|0x4c3802eb
08:23:46.0 (6976110)|STATEMENT_EXECUTE|[23]
08:23:46.0 (6978472)|HEAP_ALLOCATE|[23]|Bytes:89
08:23:46.0 (6982894)|VARIABLE_SCOPE_BEGIN|[23]|sQuery|String|false|false
08:23:46.0 (6993735)|VARIABLE_ASSIGNMENT|[23]|sQuery|"SELECT Id, Name FROM (69 more) ..."
08:23:46.0 (6998078)|STATEMENT_EXECUTE|[24]
08:23:46.0 (7031888)|HEAP_ALLOCATE|[50]|Bytes:5
08:23:46.0 (7054820)|HEAP_ALLOCATE|[56]|Bytes:5
08:23:46.0 (7062007)|HEAP_ALLOCATE|[64]|Bytes:7
08:23:46.0 (7531055)|SOQL_EXECUTE_BEGIN|[24]|Aggregations:0|SELECT Id, Name FROM Account WHERE Name LIKE: searchKey ORDER BY CreatedDate DESC LIMIT 5
08:23:46.0 (9490425)|SOQL_EXECUTE_END|[24]|Rows:5
08:23:46.0 (9510145)|HEAP_ALLOCATE|[24]|Bytes:24
08:23:46.0 (9535530)|HEAP_ALLOCATE|[24]|Bytes:307
08:23:46.0 (9560799)|HEAP_ALLOCATE|[24]|Bytes:24
08:23:46.0 (9575325)|VARIABLE_SCOPE_BEGIN|[24]|lstOfRecords|List<Account>|true|false
08:23:46.0 (9602411)|VARIABLE_ASSIGNMENT|[24]|lstOfRecords|[{"Id":"0017F00000DPb63QAD","Name":"GenePoint"},{"Id":"0017F00000DPb61QAD","Name":"United Oil & Gas, UK"},{"Id":"0017F00000DPb62QAD","Name":"United Oil & Gas, Si (7 more) ..."},{"Id":"0017F00000DPb5tQAD","Name":"Express Logistics an (11 more) ..."},{"Id":"0017F00000DPb5uQAD","Name":"Burlington Textiles  (15 more) ..."}]|0x606110f7
08:23:46.0 (9777968)|HEAP_ALLOCATE|[25]|Bytes:5
08:23:46.0 (9821380)|HEAP_ALLOCATE|[25]|Bytes:12
08:23:46.0 (9839920)|VARIABLE_SCOPE_BEGIN|[25]|obj|Account|true|false
08:23:46.0 (9854791)|VARIABLE_ASSIGNMENT|[25]|obj|{"Id":"0017F00000DPb63QAD","Name":"GenePoint"}|0x72c5e887
08:23:46.0 (9860826)|STATEMENT_EXECUTE|[25]
08:23:46.0 (9862192)|STATEMENT_EXECUTE|[26]
08:23:46.0 (9891203)|HEAP_ALLOCATE|[EXTERNAL]|Bytes:4
08:23:46.0 (9904814)|HEAP_ALLOCATE|[25]|Bytes:5
08:23:46.0 (9920016)|HEAP_ALLOCATE|[25]|Bytes:12
08:23:46.0 (9926249)|VARIABLE_SCOPE_BEGIN|[25]|obj|Account|true|false
08:23:46.0 (9937237)|VARIABLE_ASSIGNMENT|[25]|obj|{"Id":"0017F00000DPb61QAD","Name":"United Oil & Gas, UK"}|0x4d02f892
08:23:46.0 (9942537)|STATEMENT_EXECUTE|[25]
08:23:46.0 (9943544)|STATEMENT_EXECUTE|[26]
08:23:46.0 (9948391)|HEAP_ALLOCATE|[EXTERNAL]|Bytes:4
08:23:46.0 (9956432)|HEAP_ALLOCATE|[25]|Bytes:5
08:23:46.0 (9966795)|HEAP_ALLOCATE|[25]|Bytes:12
08:23:46.0 (9971301)|VARIABLE_SCOPE_BEGIN|[25]|obj|Account|true|false
08:23:46.0 (9980725)|VARIABLE_ASSIGNMENT|[25]|obj|{"Id":"0017F00000DPb62QAD","Name":"United Oil & Gas, Si (7 more) ..."}|0x5d08d852
08:23:46.0 (9986635)|STATEMENT_EXECUTE|[25]
08:23:46.0 (9987630)|STATEMENT_EXECUTE|[26]
08:23:46.0 (9991066)|HEAP_ALLOCATE|[EXTERNAL]|Bytes:4
08:23:46.0 (9997943)|HEAP_ALLOCATE|[25]|Bytes:5
08:23:46.0 (10006888)|HEAP_ALLOCATE|[25]|Bytes:12
08:23:46.0 (10012201)|VARIABLE_SCOPE_BEGIN|[25]|obj|Account|true|false
08:23:46.0 (10025707)|VARIABLE_ASSIGNMENT|[25]|obj|{"Id":"0017F00000DPb5tQAD","Name":"Express Logistics an (11 more) ..."}|0x5e125e58
08:23:46.0 (10030560)|STATEMENT_EXECUTE|[25]
08:23:46.0 (10031502)|STATEMENT_EXECUTE|[26]
08:23:46.0 (10035109)|HEAP_ALLOCATE|[EXTERNAL]|Bytes:4
08:23:46.0 (10042299)|HEAP_ALLOCATE|[25]|Bytes:5
08:23:46.0 (10052261)|HEAP_ALLOCATE|[25]|Bytes:12
08:23:46.0 (10056378)|VARIABLE_SCOPE_BEGIN|[25]|obj|Account|true|false
08:23:46.0 (10065257)|VARIABLE_ASSIGNMENT|[25]|obj|{"Id":"0017F00000DPb5uQAD","Name":"Burlington Textiles  (15 more) ..."}|0x34e14cd
08:23:46.0 (10070132)|STATEMENT_EXECUTE|[25]
08:23:46.0 (10071027)|STATEMENT_EXECUTE|[26]
08:23:46.0 (10074218)|HEAP_ALLOCATE|[EXTERNAL]|Bytes:4
08:23:46.0 (10080962)|HEAP_ALLOCATE|[25]|Bytes:5
08:23:46.0 (10088505)|VARIABLE_ASSIGNMENT|[25]|obj|null|
08:23:46.0 (10092359)|STATEMENT_EXECUTE|[28]
08:23:46.0 (10097717)|SYSTEM_MODE_EXIT|false
08:23:46.10 (10123299)|CUMULATIVE_LIMIT_USAGE
08:23:46.10 (10123299)|LIMIT_USAGE_FOR_NS|(default)|
  Number of SOQL queries: 1 out of 100
  Number of query rows: 5 out of 50000
  Number of SOSL queries: 0 out of 20
  Number of DML statements: 0 out of 150
  Number of DML rows: 0 out of 10000
  Maximum CPU time: 0 out of 10000
  Maximum heap size: 0 out of 6000000
  Number of callouts: 0 out of 100
  Number of Email Invocations: 0 out of 10
  Number of future calls: 0 out of 50
  Number of queueable jobs added to the queue: 0 out of 50
  Number of Mobile Apex push calls: 0 out of 10

08:23:46.10 (10123299)|CUMULATIVE_LIMIT_USAGE_END

08:23:46.0 (10152381)|CODE_UNIT_FINISHED|accountsWithContactsClass.fetchLookUpValues
08:23:46.0 (10215650)|CODE_UNIT_FINISHED|Aura
08:23:46.0 (11125041)|EXECUTION_FINISHED
