40.0 APEX_CODE,FINEST;APEX_PROFILING,INFO;CALLOUT,INFO;DB,INFO;SYSTEM,DEBUG;VALIDATION,INFO;VISUALFORCE,INFO;WAVE,INFO;WORKFLOW,INFO
08:23:42.0 (75794)|USER_INFO|[EXTERNAL]|0057F000000SZkg|test-d_masalsky@twistellar.com|Pacific Standard Time|GMT-07:00
08:23:42.0 (113090)|EXECUTION_STARTED
08:23:42.0 (117498)|CODE_UNIT_STARTED|[EXTERNAL]|Aura
08:23:42.0 (6524029)|HEAP_ALLOCATE|[72]|Bytes:3
08:23:42.0 (6554809)|HEAP_ALLOCATE|[77]|Bytes:152
08:23:42.0 (6569891)|HEAP_ALLOCATE|[342]|Bytes:408
08:23:42.0 (6581988)|HEAP_ALLOCATE|[355]|Bytes:408
08:23:42.0 (6592520)|HEAP_ALLOCATE|[467]|Bytes:48
08:23:42.0 (6616822)|HEAP_ALLOCATE|[139]|Bytes:6
08:23:42.0 (6628493)|HEAP_ALLOCATE|[EXTERNAL]|Bytes:18
08:23:42.0 (6645972)|HEAP_ALLOCATE|[EXTERNAL]|Bytes:4
08:23:42.0 (7333067)|CODE_UNIT_STARTED|[EXTERNAL]|01p7F000008cBuq|accountsWithContactsClass.getAllContacts
08:23:42.0 (7421888)|HEAP_ALLOCATE|[EXTERNAL]|Bytes:10
08:23:42.0 (7439717)|METHOD_ENTRY|[1]|01p7F000008cBuq|accountsWithContactsClass.accountsWithContactsClass()
08:23:42.0 (7446756)|STATEMENT_EXECUTE|[1]
08:23:42.0 (7452048)|STATEMENT_EXECUTE|[1]
08:23:42.0 (7455681)|METHOD_EXIT|[1]|accountsWithContactsClass
08:23:42.0 (7461207)|HEAP_ALLOCATE|[EXTERNAL]|Bytes:4
08:23:42.0 (7470783)|SYSTEM_MODE_ENTER|false
08:23:42.0 (7477706)|VARIABLE_SCOPE_BEGIN|[4]|accountId|Id|false|false
08:23:42.0 (7612240)|VARIABLE_ASSIGNMENT|[4]|accountId|"0017F00000DPb63QAD"
08:23:42.0 (7624302)|STATEMENT_EXECUTE|[4]
08:23:42.0 (7625447)|STATEMENT_EXECUTE|[5]
08:23:42.0 (7627738)|HEAP_ALLOCATE|[5]|Bytes:116
08:23:42.0 (7639902)|HEAP_ALLOCATE|[5]|Bytes:4
08:23:42.0 (7651318)|HEAP_ALLOCATE|[5]|Bytes:7
08:23:42.0 (7694643)|HEAP_ALLOCATE|[50]|Bytes:5
08:23:42.0 (7714780)|HEAP_ALLOCATE|[56]|Bytes:5
08:23:42.0 (7721586)|HEAP_ALLOCATE|[64]|Bytes:7
08:23:42.0 (8402041)|SOQL_EXECUTE_BEGIN|[5]|Aggregations:0|SELECT FirstName, LastName, Phone, Email, Birthdate, AccountId, Account.Name FROM Contact WHERE AccountId = :tmpVar1
08:23:42.0 (12297104)|SOQL_EXECUTE_END|[5]|Rows:1
08:23:42.0 (12317513)|HEAP_ALLOCATE|[5]|Bytes:8
08:23:42.0 (12339240)|HEAP_ALLOCATE|[5]|Bytes:219
08:23:42.0 (12407076)|HEAP_ALLOCATE|[5]|Bytes:8
08:23:42.0 (12419372)|VARIABLE_SCOPE_BEGIN|[5]|contacts|List<Contact>|true|false
08:23:42.0 (12472941)|VARIABLE_ASSIGNMENT|[5]|contacts|[{"FirstName":"Edna","LastName":"Frank","Phone":"(650) 867-3450","Email":"efrank@genepoint.com","Birthdate":"1939-11-04T00:00:00.000Z","AccountId":"0017F00000DPb63QAD","Id":"0037F000007hqfzQAA","Account":{"Name":"GenePoint","Id":"0017F00000DPb63QAD"}}]|0xa01a38a
08:23:42.0 (12487673)|STATEMENT_EXECUTE|[10]
08:23:42.0 (12496970)|SYSTEM_MODE_EXIT|false
08:23:42.12 (12520821)|CUMULATIVE_LIMIT_USAGE
08:23:42.12 (12520821)|LIMIT_USAGE_FOR_NS|(default)|
  Number of SOQL queries: 1 out of 100
  Number of query rows: 1 out of 50000
  Number of SOSL queries: 0 out of 20
  Number of DML statements: 0 out of 150
  Number of DML rows: 0 out of 10000
  Maximum CPU time: 0 out of 10000
  Maximum heap size: 0 out of 6000000
  Number of callouts: 0 out of 100
  Number of Email Invocations: 0 out of 10
  Number of future calls: 0 out of 50
  Number of queueable jobs added to the queue: 0 out of 50
  Number of Mobile Apex push calls: 0 out of 10

08:23:42.12 (12520821)|CUMULATIVE_LIMIT_USAGE_END

08:23:42.0 (12549793)|CODE_UNIT_FINISHED|accountsWithContactsClass.getAllContacts
08:23:42.0 (12614984)|CODE_UNIT_FINISHED|Aura
08:23:42.0 (13536176)|EXECUTION_FINISHED
