40.0 APEX_CODE,FINEST;APEX_PROFILING,INFO;CALLOUT,INFO;DB,INFO;SYSTEM,DEBUG;VALIDATION,INFO;VISUALFORCE,INFO;WAVE,INFO;WORKFLOW,INFO
08:14:48.0 (69445)|USER_INFO|[EXTERNAL]|0057F000000SZkg|test-d_masalsky@twistellar.com|Pacific Standard Time|GMT-07:00
08:14:48.0 (113495)|EXECUTION_STARTED
08:14:48.0 (118220)|CODE_UNIT_STARTED|[EXTERNAL]|Aura
08:14:48.0 (5959238)|HEAP_ALLOCATE|[72]|Bytes:3
08:14:48.0 (5999081)|HEAP_ALLOCATE|[77]|Bytes:152
08:14:48.0 (6015288)|HEAP_ALLOCATE|[342]|Bytes:408
08:14:48.0 (6028480)|HEAP_ALLOCATE|[355]|Bytes:408
08:14:48.0 (6038344)|HEAP_ALLOCATE|[467]|Bytes:48
08:14:48.0 (6062978)|HEAP_ALLOCATE|[139]|Bytes:6
08:14:48.0 (6079817)|HEAP_ALLOCATE|[EXTERNAL]|Bytes:1
08:14:48.0 (6091653)|HEAP_ALLOCATE|[EXTERNAL]|Bytes:1
08:14:48.0 (6779683)|CODE_UNIT_STARTED|[EXTERNAL]|01p7F000008cBuq|accountsWithContactsClass.fetchLookUpValues
08:14:48.0 (6876111)|HEAP_ALLOCATE|[EXTERNAL]|Bytes:10
08:14:48.0 (6889386)|METHOD_ENTRY|[1]|01p7F000008cBuq|accountsWithContactsClass.accountsWithContactsClass()
08:14:48.0 (6894838)|STATEMENT_EXECUTE|[1]
08:14:48.0 (6900497)|STATEMENT_EXECUTE|[1]
08:14:48.0 (6904086)|METHOD_EXIT|[1]|accountsWithContactsClass
08:14:48.0 (6909041)|HEAP_ALLOCATE|[EXTERNAL]|Bytes:1
08:14:48.0 (6918876)|SYSTEM_MODE_ENTER|false
08:14:48.0 (6926725)|VARIABLE_SCOPE_BEGIN|[20]|searchKeyWord|String|false|false
08:14:48.0 (6949381)|VARIABLE_ASSIGNMENT|[20]|searchKeyWord|"G"
08:14:48.0 (6960954)|STATEMENT_EXECUTE|[20]
08:14:48.0 (6962270)|STATEMENT_EXECUTE|[21]
08:14:48.0 (6965329)|HEAP_ALLOCATE|[21]|Bytes:1
08:14:48.0 (6978470)|HEAP_ALLOCATE|[21]|Bytes:2
08:14:48.0 (6983622)|VARIABLE_SCOPE_BEGIN|[21]|searchKey|String|false|false
08:14:48.0 (6992719)|VARIABLE_ASSIGNMENT|[21]|searchKey|"G%"
08:14:48.0 (6996466)|STATEMENT_EXECUTE|[22]
08:14:48.0 (7059469)|HEAP_ALLOCATE|[22]|Bytes:4
08:14:48.0 (7124875)|VARIABLE_SCOPE_BEGIN|[22]|returnList|List<Account>|true|false
08:14:48.0 (7138434)|HEAP_ALLOCATE|[EXTERNAL]|Bytes:4
08:14:48.0 (7148417)|VARIABLE_ASSIGNMENT|[22]|returnList|[]|0x2d173561
08:14:48.0 (7153502)|STATEMENT_EXECUTE|[23]
08:14:48.0 (7155833)|HEAP_ALLOCATE|[23]|Bytes:89
08:14:48.0 (7160176)|VARIABLE_SCOPE_BEGIN|[23]|sQuery|String|false|false
08:14:48.0 (7170791)|VARIABLE_ASSIGNMENT|[23]|sQuery|"SELECT Id, Name FROM (69 more) ..."
08:14:48.0 (7175078)|STATEMENT_EXECUTE|[24]
08:14:48.0 (7208706)|HEAP_ALLOCATE|[50]|Bytes:5
08:14:48.0 (7230467)|HEAP_ALLOCATE|[56]|Bytes:5
08:14:48.0 (7242132)|HEAP_ALLOCATE|[64]|Bytes:7
08:14:48.0 (7711562)|SOQL_EXECUTE_BEGIN|[24]|Aggregations:0|SELECT Id, Name FROM Account WHERE Name LIKE: searchKey ORDER BY CreatedDate DESC LIMIT 5
08:14:48.0 (12575623)|SOQL_EXECUTE_END|[24]|Rows:2
08:14:48.0 (12595790)|HEAP_ALLOCATE|[24]|Bytes:12
08:14:48.0 (12612881)|HEAP_ALLOCATE|[24]|Bytes:109
08:14:48.0 (12637302)|HEAP_ALLOCATE|[24]|Bytes:12
08:14:48.0 (12651490)|VARIABLE_SCOPE_BEGIN|[24]|lstOfRecords|List<Account>|true|false
08:14:48.0 (12674281)|VARIABLE_ASSIGNMENT|[24]|lstOfRecords|[{"Id":"0017F00000DPb63QAD","Name":"GenePoint"},{"Id":"0017F00000DPb5xQAD","Name":"Grand Hotels & Resor (6 more) ..."}]|0x100ece4d
08:14:48.0 (12835008)|HEAP_ALLOCATE|[25]|Bytes:5
08:14:48.0 (12871136)|HEAP_ALLOCATE|[25]|Bytes:12
08:14:48.0 (12881034)|VARIABLE_SCOPE_BEGIN|[25]|obj|Account|true|false
08:14:48.0 (12896105)|VARIABLE_ASSIGNMENT|[25]|obj|{"Id":"0017F00000DPb63QAD","Name":"GenePoint"}|0x748f4acd
08:14:48.0 (12902680)|STATEMENT_EXECUTE|[25]
08:14:48.0 (12903996)|STATEMENT_EXECUTE|[26]
08:14:48.0 (12931884)|HEAP_ALLOCATE|[EXTERNAL]|Bytes:4
08:14:48.0 (12945461)|HEAP_ALLOCATE|[25]|Bytes:5
08:14:48.0 (12958989)|HEAP_ALLOCATE|[25]|Bytes:12
08:14:48.0 (12964841)|VARIABLE_SCOPE_BEGIN|[25]|obj|Account|true|false
08:14:48.0 (12976486)|VARIABLE_ASSIGNMENT|[25]|obj|{"Id":"0017F00000DPb5xQAD","Name":"Grand Hotels & Resor (6 more) ..."}|0x12159eb7
08:14:48.0 (12981564)|STATEMENT_EXECUTE|[25]
08:14:48.0 (12982588)|STATEMENT_EXECUTE|[26]
08:14:48.0 (12987699)|HEAP_ALLOCATE|[EXTERNAL]|Bytes:4
08:14:48.0 (12995460)|HEAP_ALLOCATE|[25]|Bytes:5
08:14:48.0 (13003716)|VARIABLE_ASSIGNMENT|[25]|obj|null|
08:14:48.0 (13009026)|STATEMENT_EXECUTE|[28]
08:14:48.0 (13014019)|SYSTEM_MODE_EXIT|false
08:14:48.13 (13044163)|CUMULATIVE_LIMIT_USAGE
08:14:48.13 (13044163)|LIMIT_USAGE_FOR_NS|(default)|
  Number of SOQL queries: 1 out of 100
  Number of query rows: 2 out of 50000
  Number of SOSL queries: 0 out of 20
  Number of DML statements: 0 out of 150
  Number of DML rows: 0 out of 10000
  Maximum CPU time: 0 out of 10000
  Maximum heap size: 0 out of 6000000
  Number of callouts: 0 out of 100
  Number of Email Invocations: 0 out of 10
  Number of future calls: 0 out of 50
  Number of queueable jobs added to the queue: 0 out of 50
  Number of Mobile Apex push calls: 0 out of 10

08:14:48.13 (13044163)|CUMULATIVE_LIMIT_USAGE_END

08:14:48.0 (13074880)|CODE_UNIT_FINISHED|accountsWithContactsClass.fetchLookUpValues
08:14:48.0 (13133531)|CODE_UNIT_FINISHED|Aura
08:14:48.0 (14139580)|EXECUTION_FINISHED
