40.0 APEX_CODE,FINEST;APEX_PROFILING,INFO;CALLOUT,INFO;DB,INFO;SYSTEM,DEBUG;VALIDATION,INFO;VISUALFORCE,INFO;WAVE,INFO;WORKFLOW,INFO
07:14:07.0 (340865)|USER_INFO|[EXTERNAL]|0057F000000SZkg|test-d_masalsky@twistellar.com|Pacific Standard Time|GMT-07:00
07:14:07.0 (382958)|EXECUTION_STARTED
07:14:07.0 (387313)|CODE_UNIT_STARTED|[EXTERNAL]|01p7F000008eSte|RSS
07:14:07.0 (1927075)|HEAP_ALLOCATE|[EXTERNAL]|Bytes:4
07:14:07.0 (2099083)|HEAP_ALLOCATE|[72]|Bytes:3
07:14:07.0 (2135793)|HEAP_ALLOCATE|[77]|Bytes:152
07:14:07.0 (2147913)|HEAP_ALLOCATE|[342]|Bytes:408
07:14:07.0 (2159775)|HEAP_ALLOCATE|[355]|Bytes:408
07:14:07.0 (2170937)|HEAP_ALLOCATE|[467]|Bytes:48
07:14:07.0 (2197921)|HEAP_ALLOCATE|[139]|Bytes:6
07:14:07.0 (2235524)|HEAP_ALLOCATE|[EXTERNAL]|Bytes:11
07:14:07.0 (2249901)|SYSTEM_METHOD_ENTRY|[15]|BatchableContextImpl.BatchableContextImpl()
07:14:07.0 (2255224)|STATEMENT_EXECUTE|[15]
07:14:07.0 (2264128)|SYSTEM_METHOD_EXIT|[15]|BatchableContextImpl
07:14:07.0 (2270627)|HEAP_ALLOCATE|[EXTERNAL]|Bytes:12
07:14:07.0 (2274817)|HEAP_ALLOCATE|[EXTERNAL]|Bytes:4
07:14:07.0 (2280197)|VARIABLE_SCOPE_BEGIN|[31]|this|Database.BatchableContextImpl|true|false
07:14:07.0 (2333906)|VARIABLE_ASSIGNMENT|[31]|this|{}|0x2cc6f22f
07:14:07.0 (2341008)|VARIABLE_SCOPE_BEGIN|[31]|jobId|Id|false|false
07:14:07.0 (2417861)|VARIABLE_ASSIGNMENT|[31]|jobId|"7077F00000ohvqmQAA"
07:14:07.0 (2424343)|VARIABLE_SCOPE_BEGIN|[31]|childJobId|Id|false|false
07:14:07.0 (2432082)|VARIABLE_ASSIGNMENT|[31]|childJobId|null
07:14:07.0 (7136053)|HEAP_ALLOCATE|[EXTERNAL]|Bytes:82
07:14:07.0 (7146668)|HEAP_ALLOCATE|[EXTERNAL]|Bytes:22
07:14:07.0 (7150360)|HEAP_ALLOCATE|[EXTERNAL]|Bytes:7
07:14:07.0 (7159950)|METHOD_ENTRY|[1]|01p7F000008eSte|RSS.RSS()
07:14:07.0 (7165029)|STATEMENT_EXECUTE|[1]
07:14:07.0 (7168562)|STATEMENT_EXECUTE|[1]
07:14:07.0 (7172788)|METHOD_EXIT|[1]|RSS
07:14:07.0 (7177791)|HEAP_ALLOCATE|[EXTERNAL]|Bytes:4
07:14:07.0 (7180654)|HEAP_ALLOCATE|[EXTERNAL]|Bytes:12
07:14:07.0 (7186142)|VARIABLE_SCOPE_BEGIN|[111]|this|RSS|true|false
07:14:07.0 (7204679)|VARIABLE_ASSIGNMENT|[111]|this|{}|0x64696e25
07:14:07.0 (7210679)|VARIABLE_SCOPE_BEGIN|[111]|bc|Database.BatchableContext|true|false
07:14:07.0 (7567342)|VARIABLE_ASSIGNMENT|[111]|bc|{"jobId":"7077F00000ohvqmQAA"}|0x2cc6f22f
07:14:07.0 (7580102)|STATEMENT_EXECUTE|[111]
07:14:07.13 (13100159)|CUMULATIVE_LIMIT_USAGE
07:14:07.13 (13100159)|LIMIT_USAGE_FOR_NS|(default)|
  Number of SOQL queries: 0 out of 200
  Number of query rows: 0 out of 50000
  Number of SOSL queries: 0 out of 20
  Number of DML statements: 0 out of 150
  Number of DML rows: 0 out of 10000
  Maximum CPU time: 0 out of 60000
  Maximum heap size: 0 out of 12000000
  Number of callouts: 0 out of 0
  Number of Email Invocations: 0 out of 10
  Number of future calls: 0 out of 0
  Number of queueable jobs added to the queue: 0 out of 1
  Number of Mobile Apex push calls: 0 out of 10

07:14:07.13 (13100159)|CUMULATIVE_LIMIT_USAGE_END

07:14:07.0 (13136888)|CODE_UNIT_FINISHED|RSS
07:14:07.0 (13837336)|EXECUTION_FINISHED
