40.0 APEX_CODE,FINEST;APEX_PROFILING,INFO;CALLOUT,INFO;DB,INFO;SYSTEM,DEBUG;VALIDATION,INFO;VISUALFORCE,INFO;WAVE,INFO;WORKFLOW,INFO
08:15:07.0 (71683)|USER_INFO|[EXTERNAL]|0057F000000SZkg|test-d_masalsky@twistellar.com|Pacific Standard Time|GMT-07:00
08:15:07.0 (113612)|EXECUTION_STARTED
08:15:07.0 (118269)|CODE_UNIT_STARTED|[EXTERNAL]|Aura
08:15:07.0 (5733823)|HEAP_ALLOCATE|[72]|Bytes:3
08:15:07.0 (5773611)|HEAP_ALLOCATE|[77]|Bytes:152
08:15:07.0 (5790122)|HEAP_ALLOCATE|[342]|Bytes:408
08:15:07.0 (5801661)|HEAP_ALLOCATE|[355]|Bytes:408
08:15:07.0 (5811564)|HEAP_ALLOCATE|[467]|Bytes:48
08:15:07.0 (5838285)|HEAP_ALLOCATE|[139]|Bytes:6
08:15:07.0 (5850420)|HEAP_ALLOCATE|[EXTERNAL]|Bytes:18
08:15:07.0 (5869405)|HEAP_ALLOCATE|[EXTERNAL]|Bytes:4
08:15:07.0 (6533611)|CODE_UNIT_STARTED|[EXTERNAL]|01p7F000008cBuq|accountsWithContactsClass.getAllContacts
08:15:07.0 (6645972)|HEAP_ALLOCATE|[EXTERNAL]|Bytes:10
08:15:07.0 (6666143)|METHOD_ENTRY|[1]|01p7F000008cBuq|accountsWithContactsClass.accountsWithContactsClass()
08:15:07.0 (6676251)|STATEMENT_EXECUTE|[1]
08:15:07.0 (6684121)|STATEMENT_EXECUTE|[1]
08:15:07.0 (6689558)|METHOD_EXIT|[1]|accountsWithContactsClass
08:15:07.0 (6698175)|HEAP_ALLOCATE|[EXTERNAL]|Bytes:4
08:15:07.0 (6712553)|SYSTEM_MODE_ENTER|false
08:15:07.0 (6723129)|VARIABLE_SCOPE_BEGIN|[4]|accountId|Id|false|false
08:15:07.0 (6888999)|VARIABLE_ASSIGNMENT|[4]|accountId|"0017F00000DPb63QAD"
08:15:07.0 (6904085)|STATEMENT_EXECUTE|[4]
08:15:07.0 (6905402)|STATEMENT_EXECUTE|[5]
08:15:07.0 (6908696)|HEAP_ALLOCATE|[5]|Bytes:116
08:15:07.0 (6922524)|HEAP_ALLOCATE|[5]|Bytes:4
08:15:07.0 (6936056)|HEAP_ALLOCATE|[5]|Bytes:7
08:15:07.0 (6983997)|HEAP_ALLOCATE|[50]|Bytes:5
08:15:07.0 (7007222)|HEAP_ALLOCATE|[56]|Bytes:5
08:15:07.0 (7014776)|HEAP_ALLOCATE|[64]|Bytes:7
08:15:07.0 (7747518)|SOQL_EXECUTE_BEGIN|[5]|Aggregations:0|SELECT FirstName, LastName, Phone, Email, Birthdate, AccountId, Account.Name FROM Contact WHERE AccountId = :tmpVar1
08:15:07.0 (11506669)|SOQL_EXECUTE_END|[5]|Rows:1
08:15:07.0 (11527014)|HEAP_ALLOCATE|[5]|Bytes:8
08:15:07.0 (11548748)|HEAP_ALLOCATE|[5]|Bytes:219
08:15:07.0 (11615517)|HEAP_ALLOCATE|[5]|Bytes:8
08:15:07.0 (11628235)|VARIABLE_SCOPE_BEGIN|[5]|contacts|List<Contact>|true|false
08:15:07.0 (11677440)|VARIABLE_ASSIGNMENT|[5]|contacts|[{"FirstName":"Edna","LastName":"Frank","Phone":"(650) 867-3450","Email":"efrank@genepoint.com","Birthdate":"1939-11-04T00:00:00.000Z","AccountId":"0017F00000DPb63QAD","Id":"0037F000007hqfzQAA","Account":{"Name":"GenePoint","Id":"0017F00000DPb63QAD"}}]|0x7e568224
08:15:07.0 (11687295)|STATEMENT_EXECUTE|[10]
08:15:07.0 (11695241)|SYSTEM_MODE_EXIT|false
08:15:07.11 (11723203)|CUMULATIVE_LIMIT_USAGE
08:15:07.11 (11723203)|LIMIT_USAGE_FOR_NS|(default)|
  Number of SOQL queries: 1 out of 100
  Number of query rows: 1 out of 50000
  Number of SOSL queries: 0 out of 20
  Number of DML statements: 0 out of 150
  Number of DML rows: 0 out of 10000
  Maximum CPU time: 0 out of 10000
  Maximum heap size: 0 out of 6000000
  Number of callouts: 0 out of 100
  Number of Email Invocations: 0 out of 10
  Number of future calls: 0 out of 50
  Number of queueable jobs added to the queue: 0 out of 50
  Number of Mobile Apex push calls: 0 out of 10

08:15:07.11 (11723203)|CUMULATIVE_LIMIT_USAGE_END

08:15:07.0 (11754443)|CODE_UNIT_FINISHED|accountsWithContactsClass.getAllContacts
08:15:07.0 (11821140)|CODE_UNIT_FINISHED|Aura
08:15:07.0 (12725991)|EXECUTION_FINISHED
