40.0 APEX_CODE,FINEST;APEX_PROFILING,INFO;CALLOUT,INFO;DB,INFO;SYSTEM,DEBUG;VALIDATION,INFO;VISUALFORCE,INFO;WAVE,INFO;WORKFLOW,INFO
06:14:00.0 (359505)|USER_INFO|[EXTERNAL]|0057F000000SZkg|test-d_masalsky@twistellar.com|Pacific Standard Time|GMT-07:00
06:14:00.0 (429851)|EXECUTION_STARTED
06:14:00.0 (434978)|CODE_UNIT_STARTED|[EXTERNAL]|01p7F000008eP5o|13setDiscountsStatusScheduler
06:14:00.0 (6481391)|HEAP_ALLOCATE|[72]|Bytes:3
06:14:00.0 (6525535)|HEAP_ALLOCATE|[77]|Bytes:152
06:14:00.0 (6544656)|HEAP_ALLOCATE|[342]|Bytes:408
06:14:00.0 (6568654)|HEAP_ALLOCATE|[355]|Bytes:408
06:14:00.0 (6591484)|HEAP_ALLOCATE|[467]|Bytes:48
06:14:00.0 (6623207)|HEAP_ALLOCATE|[139]|Bytes:6
06:14:00.0 (6644401)|HEAP_ALLOCATE|[EXTERNAL]|Bytes:3
06:14:00.0 (6663434)|SYSTEM_METHOD_ENTRY|[1]|SchedulableContextImpl.SchedulableContextImpl()
06:14:00.0 (6670840)|STATEMENT_EXECUTE|[1]
06:14:00.0 (6682550)|SYSTEM_METHOD_EXIT|[1]|SchedulableContextImpl
06:14:00.0 (6690671)|HEAP_ALLOCATE|[EXTERNAL]|Bytes:8
06:14:00.0 (6695322)|HEAP_ALLOCATE|[EXTERNAL]|Bytes:4
06:14:00.0 (6704042)|VARIABLE_SCOPE_BEGIN|[4]|this|System.SchedulableContextImpl|true|false
06:14:00.0 (6783087)|VARIABLE_ASSIGNMENT|[4]|this|{}|0x6bb53709
06:14:00.0 (6796047)|VARIABLE_SCOPE_BEGIN|[4]|triggerId|Id|false|false
06:14:00.0 (6905361)|VARIABLE_ASSIGNMENT|[4]|triggerId|"08e7F000005BCevQAG"
06:14:00.0 (7035684)|HEAP_ALLOCATE|[EXTERNAL]|Bytes:1
06:14:00.0 (7061352)|METHOD_ENTRY|[1]|01p7F000008eP5o|checkDiscountsStatusScheduler.checkDiscountsStatusScheduler()
06:14:00.0 (7068405)|STATEMENT_EXECUTE|[1]
06:14:00.0 (7072729)|STATEMENT_EXECUTE|[1]
06:14:00.0 (7077299)|METHOD_EXIT|[1]|checkDiscountsStatusScheduler
06:14:00.0 (7088280)|HEAP_ALLOCATE|[EXTERNAL]|Bytes:4
06:14:00.0 (7092556)|HEAP_ALLOCATE|[EXTERNAL]|Bytes:8
06:14:00.0 (7133111)|VARIABLE_SCOPE_BEGIN|[3]|this|checkDiscountsStatusScheduler|true|false
06:14:00.0 (7155770)|VARIABLE_ASSIGNMENT|[3]|this|{}|0x6eb01e91
06:14:00.0 (7164186)|VARIABLE_SCOPE_BEGIN|[3]|ctx|System.SchedulableContext|true|false
06:14:00.0 (7255153)|VARIABLE_ASSIGNMENT|[3]|ctx|{"triggerId":"08e7F000005BCevQAG"}|0x6bb53709
06:14:00.0 (7270021)|STATEMENT_EXECUTE|[3]
06:14:00.0 (7271785)|STATEMENT_EXECUTE|[4]
06:14:00.0 (26152772)|HEAP_ALLOCATE|[4]|Bytes:82
06:14:00.0 (26175605)|HEAP_ALLOCATE|[4]|Bytes:22
06:14:00.0 (26182375)|HEAP_ALLOCATE|[4]|Bytes:7
06:14:00.0 (26213041)|METHOD_ENTRY|[1]|01p7F000008eSte|RSS.RSS()
06:14:00.0 (26223548)|STATEMENT_EXECUTE|[1]
06:14:00.0 (26230542)|STATEMENT_EXECUTE|[1]
06:14:00.0 (26240644)|METHOD_EXIT|[1]|RSS
06:14:00.0 (26261023)|HEAP_ALLOCATE|[4]|Bytes:4
06:14:00.0 (26618881)|CONSTRUCTOR_ENTRY|[4]|01p7F000008eSte|<init>()
06:14:00.0 (26673191)|VARIABLE_SCOPE_BEGIN|[1]|this|RSS|true|false
06:14:00.0 (26724127)|VARIABLE_ASSIGNMENT|[1]|this|{}|0x16aef4bf
06:14:00.0 (26751162)|STATEMENT_EXECUTE|[1]
06:14:00.0 (26766108)|CONSTRUCTOR_EXIT|[4]|01p7F000008eSte|<init>()
06:14:00.0 (26775001)|VARIABLE_SCOPE_BEGIN|[4]|myBatch|RSS|true|false
06:14:00.0 (26795166)|VARIABLE_ASSIGNMENT|[4]|myBatch|{}|0x16aef4bf
06:14:00.0 (26803750)|STATEMENT_EXECUTE|[5]
06:14:00.0 (26820338)|HEAP_ALLOCATE|[50]|Bytes:5
06:14:00.0 (26835234)|HEAP_ALLOCATE|[56]|Bytes:5
06:14:00.0 (26843082)|HEAP_ALLOCATE|[64]|Bytes:7
06:14:00.56 (56621149)|CUMULATIVE_LIMIT_USAGE
06:14:00.56 (56621149)|LIMIT_USAGE_FOR_NS|(default)|
  Number of SOQL queries: 0 out of 100
  Number of query rows: 0 out of 50000
  Number of SOSL queries: 0 out of 20
  Number of DML statements: 0 out of 150
  Number of DML rows: 0 out of 10000
  Maximum CPU time: 0 out of 10000
  Maximum heap size: 0 out of 6000000
  Number of callouts: 0 out of 100
  Number of Email Invocations: 0 out of 10
  Number of future calls: 0 out of 50
  Number of queueable jobs added to the queue: 0 out of 50
  Number of Mobile Apex push calls: 0 out of 10

06:14:00.56 (56621149)|CUMULATIVE_LIMIT_USAGE_END

06:14:00.0 (56666938)|CODE_UNIT_FINISHED|13setDiscountsStatusScheduler
06:14:00.0 (57431517)|EXECUTION_FINISHED
