40.0 APEX_CODE,FINEST;APEX_PROFILING,INFO;CALLOUT,INFO;DB,INFO;SYSTEM,DEBUG;VALIDATION,INFO;VISUALFORCE,INFO;WAVE,INFO;WORKFLOW,INFO
08:13:45.0 (69426)|USER_INFO|[EXTERNAL]|0057F000000SZkg|test-d_masalsky@twistellar.com|Pacific Standard Time|GMT-07:00
08:13:45.0 (120964)|EXECUTION_STARTED
08:13:45.0 (125788)|CODE_UNIT_STARTED|[EXTERNAL]|Aura
08:13:45.0 (5779492)|HEAP_ALLOCATE|[72]|Bytes:3
08:13:45.0 (5824548)|HEAP_ALLOCATE|[77]|Bytes:152
08:13:45.0 (5840539)|HEAP_ALLOCATE|[342]|Bytes:408
08:13:45.0 (5853402)|HEAP_ALLOCATE|[355]|Bytes:408
08:13:45.0 (5868434)|HEAP_ALLOCATE|[467]|Bytes:48
08:13:45.0 (5896976)|HEAP_ALLOCATE|[139]|Bytes:6
08:13:45.0 (5909880)|HEAP_ALLOCATE|[EXTERNAL]|Bytes:18
08:13:45.0 (5926960)|HEAP_ALLOCATE|[EXTERNAL]|Bytes:4
08:13:45.0 (6646136)|CODE_UNIT_STARTED|[EXTERNAL]|01p7F000008cBuq|accountsWithContactsClass.getAllContacts
08:13:45.0 (6746768)|HEAP_ALLOCATE|[EXTERNAL]|Bytes:10
08:13:45.0 (6760470)|METHOD_ENTRY|[1]|01p7F000008cBuq|accountsWithContactsClass.accountsWithContactsClass()
08:13:45.0 (6766829)|STATEMENT_EXECUTE|[1]
08:13:45.0 (6772143)|STATEMENT_EXECUTE|[1]
08:13:45.0 (6775699)|METHOD_EXIT|[1]|accountsWithContactsClass
08:13:45.0 (6781084)|HEAP_ALLOCATE|[EXTERNAL]|Bytes:4
08:13:45.0 (6792068)|SYSTEM_MODE_ENTER|false
08:13:45.0 (6799437)|VARIABLE_SCOPE_BEGIN|[4]|accountId|Id|false|false
08:13:45.0 (6934537)|VARIABLE_ASSIGNMENT|[4]|accountId|"0017F00000DPb63QAD"
08:13:45.0 (6947385)|STATEMENT_EXECUTE|[4]
08:13:45.0 (6948538)|STATEMENT_EXECUTE|[5]
08:13:45.0 (6950959)|HEAP_ALLOCATE|[5]|Bytes:116
08:13:45.0 (6962685)|HEAP_ALLOCATE|[5]|Bytes:4
08:13:45.0 (6974586)|HEAP_ALLOCATE|[5]|Bytes:7
08:13:45.0 (7019340)|HEAP_ALLOCATE|[50]|Bytes:5
08:13:45.0 (7043895)|HEAP_ALLOCATE|[56]|Bytes:5
08:13:45.0 (7051082)|HEAP_ALLOCATE|[64]|Bytes:7
08:13:45.0 (7747292)|SOQL_EXECUTE_BEGIN|[5]|Aggregations:0|SELECT FirstName, LastName, Phone, Email, Birthdate, AccountId, Account.Name FROM Contact WHERE AccountId = :tmpVar1
08:13:45.0 (12536894)|SOQL_EXECUTE_END|[5]|Rows:1
08:13:45.0 (12557854)|HEAP_ALLOCATE|[5]|Bytes:8
08:13:45.0 (12589674)|HEAP_ALLOCATE|[5]|Bytes:219
08:13:45.0 (12676634)|HEAP_ALLOCATE|[5]|Bytes:8
08:13:45.0 (12689868)|VARIABLE_SCOPE_BEGIN|[5]|contacts|List<Contact>|true|false
08:13:45.0 (12752975)|VARIABLE_ASSIGNMENT|[5]|contacts|[{"FirstName":"Edna","LastName":"Frank","Phone":"(650) 867-3450","Email":"efrank@genepoint.com","Birthdate":"1939-11-04T00:00:00.000Z","AccountId":"0017F00000DPb63QAD","Id":"0037F000007hqfzQAA","Account":{"Name":"GenePoint","Id":"0017F00000DPb63QAD"}}]|0x250f82db
08:13:45.0 (12763760)|STATEMENT_EXECUTE|[10]
08:13:45.0 (12772833)|SYSTEM_MODE_EXIT|false
08:13:45.12 (12819473)|CUMULATIVE_LIMIT_USAGE
08:13:45.12 (12819473)|LIMIT_USAGE_FOR_NS|(default)|
  Number of SOQL queries: 1 out of 100
  Number of query rows: 1 out of 50000
  Number of SOSL queries: 0 out of 20
  Number of DML statements: 0 out of 150
  Number of DML rows: 0 out of 10000
  Maximum CPU time: 0 out of 10000
  Maximum heap size: 0 out of 6000000
  Number of callouts: 0 out of 100
  Number of Email Invocations: 0 out of 10
  Number of future calls: 0 out of 50
  Number of queueable jobs added to the queue: 0 out of 50
  Number of Mobile Apex push calls: 0 out of 10

08:13:45.12 (12819473)|CUMULATIVE_LIMIT_USAGE_END

08:13:45.0 (12873082)|CODE_UNIT_FINISHED|accountsWithContactsClass.getAllContacts
08:13:45.0 (12960319)|CODE_UNIT_FINISHED|Aura
08:13:45.0 (13949847)|EXECUTION_FINISHED
