40.0 APEX_CODE,FINEST;APEX_PROFILING,INFO;CALLOUT,INFO;DB,INFO;SYSTEM,DEBUG;VALIDATION,INFO;VISUALFORCE,INFO;WAVE,INFO;WORKFLOW,INFO
07:34:13.0 (79379)|USER_INFO|[EXTERNAL]|0057F000000SZkg|test-d_masalsky@twistellar.com|Pacific Standard Time|GMT-07:00
07:34:13.0 (121267)|EXECUTION_STARTED
07:34:13.0 (125233)|CODE_UNIT_STARTED|[EXTERNAL]|Aura
07:34:13.0 (7028133)|HEAP_ALLOCATE|[72]|Bytes:3
07:34:13.0 (7058128)|HEAP_ALLOCATE|[77]|Bytes:152
07:34:13.0 (7072067)|HEAP_ALLOCATE|[342]|Bytes:408
07:34:13.0 (7086318)|HEAP_ALLOCATE|[355]|Bytes:408
07:34:13.0 (7096531)|HEAP_ALLOCATE|[467]|Bytes:48
07:34:13.0 (7121267)|HEAP_ALLOCATE|[139]|Bytes:6
07:34:13.0 (7133080)|HEAP_ALLOCATE|[EXTERNAL]|Bytes:18
07:34:13.0 (7166303)|HEAP_ALLOCATE|[EXTERNAL]|Bytes:4
07:34:13.0 (8154685)|CODE_UNIT_STARTED|[EXTERNAL]|01p7F000008cBuq|accountsWithContactsClass.getAllContacts
07:34:13.0 (8313132)|HEAP_ALLOCATE|[EXTERNAL]|Bytes:10
07:34:13.0 (8351047)|METHOD_ENTRY|[1]|01p7F000008cBuq|accountsWithContactsClass.accountsWithContactsClass()
07:34:13.0 (8366171)|STATEMENT_EXECUTE|[1]
07:34:13.0 (8383992)|STATEMENT_EXECUTE|[1]
07:34:13.0 (8389259)|METHOD_EXIT|[1]|accountsWithContactsClass
07:34:13.0 (8395558)|HEAP_ALLOCATE|[EXTERNAL]|Bytes:4
07:34:13.0 (8404800)|SYSTEM_MODE_ENTER|false
07:34:13.0 (8413641)|VARIABLE_SCOPE_BEGIN|[4]|accountId|Id|false|false
07:34:13.0 (8564997)|VARIABLE_ASSIGNMENT|[4]|accountId|"0017F00000DPb63QAD"
07:34:13.0 (8580628)|STATEMENT_EXECUTE|[4]
07:34:13.0 (8581888)|STATEMENT_EXECUTE|[5]
07:34:13.0 (8584930)|HEAP_ALLOCATE|[5]|Bytes:116
07:34:13.0 (8594805)|HEAP_ALLOCATE|[5]|Bytes:4
07:34:13.0 (8604124)|HEAP_ALLOCATE|[5]|Bytes:7
07:34:13.0 (8653599)|HEAP_ALLOCATE|[50]|Bytes:5
07:34:13.0 (8678301)|HEAP_ALLOCATE|[56]|Bytes:5
07:34:13.0 (8685519)|HEAP_ALLOCATE|[64]|Bytes:7
07:34:13.0 (9363764)|SOQL_EXECUTE_BEGIN|[5]|Aggregations:0|SELECT FirstName, LastName, Phone, Email, Birthdate, AccountId, Account.Name FROM Contact WHERE AccountId = :tmpVar1
07:34:13.0 (22242040)|SOQL_EXECUTE_END|[5]|Rows:1
07:34:13.0 (22260074)|HEAP_ALLOCATE|[5]|Bytes:8
07:34:13.0 (22278283)|HEAP_ALLOCATE|[5]|Bytes:219
07:34:13.0 (22299584)|HEAP_ALLOCATE|[5]|Bytes:8
07:34:13.0 (22309987)|VARIABLE_SCOPE_BEGIN|[5]|contacts|List<Contact>|true|false
07:34:13.0 (22358301)|VARIABLE_ASSIGNMENT|[5]|contacts|[{"FirstName":"Edna","LastName":"Frank","Phone":"(650) 867-3450","Email":"efrank@genepoint.com","Birthdate":"1939-11-04T00:00:00.000Z","AccountId":"0017F00000DPb63QAD","Id":"0037F000007hqfzQAA","Account":{"Name":"GenePoint","Id":"0017F00000DPb63QAD"}}]|0x32e791b6
07:34:13.0 (22368553)|STATEMENT_EXECUTE|[10]
07:34:13.0 (22377495)|SYSTEM_MODE_EXIT|false
07:34:13.22 (22409882)|CUMULATIVE_LIMIT_USAGE
07:34:13.22 (22409882)|LIMIT_USAGE_FOR_NS|(default)|
  Number of SOQL queries: 1 out of 100
  Number of query rows: 1 out of 50000
  Number of SOSL queries: 0 out of 20
  Number of DML statements: 0 out of 150
  Number of DML rows: 0 out of 10000
  Maximum CPU time: 0 out of 10000
  Maximum heap size: 0 out of 6000000
  Number of callouts: 0 out of 100
  Number of Email Invocations: 0 out of 10
  Number of future calls: 0 out of 50
  Number of queueable jobs added to the queue: 0 out of 50
  Number of Mobile Apex push calls: 0 out of 10

07:34:13.22 (22409882)|CUMULATIVE_LIMIT_USAGE_END

07:34:13.0 (22449957)|CODE_UNIT_FINISHED|accountsWithContactsClass.getAllContacts
07:34:13.0 (22534792)|CODE_UNIT_FINISHED|Aura
07:34:13.0 (23578042)|EXECUTION_FINISHED
