40.0 APEX_CODE,FINEST;APEX_PROFILING,INFO;CALLOUT,INFO;DB,INFO;SYSTEM,DEBUG;VALIDATION,INFO;VISUALFORCE,INFO;WAVE,INFO;WORKFLOW,INFO
08:20:27.0 (69094)|USER_INFO|[EXTERNAL]|0057F000000SZkg|test-d_masalsky@twistellar.com|Pacific Standard Time|GMT-07:00
08:20:27.0 (107587)|EXECUTION_STARTED
08:20:27.0 (112120)|CODE_UNIT_STARTED|[EXTERNAL]|Aura
08:20:27.0 (5942442)|HEAP_ALLOCATE|[72]|Bytes:3
08:20:27.0 (5982065)|HEAP_ALLOCATE|[77]|Bytes:152
08:20:27.0 (5998065)|HEAP_ALLOCATE|[342]|Bytes:408
08:20:27.0 (6010376)|HEAP_ALLOCATE|[355]|Bytes:408
08:20:27.0 (6020495)|HEAP_ALLOCATE|[467]|Bytes:48
08:20:27.0 (6047044)|HEAP_ALLOCATE|[139]|Bytes:6
08:20:27.0 (6059087)|HEAP_ALLOCATE|[EXTERNAL]|Bytes:18
08:20:27.0 (6076034)|HEAP_ALLOCATE|[EXTERNAL]|Bytes:4
08:20:27.0 (6713901)|CODE_UNIT_STARTED|[EXTERNAL]|01p7F000008cBuq|accountsWithContactsClass.getAllContacts
08:20:27.0 (6812066)|HEAP_ALLOCATE|[EXTERNAL]|Bytes:10
08:20:27.0 (6825245)|METHOD_ENTRY|[1]|01p7F000008cBuq|accountsWithContactsClass.accountsWithContactsClass()
08:20:27.0 (6831667)|STATEMENT_EXECUTE|[1]
08:20:27.0 (6837360)|STATEMENT_EXECUTE|[1]
08:20:27.0 (6840880)|METHOD_EXIT|[1]|accountsWithContactsClass
08:20:27.0 (6846807)|HEAP_ALLOCATE|[EXTERNAL]|Bytes:4
08:20:27.0 (6857880)|SYSTEM_MODE_ENTER|false
08:20:27.0 (6864563)|VARIABLE_SCOPE_BEGIN|[4]|accountId|Id|false|false
08:20:27.0 (6984006)|VARIABLE_ASSIGNMENT|[4]|accountId|"0017F00000DPb63QAD"
08:20:27.0 (6996821)|STATEMENT_EXECUTE|[4]
08:20:27.0 (6998103)|STATEMENT_EXECUTE|[5]
08:20:27.0 (7000283)|HEAP_ALLOCATE|[5]|Bytes:116
08:20:27.0 (7012994)|HEAP_ALLOCATE|[5]|Bytes:4
08:20:27.0 (7025069)|HEAP_ALLOCATE|[5]|Bytes:7
08:20:27.0 (7070302)|HEAP_ALLOCATE|[50]|Bytes:5
08:20:27.0 (7092751)|HEAP_ALLOCATE|[56]|Bytes:5
08:20:27.0 (7098852)|HEAP_ALLOCATE|[64]|Bytes:7
08:20:27.0 (7731536)|SOQL_EXECUTE_BEGIN|[5]|Aggregations:0|SELECT FirstName, LastName, Phone, Email, Birthdate, AccountId, Account.Name FROM Contact WHERE AccountId = :tmpVar1
08:20:27.0 (11157038)|SOQL_EXECUTE_END|[5]|Rows:1
08:20:27.0 (11178268)|HEAP_ALLOCATE|[5]|Bytes:8
08:20:27.0 (11198447)|HEAP_ALLOCATE|[5]|Bytes:219
08:20:27.0 (11265543)|HEAP_ALLOCATE|[5]|Bytes:8
08:20:27.0 (11277543)|VARIABLE_SCOPE_BEGIN|[5]|contacts|List<Contact>|true|false
08:20:27.0 (11326779)|VARIABLE_ASSIGNMENT|[5]|contacts|[{"FirstName":"Edna","LastName":"Frank","Phone":"(650) 867-3450","Email":"efrank@genepoint.com","Birthdate":"1939-11-04T00:00:00.000Z","AccountId":"0017F00000DPb63QAD","Id":"0037F000007hqfzQAA","Account":{"Name":"GenePoint","Id":"0017F00000DPb63QAD"}}]|0x4bb6a7f4
08:20:27.0 (11337545)|STATEMENT_EXECUTE|[10]
08:20:27.0 (11345592)|SYSTEM_MODE_EXIT|false
08:20:27.11 (11370531)|CUMULATIVE_LIMIT_USAGE
08:20:27.11 (11370531)|LIMIT_USAGE_FOR_NS|(default)|
  Number of SOQL queries: 1 out of 100
  Number of query rows: 1 out of 50000
  Number of SOSL queries: 0 out of 20
  Number of DML statements: 0 out of 150
  Number of DML rows: 0 out of 10000
  Maximum CPU time: 0 out of 10000
  Maximum heap size: 0 out of 6000000
  Number of callouts: 0 out of 100
  Number of Email Invocations: 0 out of 10
  Number of future calls: 0 out of 50
  Number of queueable jobs added to the queue: 0 out of 50
  Number of Mobile Apex push calls: 0 out of 10

08:20:27.11 (11370531)|CUMULATIVE_LIMIT_USAGE_END

08:20:27.0 (11401785)|CODE_UNIT_FINISHED|accountsWithContactsClass.getAllContacts
08:20:27.0 (11472413)|CODE_UNIT_FINISHED|Aura
08:20:27.0 (12403463)|EXECUTION_FINISHED
