40.0 APEX_CODE,FINEST;APEX_PROFILING,INFO;CALLOUT,INFO;DB,INFO;SYSTEM,DEBUG;VALIDATION,INFO;VISUALFORCE,INFO;WAVE,INFO;WORKFLOW,INFO
08:10:52.0 (86852)|USER_INFO|[EXTERNAL]|0057F000000SZkg|test-d_masalsky@twistellar.com|Pacific Standard Time|GMT-07:00
08:10:52.0 (149522)|EXECUTION_STARTED
08:10:52.0 (155818)|CODE_UNIT_STARTED|[EXTERNAL]|Aura
08:10:52.0 (6177989)|HEAP_ALLOCATE|[72]|Bytes:3
08:10:52.0 (6218513)|HEAP_ALLOCATE|[77]|Bytes:152
08:10:52.0 (6234750)|HEAP_ALLOCATE|[342]|Bytes:408
08:10:52.0 (6247501)|HEAP_ALLOCATE|[355]|Bytes:408
08:10:52.0 (6260688)|HEAP_ALLOCATE|[467]|Bytes:48
08:10:52.0 (6289180)|HEAP_ALLOCATE|[139]|Bytes:6
08:10:52.0 (6302869)|HEAP_ALLOCATE|[EXTERNAL]|Bytes:18
08:10:52.0 (6322661)|HEAP_ALLOCATE|[EXTERNAL]|Bytes:4
08:10:52.0 (6992832)|CODE_UNIT_STARTED|[EXTERNAL]|01p7F000008cBuq|accountsWithContactsClass.getAllContacts
08:10:52.0 (7093078)|HEAP_ALLOCATE|[EXTERNAL]|Bytes:10
08:10:52.0 (7107304)|METHOD_ENTRY|[1]|01p7F000008cBuq|accountsWithContactsClass.accountsWithContactsClass()
08:10:52.0 (7113598)|STATEMENT_EXECUTE|[1]
08:10:52.0 (7119326)|STATEMENT_EXECUTE|[1]
08:10:52.0 (7123107)|METHOD_EXIT|[1]|accountsWithContactsClass
08:10:52.0 (7128375)|HEAP_ALLOCATE|[EXTERNAL]|Bytes:4
08:10:52.0 (7140488)|SYSTEM_MODE_ENTER|false
08:10:52.0 (7147775)|VARIABLE_SCOPE_BEGIN|[4]|accountId|Id|false|false
08:10:52.0 (7266763)|VARIABLE_ASSIGNMENT|[4]|accountId|"0017F00000DPb63QAD"
08:10:52.0 (7280438)|STATEMENT_EXECUTE|[4]
08:10:52.0 (7281736)|STATEMENT_EXECUTE|[5]
08:10:52.0 (7284166)|HEAP_ALLOCATE|[5]|Bytes:116
08:10:52.0 (7298097)|HEAP_ALLOCATE|[5]|Bytes:4
08:10:52.0 (7313726)|HEAP_ALLOCATE|[5]|Bytes:7
08:10:52.0 (7361344)|HEAP_ALLOCATE|[50]|Bytes:5
08:10:52.0 (7385299)|HEAP_ALLOCATE|[56]|Bytes:5
08:10:52.0 (7392487)|HEAP_ALLOCATE|[64]|Bytes:7
08:10:52.0 (7935405)|SOQL_EXECUTE_BEGIN|[5]|Aggregations:0|SELECT FirstName, LastName, Phone, Email, Birthdate, AccountId, Account.Name FROM Contact WHERE AccountId = :tmpVar1
08:10:52.0 (12210398)|SOQL_EXECUTE_END|[5]|Rows:1
08:10:52.0 (12232244)|HEAP_ALLOCATE|[5]|Bytes:8
08:10:52.0 (12256086)|HEAP_ALLOCATE|[5]|Bytes:219
08:10:52.0 (12331065)|HEAP_ALLOCATE|[5]|Bytes:8
08:10:52.0 (12343705)|VARIABLE_SCOPE_BEGIN|[5]|contacts|List<Contact>|true|false
08:10:52.0 (12394633)|VARIABLE_ASSIGNMENT|[5]|contacts|[{"FirstName":"Edna","LastName":"Frank","Phone":"(650) 867-3450","Email":"efrank@genepoint.com","Birthdate":"1939-11-04T00:00:00.000Z","AccountId":"0017F00000DPb63QAD","Id":"0037F000007hqfzQAA","Account":{"Name":"GenePoint","Id":"0017F00000DPb63QAD"}}]|0x7f75b548
08:10:52.0 (12404960)|STATEMENT_EXECUTE|[10]
08:10:52.0 (12413525)|SYSTEM_MODE_EXIT|false
08:10:52.12 (12445598)|CUMULATIVE_LIMIT_USAGE
08:10:52.12 (12445598)|LIMIT_USAGE_FOR_NS|(default)|
  Number of SOQL queries: 1 out of 100
  Number of query rows: 1 out of 50000
  Number of SOSL queries: 0 out of 20
  Number of DML statements: 0 out of 150
  Number of DML rows: 0 out of 10000
  Maximum CPU time: 0 out of 10000
  Maximum heap size: 0 out of 6000000
  Number of callouts: 0 out of 100
  Number of Email Invocations: 0 out of 10
  Number of future calls: 0 out of 50
  Number of queueable jobs added to the queue: 0 out of 50
  Number of Mobile Apex push calls: 0 out of 10

08:10:52.12 (12445598)|CUMULATIVE_LIMIT_USAGE_END

08:10:52.0 (12493166)|CODE_UNIT_FINISHED|accountsWithContactsClass.getAllContacts
08:10:52.0 (12572833)|CODE_UNIT_FINISHED|Aura
08:10:52.0 (13528322)|EXECUTION_FINISHED
