40.0 APEX_CODE,FINEST;APEX_PROFILING,INFO;CALLOUT,INFO;DB,INFO;SYSTEM,DEBUG;VALIDATION,INFO;VISUALFORCE,INFO;WAVE,INFO;WORKFLOW,INFO
08:14:00.0 (352109)|USER_INFO|[EXTERNAL]|0057F000000SZkg|test-d_masalsky@twistellar.com|Pacific Standard Time|GMT-07:00
08:14:00.0 (393556)|EXECUTION_STARTED
08:14:00.0 (398269)|CODE_UNIT_STARTED|[EXTERNAL]|01p7F000008eP5o|13setDiscountsStatusScheduler
08:14:00.0 (11766963)|HEAP_ALLOCATE|[72]|Bytes:3
08:14:00.0 (11806354)|HEAP_ALLOCATE|[77]|Bytes:152
08:14:00.0 (11821939)|HEAP_ALLOCATE|[342]|Bytes:408
08:14:00.0 (11836315)|HEAP_ALLOCATE|[355]|Bytes:408
08:14:00.0 (11848520)|HEAP_ALLOCATE|[467]|Bytes:48
08:14:00.0 (11878234)|HEAP_ALLOCATE|[139]|Bytes:6
08:14:00.0 (11895269)|HEAP_ALLOCATE|[EXTERNAL]|Bytes:3
08:14:00.0 (11908513)|SYSTEM_METHOD_ENTRY|[1]|SchedulableContextImpl.SchedulableContextImpl()
08:14:00.0 (11914034)|STATEMENT_EXECUTE|[1]
08:14:00.0 (11924509)|SYSTEM_METHOD_EXIT|[1]|SchedulableContextImpl
08:14:00.0 (11930768)|HEAP_ALLOCATE|[EXTERNAL]|Bytes:8
08:14:00.0 (11935823)|HEAP_ALLOCATE|[EXTERNAL]|Bytes:4
08:14:00.0 (11941559)|VARIABLE_SCOPE_BEGIN|[4]|this|System.SchedulableContextImpl|true|false
08:14:00.0 (11993355)|VARIABLE_ASSIGNMENT|[4]|this|{}|0x1172134a
08:14:00.0 (11999930)|VARIABLE_SCOPE_BEGIN|[4]|triggerId|Id|false|false
08:14:00.0 (12068191)|VARIABLE_ASSIGNMENT|[4]|triggerId|"08e7F000005BCevQAG"
08:14:00.0 (12511513)|HEAP_ALLOCATE|[EXTERNAL]|Bytes:1
08:14:00.0 (12525994)|METHOD_ENTRY|[1]|01p7F000008eP5o|checkDiscountsStatusScheduler.checkDiscountsStatusScheduler()
08:14:00.0 (12531036)|STATEMENT_EXECUTE|[1]
08:14:00.0 (12534562)|STATEMENT_EXECUTE|[1]
08:14:00.0 (12538425)|METHOD_EXIT|[1]|checkDiscountsStatusScheduler
08:14:00.0 (12546614)|HEAP_ALLOCATE|[EXTERNAL]|Bytes:4
08:14:00.0 (12563882)|HEAP_ALLOCATE|[EXTERNAL]|Bytes:8
08:14:00.0 (12571868)|VARIABLE_SCOPE_BEGIN|[3]|this|checkDiscountsStatusScheduler|true|false
08:14:00.0 (12595498)|VARIABLE_ASSIGNMENT|[3]|this|{}|0x36349c0f
08:14:00.0 (12602290)|VARIABLE_SCOPE_BEGIN|[3]|ctx|System.SchedulableContext|true|false
08:14:00.0 (12670459)|VARIABLE_ASSIGNMENT|[3]|ctx|{"triggerId":"08e7F000005BCevQAG"}|0x1172134a
08:14:00.0 (12680850)|STATEMENT_EXECUTE|[3]
08:14:00.0 (12682140)|STATEMENT_EXECUTE|[4]
08:14:00.0 (16071543)|HEAP_ALLOCATE|[4]|Bytes:82
08:14:00.0 (16081720)|HEAP_ALLOCATE|[4]|Bytes:22
08:14:00.0 (16084997)|HEAP_ALLOCATE|[4]|Bytes:7
08:14:00.0 (16101595)|METHOD_ENTRY|[1]|01p7F000008eSte|RSS.RSS()
08:14:00.0 (16106452)|STATEMENT_EXECUTE|[1]
08:14:00.0 (16110041)|STATEMENT_EXECUTE|[1]
08:14:00.0 (16114565)|METHOD_EXIT|[1]|RSS
08:14:00.0 (16126718)|HEAP_ALLOCATE|[4]|Bytes:4
08:14:00.0 (16286708)|CONSTRUCTOR_ENTRY|[4]|01p7F000008eSte|<init>()
08:14:00.0 (16318646)|VARIABLE_SCOPE_BEGIN|[1]|this|RSS|true|false
08:14:00.0 (16339512)|VARIABLE_ASSIGNMENT|[1]|this|{}|0x1931ac92
08:14:00.0 (16356385)|STATEMENT_EXECUTE|[1]
08:14:00.0 (16363719)|CONSTRUCTOR_EXIT|[4]|01p7F000008eSte|<init>()
08:14:00.0 (16370943)|VARIABLE_SCOPE_BEGIN|[4]|myBatch|RSS|true|false
08:14:00.0 (16381784)|VARIABLE_ASSIGNMENT|[4]|myBatch|{}|0x1931ac92
08:14:00.0 (16385991)|STATEMENT_EXECUTE|[5]
08:14:00.0 (16400663)|HEAP_ALLOCATE|[50]|Bytes:5
08:14:00.0 (16414922)|HEAP_ALLOCATE|[56]|Bytes:5
08:14:00.0 (16422719)|HEAP_ALLOCATE|[64]|Bytes:7
08:14:00.40 (40570290)|CUMULATIVE_LIMIT_USAGE
08:14:00.40 (40570290)|LIMIT_USAGE_FOR_NS|(default)|
  Number of SOQL queries: 0 out of 100
  Number of query rows: 0 out of 50000
  Number of SOSL queries: 0 out of 20
  Number of DML statements: 0 out of 150
  Number of DML rows: 0 out of 10000
  Maximum CPU time: 0 out of 10000
  Maximum heap size: 0 out of 6000000
  Number of callouts: 0 out of 100
  Number of Email Invocations: 0 out of 10
  Number of future calls: 0 out of 50
  Number of queueable jobs added to the queue: 0 out of 50
  Number of Mobile Apex push calls: 0 out of 10

08:14:00.40 (40570290)|CUMULATIVE_LIMIT_USAGE_END

08:14:00.0 (40607897)|CODE_UNIT_FINISHED|13setDiscountsStatusScheduler
08:14:00.0 (41302909)|EXECUTION_FINISHED
