40.0 APEX_CODE,FINEST;APEX_PROFILING,INFO;CALLOUT,INFO;DB,INFO;SYSTEM,DEBUG;VALIDATION,INFO;VISUALFORCE,INFO;WAVE,INFO;WORKFLOW,INFO
08:19:44.0 (74926)|USER_INFO|[EXTERNAL]|0057F000000SZkg|test-d_masalsky@twistellar.com|Pacific Standard Time|GMT-07:00
08:19:44.0 (115892)|EXECUTION_STARTED
08:19:44.0 (120668)|CODE_UNIT_STARTED|[EXTERNAL]|Aura
08:19:44.0 (5891498)|HEAP_ALLOCATE|[72]|Bytes:3
08:19:44.0 (5932866)|HEAP_ALLOCATE|[77]|Bytes:152
08:19:44.0 (5948316)|HEAP_ALLOCATE|[342]|Bytes:408
08:19:44.0 (5960201)|HEAP_ALLOCATE|[355]|Bytes:408
08:19:44.0 (5970588)|HEAP_ALLOCATE|[467]|Bytes:48
08:19:44.0 (5993960)|HEAP_ALLOCATE|[139]|Bytes:6
08:19:44.0 (6697718)|CODE_UNIT_STARTED|[EXTERNAL]|01p7F000008cBuq|accountsWithContactsClass.fetchLookUpValues
08:19:44.0 (6797928)|HEAP_ALLOCATE|[EXTERNAL]|Bytes:10
08:19:44.0 (6812576)|METHOD_ENTRY|[1]|01p7F000008cBuq|accountsWithContactsClass.accountsWithContactsClass()
08:19:44.0 (6818550)|STATEMENT_EXECUTE|[1]
08:19:44.0 (6824342)|STATEMENT_EXECUTE|[1]
08:19:44.0 (6828098)|METHOD_EXIT|[1]|accountsWithContactsClass
08:19:44.0 (6840474)|SYSTEM_MODE_ENTER|false
08:19:44.0 (6847563)|VARIABLE_SCOPE_BEGIN|[20]|searchKeyWord|String|false|false
08:19:44.0 (6870793)|VARIABLE_ASSIGNMENT|[20]|searchKeyWord|""
08:19:44.0 (6881044)|STATEMENT_EXECUTE|[20]
08:19:44.0 (6882584)|STATEMENT_EXECUTE|[21]
08:19:44.0 (6885521)|HEAP_ALLOCATE|[21]|Bytes:1
08:19:44.0 (6899580)|HEAP_ALLOCATE|[21]|Bytes:1
08:19:44.0 (6905057)|VARIABLE_SCOPE_BEGIN|[21]|searchKey|String|false|false
08:19:44.0 (6914423)|VARIABLE_ASSIGNMENT|[21]|searchKey|"%"
08:19:44.0 (6918578)|STATEMENT_EXECUTE|[22]
08:19:44.0 (6980600)|HEAP_ALLOCATE|[22]|Bytes:4
08:19:44.0 (7067756)|VARIABLE_SCOPE_BEGIN|[22]|returnList|List<Account>|true|false
08:19:44.0 (7081235)|HEAP_ALLOCATE|[EXTERNAL]|Bytes:4
08:19:44.0 (7092357)|VARIABLE_ASSIGNMENT|[22]|returnList|[]|0x3eb96e4e
08:19:44.0 (7097405)|STATEMENT_EXECUTE|[23]
08:19:44.0 (7099683)|HEAP_ALLOCATE|[23]|Bytes:89
08:19:44.0 (7104034)|VARIABLE_SCOPE_BEGIN|[23]|sQuery|String|false|false
08:19:44.0 (7114343)|VARIABLE_ASSIGNMENT|[23]|sQuery|"SELECT Id, Name FROM (69 more) ..."
08:19:44.0 (7118104)|STATEMENT_EXECUTE|[24]
08:19:44.0 (7154936)|HEAP_ALLOCATE|[50]|Bytes:5
08:19:44.0 (7178545)|HEAP_ALLOCATE|[56]|Bytes:5
08:19:44.0 (7185281)|HEAP_ALLOCATE|[64]|Bytes:7
08:19:44.0 (7647867)|SOQL_EXECUTE_BEGIN|[24]|Aggregations:0|SELECT Id, Name FROM Account WHERE Name LIKE: searchKey ORDER BY CreatedDate DESC LIMIT 5
08:19:44.0 (9574805)|SOQL_EXECUTE_END|[24]|Rows:5
08:19:44.0 (9594588)|HEAP_ALLOCATE|[24]|Bytes:24
08:19:44.0 (9616184)|HEAP_ALLOCATE|[24]|Bytes:307
08:19:44.0 (9640794)|HEAP_ALLOCATE|[24]|Bytes:24
08:19:44.0 (9654308)|VARIABLE_SCOPE_BEGIN|[24]|lstOfRecords|List<Account>|true|false
08:19:44.0 (9681466)|VARIABLE_ASSIGNMENT|[24]|lstOfRecords|[{"Id":"0017F00000DPb63QAD","Name":"GenePoint"},{"Id":"0017F00000DPb61QAD","Name":"United Oil & Gas, UK"},{"Id":"0017F00000DPb62QAD","Name":"United Oil & Gas, Si (7 more) ..."},{"Id":"0017F00000DPb5tQAD","Name":"Express Logistics an (11 more) ..."},{"Id":"0017F00000DPb5uQAD","Name":"Burlington Textiles  (15 more) ..."}]|0x32fae3e2
08:19:44.0 (9839750)|HEAP_ALLOCATE|[25]|Bytes:5
08:19:44.0 (9874722)|HEAP_ALLOCATE|[25]|Bytes:12
08:19:44.0 (9884922)|VARIABLE_SCOPE_BEGIN|[25]|obj|Account|true|false
08:19:44.0 (9898682)|VARIABLE_ASSIGNMENT|[25]|obj|{"Id":"0017F00000DPb63QAD","Name":"GenePoint"}|0x3212a7a2
08:19:44.0 (9904904)|STATEMENT_EXECUTE|[25]
08:19:44.0 (9906241)|STATEMENT_EXECUTE|[26]
08:19:44.0 (9932653)|HEAP_ALLOCATE|[EXTERNAL]|Bytes:4
08:19:44.0 (9945698)|HEAP_ALLOCATE|[25]|Bytes:5
08:19:44.0 (9958658)|HEAP_ALLOCATE|[25]|Bytes:12
08:19:44.0 (9963954)|VARIABLE_SCOPE_BEGIN|[25]|obj|Account|true|false
08:19:44.0 (9974250)|VARIABLE_ASSIGNMENT|[25]|obj|{"Id":"0017F00000DPb61QAD","Name":"United Oil & Gas, UK"}|0x2ca74354
08:19:44.0 (9980025)|STATEMENT_EXECUTE|[25]
08:19:44.0 (9980960)|STATEMENT_EXECUTE|[26]
08:19:44.0 (9985946)|HEAP_ALLOCATE|[EXTERNAL]|Bytes:4
08:19:44.0 (9993861)|HEAP_ALLOCATE|[25]|Bytes:5
08:19:44.0 (10002680)|HEAP_ALLOCATE|[25]|Bytes:12
08:19:44.0 (10007791)|VARIABLE_SCOPE_BEGIN|[25]|obj|Account|true|false
08:19:44.0 (10017310)|VARIABLE_ASSIGNMENT|[25]|obj|{"Id":"0017F00000DPb62QAD","Name":"United Oil & Gas, Si (7 more) ..."}|0x28a449c8
08:19:44.0 (10021860)|STATEMENT_EXECUTE|[25]
08:19:44.0 (10022836)|STATEMENT_EXECUTE|[26]
08:19:44.0 (10026413)|HEAP_ALLOCATE|[EXTERNAL]|Bytes:4
08:19:44.0 (10033120)|HEAP_ALLOCATE|[25]|Bytes:5
08:19:44.0 (10042009)|HEAP_ALLOCATE|[25]|Bytes:12
08:19:44.0 (10046233)|VARIABLE_SCOPE_BEGIN|[25]|obj|Account|true|false
08:19:44.0 (10055125)|VARIABLE_ASSIGNMENT|[25]|obj|{"Id":"0017F00000DPb5tQAD","Name":"Express Logistics an (11 more) ..."}|0x589292a9
08:19:44.0 (10059773)|STATEMENT_EXECUTE|[25]
08:19:44.0 (10060699)|STATEMENT_EXECUTE|[26]
08:19:44.0 (10063947)|HEAP_ALLOCATE|[EXTERNAL]|Bytes:4
08:19:44.0 (10070454)|HEAP_ALLOCATE|[25]|Bytes:5
08:19:44.0 (10079556)|HEAP_ALLOCATE|[25]|Bytes:12
08:19:44.0 (10083420)|VARIABLE_SCOPE_BEGIN|[25]|obj|Account|true|false
08:19:44.0 (10092504)|VARIABLE_ASSIGNMENT|[25]|obj|{"Id":"0017F00000DPb5uQAD","Name":"Burlington Textiles  (15 more) ..."}|0x7f9a11ae
08:19:44.0 (10096681)|STATEMENT_EXECUTE|[25]
08:19:44.0 (10097644)|STATEMENT_EXECUTE|[26]
08:19:44.0 (10100846)|HEAP_ALLOCATE|[EXTERNAL]|Bytes:4
08:19:44.0 (10107735)|HEAP_ALLOCATE|[25]|Bytes:5
08:19:44.0 (10115083)|VARIABLE_ASSIGNMENT|[25]|obj|null|
08:19:44.0 (10119638)|STATEMENT_EXECUTE|[28]
08:19:44.0 (10124426)|SYSTEM_MODE_EXIT|false
08:19:44.10 (10150847)|CUMULATIVE_LIMIT_USAGE
08:19:44.10 (10150847)|LIMIT_USAGE_FOR_NS|(default)|
  Number of SOQL queries: 1 out of 100
  Number of query rows: 5 out of 50000
  Number of SOSL queries: 0 out of 20
  Number of DML statements: 0 out of 150
  Number of DML rows: 0 out of 10000
  Maximum CPU time: 0 out of 10000
  Maximum heap size: 0 out of 6000000
  Number of callouts: 0 out of 100
  Number of Email Invocations: 0 out of 10
  Number of future calls: 0 out of 50
  Number of queueable jobs added to the queue: 0 out of 50
  Number of Mobile Apex push calls: 0 out of 10

08:19:44.10 (10150847)|CUMULATIVE_LIMIT_USAGE_END

08:19:44.0 (10180009)|CODE_UNIT_FINISHED|accountsWithContactsClass.fetchLookUpValues
08:19:44.0 (10248067)|CODE_UNIT_FINISHED|Aura
08:19:44.0 (11230568)|EXECUTION_FINISHED
