40.0 APEX_CODE,FINEST;APEX_PROFILING,INFO;CALLOUT,INFO;DB,INFO;SYSTEM,DEBUG;VALIDATION,INFO;VISUALFORCE,INFO;WAVE,INFO;WORKFLOW,INFO
07:40:10.0 (64358)|USER_INFO|[EXTERNAL]|0057F000000SZkg|test-d_masalsky@twistellar.com|Pacific Standard Time|GMT-07:00
07:40:10.0 (100032)|EXECUTION_STARTED
07:40:10.0 (103537)|CODE_UNIT_STARTED|[EXTERNAL]|Aura
07:40:10.0 (5635261)|HEAP_ALLOCATE|[72]|Bytes:3
07:40:10.0 (5662520)|HEAP_ALLOCATE|[77]|Bytes:152
07:40:10.0 (5675289)|HEAP_ALLOCATE|[342]|Bytes:408
07:40:10.0 (5686981)|HEAP_ALLOCATE|[355]|Bytes:408
07:40:10.0 (5697047)|HEAP_ALLOCATE|[467]|Bytes:48
07:40:10.0 (5719339)|HEAP_ALLOCATE|[139]|Bytes:6
07:40:10.0 (5734916)|HEAP_ALLOCATE|[EXTERNAL]|Bytes:2
07:40:10.0 (5745199)|HEAP_ALLOCATE|[EXTERNAL]|Bytes:2
07:40:10.0 (6402533)|CODE_UNIT_STARTED|[EXTERNAL]|01p7F000008cBuq|accountsWithContactsClass.fetchLookUpValues
07:40:10.0 (6485203)|HEAP_ALLOCATE|[EXTERNAL]|Bytes:10
07:40:10.0 (6498200)|METHOD_ENTRY|[1]|01p7F000008cBuq|accountsWithContactsClass.accountsWithContactsClass()
07:40:10.0 (6504324)|STATEMENT_EXECUTE|[1]
07:40:10.0 (6508391)|STATEMENT_EXECUTE|[1]
07:40:10.0 (6513657)|METHOD_EXIT|[1]|accountsWithContactsClass
07:40:10.0 (6518902)|HEAP_ALLOCATE|[EXTERNAL]|Bytes:2
07:40:10.0 (6527357)|SYSTEM_MODE_ENTER|false
07:40:10.0 (6532903)|VARIABLE_SCOPE_BEGIN|[20]|searchKeyWord|String|false|false
07:40:10.0 (6550066)|VARIABLE_ASSIGNMENT|[20]|searchKeyWord|"kl"
07:40:10.0 (6559141)|STATEMENT_EXECUTE|[20]
07:40:10.0 (6560622)|STATEMENT_EXECUTE|[21]
07:40:10.0 (6562865)|HEAP_ALLOCATE|[21]|Bytes:1
07:40:10.0 (6574439)|HEAP_ALLOCATE|[21]|Bytes:3
07:40:10.0 (6579746)|VARIABLE_SCOPE_BEGIN|[21]|searchKey|String|false|false
07:40:10.0 (6589085)|VARIABLE_ASSIGNMENT|[21]|searchKey|"kl%"
07:40:10.0 (6592641)|STATEMENT_EXECUTE|[22]
07:40:10.0 (6648213)|HEAP_ALLOCATE|[22]|Bytes:4
07:40:10.0 (6705223)|VARIABLE_SCOPE_BEGIN|[22]|returnList|List<Account>|true|false
07:40:10.0 (6717295)|HEAP_ALLOCATE|[EXTERNAL]|Bytes:4
07:40:10.0 (6724643)|VARIABLE_ASSIGNMENT|[22]|returnList|[]|0x48fa5551
07:40:10.0 (6730066)|STATEMENT_EXECUTE|[23]
07:40:10.0 (6732094)|HEAP_ALLOCATE|[23]|Bytes:89
07:40:10.0 (6736354)|VARIABLE_SCOPE_BEGIN|[23]|sQuery|String|false|false
07:40:10.0 (6747314)|VARIABLE_ASSIGNMENT|[23]|sQuery|"SELECT Id, Name FROM (69 more) ..."
07:40:10.0 (6751174)|STATEMENT_EXECUTE|[24]
07:40:10.0 (6782941)|HEAP_ALLOCATE|[50]|Bytes:5
07:40:10.0 (6802639)|HEAP_ALLOCATE|[56]|Bytes:5
07:40:10.0 (6809175)|HEAP_ALLOCATE|[64]|Bytes:7
07:40:10.0 (7224859)|SOQL_EXECUTE_BEGIN|[24]|Aggregations:0|SELECT Id, Name FROM Account WHERE Name LIKE: searchKey ORDER BY CreatedDate DESC LIMIT 5
07:40:10.0 (11040267)|SOQL_EXECUTE_END|[24]|Rows:0
07:40:10.0 (11062641)|HEAP_ALLOCATE|[24]|Bytes:4
07:40:10.0 (11073308)|HEAP_ALLOCATE|[24]|Bytes:0
07:40:10.0 (11093927)|HEAP_ALLOCATE|[24]|Bytes:4
07:40:10.0 (11107421)|VARIABLE_SCOPE_BEGIN|[24]|lstOfRecords|List<Account>|true|false
07:40:10.0 (11121276)|VARIABLE_ASSIGNMENT|[24]|lstOfRecords|[]|0x6091e168
07:40:10.0 (11256910)|HEAP_ALLOCATE|[25]|Bytes:5
07:40:10.0 (11282114)|VARIABLE_ASSIGNMENT|[25]|obj|null|
07:40:10.0 (11287094)|STATEMENT_EXECUTE|[25]
07:40:10.0 (11288333)|STATEMENT_EXECUTE|[28]
07:40:10.0 (11292959)|SYSTEM_MODE_EXIT|false
07:40:10.11 (11323371)|CUMULATIVE_LIMIT_USAGE
07:40:10.11 (11323371)|LIMIT_USAGE_FOR_NS|(default)|
  Number of SOQL queries: 1 out of 100
  Number of query rows: 0 out of 50000
  Number of SOSL queries: 0 out of 20
  Number of DML statements: 0 out of 150
  Number of DML rows: 0 out of 10000
  Maximum CPU time: 0 out of 10000
  Maximum heap size: 0 out of 6000000
  Number of callouts: 0 out of 100
  Number of Email Invocations: 0 out of 10
  Number of future calls: 0 out of 50
  Number of queueable jobs added to the queue: 0 out of 50
  Number of Mobile Apex push calls: 0 out of 10

07:40:10.11 (11323371)|CUMULATIVE_LIMIT_USAGE_END

07:40:10.0 (11358431)|CODE_UNIT_FINISHED|accountsWithContactsClass.fetchLookUpValues
07:40:10.0 (11402065)|CODE_UNIT_FINISHED|Aura
07:40:10.0 (12337328)|EXECUTION_FINISHED
