40.0 APEX_CODE,FINEST;APEX_PROFILING,INFO;CALLOUT,INFO;DB,INFO;SYSTEM,DEBUG;VALIDATION,INFO;VISUALFORCE,INFO;WAVE,INFO;WORKFLOW,INFO
04:14:00.0 (307985)|USER_INFO|[EXTERNAL]|0057F000000SZkg|test-d_masalsky@twistellar.com|Pacific Standard Time|GMT-07:00
04:14:00.0 (340719)|EXECUTION_STARTED
04:14:00.0 (345398)|CODE_UNIT_STARTED|[EXTERNAL]|01p7F000008eP5o|13setDiscountsStatusScheduler
04:14:00.0 (7779208)|HEAP_ALLOCATE|[72]|Bytes:3
04:14:00.0 (7811955)|HEAP_ALLOCATE|[77]|Bytes:152
04:14:00.0 (7824956)|HEAP_ALLOCATE|[342]|Bytes:408
04:14:00.0 (7838349)|HEAP_ALLOCATE|[355]|Bytes:408
04:14:00.0 (7851184)|HEAP_ALLOCATE|[467]|Bytes:48
04:14:00.0 (7885130)|HEAP_ALLOCATE|[139]|Bytes:6
04:14:00.0 (7913626)|HEAP_ALLOCATE|[EXTERNAL]|Bytes:3
04:14:00.0 (7925703)|SYSTEM_METHOD_ENTRY|[1]|SchedulableContextImpl.SchedulableContextImpl()
04:14:00.0 (7930757)|STATEMENT_EXECUTE|[1]
04:14:00.0 (7938214)|SYSTEM_METHOD_EXIT|[1]|SchedulableContextImpl
04:14:00.0 (7943989)|HEAP_ALLOCATE|[EXTERNAL]|Bytes:8
04:14:00.0 (7947378)|HEAP_ALLOCATE|[EXTERNAL]|Bytes:4
04:14:00.0 (7952210)|VARIABLE_SCOPE_BEGIN|[4]|this|System.SchedulableContextImpl|true|false
04:14:00.0 (8003464)|VARIABLE_ASSIGNMENT|[4]|this|{}|0x77110878
04:14:00.0 (8010951)|VARIABLE_SCOPE_BEGIN|[4]|triggerId|Id|false|false
04:14:00.0 (8086929)|VARIABLE_ASSIGNMENT|[4]|triggerId|"08e7F000005BCevQAG"
04:14:00.0 (8628132)|HEAP_ALLOCATE|[EXTERNAL]|Bytes:1
04:14:00.0 (8641605)|METHOD_ENTRY|[1]|01p7F000008eP5o|checkDiscountsStatusScheduler.checkDiscountsStatusScheduler()
04:14:00.0 (8646853)|STATEMENT_EXECUTE|[1]
04:14:00.0 (8650473)|STATEMENT_EXECUTE|[1]
04:14:00.0 (8653364)|METHOD_EXIT|[1]|checkDiscountsStatusScheduler
04:14:00.0 (8661638)|HEAP_ALLOCATE|[EXTERNAL]|Bytes:4
04:14:00.0 (8665993)|HEAP_ALLOCATE|[EXTERNAL]|Bytes:8
04:14:00.0 (8672745)|VARIABLE_SCOPE_BEGIN|[3]|this|checkDiscountsStatusScheduler|true|false
04:14:00.0 (8693999)|VARIABLE_ASSIGNMENT|[3]|this|{}|0xaba0282
04:14:00.0 (8701979)|VARIABLE_SCOPE_BEGIN|[3]|ctx|System.SchedulableContext|true|false
04:14:00.0 (8777011)|VARIABLE_ASSIGNMENT|[3]|ctx|{"triggerId":"08e7F000005BCevQAG"}|0x77110878
04:14:00.0 (8791613)|STATEMENT_EXECUTE|[3]
04:14:00.0 (8793569)|STATEMENT_EXECUTE|[4]
04:14:00.0 (11262418)|HEAP_ALLOCATE|[4]|Bytes:82
04:14:00.0 (11273508)|HEAP_ALLOCATE|[4]|Bytes:22
04:14:00.0 (11277394)|HEAP_ALLOCATE|[4]|Bytes:7
04:14:00.0 (11288988)|METHOD_ENTRY|[1]|01p7F000008eSte|RSS.RSS()
04:14:00.0 (11294125)|STATEMENT_EXECUTE|[1]
04:14:00.0 (11298081)|STATEMENT_EXECUTE|[1]
04:14:00.0 (11302111)|METHOD_EXIT|[1]|RSS
04:14:00.0 (11313778)|HEAP_ALLOCATE|[4]|Bytes:4
04:14:00.0 (11331212)|CONSTRUCTOR_ENTRY|[4]|01p7F000008eSte|<init>()
04:14:00.0 (11359457)|VARIABLE_SCOPE_BEGIN|[1]|this|RSS|true|false
04:14:00.0 (11376481)|VARIABLE_ASSIGNMENT|[1]|this|{}|0x1c151096
04:14:00.0 (11391497)|STATEMENT_EXECUTE|[1]
04:14:00.0 (11398837)|CONSTRUCTOR_EXIT|[4]|01p7F000008eSte|<init>()
04:14:00.0 (11404402)|VARIABLE_SCOPE_BEGIN|[4]|myBatch|RSS|true|false
04:14:00.0 (11415241)|VARIABLE_ASSIGNMENT|[4]|myBatch|{}|0x1c151096
04:14:00.0 (11419645)|STATEMENT_EXECUTE|[5]
04:14:00.0 (11434157)|HEAP_ALLOCATE|[50]|Bytes:5
04:14:00.0 (11449293)|HEAP_ALLOCATE|[56]|Bytes:5
04:14:00.0 (11456381)|HEAP_ALLOCATE|[64]|Bytes:7
04:14:00.36 (36260790)|CUMULATIVE_LIMIT_USAGE
04:14:00.36 (36260790)|LIMIT_USAGE_FOR_NS|(default)|
  Number of SOQL queries: 0 out of 100
  Number of query rows: 0 out of 50000
  Number of SOSL queries: 0 out of 20
  Number of DML statements: 0 out of 150
  Number of DML rows: 0 out of 10000
  Maximum CPU time: 0 out of 10000
  Maximum heap size: 0 out of 6000000
  Number of callouts: 0 out of 100
  Number of Email Invocations: 0 out of 10
  Number of future calls: 0 out of 50
  Number of queueable jobs added to the queue: 0 out of 50
  Number of Mobile Apex push calls: 0 out of 10

04:14:00.36 (36260790)|CUMULATIVE_LIMIT_USAGE_END

04:14:00.0 (36294662)|CODE_UNIT_FINISHED|13setDiscountsStatusScheduler
04:14:00.0 (37016141)|EXECUTION_FINISHED
