40.0 APEX_CODE,FINEST;APEX_PROFILING,INFO;CALLOUT,INFO;DB,INFO;SYSTEM,DEBUG;VALIDATION,INFO;VISUALFORCE,INFO;WAVE,INFO;WORKFLOW,INFO
07:45:14.0 (69769)|USER_INFO|[EXTERNAL]|0057F000000SZkg|test-d_masalsky@twistellar.com|Pacific Standard Time|GMT-07:00
07:45:14.0 (110885)|EXECUTION_STARTED
07:45:14.0 (115275)|CODE_UNIT_STARTED|[EXTERNAL]|Aura
07:45:14.0 (5591264)|HEAP_ALLOCATE|[72]|Bytes:3
07:45:14.0 (5630715)|HEAP_ALLOCATE|[77]|Bytes:152
07:45:14.0 (5646298)|HEAP_ALLOCATE|[342]|Bytes:408
07:45:14.0 (5658646)|HEAP_ALLOCATE|[355]|Bytes:408
07:45:14.0 (5668789)|HEAP_ALLOCATE|[467]|Bytes:48
07:45:14.0 (5694723)|HEAP_ALLOCATE|[139]|Bytes:6
07:45:14.0 (5707432)|HEAP_ALLOCATE|[EXTERNAL]|Bytes:18
07:45:14.0 (5726428)|HEAP_ALLOCATE|[EXTERNAL]|Bytes:4
07:45:14.0 (6369491)|CODE_UNIT_STARTED|[EXTERNAL]|01p7F000008cBuq|accountsWithContactsClass.getAllContacts
07:45:14.0 (6467188)|HEAP_ALLOCATE|[EXTERNAL]|Bytes:10
07:45:14.0 (6480325)|METHOD_ENTRY|[1]|01p7F000008cBuq|accountsWithContactsClass.accountsWithContactsClass()
07:45:14.0 (6485978)|STATEMENT_EXECUTE|[1]
07:45:14.0 (6491354)|STATEMENT_EXECUTE|[1]
07:45:14.0 (6495139)|METHOD_EXIT|[1]|accountsWithContactsClass
07:45:14.0 (6500349)|HEAP_ALLOCATE|[EXTERNAL]|Bytes:4
07:45:14.0 (6510550)|SYSTEM_MODE_ENTER|false
07:45:14.0 (6518127)|VARIABLE_SCOPE_BEGIN|[4]|accountId|Id|false|false
07:45:14.0 (6627772)|VARIABLE_ASSIGNMENT|[4]|accountId|"0017F00000DPb63QAD"
07:45:14.0 (6640682)|STATEMENT_EXECUTE|[4]
07:45:14.0 (6641920)|STATEMENT_EXECUTE|[5]
07:45:14.0 (6644557)|HEAP_ALLOCATE|[5]|Bytes:116
07:45:14.0 (6657117)|HEAP_ALLOCATE|[5]|Bytes:4
07:45:14.0 (6668737)|HEAP_ALLOCATE|[5]|Bytes:7
07:45:14.0 (6714321)|HEAP_ALLOCATE|[50]|Bytes:5
07:45:14.0 (6737357)|HEAP_ALLOCATE|[56]|Bytes:5
07:45:14.0 (6743802)|HEAP_ALLOCATE|[64]|Bytes:7
07:45:14.0 (7431395)|SOQL_EXECUTE_BEGIN|[5]|Aggregations:0|SELECT FirstName, LastName, Phone, Email, Birthdate, AccountId, Account.Name FROM Contact WHERE AccountId = :tmpVar1
07:45:14.0 (11150677)|SOQL_EXECUTE_END|[5]|Rows:1
07:45:14.0 (11169618)|HEAP_ALLOCATE|[5]|Bytes:8
07:45:14.0 (11189594)|HEAP_ALLOCATE|[5]|Bytes:219
07:45:14.0 (11255547)|HEAP_ALLOCATE|[5]|Bytes:8
07:45:14.0 (11267245)|VARIABLE_SCOPE_BEGIN|[5]|contacts|List<Contact>|true|false
07:45:14.0 (11315869)|VARIABLE_ASSIGNMENT|[5]|contacts|[{"FirstName":"Edna","LastName":"Frank","Phone":"(650) 867-3450","Email":"efrank@genepoint.com","Birthdate":"1939-11-04T00:00:00.000Z","AccountId":"0017F00000DPb63QAD","Id":"0037F000007hqfzQAA","Account":{"Name":"GenePoint","Id":"0017F00000DPb63QAD"}}]|0x736bcc92
07:45:14.0 (11330923)|STATEMENT_EXECUTE|[10]
07:45:14.0 (11339651)|SYSTEM_MODE_EXIT|false
07:45:14.11 (11371828)|CUMULATIVE_LIMIT_USAGE
07:45:14.11 (11371828)|LIMIT_USAGE_FOR_NS|(default)|
  Number of SOQL queries: 1 out of 100
  Number of query rows: 1 out of 50000
  Number of SOSL queries: 0 out of 20
  Number of DML statements: 0 out of 150
  Number of DML rows: 0 out of 10000
  Maximum CPU time: 0 out of 10000
  Maximum heap size: 0 out of 6000000
  Number of callouts: 0 out of 100
  Number of Email Invocations: 0 out of 10
  Number of future calls: 0 out of 50
  Number of queueable jobs added to the queue: 0 out of 50
  Number of Mobile Apex push calls: 0 out of 10

07:45:14.11 (11371828)|CUMULATIVE_LIMIT_USAGE_END

07:45:14.0 (11411565)|CODE_UNIT_FINISHED|accountsWithContactsClass.getAllContacts
07:45:14.0 (11484263)|CODE_UNIT_FINISHED|Aura
07:45:14.0 (12391203)|EXECUTION_FINISHED
