40.0 APEX_CODE,FINEST;APEX_PROFILING,INFO;CALLOUT,INFO;DB,INFO;SYSTEM,DEBUG;VALIDATION,INFO;VISUALFORCE,INFO;WAVE,INFO;WORKFLOW,INFO
08:14:03.0 (75770)|USER_INFO|[EXTERNAL]|0057F000000SZkg|test-d_masalsky@twistellar.com|Pacific Standard Time|GMT-07:00
08:14:03.0 (116663)|EXECUTION_STARTED
08:14:03.0 (121029)|CODE_UNIT_STARTED|[EXTERNAL]|Aura
08:14:03.0 (5831629)|HEAP_ALLOCATE|[72]|Bytes:3
08:14:03.0 (5873176)|HEAP_ALLOCATE|[77]|Bytes:152
08:14:03.0 (5889807)|HEAP_ALLOCATE|[342]|Bytes:408
08:14:03.0 (5902021)|HEAP_ALLOCATE|[355]|Bytes:408
08:14:03.0 (5912206)|HEAP_ALLOCATE|[467]|Bytes:48
08:14:03.0 (5939611)|HEAP_ALLOCATE|[139]|Bytes:6
08:14:03.0 (5952481)|HEAP_ALLOCATE|[EXTERNAL]|Bytes:18
08:14:03.0 (5970298)|HEAP_ALLOCATE|[EXTERNAL]|Bytes:4
08:14:03.0 (6610310)|CODE_UNIT_STARTED|[EXTERNAL]|01p7F000008cBuq|accountsWithContactsClass.getAllContacts
08:14:03.0 (6712689)|HEAP_ALLOCATE|[EXTERNAL]|Bytes:10
08:14:03.0 (6726546)|METHOD_ENTRY|[1]|01p7F000008cBuq|accountsWithContactsClass.accountsWithContactsClass()
08:14:03.0 (6733573)|STATEMENT_EXECUTE|[1]
08:14:03.0 (6739207)|STATEMENT_EXECUTE|[1]
08:14:03.0 (6742477)|METHOD_EXIT|[1]|accountsWithContactsClass
08:14:03.0 (6747659)|HEAP_ALLOCATE|[EXTERNAL]|Bytes:4
08:14:03.0 (6758339)|SYSTEM_MODE_ENTER|false
08:14:03.0 (6765048)|VARIABLE_SCOPE_BEGIN|[4]|accountId|Id|false|false
08:14:03.0 (6873785)|VARIABLE_ASSIGNMENT|[4]|accountId|"0017F00000DPb63QAD"
08:14:03.0 (6887580)|STATEMENT_EXECUTE|[4]
08:14:03.0 (6888797)|STATEMENT_EXECUTE|[5]
08:14:03.0 (6891584)|HEAP_ALLOCATE|[5]|Bytes:116
08:14:03.0 (6904265)|HEAP_ALLOCATE|[5]|Bytes:4
08:14:03.0 (6916152)|HEAP_ALLOCATE|[5]|Bytes:7
08:14:03.0 (6960753)|HEAP_ALLOCATE|[50]|Bytes:5
08:14:03.0 (6983384)|HEAP_ALLOCATE|[56]|Bytes:5
08:14:03.0 (6990371)|HEAP_ALLOCATE|[64]|Bytes:7
08:14:03.0 (7703708)|SOQL_EXECUTE_BEGIN|[5]|Aggregations:0|SELECT FirstName, LastName, Phone, Email, Birthdate, AccountId, Account.Name FROM Contact WHERE AccountId = :tmpVar1
08:14:03.0 (11439649)|SOQL_EXECUTE_END|[5]|Rows:1
08:14:03.0 (11461501)|HEAP_ALLOCATE|[5]|Bytes:8
08:14:03.0 (11482589)|HEAP_ALLOCATE|[5]|Bytes:219
08:14:03.0 (11550885)|HEAP_ALLOCATE|[5]|Bytes:8
08:14:03.0 (11563566)|VARIABLE_SCOPE_BEGIN|[5]|contacts|List<Contact>|true|false
08:14:03.0 (11611738)|VARIABLE_ASSIGNMENT|[5]|contacts|[{"FirstName":"Edna","LastName":"Frank","Phone":"(650) 867-3450","Email":"efrank@genepoint.com","Birthdate":"1939-11-04T00:00:00.000Z","AccountId":"0017F00000DPb63QAD","Id":"0037F000007hqfzQAA","Account":{"Name":"GenePoint","Id":"0017F00000DPb63QAD"}}]|0x776fc060
08:14:03.0 (11621683)|STATEMENT_EXECUTE|[10]
08:14:03.0 (11630033)|SYSTEM_MODE_EXIT|false
08:14:03.11 (11659979)|CUMULATIVE_LIMIT_USAGE
08:14:03.11 (11659979)|LIMIT_USAGE_FOR_NS|(default)|
  Number of SOQL queries: 1 out of 100
  Number of query rows: 1 out of 50000
  Number of SOSL queries: 0 out of 20
  Number of DML statements: 0 out of 150
  Number of DML rows: 0 out of 10000
  Maximum CPU time: 0 out of 10000
  Maximum heap size: 0 out of 6000000
  Number of callouts: 0 out of 100
  Number of Email Invocations: 0 out of 10
  Number of future calls: 0 out of 50
  Number of queueable jobs added to the queue: 0 out of 50
  Number of Mobile Apex push calls: 0 out of 10

08:14:03.11 (11659979)|CUMULATIVE_LIMIT_USAGE_END

08:14:03.0 (11690002)|CODE_UNIT_FINISHED|accountsWithContactsClass.getAllContacts
08:14:03.0 (11760194)|CODE_UNIT_FINISHED|Aura
08:14:03.0 (12661372)|EXECUTION_FINISHED
