40.0 APEX_CODE,FINEST;APEX_PROFILING,INFO;CALLOUT,INFO;DB,INFO;SYSTEM,DEBUG;VALIDATION,INFO;VISUALFORCE,INFO;WAVE,INFO;WORKFLOW,INFO
08:08:07.0 (70321)|USER_INFO|[EXTERNAL]|0057F000000SZkg|test-d_masalsky@twistellar.com|Pacific Standard Time|GMT-07:00
08:08:07.0 (109588)|EXECUTION_STARTED
08:08:07.0 (114285)|CODE_UNIT_STARTED|[EXTERNAL]|Aura
08:08:07.0 (5762854)|HEAP_ALLOCATE|[72]|Bytes:3
08:08:07.0 (5801504)|HEAP_ALLOCATE|[77]|Bytes:152
08:08:07.0 (5816933)|HEAP_ALLOCATE|[342]|Bytes:408
08:08:07.0 (5829423)|HEAP_ALLOCATE|[355]|Bytes:408
08:08:07.0 (5839290)|HEAP_ALLOCATE|[467]|Bytes:48
08:08:07.0 (5863569)|HEAP_ALLOCATE|[139]|Bytes:6
08:08:07.0 (6575205)|CODE_UNIT_STARTED|[EXTERNAL]|01p7F000008cBuq|accountsWithContactsClass.fetchLookUpValues
08:08:07.0 (6667366)|HEAP_ALLOCATE|[EXTERNAL]|Bytes:10
08:08:07.0 (6680282)|METHOD_ENTRY|[1]|01p7F000008cBuq|accountsWithContactsClass.accountsWithContactsClass()
08:08:07.0 (6685670)|STATEMENT_EXECUTE|[1]
08:08:07.0 (6690643)|STATEMENT_EXECUTE|[1]
08:08:07.0 (6694013)|METHOD_EXIT|[1]|accountsWithContactsClass
08:08:07.0 (6706252)|SYSTEM_MODE_ENTER|false
08:08:07.0 (6714033)|VARIABLE_SCOPE_BEGIN|[20]|searchKeyWord|String|false|false
08:08:07.0 (6736297)|VARIABLE_ASSIGNMENT|[20]|searchKeyWord|""
08:08:07.0 (6747168)|STATEMENT_EXECUTE|[20]
08:08:07.0 (6748584)|STATEMENT_EXECUTE|[21]
08:08:07.0 (6751357)|HEAP_ALLOCATE|[21]|Bytes:1
08:08:07.0 (6764791)|HEAP_ALLOCATE|[21]|Bytes:1
08:08:07.0 (6770115)|VARIABLE_SCOPE_BEGIN|[21]|searchKey|String|false|false
08:08:07.0 (6780488)|VARIABLE_ASSIGNMENT|[21]|searchKey|"%"
08:08:07.0 (6784279)|STATEMENT_EXECUTE|[22]
08:08:07.0 (6847194)|HEAP_ALLOCATE|[22]|Bytes:4
08:08:07.0 (6915687)|VARIABLE_SCOPE_BEGIN|[22]|returnList|List<Account>|true|false
08:08:07.0 (6928708)|HEAP_ALLOCATE|[EXTERNAL]|Bytes:4
08:08:07.0 (6939413)|VARIABLE_ASSIGNMENT|[22]|returnList|[]|0x164f12df
08:08:07.0 (6944891)|STATEMENT_EXECUTE|[23]
08:08:07.0 (6947181)|HEAP_ALLOCATE|[23]|Bytes:89
08:08:07.0 (6951220)|VARIABLE_SCOPE_BEGIN|[23]|sQuery|String|false|false
08:08:07.0 (6961993)|VARIABLE_ASSIGNMENT|[23]|sQuery|"SELECT Id, Name FROM (69 more) ..."
08:08:07.0 (6965456)|STATEMENT_EXECUTE|[24]
08:08:07.0 (6999594)|HEAP_ALLOCATE|[50]|Bytes:5
08:08:07.0 (7023013)|HEAP_ALLOCATE|[56]|Bytes:5
08:08:07.0 (7030690)|HEAP_ALLOCATE|[64]|Bytes:7
08:08:07.0 (7501860)|SOQL_EXECUTE_BEGIN|[24]|Aggregations:0|SELECT Id, Name FROM Account WHERE Name LIKE: searchKey ORDER BY CreatedDate DESC LIMIT 5
08:08:07.0 (9459657)|SOQL_EXECUTE_END|[24]|Rows:5
08:08:07.0 (9480038)|HEAP_ALLOCATE|[24]|Bytes:24
08:08:07.0 (9501125)|HEAP_ALLOCATE|[24]|Bytes:307
08:08:07.0 (9522999)|HEAP_ALLOCATE|[24]|Bytes:24
08:08:07.0 (9537364)|VARIABLE_SCOPE_BEGIN|[24]|lstOfRecords|List<Account>|true|false
08:08:07.0 (9564319)|VARIABLE_ASSIGNMENT|[24]|lstOfRecords|[{"Id":"0017F00000DPb63QAD","Name":"GenePoint"},{"Id":"0017F00000DPb61QAD","Name":"United Oil & Gas, UK"},{"Id":"0017F00000DPb62QAD","Name":"United Oil & Gas, Si (7 more) ..."},{"Id":"0017F00000DPb5tQAD","Name":"Express Logistics an (11 more) ..."},{"Id":"0017F00000DPb5uQAD","Name":"Burlington Textiles  (15 more) ..."}]|0x5fa9ff43
08:08:07.0 (9724185)|HEAP_ALLOCATE|[25]|Bytes:5
08:08:07.0 (9758030)|HEAP_ALLOCATE|[25]|Bytes:12
08:08:07.0 (9767773)|VARIABLE_SCOPE_BEGIN|[25]|obj|Account|true|false
08:08:07.0 (9781484)|VARIABLE_ASSIGNMENT|[25]|obj|{"Id":"0017F00000DPb63QAD","Name":"GenePoint"}|0x19b67d57
08:08:07.0 (9789209)|STATEMENT_EXECUTE|[25]
08:08:07.0 (9790537)|STATEMENT_EXECUTE|[26]
08:08:07.0 (9817800)|HEAP_ALLOCATE|[EXTERNAL]|Bytes:4
08:08:07.0 (9831665)|HEAP_ALLOCATE|[25]|Bytes:5
08:08:07.0 (9845861)|HEAP_ALLOCATE|[25]|Bytes:12
08:08:07.0 (9852007)|VARIABLE_SCOPE_BEGIN|[25]|obj|Account|true|false
08:08:07.0 (9863015)|VARIABLE_ASSIGNMENT|[25]|obj|{"Id":"0017F00000DPb61QAD","Name":"United Oil & Gas, UK"}|0x1128800f
08:08:07.0 (9868505)|STATEMENT_EXECUTE|[25]
08:08:07.0 (9869565)|STATEMENT_EXECUTE|[26]
08:08:07.0 (9874632)|HEAP_ALLOCATE|[EXTERNAL]|Bytes:4
08:08:07.0 (9883062)|HEAP_ALLOCATE|[25]|Bytes:5
08:08:07.0 (9892669)|HEAP_ALLOCATE|[25]|Bytes:12
08:08:07.0 (9896958)|VARIABLE_SCOPE_BEGIN|[25]|obj|Account|true|false
08:08:07.0 (9910343)|VARIABLE_ASSIGNMENT|[25]|obj|{"Id":"0017F00000DPb62QAD","Name":"United Oil & Gas, Si (7 more) ..."}|0x4f2a64c1
08:08:07.0 (9915760)|STATEMENT_EXECUTE|[25]
08:08:07.0 (9916775)|STATEMENT_EXECUTE|[26]
08:08:07.0 (9920633)|HEAP_ALLOCATE|[EXTERNAL]|Bytes:4
08:08:07.0 (9928414)|HEAP_ALLOCATE|[25]|Bytes:5
08:08:07.0 (9938014)|HEAP_ALLOCATE|[25]|Bytes:12
08:08:07.0 (9942254)|VARIABLE_SCOPE_BEGIN|[25]|obj|Account|true|false
08:08:07.0 (9951383)|VARIABLE_ASSIGNMENT|[25]|obj|{"Id":"0017F00000DPb5tQAD","Name":"Express Logistics an (11 more) ..."}|0x7dd6afe7
08:08:07.0 (9955782)|STATEMENT_EXECUTE|[25]
08:08:07.0 (9956726)|STATEMENT_EXECUTE|[26]
08:08:07.0 (9960469)|HEAP_ALLOCATE|[EXTERNAL]|Bytes:4
08:08:07.0 (9967017)|HEAP_ALLOCATE|[25]|Bytes:5
08:08:07.0 (9976070)|HEAP_ALLOCATE|[25]|Bytes:12
08:08:07.0 (9980515)|VARIABLE_SCOPE_BEGIN|[25]|obj|Account|true|false
08:08:07.0 (9989981)|VARIABLE_ASSIGNMENT|[25]|obj|{"Id":"0017F00000DPb5uQAD","Name":"Burlington Textiles  (15 more) ..."}|0x572029cf
08:08:07.0 (9994291)|STATEMENT_EXECUTE|[25]
08:08:07.0 (9995166)|STATEMENT_EXECUTE|[26]
08:08:07.0 (9998376)|HEAP_ALLOCATE|[EXTERNAL]|Bytes:4
08:08:07.0 (10005639)|HEAP_ALLOCATE|[25]|Bytes:5
08:08:07.0 (10014440)|VARIABLE_ASSIGNMENT|[25]|obj|null|
08:08:07.0 (10019088)|STATEMENT_EXECUTE|[28]
08:08:07.0 (10025114)|SYSTEM_MODE_EXIT|false
08:08:07.10 (10061359)|CUMULATIVE_LIMIT_USAGE
08:08:07.10 (10061359)|LIMIT_USAGE_FOR_NS|(default)|
  Number of SOQL queries: 1 out of 100
  Number of query rows: 5 out of 50000
  Number of SOSL queries: 0 out of 20
  Number of DML statements: 0 out of 150
  Number of DML rows: 0 out of 10000
  Maximum CPU time: 0 out of 10000
  Maximum heap size: 0 out of 6000000
  Number of callouts: 0 out of 100
  Number of Email Invocations: 0 out of 10
  Number of future calls: 0 out of 50
  Number of queueable jobs added to the queue: 0 out of 50
  Number of Mobile Apex push calls: 0 out of 10

08:08:07.10 (10061359)|CUMULATIVE_LIMIT_USAGE_END

08:08:07.0 (10100729)|CODE_UNIT_FINISHED|accountsWithContactsClass.fetchLookUpValues
08:08:07.0 (10167523)|CODE_UNIT_FINISHED|Aura
08:08:07.0 (11170513)|EXECUTION_FINISHED
