40.0 APEX_CODE,FINEST;APEX_PROFILING,INFO;CALLOUT,INFO;DB,INFO;SYSTEM,DEBUG;VALIDATION,INFO;VISUALFORCE,INFO;WAVE,INFO;WORKFLOW,INFO
07:42:02.0 (83186)|USER_INFO|[EXTERNAL]|0057F000000SZkg|test-d_masalsky@twistellar.com|Pacific Standard Time|GMT-07:00
07:42:02.0 (129266)|EXECUTION_STARTED
07:42:02.0 (133775)|CODE_UNIT_STARTED|[EXTERNAL]|Aura
07:42:02.0 (5830350)|HEAP_ALLOCATE|[72]|Bytes:3
07:42:02.0 (5874966)|HEAP_ALLOCATE|[77]|Bytes:152
07:42:02.0 (5891475)|HEAP_ALLOCATE|[342]|Bytes:408
07:42:02.0 (5903873)|HEAP_ALLOCATE|[355]|Bytes:408
07:42:02.0 (5914577)|HEAP_ALLOCATE|[467]|Bytes:48
07:42:02.0 (5945366)|HEAP_ALLOCATE|[139]|Bytes:6
07:42:02.0 (5958909)|HEAP_ALLOCATE|[EXTERNAL]|Bytes:18
07:42:02.0 (5977058)|HEAP_ALLOCATE|[EXTERNAL]|Bytes:4
07:42:02.0 (6685151)|CODE_UNIT_STARTED|[EXTERNAL]|01p7F000008cBuq|accountsWithContactsClass.getAllContacts
07:42:02.0 (6787841)|HEAP_ALLOCATE|[EXTERNAL]|Bytes:10
07:42:02.0 (6801721)|METHOD_ENTRY|[1]|01p7F000008cBuq|accountsWithContactsClass.accountsWithContactsClass()
07:42:02.0 (6808185)|STATEMENT_EXECUTE|[1]
07:42:02.0 (6814467)|STATEMENT_EXECUTE|[1]
07:42:02.0 (6820547)|METHOD_EXIT|[1]|accountsWithContactsClass
07:42:02.0 (6826219)|HEAP_ALLOCATE|[EXTERNAL]|Bytes:4
07:42:02.0 (6841276)|SYSTEM_MODE_ENTER|false
07:42:02.0 (6848946)|VARIABLE_SCOPE_BEGIN|[4]|accountId|Id|false|false
07:42:02.0 (6997186)|VARIABLE_ASSIGNMENT|[4]|accountId|"0017F00000DPb63QAD"
07:42:02.0 (7010836)|STATEMENT_EXECUTE|[4]
07:42:02.0 (7012420)|STATEMENT_EXECUTE|[5]
07:42:02.0 (7015179)|HEAP_ALLOCATE|[5]|Bytes:116
07:42:02.0 (7027042)|HEAP_ALLOCATE|[5]|Bytes:4
07:42:02.0 (7039956)|HEAP_ALLOCATE|[5]|Bytes:7
07:42:02.0 (7091188)|HEAP_ALLOCATE|[50]|Bytes:5
07:42:02.0 (7114780)|HEAP_ALLOCATE|[56]|Bytes:5
07:42:02.0 (7121372)|HEAP_ALLOCATE|[64]|Bytes:7
07:42:02.0 (7851075)|SOQL_EXECUTE_BEGIN|[5]|Aggregations:0|SELECT FirstName, LastName, Phone, Email, Birthdate, AccountId, Account.Name FROM Contact WHERE AccountId = :tmpVar1
07:42:02.0 (11910823)|SOQL_EXECUTE_END|[5]|Rows:1
07:42:02.0 (11930452)|HEAP_ALLOCATE|[5]|Bytes:8
07:42:02.0 (11950837)|HEAP_ALLOCATE|[5]|Bytes:219
07:42:02.0 (12025927)|HEAP_ALLOCATE|[5]|Bytes:8
07:42:02.0 (12038519)|VARIABLE_SCOPE_BEGIN|[5]|contacts|List<Contact>|true|false
07:42:02.0 (12096417)|VARIABLE_ASSIGNMENT|[5]|contacts|[{"FirstName":"Edna","LastName":"Frank","Phone":"(650) 867-3450","Email":"efrank@genepoint.com","Birthdate":"1939-11-04T00:00:00.000Z","AccountId":"0017F00000DPb63QAD","Id":"0037F000007hqfzQAA","Account":{"Name":"GenePoint","Id":"0017F00000DPb63QAD"}}]|0x5dd66a99
07:42:02.0 (12107519)|STATEMENT_EXECUTE|[10]
07:42:02.0 (12116122)|SYSTEM_MODE_EXIT|false
07:42:02.12 (12146220)|CUMULATIVE_LIMIT_USAGE
07:42:02.12 (12146220)|LIMIT_USAGE_FOR_NS|(default)|
  Number of SOQL queries: 1 out of 100
  Number of query rows: 1 out of 50000
  Number of SOSL queries: 0 out of 20
  Number of DML statements: 0 out of 150
  Number of DML rows: 0 out of 10000
  Maximum CPU time: 0 out of 10000
  Maximum heap size: 0 out of 6000000
  Number of callouts: 0 out of 100
  Number of Email Invocations: 0 out of 10
  Number of future calls: 0 out of 50
  Number of queueable jobs added to the queue: 0 out of 50
  Number of Mobile Apex push calls: 0 out of 10

07:42:02.12 (12146220)|CUMULATIVE_LIMIT_USAGE_END

07:42:02.0 (12186217)|CODE_UNIT_FINISHED|accountsWithContactsClass.getAllContacts
07:42:02.0 (12261953)|CODE_UNIT_FINISHED|Aura
07:42:02.0 (13381458)|EXECUTION_FINISHED
