40.0 APEX_CODE,FINEST;APEX_PROFILING,INFO;CALLOUT,INFO;DB,INFO;SYSTEM,DEBUG;VALIDATION,INFO;VISUALFORCE,INFO;WAVE,INFO;WORKFLOW,INFO
08:19:25.0 (94614)|USER_INFO|[EXTERNAL]|0057F000000SZkg|test-d_masalsky@twistellar.com|Pacific Standard Time|GMT-07:00
08:19:25.0 (147591)|EXECUTION_STARTED
08:19:25.0 (153094)|CODE_UNIT_STARTED|[EXTERNAL]|Aura
08:19:25.0 (6028409)|HEAP_ALLOCATE|[72]|Bytes:3
08:19:25.0 (6064332)|HEAP_ALLOCATE|[77]|Bytes:152
08:19:25.0 (6079812)|HEAP_ALLOCATE|[342]|Bytes:408
08:19:25.0 (6102029)|HEAP_ALLOCATE|[355]|Bytes:408
08:19:25.0 (6114156)|HEAP_ALLOCATE|[467]|Bytes:48
08:19:25.0 (6141697)|HEAP_ALLOCATE|[139]|Bytes:6
08:19:25.0 (6155180)|HEAP_ALLOCATE|[EXTERNAL]|Bytes:18
08:19:25.0 (6172353)|HEAP_ALLOCATE|[EXTERNAL]|Bytes:4
08:19:25.0 (6875757)|CODE_UNIT_STARTED|[EXTERNAL]|01p7F000008cBuq|accountsWithContactsClass.getAllContacts
08:19:25.0 (6965775)|HEAP_ALLOCATE|[EXTERNAL]|Bytes:10
08:19:25.0 (6981397)|METHOD_ENTRY|[1]|01p7F000008cBuq|accountsWithContactsClass.accountsWithContactsClass()
08:19:25.0 (6987878)|STATEMENT_EXECUTE|[1]
08:19:25.0 (6993565)|STATEMENT_EXECUTE|[1]
08:19:25.0 (6997217)|METHOD_EXIT|[1]|accountsWithContactsClass
08:19:25.0 (7003037)|HEAP_ALLOCATE|[EXTERNAL]|Bytes:4
08:19:25.0 (7012581)|SYSTEM_MODE_ENTER|false
08:19:25.0 (7020256)|VARIABLE_SCOPE_BEGIN|[4]|accountId|Id|false|false
08:19:25.0 (7159799)|VARIABLE_ASSIGNMENT|[4]|accountId|"0017F00000DPb63QAD"
08:19:25.0 (7170314)|STATEMENT_EXECUTE|[4]
08:19:25.0 (7171580)|STATEMENT_EXECUTE|[5]
08:19:25.0 (7174492)|HEAP_ALLOCATE|[5]|Bytes:116
08:19:25.0 (7183148)|HEAP_ALLOCATE|[5]|Bytes:4
08:19:25.0 (7192242)|HEAP_ALLOCATE|[5]|Bytes:7
08:19:25.0 (7231958)|HEAP_ALLOCATE|[50]|Bytes:5
08:19:25.0 (7256118)|HEAP_ALLOCATE|[56]|Bytes:5
08:19:25.0 (7263605)|HEAP_ALLOCATE|[64]|Bytes:7
08:19:25.0 (7954720)|SOQL_EXECUTE_BEGIN|[5]|Aggregations:0|SELECT FirstName, LastName, Phone, Email, Birthdate, AccountId, Account.Name FROM Contact WHERE AccountId = :tmpVar1
08:19:25.0 (11798012)|SOQL_EXECUTE_END|[5]|Rows:1
08:19:25.0 (11823170)|HEAP_ALLOCATE|[5]|Bytes:8
08:19:25.0 (11845672)|HEAP_ALLOCATE|[5]|Bytes:219
08:19:25.0 (11916681)|HEAP_ALLOCATE|[5]|Bytes:8
08:19:25.0 (11931950)|VARIABLE_SCOPE_BEGIN|[5]|contacts|List<Contact>|true|false
08:19:25.0 (11982605)|VARIABLE_ASSIGNMENT|[5]|contacts|[{"FirstName":"Edna","LastName":"Frank","Phone":"(650) 867-3450","Email":"efrank@genepoint.com","Birthdate":"1939-11-04T00:00:00.000Z","AccountId":"0017F00000DPb63QAD","Id":"0037F000007hqfzQAA","Account":{"Name":"GenePoint","Id":"0017F00000DPb63QAD"}}]|0x7553b6bc
08:19:25.0 (11992815)|STATEMENT_EXECUTE|[10]
08:19:25.0 (12000667)|SYSTEM_MODE_EXIT|false
08:19:25.12 (12027199)|CUMULATIVE_LIMIT_USAGE
08:19:25.12 (12027199)|LIMIT_USAGE_FOR_NS|(default)|
  Number of SOQL queries: 1 out of 100
  Number of query rows: 1 out of 50000
  Number of SOSL queries: 0 out of 20
  Number of DML statements: 0 out of 150
  Number of DML rows: 0 out of 10000
  Maximum CPU time: 0 out of 10000
  Maximum heap size: 0 out of 6000000
  Number of callouts: 0 out of 100
  Number of Email Invocations: 0 out of 10
  Number of future calls: 0 out of 50
  Number of queueable jobs added to the queue: 0 out of 50
  Number of Mobile Apex push calls: 0 out of 10

08:19:25.12 (12027199)|CUMULATIVE_LIMIT_USAGE_END

08:19:25.0 (12058398)|CODE_UNIT_FINISHED|accountsWithContactsClass.getAllContacts
08:19:25.0 (12130803)|CODE_UNIT_FINISHED|Aura
08:19:25.0 (13093894)|EXECUTION_FINISHED
