40.0 APEX_CODE,FINEST;APEX_PROFILING,INFO;CALLOUT,INFO;DB,INFO;SYSTEM,DEBUG;VALIDATION,INFO;VISUALFORCE,INFO;WAVE,INFO;WORKFLOW,INFO
08:18:00.0 (76721)|USER_INFO|[EXTERNAL]|0057F000000SZkg|test-d_masalsky@twistellar.com|Pacific Standard Time|GMT-07:00
08:18:00.0 (134601)|EXECUTION_STARTED
08:18:00.0 (140021)|CODE_UNIT_STARTED|[EXTERNAL]|Aura
08:18:00.0 (6620873)|HEAP_ALLOCATE|[72]|Bytes:3
08:18:00.0 (6667205)|HEAP_ALLOCATE|[77]|Bytes:152
08:18:00.0 (6685919)|HEAP_ALLOCATE|[342]|Bytes:408
08:18:00.0 (6706985)|HEAP_ALLOCATE|[355]|Bytes:408
08:18:00.0 (6728438)|HEAP_ALLOCATE|[467]|Bytes:48
08:18:00.0 (6762999)|HEAP_ALLOCATE|[139]|Bytes:6
08:18:00.0 (6778537)|HEAP_ALLOCATE|[EXTERNAL]|Bytes:18
08:18:00.0 (6796512)|HEAP_ALLOCATE|[EXTERNAL]|Bytes:4
08:18:00.0 (7492133)|CODE_UNIT_STARTED|[EXTERNAL]|01p7F000008cBuq|accountsWithContactsClass.getAllContacts
08:18:00.0 (7603167)|HEAP_ALLOCATE|[EXTERNAL]|Bytes:10
08:18:00.0 (7624476)|METHOD_ENTRY|[1]|01p7F000008cBuq|accountsWithContactsClass.accountsWithContactsClass()
08:18:00.0 (7634253)|STATEMENT_EXECUTE|[1]
08:18:00.0 (7641416)|STATEMENT_EXECUTE|[1]
08:18:00.0 (7646218)|METHOD_EXIT|[1]|accountsWithContactsClass
08:18:00.0 (7654000)|HEAP_ALLOCATE|[EXTERNAL]|Bytes:4
08:18:00.0 (7664816)|SYSTEM_MODE_ENTER|false
08:18:00.0 (7679076)|VARIABLE_SCOPE_BEGIN|[4]|accountId|Id|false|false
08:18:00.0 (7936506)|VARIABLE_ASSIGNMENT|[4]|accountId|"0017F00000DPb63QAD"
08:18:00.0 (7949580)|STATEMENT_EXECUTE|[4]
08:18:00.0 (7950821)|STATEMENT_EXECUTE|[5]
08:18:00.0 (7954085)|HEAP_ALLOCATE|[5]|Bytes:116
08:18:00.0 (7964288)|HEAP_ALLOCATE|[5]|Bytes:4
08:18:00.0 (7974320)|HEAP_ALLOCATE|[5]|Bytes:7
08:18:00.0 (8020724)|HEAP_ALLOCATE|[50]|Bytes:5
08:18:00.0 (8041145)|HEAP_ALLOCATE|[56]|Bytes:5
08:18:00.0 (8049048)|HEAP_ALLOCATE|[64]|Bytes:7
08:18:00.0 (8830887)|SOQL_EXECUTE_BEGIN|[5]|Aggregations:0|SELECT FirstName, LastName, Phone, Email, Birthdate, AccountId, Account.Name FROM Contact WHERE AccountId = :tmpVar1
08:18:00.0 (12866161)|SOQL_EXECUTE_END|[5]|Rows:1
08:18:00.0 (12886971)|HEAP_ALLOCATE|[5]|Bytes:8
08:18:00.0 (12905679)|HEAP_ALLOCATE|[5]|Bytes:219
08:18:00.0 (12964649)|HEAP_ALLOCATE|[5]|Bytes:8
08:18:00.0 (12982068)|VARIABLE_SCOPE_BEGIN|[5]|contacts|List<Contact>|true|false
08:18:00.0 (13031977)|VARIABLE_ASSIGNMENT|[5]|contacts|[{"FirstName":"Edna","LastName":"Frank","Phone":"(650) 867-3450","Email":"efrank@genepoint.com","Birthdate":"1939-11-04T00:00:00.000Z","AccountId":"0017F00000DPb63QAD","Id":"0037F000007hqfzQAA","Account":{"Name":"GenePoint","Id":"0017F00000DPb63QAD"}}]|0x13ee2e24
08:18:00.0 (13043009)|STATEMENT_EXECUTE|[10]
08:18:00.0 (13050481)|SYSTEM_MODE_EXIT|false
08:18:00.13 (13090865)|CUMULATIVE_LIMIT_USAGE
08:18:00.13 (13090865)|LIMIT_USAGE_FOR_NS|(default)|
  Number of SOQL queries: 1 out of 100
  Number of query rows: 1 out of 50000
  Number of SOSL queries: 0 out of 20
  Number of DML statements: 0 out of 150
  Number of DML rows: 0 out of 10000
  Maximum CPU time: 0 out of 10000
  Maximum heap size: 0 out of 6000000
  Number of callouts: 0 out of 100
  Number of Email Invocations: 0 out of 10
  Number of future calls: 0 out of 50
  Number of queueable jobs added to the queue: 0 out of 50
  Number of Mobile Apex push calls: 0 out of 10

08:18:00.13 (13090865)|CUMULATIVE_LIMIT_USAGE_END

08:18:00.0 (13135470)|CODE_UNIT_FINISHED|accountsWithContactsClass.getAllContacts
08:18:00.0 (13221479)|CODE_UNIT_FINISHED|Aura
08:18:00.0 (14201245)|EXECUTION_FINISHED
