40.0 APEX_CODE,FINEST;APEX_PROFILING,INFO;CALLOUT,INFO;DB,INFO;SYSTEM,DEBUG;VALIDATION,INFO;VISUALFORCE,INFO;WAVE,INFO;WORKFLOW,INFO
08:12:05.0 (89627)|USER_INFO|[EXTERNAL]|0057F000000SZkg|test-d_masalsky@twistellar.com|Pacific Standard Time|GMT-07:00
08:12:05.0 (136990)|EXECUTION_STARTED
08:12:05.0 (141842)|CODE_UNIT_STARTED|[EXTERNAL]|Aura
08:12:05.0 (6901264)|HEAP_ALLOCATE|[72]|Bytes:3
08:12:05.0 (6943412)|HEAP_ALLOCATE|[77]|Bytes:152
08:12:05.0 (6959276)|HEAP_ALLOCATE|[342]|Bytes:408
08:12:05.0 (6972133)|HEAP_ALLOCATE|[355]|Bytes:408
08:12:05.0 (6982187)|HEAP_ALLOCATE|[467]|Bytes:48
08:12:05.0 (7007173)|HEAP_ALLOCATE|[139]|Bytes:6
08:12:05.0 (7713693)|CODE_UNIT_STARTED|[EXTERNAL]|01p7F000008cBuq|accountsWithContactsClass.fetchLookUpValues
08:12:05.0 (7832308)|HEAP_ALLOCATE|[EXTERNAL]|Bytes:10
08:12:05.0 (7846518)|METHOD_ENTRY|[1]|01p7F000008cBuq|accountsWithContactsClass.accountsWithContactsClass()
08:12:05.0 (7852247)|STATEMENT_EXECUTE|[1]
08:12:05.0 (7858217)|STATEMENT_EXECUTE|[1]
08:12:05.0 (7861483)|METHOD_EXIT|[1]|accountsWithContactsClass
08:12:05.0 (7875031)|SYSTEM_MODE_ENTER|false
08:12:05.0 (7883233)|VARIABLE_SCOPE_BEGIN|[20]|searchKeyWord|String|false|false
08:12:05.0 (7907747)|VARIABLE_ASSIGNMENT|[20]|searchKeyWord|""
08:12:05.0 (7918818)|STATEMENT_EXECUTE|[20]
08:12:05.0 (7920207)|STATEMENT_EXECUTE|[21]
08:12:05.0 (7923122)|HEAP_ALLOCATE|[21]|Bytes:1
08:12:05.0 (7938207)|HEAP_ALLOCATE|[21]|Bytes:1
08:12:05.0 (7944339)|VARIABLE_SCOPE_BEGIN|[21]|searchKey|String|false|false
08:12:05.0 (7954881)|VARIABLE_ASSIGNMENT|[21]|searchKey|"%"
08:12:05.0 (7958786)|STATEMENT_EXECUTE|[22]
08:12:05.0 (8024143)|HEAP_ALLOCATE|[22]|Bytes:4
08:12:05.0 (8087877)|VARIABLE_SCOPE_BEGIN|[22]|returnList|List<Account>|true|false
08:12:05.0 (8101093)|HEAP_ALLOCATE|[EXTERNAL]|Bytes:4
08:12:05.0 (8112691)|VARIABLE_ASSIGNMENT|[22]|returnList|[]|0x5ce44749
08:12:05.0 (8117689)|STATEMENT_EXECUTE|[23]
08:12:05.0 (8120224)|HEAP_ALLOCATE|[23]|Bytes:89
08:12:05.0 (8124459)|VARIABLE_SCOPE_BEGIN|[23]|sQuery|String|false|false
08:12:05.0 (8135871)|VARIABLE_ASSIGNMENT|[23]|sQuery|"SELECT Id, Name FROM (69 more) ..."
08:12:05.0 (8139393)|STATEMENT_EXECUTE|[24]
08:12:05.0 (8173355)|HEAP_ALLOCATE|[50]|Bytes:5
08:12:05.0 (8196356)|HEAP_ALLOCATE|[56]|Bytes:5
08:12:05.0 (8203596)|HEAP_ALLOCATE|[64]|Bytes:7
08:12:05.0 (8659491)|SOQL_EXECUTE_BEGIN|[24]|Aggregations:0|SELECT Id, Name FROM Account WHERE Name LIKE: searchKey ORDER BY CreatedDate DESC LIMIT 5
08:12:05.0 (10480058)|SOQL_EXECUTE_END|[24]|Rows:5
08:12:05.0 (10500379)|HEAP_ALLOCATE|[24]|Bytes:24
08:12:05.0 (10522054)|HEAP_ALLOCATE|[24]|Bytes:307
08:12:05.0 (10549181)|HEAP_ALLOCATE|[24]|Bytes:24
08:12:05.0 (10564947)|VARIABLE_SCOPE_BEGIN|[24]|lstOfRecords|List<Account>|true|false
08:12:05.0 (10593336)|VARIABLE_ASSIGNMENT|[24]|lstOfRecords|[{"Id":"0017F00000DPb63QAD","Name":"GenePoint"},{"Id":"0017F00000DPb61QAD","Name":"United Oil & Gas, UK"},{"Id":"0017F00000DPb62QAD","Name":"United Oil & Gas, Si (7 more) ..."},{"Id":"0017F00000DPb5tQAD","Name":"Express Logistics an (11 more) ..."},{"Id":"0017F00000DPb5uQAD","Name":"Burlington Textiles  (15 more) ..."}]|0x2d970203
08:12:05.0 (10764043)|HEAP_ALLOCATE|[25]|Bytes:5
08:12:05.0 (10800906)|HEAP_ALLOCATE|[25]|Bytes:12
08:12:05.0 (10810659)|VARIABLE_SCOPE_BEGIN|[25]|obj|Account|true|false
08:12:05.0 (10827340)|VARIABLE_ASSIGNMENT|[25]|obj|{"Id":"0017F00000DPb63QAD","Name":"GenePoint"}|0x3a533f0c
08:12:05.0 (10834590)|STATEMENT_EXECUTE|[25]
08:12:05.0 (10835847)|STATEMENT_EXECUTE|[26]
08:12:05.0 (10863438)|HEAP_ALLOCATE|[EXTERNAL]|Bytes:4
08:12:05.0 (10876497)|HEAP_ALLOCATE|[25]|Bytes:5
08:12:05.0 (10890324)|HEAP_ALLOCATE|[25]|Bytes:12
08:12:05.0 (10895664)|VARIABLE_SCOPE_BEGIN|[25]|obj|Account|true|false
08:12:05.0 (10906551)|VARIABLE_ASSIGNMENT|[25]|obj|{"Id":"0017F00000DPb61QAD","Name":"United Oil & Gas, UK"}|0x3f936021
08:12:05.0 (10911463)|STATEMENT_EXECUTE|[25]
08:12:05.0 (10912833)|STATEMENT_EXECUTE|[26]
08:12:05.0 (10917430)|HEAP_ALLOCATE|[EXTERNAL]|Bytes:4
08:12:05.0 (10925125)|HEAP_ALLOCATE|[25]|Bytes:5
08:12:05.0 (10935472)|HEAP_ALLOCATE|[25]|Bytes:12
08:12:05.0 (10940103)|VARIABLE_SCOPE_BEGIN|[25]|obj|Account|true|false
08:12:05.0 (10949303)|VARIABLE_ASSIGNMENT|[25]|obj|{"Id":"0017F00000DPb62QAD","Name":"United Oil & Gas, Si (7 more) ..."}|0x39bbc545
08:12:05.0 (10954763)|STATEMENT_EXECUTE|[25]
08:12:05.0 (10955689)|STATEMENT_EXECUTE|[26]
08:12:05.0 (10959097)|HEAP_ALLOCATE|[EXTERNAL]|Bytes:4
08:12:05.0 (10965941)|HEAP_ALLOCATE|[25]|Bytes:5
08:12:05.0 (10974447)|HEAP_ALLOCATE|[25]|Bytes:12
08:12:05.0 (10978915)|VARIABLE_SCOPE_BEGIN|[25]|obj|Account|true|false
08:12:05.0 (10988223)|VARIABLE_ASSIGNMENT|[25]|obj|{"Id":"0017F00000DPb5tQAD","Name":"Express Logistics an (11 more) ..."}|0x4e51cecb
08:12:05.0 (10992328)|STATEMENT_EXECUTE|[25]
08:12:05.0 (10993230)|STATEMENT_EXECUTE|[26]
08:12:05.0 (10996510)|HEAP_ALLOCATE|[EXTERNAL]|Bytes:4
08:12:05.0 (11003131)|HEAP_ALLOCATE|[25]|Bytes:5
08:12:05.0 (11013030)|HEAP_ALLOCATE|[25]|Bytes:12
08:12:05.0 (11017091)|VARIABLE_SCOPE_BEGIN|[25]|obj|Account|true|false
08:12:05.0 (11025746)|VARIABLE_ASSIGNMENT|[25]|obj|{"Id":"0017F00000DPb5uQAD","Name":"Burlington Textiles  (15 more) ..."}|0x6d593352
08:12:05.0 (11030268)|STATEMENT_EXECUTE|[25]
08:12:05.0 (11031171)|STATEMENT_EXECUTE|[26]
08:12:05.0 (11034459)|HEAP_ALLOCATE|[EXTERNAL]|Bytes:4
08:12:05.0 (11040929)|HEAP_ALLOCATE|[25]|Bytes:5
08:12:05.0 (11048802)|VARIABLE_ASSIGNMENT|[25]|obj|null|
08:12:05.0 (11053265)|STATEMENT_EXECUTE|[28]
08:12:05.0 (11058078)|SYSTEM_MODE_EXIT|false
08:12:05.11 (11087335)|CUMULATIVE_LIMIT_USAGE
08:12:05.11 (11087335)|LIMIT_USAGE_FOR_NS|(default)|
  Number of SOQL queries: 1 out of 100
  Number of query rows: 5 out of 50000
  Number of SOSL queries: 0 out of 20
  Number of DML statements: 0 out of 150
  Number of DML rows: 0 out of 10000
  Maximum CPU time: 0 out of 10000
  Maximum heap size: 0 out of 6000000
  Number of callouts: 0 out of 100
  Number of Email Invocations: 0 out of 10
  Number of future calls: 0 out of 50
  Number of queueable jobs added to the queue: 0 out of 50
  Number of Mobile Apex push calls: 0 out of 10

08:12:05.11 (11087335)|CUMULATIVE_LIMIT_USAGE_END

08:12:05.0 (11119280)|CODE_UNIT_FINISHED|accountsWithContactsClass.fetchLookUpValues
08:12:05.0 (11187162)|CODE_UNIT_FINISHED|Aura
08:12:05.0 (12151057)|EXECUTION_FINISHED
