40.0 APEX_CODE,FINEST;APEX_PROFILING,INFO;CALLOUT,INFO;DB,INFO;SYSTEM,DEBUG;VALIDATION,INFO;VISUALFORCE,INFO;WAVE,INFO;WORKFLOW,INFO
08:12:00.0 (78537)|USER_INFO|[EXTERNAL]|0057F000000SZkg|test-d_masalsky@twistellar.com|Pacific Standard Time|GMT-07:00
08:12:00.0 (121873)|EXECUTION_STARTED
08:12:00.0 (126767)|CODE_UNIT_STARTED|[EXTERNAL]|Aura
08:12:00.0 (5989207)|HEAP_ALLOCATE|[72]|Bytes:3
08:12:00.0 (6019257)|HEAP_ALLOCATE|[77]|Bytes:152
08:12:00.0 (6034563)|HEAP_ALLOCATE|[342]|Bytes:408
08:12:00.0 (6045933)|HEAP_ALLOCATE|[355]|Bytes:408
08:12:00.0 (6055680)|HEAP_ALLOCATE|[467]|Bytes:48
08:12:00.0 (6076471)|HEAP_ALLOCATE|[139]|Bytes:6
08:12:00.0 (6889927)|CODE_UNIT_STARTED|[EXTERNAL]|01p7F000008cBuq|accountsWithContactsClass.fetchLookUpValues
08:12:00.0 (6978347)|HEAP_ALLOCATE|[EXTERNAL]|Bytes:10
08:12:00.0 (6992725)|METHOD_ENTRY|[1]|01p7F000008cBuq|accountsWithContactsClass.accountsWithContactsClass()
08:12:00.0 (6998636)|STATEMENT_EXECUTE|[1]
08:12:00.0 (7004523)|STATEMENT_EXECUTE|[1]
08:12:00.0 (7008840)|METHOD_EXIT|[1]|accountsWithContactsClass
08:12:00.0 (7020479)|SYSTEM_MODE_ENTER|false
08:12:00.0 (7027702)|VARIABLE_SCOPE_BEGIN|[20]|searchKeyWord|String|false|false
08:12:00.0 (7051384)|VARIABLE_ASSIGNMENT|[20]|searchKeyWord|""
08:12:00.0 (7063156)|STATEMENT_EXECUTE|[20]
08:12:00.0 (7064553)|STATEMENT_EXECUTE|[21]
08:12:00.0 (7067125)|HEAP_ALLOCATE|[21]|Bytes:1
08:12:00.0 (7080403)|HEAP_ALLOCATE|[21]|Bytes:1
08:12:00.0 (7085736)|VARIABLE_SCOPE_BEGIN|[21]|searchKey|String|false|false
08:12:00.0 (7095317)|VARIABLE_ASSIGNMENT|[21]|searchKey|"%"
08:12:00.0 (7099280)|STATEMENT_EXECUTE|[22]
08:12:00.0 (7164763)|HEAP_ALLOCATE|[22]|Bytes:4
08:12:00.0 (7226966)|VARIABLE_SCOPE_BEGIN|[22]|returnList|List<Account>|true|false
08:12:00.0 (7239052)|HEAP_ALLOCATE|[EXTERNAL]|Bytes:4
08:12:00.0 (7249720)|VARIABLE_ASSIGNMENT|[22]|returnList|[]|0x750cc7d1
08:12:00.0 (7254972)|STATEMENT_EXECUTE|[23]
08:12:00.0 (7257461)|HEAP_ALLOCATE|[23]|Bytes:89
08:12:00.0 (7261847)|VARIABLE_SCOPE_BEGIN|[23]|sQuery|String|false|false
08:12:00.0 (7272968)|VARIABLE_ASSIGNMENT|[23]|sQuery|"SELECT Id, Name FROM (69 more) ..."
08:12:00.0 (7276693)|STATEMENT_EXECUTE|[24]
08:12:00.0 (7309411)|HEAP_ALLOCATE|[50]|Bytes:5
08:12:00.0 (7330447)|HEAP_ALLOCATE|[56]|Bytes:5
08:12:00.0 (7337086)|HEAP_ALLOCATE|[64]|Bytes:7
08:12:00.0 (7763085)|SOQL_EXECUTE_BEGIN|[24]|Aggregations:0|SELECT Id, Name FROM Account WHERE Name LIKE: searchKey ORDER BY CreatedDate DESC LIMIT 5
08:12:00.0 (9603540)|SOQL_EXECUTE_END|[24]|Rows:5
08:12:00.0 (9621369)|HEAP_ALLOCATE|[24]|Bytes:24
08:12:00.0 (9639430)|HEAP_ALLOCATE|[24]|Bytes:307
08:12:00.0 (9659839)|HEAP_ALLOCATE|[24]|Bytes:24
08:12:00.0 (9674459)|VARIABLE_SCOPE_BEGIN|[24]|lstOfRecords|List<Account>|true|false
08:12:00.0 (9703506)|VARIABLE_ASSIGNMENT|[24]|lstOfRecords|[{"Id":"0017F00000DPb63QAD","Name":"GenePoint"},{"Id":"0017F00000DPb61QAD","Name":"United Oil & Gas, UK"},{"Id":"0017F00000DPb62QAD","Name":"United Oil & Gas, Si (7 more) ..."},{"Id":"0017F00000DPb5tQAD","Name":"Express Logistics an (11 more) ..."},{"Id":"0017F00000DPb5uQAD","Name":"Burlington Textiles  (15 more) ..."}]|0x1708a12
08:12:00.0 (9864024)|HEAP_ALLOCATE|[25]|Bytes:5
08:12:00.0 (9896543)|HEAP_ALLOCATE|[25]|Bytes:12
08:12:00.0 (9906542)|VARIABLE_SCOPE_BEGIN|[25]|obj|Account|true|false
08:12:00.0 (9919915)|VARIABLE_ASSIGNMENT|[25]|obj|{"Id":"0017F00000DPb63QAD","Name":"GenePoint"}|0x6b3565d
08:12:00.0 (9926532)|STATEMENT_EXECUTE|[25]
08:12:00.0 (9928182)|STATEMENT_EXECUTE|[26]
08:12:00.0 (9955766)|HEAP_ALLOCATE|[EXTERNAL]|Bytes:4
08:12:00.0 (9967676)|HEAP_ALLOCATE|[25]|Bytes:5
08:12:00.0 (9981812)|HEAP_ALLOCATE|[25]|Bytes:12
08:12:00.0 (9987391)|VARIABLE_SCOPE_BEGIN|[25]|obj|Account|true|false
08:12:00.0 (9997460)|VARIABLE_ASSIGNMENT|[25]|obj|{"Id":"0017F00000DPb61QAD","Name":"United Oil & Gas, UK"}|0x6cbfadbc
08:12:00.0 (10003717)|STATEMENT_EXECUTE|[25]
08:12:00.0 (10005364)|STATEMENT_EXECUTE|[26]
08:12:00.0 (10010769)|HEAP_ALLOCATE|[EXTERNAL]|Bytes:4
08:12:00.0 (10019094)|HEAP_ALLOCATE|[25]|Bytes:5
08:12:00.0 (10028526)|HEAP_ALLOCATE|[25]|Bytes:12
08:12:00.0 (10033200)|VARIABLE_SCOPE_BEGIN|[25]|obj|Account|true|false
08:12:00.0 (10042691)|VARIABLE_ASSIGNMENT|[25]|obj|{"Id":"0017F00000DPb62QAD","Name":"United Oil & Gas, Si (7 more) ..."}|0x4272c2e5
08:12:00.0 (10047826)|STATEMENT_EXECUTE|[25]
08:12:00.0 (10048771)|STATEMENT_EXECUTE|[26]
08:12:00.0 (10052642)|HEAP_ALLOCATE|[EXTERNAL]|Bytes:4
08:12:00.0 (10059403)|HEAP_ALLOCATE|[25]|Bytes:5
08:12:00.0 (10069305)|HEAP_ALLOCATE|[25]|Bytes:12
08:12:00.0 (10073630)|VARIABLE_SCOPE_BEGIN|[25]|obj|Account|true|false
08:12:00.0 (10083322)|VARIABLE_ASSIGNMENT|[25]|obj|{"Id":"0017F00000DPb5tQAD","Name":"Express Logistics an (11 more) ..."}|0xc27559a
08:12:00.0 (10088558)|STATEMENT_EXECUTE|[25]
08:12:00.0 (10089461)|STATEMENT_EXECUTE|[26]
08:12:00.0 (10092758)|HEAP_ALLOCATE|[EXTERNAL]|Bytes:4
08:12:00.0 (10099390)|HEAP_ALLOCATE|[25]|Bytes:5
08:12:00.0 (10108436)|HEAP_ALLOCATE|[25]|Bytes:12
08:12:00.0 (10112285)|VARIABLE_SCOPE_BEGIN|[25]|obj|Account|true|false
08:12:00.0 (10121301)|VARIABLE_ASSIGNMENT|[25]|obj|{"Id":"0017F00000DPb5uQAD","Name":"Burlington Textiles  (15 more) ..."}|0x10baebfd
08:12:00.0 (10125556)|STATEMENT_EXECUTE|[25]
08:12:00.0 (10126470)|STATEMENT_EXECUTE|[26]
08:12:00.0 (10129715)|HEAP_ALLOCATE|[EXTERNAL]|Bytes:4
08:12:00.0 (10137861)|HEAP_ALLOCATE|[25]|Bytes:5
08:12:00.0 (10146235)|VARIABLE_ASSIGNMENT|[25]|obj|null|
08:12:00.0 (10150888)|STATEMENT_EXECUTE|[28]
08:12:00.0 (10155818)|SYSTEM_MODE_EXIT|false
08:12:00.10 (10186289)|CUMULATIVE_LIMIT_USAGE
08:12:00.10 (10186289)|LIMIT_USAGE_FOR_NS|(default)|
  Number of SOQL queries: 1 out of 100
  Number of query rows: 5 out of 50000
  Number of SOSL queries: 0 out of 20
  Number of DML statements: 0 out of 150
  Number of DML rows: 0 out of 10000
  Maximum CPU time: 0 out of 10000
  Maximum heap size: 0 out of 6000000
  Number of callouts: 0 out of 100
  Number of Email Invocations: 0 out of 10
  Number of future calls: 0 out of 50
  Number of queueable jobs added to the queue: 0 out of 50
  Number of Mobile Apex push calls: 0 out of 10

08:12:00.10 (10186289)|CUMULATIVE_LIMIT_USAGE_END

08:12:00.0 (10221456)|CODE_UNIT_FINISHED|accountsWithContactsClass.fetchLookUpValues
08:12:00.0 (10287651)|CODE_UNIT_FINISHED|Aura
08:12:00.0 (11349331)|EXECUTION_FINISHED
