40.0 APEX_CODE,FINEST;APEX_PROFILING,INFO;CALLOUT,INFO;DB,INFO;SYSTEM,DEBUG;VALIDATION,INFO;VISUALFORCE,INFO;WAVE,INFO;WORKFLOW,INFO
07:50:54.0 (71761)|USER_INFO|[EXTERNAL]|0057F000000SZkg|test-d_masalsky@twistellar.com|Pacific Standard Time|GMT-07:00
07:50:54.0 (106810)|EXECUTION_STARTED
07:50:54.0 (110971)|CODE_UNIT_STARTED|[EXTERNAL]|Aura
07:50:54.0 (5837033)|HEAP_ALLOCATE|[72]|Bytes:3
07:50:54.0 (5873366)|HEAP_ALLOCATE|[77]|Bytes:152
07:50:54.0 (5889723)|HEAP_ALLOCATE|[342]|Bytes:408
07:50:54.0 (5901638)|HEAP_ALLOCATE|[355]|Bytes:408
07:50:54.0 (5911947)|HEAP_ALLOCATE|[467]|Bytes:48
07:50:54.0 (5936052)|HEAP_ALLOCATE|[139]|Bytes:6
07:50:54.0 (6586582)|CODE_UNIT_STARTED|[EXTERNAL]|01p7F000008cBuq|accountsWithContactsClass.fetchLookUpValues
07:50:54.0 (6684311)|HEAP_ALLOCATE|[EXTERNAL]|Bytes:10
07:50:54.0 (6698567)|METHOD_ENTRY|[1]|01p7F000008cBuq|accountsWithContactsClass.accountsWithContactsClass()
07:50:54.0 (6705195)|STATEMENT_EXECUTE|[1]
07:50:54.0 (6710212)|STATEMENT_EXECUTE|[1]
07:50:54.0 (6713463)|METHOD_EXIT|[1]|accountsWithContactsClass
07:50:54.0 (6726257)|SYSTEM_MODE_ENTER|false
07:50:54.0 (6733405)|VARIABLE_SCOPE_BEGIN|[20]|searchKeyWord|String|false|false
07:50:54.0 (6756418)|VARIABLE_ASSIGNMENT|[20]|searchKeyWord|""
07:50:54.0 (6767058)|STATEMENT_EXECUTE|[20]
07:50:54.0 (6768453)|STATEMENT_EXECUTE|[21]
07:50:54.0 (6771238)|HEAP_ALLOCATE|[21]|Bytes:1
07:50:54.0 (6783170)|HEAP_ALLOCATE|[21]|Bytes:1
07:50:54.0 (6788609)|VARIABLE_SCOPE_BEGIN|[21]|searchKey|String|false|false
07:50:54.0 (6798844)|VARIABLE_ASSIGNMENT|[21]|searchKey|"%"
07:50:54.0 (6803195)|STATEMENT_EXECUTE|[22]
07:50:54.0 (6865093)|HEAP_ALLOCATE|[22]|Bytes:4
07:50:54.0 (6928460)|VARIABLE_SCOPE_BEGIN|[22]|returnList|List<Account>|true|false
07:50:54.0 (6941360)|HEAP_ALLOCATE|[EXTERNAL]|Bytes:4
07:50:54.0 (6952149)|VARIABLE_ASSIGNMENT|[22]|returnList|[]|0x5ec2e13e
07:50:54.0 (6957438)|STATEMENT_EXECUTE|[23]
07:50:54.0 (6959563)|HEAP_ALLOCATE|[23]|Bytes:89
07:50:54.0 (6963405)|VARIABLE_SCOPE_BEGIN|[23]|sQuery|String|false|false
07:50:54.0 (6974406)|VARIABLE_ASSIGNMENT|[23]|sQuery|"SELECT Id, Name FROM (69 more) ..."
07:50:54.0 (6978142)|STATEMENT_EXECUTE|[24]
07:50:54.0 (7011707)|HEAP_ALLOCATE|[50]|Bytes:5
07:50:54.0 (7034576)|HEAP_ALLOCATE|[56]|Bytes:5
07:50:54.0 (7041176)|HEAP_ALLOCATE|[64]|Bytes:7
07:50:54.0 (7524713)|SOQL_EXECUTE_BEGIN|[24]|Aggregations:0|SELECT Id, Name FROM Account WHERE Name LIKE: searchKey ORDER BY CreatedDate DESC LIMIT 5
07:50:54.0 (11175662)|SOQL_EXECUTE_END|[24]|Rows:5
07:50:54.0 (11194078)|HEAP_ALLOCATE|[24]|Bytes:24
07:50:54.0 (11216265)|HEAP_ALLOCATE|[24]|Bytes:307
07:50:54.0 (11240885)|HEAP_ALLOCATE|[24]|Bytes:24
07:50:54.0 (11255214)|VARIABLE_SCOPE_BEGIN|[24]|lstOfRecords|List<Account>|true|false
07:50:54.0 (11282416)|VARIABLE_ASSIGNMENT|[24]|lstOfRecords|[{"Id":"0017F00000DPb63QAD","Name":"GenePoint"},{"Id":"0017F00000DPb61QAD","Name":"United Oil & Gas, UK"},{"Id":"0017F00000DPb62QAD","Name":"United Oil & Gas, Si (7 more) ..."},{"Id":"0017F00000DPb5tQAD","Name":"Express Logistics an (11 more) ..."},{"Id":"0017F00000DPb5uQAD","Name":"Burlington Textiles  (15 more) ..."}]|0x2d622340
07:50:54.0 (11449736)|HEAP_ALLOCATE|[25]|Bytes:5
07:50:54.0 (11486982)|HEAP_ALLOCATE|[25]|Bytes:12
07:50:54.0 (11497057)|VARIABLE_SCOPE_BEGIN|[25]|obj|Account|true|false
07:50:54.0 (11510866)|VARIABLE_ASSIGNMENT|[25]|obj|{"Id":"0017F00000DPb63QAD","Name":"GenePoint"}|0x2b6ce5b5
07:50:54.0 (11517231)|STATEMENT_EXECUTE|[25]
07:50:54.0 (11518581)|STATEMENT_EXECUTE|[26]
07:50:54.0 (11548028)|HEAP_ALLOCATE|[EXTERNAL]|Bytes:4
07:50:54.0 (11562350)|HEAP_ALLOCATE|[25]|Bytes:5
07:50:54.0 (11576543)|HEAP_ALLOCATE|[25]|Bytes:12
07:50:54.0 (11582535)|VARIABLE_SCOPE_BEGIN|[25]|obj|Account|true|false
07:50:54.0 (11593981)|VARIABLE_ASSIGNMENT|[25]|obj|{"Id":"0017F00000DPb61QAD","Name":"United Oil & Gas, UK"}|0x34715482
07:50:54.0 (11598945)|STATEMENT_EXECUTE|[25]
07:50:54.0 (11600368)|STATEMENT_EXECUTE|[26]
07:50:54.0 (11605186)|HEAP_ALLOCATE|[EXTERNAL]|Bytes:4
07:50:54.0 (11613745)|HEAP_ALLOCATE|[25]|Bytes:5
07:50:54.0 (11623458)|HEAP_ALLOCATE|[25]|Bytes:12
07:50:54.0 (11628496)|VARIABLE_SCOPE_BEGIN|[25]|obj|Account|true|false
07:50:54.0 (11638380)|VARIABLE_ASSIGNMENT|[25]|obj|{"Id":"0017F00000DPb62QAD","Name":"United Oil & Gas, Si (7 more) ..."}|0x379bb1cb
07:50:54.0 (11644115)|STATEMENT_EXECUTE|[25]
07:50:54.0 (11645076)|STATEMENT_EXECUTE|[26]
07:50:54.0 (11649017)|HEAP_ALLOCATE|[EXTERNAL]|Bytes:4
07:50:54.0 (11656398)|HEAP_ALLOCATE|[25]|Bytes:5
07:50:54.0 (11665464)|HEAP_ALLOCATE|[25]|Bytes:12
07:50:54.0 (11669307)|VARIABLE_SCOPE_BEGIN|[25]|obj|Account|true|false
07:50:54.0 (11678637)|VARIABLE_ASSIGNMENT|[25]|obj|{"Id":"0017F00000DPb5tQAD","Name":"Express Logistics an (11 more) ..."}|0x61e49b03
07:50:54.0 (11682830)|STATEMENT_EXECUTE|[25]
07:50:54.0 (11683770)|STATEMENT_EXECUTE|[26]
07:50:54.0 (11687163)|HEAP_ALLOCATE|[EXTERNAL]|Bytes:4
07:50:54.0 (11694237)|HEAP_ALLOCATE|[25]|Bytes:5
07:50:54.0 (11703667)|HEAP_ALLOCATE|[25]|Bytes:12
07:50:54.0 (11707538)|VARIABLE_SCOPE_BEGIN|[25]|obj|Account|true|false
07:50:54.0 (11717134)|VARIABLE_ASSIGNMENT|[25]|obj|{"Id":"0017F00000DPb5uQAD","Name":"Burlington Textiles  (15 more) ..."}|0x2de99bc7
07:50:54.0 (11721685)|STATEMENT_EXECUTE|[25]
07:50:54.0 (11722589)|STATEMENT_EXECUTE|[26]
07:50:54.0 (11725926)|HEAP_ALLOCATE|[EXTERNAL]|Bytes:4
07:50:54.0 (11733281)|HEAP_ALLOCATE|[25]|Bytes:5
07:50:54.0 (11741319)|VARIABLE_ASSIGNMENT|[25]|obj|null|
07:50:54.0 (11746219)|STATEMENT_EXECUTE|[28]
07:50:54.0 (11751365)|SYSTEM_MODE_EXIT|false
07:50:54.11 (11781930)|CUMULATIVE_LIMIT_USAGE
07:50:54.11 (11781930)|LIMIT_USAGE_FOR_NS|(default)|
  Number of SOQL queries: 1 out of 100
  Number of query rows: 5 out of 50000
  Number of SOSL queries: 0 out of 20
  Number of DML statements: 0 out of 150
  Number of DML rows: 0 out of 10000
  Maximum CPU time: 0 out of 10000
  Maximum heap size: 0 out of 6000000
  Number of callouts: 0 out of 100
  Number of Email Invocations: 0 out of 10
  Number of future calls: 0 out of 50
  Number of queueable jobs added to the queue: 0 out of 50
  Number of Mobile Apex push calls: 0 out of 10

07:50:54.11 (11781930)|CUMULATIVE_LIMIT_USAGE_END

07:50:54.0 (11825592)|CODE_UNIT_FINISHED|accountsWithContactsClass.fetchLookUpValues
07:50:54.0 (11893172)|CODE_UNIT_FINISHED|Aura
07:50:54.0 (12840900)|EXECUTION_FINISHED
