40.0 APEX_CODE,FINEST;APEX_PROFILING,INFO;CALLOUT,INFO;DB,INFO;SYSTEM,DEBUG;VALIDATION,INFO;VISUALFORCE,INFO;WAVE,INFO;WORKFLOW,INFO
03:35:35.0 (295748)|USER_INFO|[EXTERNAL]|0057F000000SZkg|test-d_masalsky@twistellar.com|Pacific Standard Time|GMT-07:00
03:35:35.0 (329037)|EXECUTION_STARTED
03:35:35.0 (332390)|CODE_UNIT_STARTED|[EXTERNAL]|0667F000003H5tO|VF: /apex/ShowNews
03:35:35.0 (758695)|VF_DESERIALIZE_VIEWSTATE_BEGIN|0667F000003H5tO
03:35:35.0 (5212722)|HEAP_ALLOCATE|[72]|Bytes:3
03:35:35.0 (5249269)|HEAP_ALLOCATE|[77]|Bytes:152
03:35:35.0 (5262498)|HEAP_ALLOCATE|[342]|Bytes:408
03:35:35.0 (5275273)|HEAP_ALLOCATE|[355]|Bytes:408
03:35:35.0 (5288166)|HEAP_ALLOCATE|[467]|Bytes:48
03:35:35.0 (5312886)|HEAP_ALLOCATE|[139]|Bytes:6
03:35:35.0 (8398273)|VF_DESERIALIZE_VIEWSTATE_END
03:35:35.0 (10593758)|SYSTEM_MODE_ENTER|true
03:35:35.0 (10631573)|HEAP_ALLOCATE|[EXTERNAL]|Bytes:100
03:35:35.0 (10640792)|HEAP_ALLOCATE|[EXTERNAL]|Bytes:22
03:35:35.0 (10650817)|METHOD_ENTRY|[1]|01p7F000009Lmcm|JsonController.JsonController()
03:35:35.0 (10656678)|STATEMENT_EXECUTE|[1]
03:35:35.0 (10662425)|STATEMENT_EXECUTE|[1]
03:35:35.0 (10667081)|METHOD_EXIT|[1]|JsonController
03:35:35.0 (11010589)|SYSTEM_MODE_ENTER|true
03:35:35.0 (11224001)|HEAP_ALLOCATE|[EXTERNAL]|Bytes:24
03:35:35.0 (11240532)|VARIABLE_SCOPE_BEGIN|[84]|this|JsonController|true|false
03:35:35.0 (11304878)|VARIABLE_ASSIGNMENT|[84]|this|{"BlogEntriesToShow":"0x57f79a64","counter":0,"limitSize":10,"resultEntries":"0x62d557d8","totalSize":41}|0x4010e337
03:35:35.0 (11321905)|STATEMENT_EXECUTE|[84]
03:35:35.0 (11333467)|STATEMENT_EXECUTE|[86]
03:35:35.0 (11370077)|HEAP_ALLOCATE|[50]|Bytes:5
03:35:35.0 (11399755)|HEAP_ALLOCATE|[56]|Bytes:5
03:35:35.0 (11408558)|HEAP_ALLOCATE|[64]|Bytes:7
03:35:35.0 (11432284)|HEAP_ALLOCATE|[86]|Bytes:5
03:35:35.0 (11523156)|SYSTEM_MODE_ENTER|true
03:35:35.0 (11549238)|HEAP_ALLOCATE|[EXTERNAL]|Bytes:24
03:35:35.0 (11556828)|VARIABLE_SCOPE_BEGIN|[77]|this|JsonController|true|false
03:35:35.0 (11582457)|VARIABLE_ASSIGNMENT|[77]|this|{"BlogEntriesToShow":"0x57f79a64","counter":0,"limitSize":10,"resultEntries":"0x62d557d8","totalSize":41}|0x4010e337
03:35:35.0 (11590519)|STATEMENT_EXECUTE|[77]
03:35:35.0 (11597882)|STATEMENT_EXECUTE|[81]
03:35:35.0 (11601753)|HEAP_ALLOCATE|[81]|Bytes:5
03:35:35.0 (12120879)|HEAP_ALLOCATE|[EXTERNAL]|Bytes:24
03:35:35.0 (12131172)|VARIABLE_SCOPE_BEGIN|[64]|this|JsonController|true|false
03:35:35.0 (12157619)|VARIABLE_ASSIGNMENT|[64]|this|{"BlogEntriesToShow":"0x57f79a64","counter":0,"limitSize":10,"resultEntries":"0x62d557d8","totalSize":41}|0x4010e337
03:35:35.0 (12167094)|STATEMENT_EXECUTE|[64]
03:35:35.0 (12168454)|STATEMENT_EXECUTE|[65]
03:35:35.0 (12211103)|VARIABLE_ASSIGNMENT|[EXTERNAL]|this|{"BlogEntriesToShow":"0x57f79a64","counter":0,"limitSize":10,"resultEntries":"0x62d557d8","totalSize":41}|0x4010e337
03:35:35.0 (12306204)|VARIABLE_SCOPE_BEGIN|[2]|Math.E|Double|false|true
03:35:35.0 (12313868)|VARIABLE_SCOPE_BEGIN|[3]|Math.PI|Double|false|true
03:35:35.0 (12327002)|HEAP_ALLOCATE|[66]|Bytes:206
03:35:35.0 (12336778)|SYSTEM_METHOD_ENTRY|[1]|Math.Math()
03:35:35.0 (12339971)|STATEMENT_EXECUTE|[1]
03:35:35.0 (12385071)|SYSTEM_METHOD_EXIT|[1]|Math
03:35:35.0 (12399490)|METHOD_ENTRY|[66]||System.Math.mod(Integer, Integer)
03:35:35.0 (12458547)|METHOD_EXIT|[66]||System.Math.mod(Integer, Integer)
03:35:35.0 (12472680)|METHOD_ENTRY|[68]||System.Math.mod(Integer, Integer)
03:35:35.0 (12492676)|METHOD_EXIT|[68]||System.Math.mod(Integer, Integer)
03:35:35.0 (12497369)|STATEMENT_EXECUTE|[68]
03:35:35.0 (12498799)|STATEMENT_EXECUTE|[69]
03:35:35.0 (12505766)|HEAP_ALLOCATE|[69]|Bytes:4
03:35:35.0 (12516397)|VARIABLE_ASSIGNMENT|[69]|this.counter|40|0x4010e337
03:35:35.0 (12522638)|STATEMENT_EXECUTE|[71]
03:35:35.0 (12527048)|VARIABLE_SCOPE_BEGIN|[71]|i|Integer|false|false
03:35:35.0 (12533474)|HEAP_ALLOCATE|[71]|Bytes:4
03:35:35.0 (12538151)|VARIABLE_ASSIGNMENT|[71]|i|39
03:35:35.0 (12543934)|STATEMENT_EXECUTE|[71]
03:35:35.0 (12544870)|STATEMENT_EXECUTE|[72]
03:35:35.0 (12571947)|VARIABLE_ASSIGNMENT|[EXTERNAL]|this|{"BlogEntriesToShow":"0x57f79a64","counter":40,"limitSize":10,"resultEntries":"0x62d557d8","totalSize":41}|0x4010e337
03:35:35.0 (12616859)|HEAP_ALLOCATE|[72]|Bytes:24
03:35:35.0 (12632163)|HEAP_ALLOCATE|[EXTERNAL]|Bytes:4
03:35:35.0 (12639101)|HEAP_ALLOCATE|[71]|Bytes:4
03:35:35.0 (12644297)|VARIABLE_ASSIGNMENT|[71]|i|40
03:35:35.0 (14705672)|SYSTEM_MODE_ENTER|true
03:35:35.0 (17429855)|SYSTEM_MODE_ENTER|true
03:35:35.0 (17462239)|HEAP_ALLOCATE|[EXTERNAL]|Bytes:24
03:35:35.0 (17473930)|VARIABLE_SCOPE_BEGIN|[84]|this|JsonController|true|false
03:35:35.0 (17504250)|VARIABLE_ASSIGNMENT|[84]|this|{"BlogEntriesToShow":"0x57f79a64","counter":40,"limitSize":10,"resultEntries":"0x62d557d8","totalSize":41}|0x4010e337
03:35:35.0 (17513297)|STATEMENT_EXECUTE|[84]
03:35:35.0 (17516843)|STATEMENT_EXECUTE|[88]
03:35:35.0 (17522366)|HEAP_ALLOCATE|[88]|Bytes:5
03:35:35.0 (17682239)|SYSTEM_MODE_ENTER|true
03:35:35.0 (17705944)|HEAP_ALLOCATE|[EXTERNAL]|Bytes:24
03:35:35.0 (17711462)|VARIABLE_SCOPE_BEGIN|[77]|this|JsonController|true|false
03:35:35.0 (17737462)|VARIABLE_ASSIGNMENT|[77]|this|{"BlogEntriesToShow":"0x57f79a64","counter":40,"limitSize":10,"resultEntries":"0x62d557d8","totalSize":41}|0x4010e337
03:35:35.0 (17749396)|STATEMENT_EXECUTE|[77]
03:35:35.0 (17755273)|STATEMENT_EXECUTE|[79]
03:35:35.0 (17760861)|HEAP_ALLOCATE|[79]|Bytes:5
03:35:35.0 (20899833)|VF_SERIALIZE_VIEWSTATE_BEGIN|0667F000003H5tO
03:35:35.0 (32827790)|VF_SERIALIZE_VIEWSTATE_END
03:35:35.0 (86520512)|CODE_UNIT_STARTED|[EXTERNAL]|Generate Metadata
03:35:35.0 (91960579)|CODE_UNIT_FINISHED|Generate Metadata
03:35:35.95 (95258770)|CUMULATIVE_LIMIT_USAGE
03:35:35.95 (95258770)|LIMIT_USAGE_FOR_NS|(default)|
  Number of SOQL queries: 0 out of 100
  Number of query rows: 0 out of 50000
  Number of SOSL queries: 0 out of 20
  Number of DML statements: 0 out of 150
  Number of DML rows: 0 out of 10000
  Maximum CPU time: 0 out of 10000
  Maximum heap size: 0 out of 6000000
  Number of callouts: 0 out of 100
  Number of Email Invocations: 0 out of 10
  Number of future calls: 0 out of 50
  Number of queueable jobs added to the queue: 0 out of 50
  Number of Mobile Apex push calls: 0 out of 10

03:35:35.95 (95258770)|CUMULATIVE_LIMIT_USAGE_END

03:35:35.0 (95292967)|CODE_UNIT_FINISHED|VF: /apex/ShowNews
03:35:35.0 (96049901)|EXECUTION_FINISHED
