40.0 APEX_CODE,FINEST;APEX_PROFILING,INFO;CALLOUT,INFO;DB,INFO;SYSTEM,DEBUG;VALIDATION,INFO;VISUALFORCE,INFO;WAVE,INFO;WORKFLOW,INFO
07:57:12.0 (74825)|USER_INFO|[EXTERNAL]|0057F000000SZkg|test-d_masalsky@twistellar.com|Pacific Standard Time|GMT-07:00
07:57:12.0 (116103)|EXECUTION_STARTED
07:57:12.0 (120315)|CODE_UNIT_STARTED|[EXTERNAL]|Aura
07:57:12.0 (6260026)|HEAP_ALLOCATE|[72]|Bytes:3
07:57:12.0 (6301652)|HEAP_ALLOCATE|[77]|Bytes:152
07:57:12.0 (6317717)|HEAP_ALLOCATE|[342]|Bytes:408
07:57:12.0 (6330380)|HEAP_ALLOCATE|[355]|Bytes:408
07:57:12.0 (6340491)|HEAP_ALLOCATE|[467]|Bytes:48
07:57:12.0 (6367941)|HEAP_ALLOCATE|[139]|Bytes:6
07:57:12.0 (6380728)|HEAP_ALLOCATE|[EXTERNAL]|Bytes:18
07:57:12.0 (6402241)|HEAP_ALLOCATE|[EXTERNAL]|Bytes:4
07:57:12.0 (7129383)|CODE_UNIT_STARTED|[EXTERNAL]|01p7F000008cBuq|accountsWithContactsClass.getAllContacts
07:57:12.0 (7237454)|HEAP_ALLOCATE|[EXTERNAL]|Bytes:10
07:57:12.0 (7252429)|METHOD_ENTRY|[1]|01p7F000008cBuq|accountsWithContactsClass.accountsWithContactsClass()
07:57:12.0 (7260221)|STATEMENT_EXECUTE|[1]
07:57:12.0 (7265727)|STATEMENT_EXECUTE|[1]
07:57:12.0 (7269179)|METHOD_EXIT|[1]|accountsWithContactsClass
07:57:12.0 (7274298)|HEAP_ALLOCATE|[EXTERNAL]|Bytes:4
07:57:12.0 (7284665)|SYSTEM_MODE_ENTER|false
07:57:12.0 (7291674)|VARIABLE_SCOPE_BEGIN|[4]|accountId|Id|false|false
07:57:12.0 (7465676)|VARIABLE_ASSIGNMENT|[4]|accountId|"0017F00000DPb63QAD"
07:57:12.0 (7478853)|STATEMENT_EXECUTE|[4]
07:57:12.0 (7480095)|STATEMENT_EXECUTE|[5]
07:57:12.0 (7482489)|HEAP_ALLOCATE|[5]|Bytes:116
07:57:12.0 (7496591)|HEAP_ALLOCATE|[5]|Bytes:4
07:57:12.0 (7509921)|HEAP_ALLOCATE|[5]|Bytes:7
07:57:12.0 (7553104)|HEAP_ALLOCATE|[50]|Bytes:5
07:57:12.0 (7577580)|HEAP_ALLOCATE|[56]|Bytes:5
07:57:12.0 (7584768)|HEAP_ALLOCATE|[64]|Bytes:7
07:57:12.0 (8349690)|SOQL_EXECUTE_BEGIN|[5]|Aggregations:0|SELECT FirstName, LastName, Phone, Email, Birthdate, AccountId, Account.Name FROM Contact WHERE AccountId = :tmpVar1
07:57:12.0 (12807103)|SOQL_EXECUTE_END|[5]|Rows:1
07:57:12.0 (12828329)|HEAP_ALLOCATE|[5]|Bytes:8
07:57:12.0 (12849864)|HEAP_ALLOCATE|[5]|Bytes:219
07:57:12.0 (12941991)|HEAP_ALLOCATE|[5]|Bytes:8
07:57:12.0 (12956990)|VARIABLE_SCOPE_BEGIN|[5]|contacts|List<Contact>|true|false
07:57:12.0 (13011914)|VARIABLE_ASSIGNMENT|[5]|contacts|[{"FirstName":"Edna","LastName":"Frank","Phone":"(650) 867-3450","Email":"efrank@genepoint.com","Birthdate":"1939-11-04T00:00:00.000Z","AccountId":"0017F00000DPb63QAD","Id":"0037F000007hqfzQAA","Account":{"Name":"GenePoint","Id":"0017F00000DPb63QAD"}}]|0x67ba463d
07:57:12.0 (13024462)|STATEMENT_EXECUTE|[10]
07:57:12.0 (13034247)|SYSTEM_MODE_EXIT|false
07:57:12.13 (13066363)|CUMULATIVE_LIMIT_USAGE
07:57:12.13 (13066363)|LIMIT_USAGE_FOR_NS|(default)|
  Number of SOQL queries: 1 out of 100
  Number of query rows: 1 out of 50000
  Number of SOSL queries: 0 out of 20
  Number of DML statements: 0 out of 150
  Number of DML rows: 0 out of 10000
  Maximum CPU time: 0 out of 10000
  Maximum heap size: 0 out of 6000000
  Number of callouts: 0 out of 100
  Number of Email Invocations: 0 out of 10
  Number of future calls: 0 out of 50
  Number of queueable jobs added to the queue: 0 out of 50
  Number of Mobile Apex push calls: 0 out of 10

07:57:12.13 (13066363)|CUMULATIVE_LIMIT_USAGE_END

07:57:12.0 (13108839)|CODE_UNIT_FINISHED|accountsWithContactsClass.getAllContacts
07:57:12.0 (13202397)|CODE_UNIT_FINISHED|Aura
07:57:12.0 (14195904)|EXECUTION_FINISHED
