40.0 APEX_CODE,FINEST;APEX_PROFILING,INFO;CALLOUT,INFO;DB,INFO;SYSTEM,DEBUG;VALIDATION,INFO;VISUALFORCE,INFO;WAVE,INFO;WORKFLOW,INFO
08:12:18.0 (79466)|USER_INFO|[EXTERNAL]|0057F000000SZkg|test-d_masalsky@twistellar.com|Pacific Standard Time|GMT-07:00
08:12:18.0 (128891)|EXECUTION_STARTED
08:12:18.0 (133865)|CODE_UNIT_STARTED|[EXTERNAL]|Aura
08:12:18.0 (6456095)|HEAP_ALLOCATE|[72]|Bytes:3
08:12:18.0 (6510057)|HEAP_ALLOCATE|[77]|Bytes:152
08:12:18.0 (6528036)|HEAP_ALLOCATE|[342]|Bytes:408
08:12:18.0 (6540710)|HEAP_ALLOCATE|[355]|Bytes:408
08:12:18.0 (6555285)|HEAP_ALLOCATE|[467]|Bytes:48
08:12:18.0 (6585483)|HEAP_ALLOCATE|[139]|Bytes:6
08:12:18.0 (6604042)|HEAP_ALLOCATE|[EXTERNAL]|Bytes:33
08:12:18.0 (6615737)|HEAP_ALLOCATE|[EXTERNAL]|Bytes:33
08:12:18.0 (7473184)|CODE_UNIT_STARTED|[EXTERNAL]|01p7F000008cBuq|accountsWithContactsClass.fetchLookUpValues
08:12:18.0 (7599334)|HEAP_ALLOCATE|[EXTERNAL]|Bytes:10
08:12:18.0 (7615540)|METHOD_ENTRY|[1]|01p7F000008cBuq|accountsWithContactsClass.accountsWithContactsClass()
08:12:18.0 (7622636)|STATEMENT_EXECUTE|[1]
08:12:18.0 (7629130)|STATEMENT_EXECUTE|[1]
08:12:18.0 (7632399)|METHOD_EXIT|[1]|accountsWithContactsClass
08:12:18.0 (7637685)|HEAP_ALLOCATE|[EXTERNAL]|Bytes:33
08:12:18.0 (7651993)|SYSTEM_MODE_ENTER|false
08:12:18.0 (7660692)|VARIABLE_SCOPE_BEGIN|[20]|searchKeyWord|String|false|false
08:12:18.0 (7689028)|VARIABLE_ASSIGNMENT|[20]|searchKeyWord|"GeExpress Logistics  (13 more) ..."
08:12:18.0 (7701589)|STATEMENT_EXECUTE|[20]
08:12:18.0 (7703122)|STATEMENT_EXECUTE|[21]
08:12:18.0 (7706005)|HEAP_ALLOCATE|[21]|Bytes:1
08:12:18.0 (7719708)|HEAP_ALLOCATE|[21]|Bytes:34
08:12:18.0 (7730531)|VARIABLE_SCOPE_BEGIN|[21]|searchKey|String|false|false
08:12:18.0 (7740880)|VARIABLE_ASSIGNMENT|[21]|searchKey|"GeExpress Logistics  (14 more) ..."
08:12:18.0 (7744979)|STATEMENT_EXECUTE|[22]
08:12:18.0 (7818420)|HEAP_ALLOCATE|[22]|Bytes:4
08:12:18.0 (7883520)|VARIABLE_SCOPE_BEGIN|[22]|returnList|List<Account>|true|false
08:12:18.0 (7897078)|HEAP_ALLOCATE|[EXTERNAL]|Bytes:4
08:12:18.0 (7908170)|VARIABLE_ASSIGNMENT|[22]|returnList|[]|0x3a2be882
08:12:18.0 (7913137)|STATEMENT_EXECUTE|[23]
08:12:18.0 (7915475)|HEAP_ALLOCATE|[23]|Bytes:89
08:12:18.0 (7920325)|VARIABLE_SCOPE_BEGIN|[23]|sQuery|String|false|false
08:12:18.0 (7929496)|VARIABLE_ASSIGNMENT|[23]|sQuery|"SELECT Id, Name FROM (69 more) ..."
08:12:18.0 (7934250)|STATEMENT_EXECUTE|[24]
08:12:18.0 (7969554)|HEAP_ALLOCATE|[50]|Bytes:5
08:12:18.0 (7992898)|HEAP_ALLOCATE|[56]|Bytes:5
08:12:18.0 (8000094)|HEAP_ALLOCATE|[64]|Bytes:7
08:12:18.0 (8513919)|SOQL_EXECUTE_BEGIN|[24]|Aggregations:0|SELECT Id, Name FROM Account WHERE Name LIKE: searchKey ORDER BY CreatedDate DESC LIMIT 5
08:12:18.0 (13364834)|SOQL_EXECUTE_END|[24]|Rows:0
08:12:18.0 (13387035)|HEAP_ALLOCATE|[24]|Bytes:4
08:12:18.0 (13398046)|HEAP_ALLOCATE|[24]|Bytes:0
08:12:18.0 (13424664)|HEAP_ALLOCATE|[24]|Bytes:4
08:12:18.0 (13439260)|VARIABLE_SCOPE_BEGIN|[24]|lstOfRecords|List<Account>|true|false
08:12:18.0 (13453730)|VARIABLE_ASSIGNMENT|[24]|lstOfRecords|[]|0x7f7fef02
08:12:18.0 (13608229)|HEAP_ALLOCATE|[25]|Bytes:5
08:12:18.0 (13635757)|VARIABLE_ASSIGNMENT|[25]|obj|null|
08:12:18.0 (13641884)|STATEMENT_EXECUTE|[25]
08:12:18.0 (13643064)|STATEMENT_EXECUTE|[28]
08:12:18.0 (13648795)|SYSTEM_MODE_EXIT|false
08:12:18.13 (13679588)|CUMULATIVE_LIMIT_USAGE
08:12:18.13 (13679588)|LIMIT_USAGE_FOR_NS|(default)|
  Number of SOQL queries: 1 out of 100
  Number of query rows: 0 out of 50000
  Number of SOSL queries: 0 out of 20
  Number of DML statements: 0 out of 150
  Number of DML rows: 0 out of 10000
  Maximum CPU time: 0 out of 10000
  Maximum heap size: 0 out of 6000000
  Number of callouts: 0 out of 100
  Number of Email Invocations: 0 out of 10
  Number of future calls: 0 out of 50
  Number of queueable jobs added to the queue: 0 out of 50
  Number of Mobile Apex push calls: 0 out of 10

08:12:18.13 (13679588)|CUMULATIVE_LIMIT_USAGE_END

08:12:18.0 (13724356)|CODE_UNIT_FINISHED|accountsWithContactsClass.fetchLookUpValues
08:12:18.0 (13781973)|CODE_UNIT_FINISHED|Aura
08:12:18.0 (14929647)|EXECUTION_FINISHED
