40.0 APEX_CODE,FINEST;APEX_PROFILING,INFO;CALLOUT,INFO;DB,INFO;SYSTEM,DEBUG;VALIDATION,INFO;VISUALFORCE,INFO;WAVE,INFO;WORKFLOW,INFO
07:58:57.0 (73068)|USER_INFO|[EXTERNAL]|0057F000000SZkg|test-d_masalsky@twistellar.com|Pacific Standard Time|GMT-07:00
07:58:57.0 (112554)|EXECUTION_STARTED
07:58:57.0 (117220)|CODE_UNIT_STARTED|[EXTERNAL]|Aura
07:58:57.0 (5724647)|HEAP_ALLOCATE|[72]|Bytes:3
07:58:57.0 (5765995)|HEAP_ALLOCATE|[77]|Bytes:152
07:58:57.0 (5781232)|HEAP_ALLOCATE|[342]|Bytes:408
07:58:57.0 (5795521)|HEAP_ALLOCATE|[355]|Bytes:408
07:58:57.0 (5806129)|HEAP_ALLOCATE|[467]|Bytes:48
07:58:57.0 (5837391)|HEAP_ALLOCATE|[139]|Bytes:6
07:58:57.0 (5851043)|HEAP_ALLOCATE|[EXTERNAL]|Bytes:18
07:58:57.0 (5868218)|HEAP_ALLOCATE|[EXTERNAL]|Bytes:4
07:58:57.0 (6560443)|CODE_UNIT_STARTED|[EXTERNAL]|01p7F000008cBuq|accountsWithContactsClass.getAllContacts
07:58:57.0 (6661851)|HEAP_ALLOCATE|[EXTERNAL]|Bytes:10
07:58:57.0 (6675551)|METHOD_ENTRY|[1]|01p7F000008cBuq|accountsWithContactsClass.accountsWithContactsClass()
07:58:57.0 (6681690)|STATEMENT_EXECUTE|[1]
07:58:57.0 (6687054)|STATEMENT_EXECUTE|[1]
07:58:57.0 (6690304)|METHOD_EXIT|[1]|accountsWithContactsClass
07:58:57.0 (6695767)|HEAP_ALLOCATE|[EXTERNAL]|Bytes:4
07:58:57.0 (6706815)|SYSTEM_MODE_ENTER|false
07:58:57.0 (6714621)|VARIABLE_SCOPE_BEGIN|[4]|accountId|Id|false|false
07:58:57.0 (6833149)|VARIABLE_ASSIGNMENT|[4]|accountId|"0017F00000DPb63QAD"
07:58:57.0 (6846625)|STATEMENT_EXECUTE|[4]
07:58:57.0 (6847760)|STATEMENT_EXECUTE|[5]
07:58:57.0 (6850175)|HEAP_ALLOCATE|[5]|Bytes:116
07:58:57.0 (6862421)|HEAP_ALLOCATE|[5]|Bytes:4
07:58:57.0 (6874323)|HEAP_ALLOCATE|[5]|Bytes:7
07:58:57.0 (6919397)|HEAP_ALLOCATE|[50]|Bytes:5
07:58:57.0 (6941840)|HEAP_ALLOCATE|[56]|Bytes:5
07:58:57.0 (6948343)|HEAP_ALLOCATE|[64]|Bytes:7
07:58:57.0 (7669558)|SOQL_EXECUTE_BEGIN|[5]|Aggregations:0|SELECT FirstName, LastName, Phone, Email, Birthdate, AccountId, Account.Name FROM Contact WHERE AccountId = :tmpVar1
07:58:57.0 (11362667)|SOQL_EXECUTE_END|[5]|Rows:1
07:58:57.0 (11382111)|HEAP_ALLOCATE|[5]|Bytes:8
07:58:57.0 (11402279)|HEAP_ALLOCATE|[5]|Bytes:219
07:58:57.0 (11469087)|HEAP_ALLOCATE|[5]|Bytes:8
07:58:57.0 (11481644)|VARIABLE_SCOPE_BEGIN|[5]|contacts|List<Contact>|true|false
07:58:57.0 (11529058)|VARIABLE_ASSIGNMENT|[5]|contacts|[{"FirstName":"Edna","LastName":"Frank","Phone":"(650) 867-3450","Email":"efrank@genepoint.com","Birthdate":"1939-11-04T00:00:00.000Z","AccountId":"0017F00000DPb63QAD","Id":"0037F000007hqfzQAA","Account":{"Name":"GenePoint","Id":"0017F00000DPb63QAD"}}]|0x3316d315
07:58:57.0 (11539455)|STATEMENT_EXECUTE|[10]
07:58:57.0 (11548056)|SYSTEM_MODE_EXIT|false
07:58:57.11 (11579716)|CUMULATIVE_LIMIT_USAGE
07:58:57.11 (11579716)|LIMIT_USAGE_FOR_NS|(default)|
  Number of SOQL queries: 1 out of 100
  Number of query rows: 1 out of 50000
  Number of SOSL queries: 0 out of 20
  Number of DML statements: 0 out of 150
  Number of DML rows: 0 out of 10000
  Maximum CPU time: 0 out of 10000
  Maximum heap size: 0 out of 6000000
  Number of callouts: 0 out of 100
  Number of Email Invocations: 0 out of 10
  Number of future calls: 0 out of 50
  Number of queueable jobs added to the queue: 0 out of 50
  Number of Mobile Apex push calls: 0 out of 10

07:58:57.11 (11579716)|CUMULATIVE_LIMIT_USAGE_END

07:58:57.0 (11617834)|CODE_UNIT_FINISHED|accountsWithContactsClass.getAllContacts
07:58:57.0 (11692933)|CODE_UNIT_FINISHED|Aura
07:58:57.0 (12665406)|EXECUTION_FINISHED
