40.0 APEX_CODE,FINEST;APEX_PROFILING,INFO;CALLOUT,INFO;DB,INFO;SYSTEM,DEBUG;VALIDATION,INFO;VISUALFORCE,INFO;WAVE,INFO;WORKFLOW,INFO
08:14:59.0 (75207)|USER_INFO|[EXTERNAL]|0057F000000SZkg|test-d_masalsky@twistellar.com|Pacific Standard Time|GMT-07:00
08:14:59.0 (123291)|EXECUTION_STARTED
08:14:59.0 (127663)|CODE_UNIT_STARTED|[EXTERNAL]|Aura
08:14:59.0 (5763996)|HEAP_ALLOCATE|[72]|Bytes:3
08:14:59.0 (5796952)|HEAP_ALLOCATE|[77]|Bytes:152
08:14:59.0 (5810878)|HEAP_ALLOCATE|[342]|Bytes:408
08:14:59.0 (5825021)|HEAP_ALLOCATE|[355]|Bytes:408
08:14:59.0 (5834687)|HEAP_ALLOCATE|[467]|Bytes:48
08:14:59.0 (5858560)|HEAP_ALLOCATE|[139]|Bytes:6
08:14:59.0 (5870141)|HEAP_ALLOCATE|[EXTERNAL]|Bytes:18
08:14:59.0 (5887600)|HEAP_ALLOCATE|[EXTERNAL]|Bytes:4
08:14:59.0 (6535171)|CODE_UNIT_STARTED|[EXTERNAL]|01p7F000008cBuq|accountsWithContactsClass.getAllContacts
08:14:59.0 (6625855)|HEAP_ALLOCATE|[EXTERNAL]|Bytes:10
08:14:59.0 (6639159)|METHOD_ENTRY|[1]|01p7F000008cBuq|accountsWithContactsClass.accountsWithContactsClass()
08:14:59.0 (6644894)|STATEMENT_EXECUTE|[1]
08:14:59.0 (6650412)|STATEMENT_EXECUTE|[1]
08:14:59.0 (6653879)|METHOD_EXIT|[1]|accountsWithContactsClass
08:14:59.0 (6659914)|HEAP_ALLOCATE|[EXTERNAL]|Bytes:4
08:14:59.0 (6669178)|SYSTEM_MODE_ENTER|false
08:14:59.0 (6676252)|VARIABLE_SCOPE_BEGIN|[4]|accountId|Id|false|false
08:14:59.0 (6788612)|VARIABLE_ASSIGNMENT|[4]|accountId|"0017F00000DPb63QAD"
08:14:59.0 (6800556)|STATEMENT_EXECUTE|[4]
08:14:59.0 (6801843)|STATEMENT_EXECUTE|[5]
08:14:59.0 (6806467)|HEAP_ALLOCATE|[5]|Bytes:116
08:14:59.0 (6817611)|HEAP_ALLOCATE|[5]|Bytes:4
08:14:59.0 (6828804)|HEAP_ALLOCATE|[5]|Bytes:7
08:14:59.0 (6871211)|HEAP_ALLOCATE|[50]|Bytes:5
08:14:59.0 (6892474)|HEAP_ALLOCATE|[56]|Bytes:5
08:14:59.0 (6899041)|HEAP_ALLOCATE|[64]|Bytes:7
08:14:59.0 (7533764)|SOQL_EXECUTE_BEGIN|[5]|Aggregations:0|SELECT FirstName, LastName, Phone, Email, Birthdate, AccountId, Account.Name FROM Contact WHERE AccountId = :tmpVar1
08:14:59.0 (11856553)|SOQL_EXECUTE_END|[5]|Rows:1
08:14:59.0 (11875881)|HEAP_ALLOCATE|[5]|Bytes:8
08:14:59.0 (11895844)|HEAP_ALLOCATE|[5]|Bytes:219
08:14:59.0 (11956715)|HEAP_ALLOCATE|[5]|Bytes:8
08:14:59.0 (11968566)|VARIABLE_SCOPE_BEGIN|[5]|contacts|List<Contact>|true|false
08:14:59.0 (12016973)|VARIABLE_ASSIGNMENT|[5]|contacts|[{"FirstName":"Edna","LastName":"Frank","Phone":"(650) 867-3450","Email":"efrank@genepoint.com","Birthdate":"1939-11-04T00:00:00.000Z","AccountId":"0017F00000DPb63QAD","Id":"0037F000007hqfzQAA","Account":{"Name":"GenePoint","Id":"0017F00000DPb63QAD"}}]|0x3b8e0a54
08:14:59.0 (12027609)|STATEMENT_EXECUTE|[10]
08:14:59.0 (12035685)|SYSTEM_MODE_EXIT|false
08:14:59.12 (12062825)|CUMULATIVE_LIMIT_USAGE
08:14:59.12 (12062825)|LIMIT_USAGE_FOR_NS|(default)|
  Number of SOQL queries: 1 out of 100
  Number of query rows: 1 out of 50000
  Number of SOSL queries: 0 out of 20
  Number of DML statements: 0 out of 150
  Number of DML rows: 0 out of 10000
  Maximum CPU time: 0 out of 10000
  Maximum heap size: 0 out of 6000000
  Number of callouts: 0 out of 100
  Number of Email Invocations: 0 out of 10
  Number of future calls: 0 out of 50
  Number of queueable jobs added to the queue: 0 out of 50
  Number of Mobile Apex push calls: 0 out of 10

08:14:59.12 (12062825)|CUMULATIVE_LIMIT_USAGE_END

08:14:59.0 (12091786)|CODE_UNIT_FINISHED|accountsWithContactsClass.getAllContacts
08:14:59.0 (12159405)|CODE_UNIT_FINISHED|Aura
08:14:59.0 (13063746)|EXECUTION_FINISHED
