40.0 APEX_CODE,FINEST;APEX_PROFILING,INFO;CALLOUT,INFO;DB,INFO;SYSTEM,DEBUG;VALIDATION,INFO;VISUALFORCE,INFO;WAVE,INFO;WORKFLOW,INFO
07:49:42.0 (91204)|USER_INFO|[EXTERNAL]|0057F000000SZkg|test-d_masalsky@twistellar.com|Pacific Standard Time|GMT-07:00
07:49:42.0 (146582)|EXECUTION_STARTED
07:49:42.0 (152514)|CODE_UNIT_STARTED|[EXTERNAL]|Aura
07:49:42.0 (6662596)|HEAP_ALLOCATE|[72]|Bytes:3
07:49:42.0 (6703822)|HEAP_ALLOCATE|[77]|Bytes:152
07:49:42.0 (6720088)|HEAP_ALLOCATE|[342]|Bytes:408
07:49:42.0 (6733063)|HEAP_ALLOCATE|[355]|Bytes:408
07:49:42.0 (6743084)|HEAP_ALLOCATE|[467]|Bytes:48
07:49:42.0 (6767920)|HEAP_ALLOCATE|[139]|Bytes:6
07:49:42.0 (7483848)|CODE_UNIT_STARTED|[EXTERNAL]|01p7F000008cBuq|accountsWithContactsClass.fetchLookUpValues
07:49:42.0 (7592449)|HEAP_ALLOCATE|[EXTERNAL]|Bytes:10
07:49:42.0 (7606463)|METHOD_ENTRY|[1]|01p7F000008cBuq|accountsWithContactsClass.accountsWithContactsClass()
07:49:42.0 (7613335)|STATEMENT_EXECUTE|[1]
07:49:42.0 (7619341)|STATEMENT_EXECUTE|[1]
07:49:42.0 (7622482)|METHOD_EXIT|[1]|accountsWithContactsClass
07:49:42.0 (7635212)|SYSTEM_MODE_ENTER|false
07:49:42.0 (7642568)|VARIABLE_SCOPE_BEGIN|[20]|searchKeyWord|String|false|false
07:49:42.0 (7664171)|VARIABLE_ASSIGNMENT|[20]|searchKeyWord|""
07:49:42.0 (7674851)|STATEMENT_EXECUTE|[20]
07:49:42.0 (7676242)|STATEMENT_EXECUTE|[21]
07:49:42.0 (7679087)|HEAP_ALLOCATE|[21]|Bytes:1
07:49:42.0 (7692539)|HEAP_ALLOCATE|[21]|Bytes:1
07:49:42.0 (7698605)|VARIABLE_SCOPE_BEGIN|[21]|searchKey|String|false|false
07:49:42.0 (7707618)|VARIABLE_ASSIGNMENT|[21]|searchKey|"%"
07:49:42.0 (7711668)|STATEMENT_EXECUTE|[22]
07:49:42.0 (7773449)|HEAP_ALLOCATE|[22]|Bytes:4
07:49:42.0 (7838077)|VARIABLE_SCOPE_BEGIN|[22]|returnList|List<Account>|true|false
07:49:42.0 (7851145)|HEAP_ALLOCATE|[EXTERNAL]|Bytes:4
07:49:42.0 (7861359)|VARIABLE_ASSIGNMENT|[22]|returnList|[]|0x2194b894
07:49:42.0 (7866639)|STATEMENT_EXECUTE|[23]
07:49:42.0 (7869112)|HEAP_ALLOCATE|[23]|Bytes:89
07:49:42.0 (7873298)|VARIABLE_SCOPE_BEGIN|[23]|sQuery|String|false|false
07:49:42.0 (7884488)|VARIABLE_ASSIGNMENT|[23]|sQuery|"SELECT Id, Name FROM (69 more) ..."
07:49:42.0 (7888545)|STATEMENT_EXECUTE|[24]
07:49:42.0 (7922372)|HEAP_ALLOCATE|[50]|Bytes:5
07:49:42.0 (7945165)|HEAP_ALLOCATE|[56]|Bytes:5
07:49:42.0 (7958114)|HEAP_ALLOCATE|[64]|Bytes:7
07:49:42.0 (8431825)|SOQL_EXECUTE_BEGIN|[24]|Aggregations:0|SELECT Id, Name FROM Account WHERE Name LIKE: searchKey ORDER BY CreatedDate DESC LIMIT 5
07:49:42.0 (10461499)|SOQL_EXECUTE_END|[24]|Rows:5
07:49:42.0 (10479370)|HEAP_ALLOCATE|[24]|Bytes:24
07:49:42.0 (10500004)|HEAP_ALLOCATE|[24]|Bytes:307
07:49:42.0 (10523705)|HEAP_ALLOCATE|[24]|Bytes:24
07:49:42.0 (10536963)|VARIABLE_SCOPE_BEGIN|[24]|lstOfRecords|List<Account>|true|false
07:49:42.0 (10564574)|VARIABLE_ASSIGNMENT|[24]|lstOfRecords|[{"Id":"0017F00000DPb63QAD","Name":"GenePoint"},{"Id":"0017F00000DPb61QAD","Name":"United Oil & Gas, UK"},{"Id":"0017F00000DPb62QAD","Name":"United Oil & Gas, Si (7 more) ..."},{"Id":"0017F00000DPb5tQAD","Name":"Express Logistics an (11 more) ..."},{"Id":"0017F00000DPb5uQAD","Name":"Burlington Textiles  (15 more) ..."}]|0x6d9d93cf
07:49:42.0 (10725042)|HEAP_ALLOCATE|[25]|Bytes:5
07:49:42.0 (10759646)|HEAP_ALLOCATE|[25]|Bytes:12
07:49:42.0 (10769284)|VARIABLE_SCOPE_BEGIN|[25]|obj|Account|true|false
07:49:42.0 (10782965)|VARIABLE_ASSIGNMENT|[25]|obj|{"Id":"0017F00000DPb63QAD","Name":"GenePoint"}|0x6860ef4c
07:49:42.0 (10789312)|STATEMENT_EXECUTE|[25]
07:49:42.0 (10790637)|STATEMENT_EXECUTE|[26]
07:49:42.0 (10817737)|HEAP_ALLOCATE|[EXTERNAL]|Bytes:4
07:49:42.0 (10830228)|HEAP_ALLOCATE|[25]|Bytes:5
07:49:42.0 (10843803)|HEAP_ALLOCATE|[25]|Bytes:12
07:49:42.0 (10848972)|VARIABLE_SCOPE_BEGIN|[25]|obj|Account|true|false
07:49:42.0 (10859319)|VARIABLE_ASSIGNMENT|[25]|obj|{"Id":"0017F00000DPb61QAD","Name":"United Oil & Gas, UK"}|0x35b0df25
07:49:42.0 (10864738)|STATEMENT_EXECUTE|[25]
07:49:42.0 (10866214)|STATEMENT_EXECUTE|[26]
07:49:42.0 (10870795)|HEAP_ALLOCATE|[EXTERNAL]|Bytes:4
07:49:42.0 (10879156)|HEAP_ALLOCATE|[25]|Bytes:5
07:49:42.0 (10888756)|HEAP_ALLOCATE|[25]|Bytes:12
07:49:42.0 (10892499)|VARIABLE_SCOPE_BEGIN|[25]|obj|Account|true|false
07:49:42.0 (10902103)|VARIABLE_ASSIGNMENT|[25]|obj|{"Id":"0017F00000DPb62QAD","Name":"United Oil & Gas, Si (7 more) ..."}|0x725087cf
07:49:42.0 (10906514)|STATEMENT_EXECUTE|[25]
07:49:42.0 (10907480)|STATEMENT_EXECUTE|[26]
07:49:42.0 (10910824)|HEAP_ALLOCATE|[EXTERNAL]|Bytes:4
07:49:42.0 (10917854)|HEAP_ALLOCATE|[25]|Bytes:5
07:49:42.0 (10927257)|HEAP_ALLOCATE|[25]|Bytes:12
07:49:42.0 (10931108)|VARIABLE_SCOPE_BEGIN|[25]|obj|Account|true|false
07:49:42.0 (10939772)|VARIABLE_ASSIGNMENT|[25]|obj|{"Id":"0017F00000DPb5tQAD","Name":"Express Logistics an (11 more) ..."}|0x64f581a2
07:49:42.0 (10945097)|STATEMENT_EXECUTE|[25]
07:49:42.0 (10946026)|STATEMENT_EXECUTE|[26]
07:49:42.0 (10953937)|HEAP_ALLOCATE|[EXTERNAL]|Bytes:4
07:49:42.0 (10961155)|HEAP_ALLOCATE|[25]|Bytes:5
07:49:42.0 (10971062)|HEAP_ALLOCATE|[25]|Bytes:12
07:49:42.0 (10975410)|VARIABLE_SCOPE_BEGIN|[25]|obj|Account|true|false
07:49:42.0 (10984778)|VARIABLE_ASSIGNMENT|[25]|obj|{"Id":"0017F00000DPb5uQAD","Name":"Burlington Textiles  (15 more) ..."}|0xb8008ff
07:49:42.0 (10988899)|STATEMENT_EXECUTE|[25]
07:49:42.0 (10989808)|STATEMENT_EXECUTE|[26]
07:49:42.0 (10992946)|HEAP_ALLOCATE|[EXTERNAL]|Bytes:4
07:49:42.0 (10999189)|HEAP_ALLOCATE|[25]|Bytes:5
07:49:42.0 (11007064)|VARIABLE_ASSIGNMENT|[25]|obj|null|
07:49:42.0 (11011982)|STATEMENT_EXECUTE|[28]
07:49:42.0 (11018311)|SYSTEM_MODE_EXIT|false
07:49:42.11 (11051154)|CUMULATIVE_LIMIT_USAGE
07:49:42.11 (11051154)|LIMIT_USAGE_FOR_NS|(default)|
  Number of SOQL queries: 1 out of 100
  Number of query rows: 5 out of 50000
  Number of SOSL queries: 0 out of 20
  Number of DML statements: 0 out of 150
  Number of DML rows: 0 out of 10000
  Maximum CPU time: 0 out of 10000
  Maximum heap size: 0 out of 6000000
  Number of callouts: 0 out of 100
  Number of Email Invocations: 0 out of 10
  Number of future calls: 0 out of 50
  Number of queueable jobs added to the queue: 0 out of 50
  Number of Mobile Apex push calls: 0 out of 10

07:49:42.11 (11051154)|CUMULATIVE_LIMIT_USAGE_END

07:49:42.0 (11091184)|CODE_UNIT_FINISHED|accountsWithContactsClass.fetchLookUpValues
07:49:42.0 (11154468)|CODE_UNIT_FINISHED|Aura
07:49:42.0 (12192977)|EXECUTION_FINISHED
