40.0 APEX_CODE,FINEST;APEX_PROFILING,INFO;CALLOUT,INFO;DB,INFO;SYSTEM,DEBUG;VALIDATION,INFO;VISUALFORCE,INFO;WAVE,INFO;WORKFLOW,INFO
00:42:20.0 (62423)|USER_INFO|[EXTERNAL]|0057F000000SZkg|test-d_masalsky@twistellar.com|Pacific Standard Time|GMT-07:00
00:42:20.0 (102757)|EXECUTION_STARTED
00:42:20.0 (107048)|CODE_UNIT_STARTED|[EXTERNAL]|Aura
00:42:20.0 (6581780)|HEAP_ALLOCATE|[72]|Bytes:3
00:42:20.0 (6627527)|HEAP_ALLOCATE|[77]|Bytes:152
00:42:20.0 (6643753)|HEAP_ALLOCATE|[342]|Bytes:408
00:42:20.0 (6658398)|HEAP_ALLOCATE|[355]|Bytes:408
00:42:20.0 (6672466)|HEAP_ALLOCATE|[467]|Bytes:48
00:42:20.0 (6698845)|HEAP_ALLOCATE|[139]|Bytes:6
00:42:20.0 (6711161)|HEAP_ALLOCATE|[EXTERNAL]|Bytes:18
00:42:20.0 (6719608)|HEAP_ALLOCATE|[EXTERNAL]|Bytes:4
00:42:20.0 (7397337)|CODE_UNIT_STARTED|[EXTERNAL]|01p7F000008cBuq|accountsWithContactsClass.getAllContacts
00:42:20.0 (7517450)|HEAP_ALLOCATE|[EXTERNAL]|Bytes:10
00:42:20.0 (7531972)|METHOD_ENTRY|[1]|01p7F000008cBuq|accountsWithContactsClass.accountsWithContactsClass()
00:42:20.0 (7537627)|STATEMENT_EXECUTE|[1]
00:42:20.0 (7542901)|STATEMENT_EXECUTE|[1]
00:42:20.0 (7547279)|METHOD_EXIT|[1]|accountsWithContactsClass
00:42:20.0 (7552156)|HEAP_ALLOCATE|[EXTERNAL]|Bytes:4
00:42:20.0 (7563608)|SYSTEM_MODE_ENTER|false
00:42:20.0 (7571180)|VARIABLE_SCOPE_BEGIN|[4]|accountId|Id|false|false
00:42:20.0 (7704144)|VARIABLE_ASSIGNMENT|[4]|accountId|"0017F00000DPb5tQAD"
00:42:20.0 (7718336)|STATEMENT_EXECUTE|[4]
00:42:20.0 (7719485)|STATEMENT_EXECUTE|[5]
00:42:20.0 (7722463)|HEAP_ALLOCATE|[5]|Bytes:116
00:42:20.0 (7735940)|HEAP_ALLOCATE|[5]|Bytes:4
00:42:20.0 (7748216)|HEAP_ALLOCATE|[5]|Bytes:7
00:42:20.0 (7805793)|HEAP_ALLOCATE|[50]|Bytes:5
00:42:20.0 (7830615)|HEAP_ALLOCATE|[56]|Bytes:5
00:42:20.0 (7837702)|HEAP_ALLOCATE|[64]|Bytes:7
00:42:20.0 (8629107)|SOQL_EXECUTE_BEGIN|[5]|Aggregations:0|SELECT FirstName, LastName, Phone, Email, Birthdate, AccountId, Account.Name FROM Contact WHERE AccountId = :tmpVar1
00:42:20.0 (15882477)|SOQL_EXECUTE_END|[5]|Rows:3
00:42:20.0 (15910327)|HEAP_ALLOCATE|[5]|Bytes:16
00:42:20.0 (15943699)|HEAP_ALLOCATE|[5]|Bytes:552
00:42:20.0 (16036552)|HEAP_ALLOCATE|[5]|Bytes:16
00:42:20.0 (16056769)|VARIABLE_SCOPE_BEGIN|[5]|contacts|List<Contact>|true|false
00:42:20.0 (16136697)|VARIABLE_ASSIGNMENT|[5]|contacts|[{"FirstName":"Ros","LastName":"Gonzalez","Phone":"(412) 757-6000","Email":"ros@edge.com","Birthdate":"1965-08-27T00:00:00.000Z","AccountId":"0017F00000DPb5tQAD","Id":"0037F000007hqfjQAA","Account":{"Name":"Express Logistics an (11 more) ...","Id":"0017F00000DPb5tQAD"}},{"FirstName":"Sean","LastName":"Forbes","Phone":"(512) 757-6000","Email":"sean@edge.com","Birthdate":"1944-05-22T00:00:00.000Z","AccountId":"0017F00000DPb5tQAD","Id":"0037F000007hqfkQAA","Account":{"Name":"Express Logistics an (11 more) ...","Id":"0017F00000DPb5tQAD"}},{"FirstName":"Dik","LastName":"Advokat","Phone":"(512) 757-7000","Email":"dik@mail.ru","AccountId":"0017F00000DPb5tQAD","Id":"0037F000007pKrrQAE","Account":{"Name":"Express Logistics an (11 more) ...","Id":"0017F00000DPb5tQAD"}}]|0x5925f3b
00:42:20.0 (16161726)|STATEMENT_EXECUTE|[10]
00:42:20.0 (16170847)|SYSTEM_MODE_EXIT|false
00:42:20.16 (16197570)|CUMULATIVE_LIMIT_USAGE
00:42:20.16 (16197570)|LIMIT_USAGE_FOR_NS|(default)|
  Number of SOQL queries: 1 out of 100
  Number of query rows: 3 out of 50000
  Number of SOSL queries: 0 out of 20
  Number of DML statements: 0 out of 150
  Number of DML rows: 0 out of 10000
  Maximum CPU time: 0 out of 10000
  Maximum heap size: 0 out of 6000000
  Number of callouts: 0 out of 100
  Number of Email Invocations: 0 out of 10
  Number of future calls: 0 out of 50
  Number of queueable jobs added to the queue: 0 out of 50
  Number of Mobile Apex push calls: 0 out of 10

00:42:20.16 (16197570)|CUMULATIVE_LIMIT_USAGE_END

00:42:20.0 (16234447)|CODE_UNIT_FINISHED|accountsWithContactsClass.getAllContacts
00:42:20.0 (16334338)|CODE_UNIT_FINISHED|Aura
00:42:20.0 (40054909)|EXECUTION_FINISHED
