40.0 APEX_CODE,FINEST;APEX_PROFILING,INFO;CALLOUT,INFO;DB,INFO;SYSTEM,DEBUG;VALIDATION,INFO;VISUALFORCE,INFO;WAVE,INFO;WORKFLOW,INFO
00:26:14.0 (64686)|USER_INFO|[EXTERNAL]|0057F000000SZkg|test-d_masalsky@twistellar.com|Pacific Standard Time|GMT-07:00
00:26:14.0 (100219)|EXECUTION_STARTED
00:26:14.0 (103281)|CODE_UNIT_STARTED|[EXTERNAL]|Aura
00:26:14.0 (6442733)|HEAP_ALLOCATE|[72]|Bytes:3
00:26:14.0 (6479469)|HEAP_ALLOCATE|[77]|Bytes:152
00:26:14.0 (6493753)|HEAP_ALLOCATE|[342]|Bytes:408
00:26:14.0 (6509117)|HEAP_ALLOCATE|[355]|Bytes:408
00:26:14.0 (6522793)|HEAP_ALLOCATE|[467]|Bytes:48
00:26:14.0 (6547578)|HEAP_ALLOCATE|[139]|Bytes:6
00:26:14.0 (6558809)|HEAP_ALLOCATE|[EXTERNAL]|Bytes:18
00:26:14.0 (6567344)|HEAP_ALLOCATE|[EXTERNAL]|Bytes:4
00:26:14.0 (7307897)|CODE_UNIT_STARTED|[EXTERNAL]|01p7F000008cBuq|accountsWithContactsClass.getAllContacts
00:26:14.0 (7394762)|HEAP_ALLOCATE|[EXTERNAL]|Bytes:10
00:26:14.0 (7407934)|METHOD_ENTRY|[1]|01p7F000008cBuq|accountsWithContactsClass.accountsWithContactsClass()
00:26:14.0 (7413378)|STATEMENT_EXECUTE|[1]
00:26:14.0 (7417636)|STATEMENT_EXECUTE|[1]
00:26:14.0 (7421760)|METHOD_EXIT|[1]|accountsWithContactsClass
00:26:14.0 (7426346)|HEAP_ALLOCATE|[EXTERNAL]|Bytes:4
00:26:14.0 (7434696)|SYSTEM_MODE_ENTER|false
00:26:14.0 (7441385)|VARIABLE_SCOPE_BEGIN|[4]|accountId|Id|false|false
00:26:14.0 (7548050)|VARIABLE_ASSIGNMENT|[4]|accountId|"0017F00000DPb5tQAD"
00:26:14.0 (7560652)|STATEMENT_EXECUTE|[4]
00:26:14.0 (7561924)|STATEMENT_EXECUTE|[5]
00:26:14.0 (7565071)|HEAP_ALLOCATE|[5]|Bytes:116
00:26:14.0 (7577241)|HEAP_ALLOCATE|[5]|Bytes:4
00:26:14.0 (7588118)|HEAP_ALLOCATE|[5]|Bytes:7
00:26:14.0 (7631225)|HEAP_ALLOCATE|[50]|Bytes:5
00:26:14.0 (7652651)|HEAP_ALLOCATE|[56]|Bytes:5
00:26:14.0 (7659802)|HEAP_ALLOCATE|[64]|Bytes:7
00:26:14.0 (8139915)|SOQL_EXECUTE_BEGIN|[5]|Aggregations:0|SELECT FirstName, LastName, Phone, Email, Birthdate, AccountId, Account.Name FROM Contact WHERE AccountId = :tmpVar1
00:26:14.0 (12192374)|SOQL_EXECUTE_END|[5]|Rows:2
00:26:14.0 (12213238)|HEAP_ALLOCATE|[5]|Bytes:12
00:26:14.0 (12237700)|HEAP_ALLOCATE|[5]|Bytes:404
00:26:14.0 (12317230)|HEAP_ALLOCATE|[5]|Bytes:12
00:26:14.0 (12331232)|VARIABLE_SCOPE_BEGIN|[5]|contacts|List<Contact>|true|false
00:26:14.0 (12391742)|VARIABLE_ASSIGNMENT|[5]|contacts|[{"FirstName":"Rose","LastName":"Gonzalez","Phone":"(412) 757-6000","Email":"ros@edge.com","Birthdate":"1965-08-27T00:00:00.000Z","AccountId":"0017F00000DPb5tQAD","Id":"0037F000007hqfjQAA","Account":{"Name":"Express Logistics an (11 more) ...","Id":"0017F00000DPb5tQAD"}},{"FirstName":"Sean","LastName":"Forbes","Phone":"(512) 757-6000","Email":"sean@edge.com","Birthdate":"1944-05-22T00:00:00.000Z","AccountId":"0017F00000DPb5tQAD","Id":"0037F000007hqfkQAA","Account":{"Name":"Express Logistics an (11 more) ...","Id":"0017F00000DPb5tQAD"}}]|0x14f594cc
00:26:14.0 (12413500)|STATEMENT_EXECUTE|[10]
00:26:14.0 (12421583)|SYSTEM_MODE_EXIT|false
00:26:14.12 (12443802)|CUMULATIVE_LIMIT_USAGE
00:26:14.12 (12443802)|LIMIT_USAGE_FOR_NS|(default)|
  Number of SOQL queries: 1 out of 100
  Number of query rows: 2 out of 50000
  Number of SOSL queries: 0 out of 20
  Number of DML statements: 0 out of 150
  Number of DML rows: 0 out of 10000
  Maximum CPU time: 0 out of 10000
  Maximum heap size: 0 out of 6000000
  Number of callouts: 0 out of 100
  Number of Email Invocations: 0 out of 10
  Number of future calls: 0 out of 50
  Number of queueable jobs added to the queue: 0 out of 50
  Number of Mobile Apex push calls: 0 out of 10

00:26:14.12 (12443802)|CUMULATIVE_LIMIT_USAGE_END

00:26:14.0 (12477167)|CODE_UNIT_FINISHED|accountsWithContactsClass.getAllContacts
00:26:14.0 (12552644)|CODE_UNIT_FINISHED|Aura
00:26:14.0 (13519003)|EXECUTION_FINISHED
