40.0 APEX_CODE,FINEST;APEX_PROFILING,INFO;CALLOUT,INFO;DB,INFO;SYSTEM,DEBUG;VALIDATION,INFO;VISUALFORCE,INFO;WAVE,INFO;WORKFLOW,INFO
00:53:41.0 (54820)|USER_INFO|[EXTERNAL]|0057F000000SZkg|test-d_masalsky@twistellar.com|Pacific Standard Time|GMT-07:00
00:53:41.0 (91673)|EXECUTION_STARTED
00:53:41.0 (95149)|CODE_UNIT_STARTED|[EXTERNAL]|Aura
00:53:41.0 (6286401)|HEAP_ALLOCATE|[72]|Bytes:3
00:53:41.0 (6316183)|HEAP_ALLOCATE|[77]|Bytes:152
00:53:41.0 (6329333)|HEAP_ALLOCATE|[342]|Bytes:408
00:53:41.0 (6343102)|HEAP_ALLOCATE|[355]|Bytes:408
00:53:41.0 (6356874)|HEAP_ALLOCATE|[467]|Bytes:48
00:53:41.0 (6377599)|HEAP_ALLOCATE|[139]|Bytes:6
00:53:41.0 (6392785)|HEAP_ALLOCATE|[EXTERNAL]|Bytes:1
00:53:41.0 (6400060)|HEAP_ALLOCATE|[EXTERNAL]|Bytes:1
00:53:41.0 (7060114)|CODE_UNIT_STARTED|[EXTERNAL]|01p7F000008cBuq|accountsWithContactsClass.fetchLookUpValues
00:53:41.0 (7148962)|HEAP_ALLOCATE|[EXTERNAL]|Bytes:10
00:53:41.0 (7162511)|METHOD_ENTRY|[1]|01p7F000008cBuq|accountsWithContactsClass.accountsWithContactsClass()
00:53:41.0 (7168114)|STATEMENT_EXECUTE|[1]
00:53:41.0 (7172876)|STATEMENT_EXECUTE|[1]
00:53:41.0 (7177225)|METHOD_EXIT|[1]|accountsWithContactsClass
00:53:41.0 (7181713)|HEAP_ALLOCATE|[EXTERNAL]|Bytes:1
00:53:41.0 (7193409)|SYSTEM_MODE_ENTER|false
00:53:41.0 (7201100)|VARIABLE_SCOPE_BEGIN|[20]|searchKeyWord|String|false|false
00:53:41.0 (7220580)|VARIABLE_ASSIGNMENT|[20]|searchKeyWord|"B"
00:53:41.0 (7229521)|STATEMENT_EXECUTE|[20]
00:53:41.0 (7230896)|STATEMENT_EXECUTE|[21]
00:53:41.0 (7233096)|HEAP_ALLOCATE|[21]|Bytes:1
00:53:41.0 (7247209)|HEAP_ALLOCATE|[21]|Bytes:2
00:53:41.0 (7253142)|VARIABLE_SCOPE_BEGIN|[21]|searchKey|String|false|false
00:53:41.0 (7262457)|VARIABLE_ASSIGNMENT|[21]|searchKey|"B%"
00:53:41.0 (7266435)|STATEMENT_EXECUTE|[22]
00:53:41.0 (7335354)|HEAP_ALLOCATE|[22]|Bytes:4
00:53:41.0 (7407915)|VARIABLE_SCOPE_BEGIN|[22]|returnList|List<Account>|true|false
00:53:41.0 (7420311)|HEAP_ALLOCATE|[EXTERNAL]|Bytes:4
00:53:41.0 (7431263)|VARIABLE_ASSIGNMENT|[22]|returnList|[]|0x306a467e
00:53:41.0 (7436538)|STATEMENT_EXECUTE|[23]
00:53:41.0 (7439294)|HEAP_ALLOCATE|[23]|Bytes:89
00:53:41.0 (7443936)|VARIABLE_SCOPE_BEGIN|[23]|sQuery|String|false|false
00:53:41.0 (7454914)|VARIABLE_ASSIGNMENT|[23]|sQuery|"SELECT Id, Name FROM (69 more) ..."
00:53:41.0 (7458153)|STATEMENT_EXECUTE|[24]
00:53:41.0 (7484785)|HEAP_ALLOCATE|[50]|Bytes:5
00:53:41.0 (7502279)|HEAP_ALLOCATE|[56]|Bytes:5
00:53:41.0 (7508898)|HEAP_ALLOCATE|[64]|Bytes:7
00:53:41.0 (7970883)|SOQL_EXECUTE_BEGIN|[24]|Aggregations:0|SELECT Id, Name FROM Account WHERE Name LIKE: searchKey ORDER BY CreatedDate DESC LIMIT 5
00:53:41.0 (11841114)|SOQL_EXECUTE_END|[24]|Rows:1
00:53:41.0 (11859837)|HEAP_ALLOCATE|[24]|Bytes:8
00:53:41.0 (11873271)|HEAP_ALLOCATE|[24]|Bytes:72
00:53:41.0 (11895440)|HEAP_ALLOCATE|[24]|Bytes:8
00:53:41.0 (11911434)|VARIABLE_SCOPE_BEGIN|[24]|lstOfRecords|List<Account>|true|false
00:53:41.0 (11939665)|VARIABLE_ASSIGNMENT|[24]|lstOfRecords|[{"Id":"0017F00000DPb5uQAD","Name":"Burlington Textiles  (15 more) ..."}]|0x77db5cca
00:53:41.0 (12093319)|HEAP_ALLOCATE|[25]|Bytes:5
00:53:41.0 (12136463)|HEAP_ALLOCATE|[25]|Bytes:12
00:53:41.0 (12148087)|VARIABLE_SCOPE_BEGIN|[25]|obj|Account|true|false
00:53:41.0 (12165150)|VARIABLE_ASSIGNMENT|[25]|obj|{"Id":"0017F00000DPb5uQAD","Name":"Burlington Textiles  (15 more) ..."}|0x3228635f
00:53:41.0 (12171945)|STATEMENT_EXECUTE|[25]
00:53:41.0 (12173327)|STATEMENT_EXECUTE|[26]
00:53:41.0 (12207095)|HEAP_ALLOCATE|[EXTERNAL]|Bytes:4
00:53:41.0 (12223970)|HEAP_ALLOCATE|[25]|Bytes:5
00:53:41.0 (12236223)|VARIABLE_ASSIGNMENT|[25]|obj|null|
00:53:41.0 (12240951)|STATEMENT_EXECUTE|[28]
00:53:41.0 (12248636)|SYSTEM_MODE_EXIT|false
00:53:41.12 (12271478)|CUMULATIVE_LIMIT_USAGE
00:53:41.12 (12271478)|LIMIT_USAGE_FOR_NS|(default)|
  Number of SOQL queries: 1 out of 100
  Number of query rows: 1 out of 50000
  Number of SOSL queries: 0 out of 20
  Number of DML statements: 0 out of 150
  Number of DML rows: 0 out of 10000
  Maximum CPU time: 0 out of 10000
  Maximum heap size: 0 out of 6000000
  Number of callouts: 0 out of 100
  Number of Email Invocations: 0 out of 10
  Number of future calls: 0 out of 50
  Number of queueable jobs added to the queue: 0 out of 50
  Number of Mobile Apex push calls: 0 out of 10

00:53:41.12 (12271478)|CUMULATIVE_LIMIT_USAGE_END

00:53:41.0 (12305509)|CODE_UNIT_FINISHED|accountsWithContactsClass.fetchLookUpValues
00:53:41.0 (12361878)|CODE_UNIT_FINISHED|Aura
00:53:41.0 (13481688)|EXECUTION_FINISHED
