40.0 APEX_CODE,FINEST;APEX_PROFILING,INFO;CALLOUT,INFO;DB,INFO;SYSTEM,DEBUG;VALIDATION,INFO;VISUALFORCE,INFO;WAVE,INFO;WORKFLOW,INFO
00:04:49.0 (60455)|USER_INFO|[EXTERNAL]|0057F000000SZkg|test-d_masalsky@twistellar.com|Pacific Standard Time|GMT-07:00
00:04:49.0 (92520)|EXECUTION_STARTED
00:04:49.0 (96622)|CODE_UNIT_STARTED|[EXTERNAL]|Aura
00:04:49.0 (6549102)|HEAP_ALLOCATE|[72]|Bytes:3
00:04:49.0 (6592635)|HEAP_ALLOCATE|[77]|Bytes:152
00:04:49.0 (6607567)|HEAP_ALLOCATE|[342]|Bytes:408
00:04:49.0 (6622375)|HEAP_ALLOCATE|[355]|Bytes:408
00:04:49.0 (6636206)|HEAP_ALLOCATE|[467]|Bytes:48
00:04:49.0 (6661971)|HEAP_ALLOCATE|[139]|Bytes:6
00:04:49.0 (6674254)|HEAP_ALLOCATE|[EXTERNAL]|Bytes:18
00:04:49.0 (6684275)|HEAP_ALLOCATE|[EXTERNAL]|Bytes:4
00:04:49.0 (7406449)|CODE_UNIT_STARTED|[EXTERNAL]|01p7F000008cBuq|accountsWithContactsClass.getAllContacts
00:04:49.0 (7564681)|HEAP_ALLOCATE|[EXTERNAL]|Bytes:10
00:04:49.0 (7580015)|METHOD_ENTRY|[1]|01p7F000008cBuq|accountsWithContactsClass.accountsWithContactsClass()
00:04:49.0 (7585902)|STATEMENT_EXECUTE|[1]
00:04:49.0 (7590994)|STATEMENT_EXECUTE|[1]
00:04:49.0 (7595508)|METHOD_EXIT|[1]|accountsWithContactsClass
00:04:49.0 (7600304)|HEAP_ALLOCATE|[EXTERNAL]|Bytes:4
00:04:49.0 (7610254)|SYSTEM_MODE_ENTER|false
00:04:49.0 (7619101)|VARIABLE_SCOPE_BEGIN|[4]|accountId|Id|false|false
00:04:49.0 (7733424)|VARIABLE_ASSIGNMENT|[4]|accountId|"0017F00000DPb5tQAD"
00:04:49.0 (7747574)|STATEMENT_EXECUTE|[4]
00:04:49.0 (7748823)|STATEMENT_EXECUTE|[5]
00:04:49.0 (7752346)|HEAP_ALLOCATE|[5]|Bytes:116
00:04:49.0 (7765564)|HEAP_ALLOCATE|[5]|Bytes:4
00:04:49.0 (7777607)|HEAP_ALLOCATE|[5]|Bytes:7
00:04:49.0 (7823042)|HEAP_ALLOCATE|[50]|Bytes:5
00:04:49.0 (7847458)|HEAP_ALLOCATE|[56]|Bytes:5
00:04:49.0 (7854605)|HEAP_ALLOCATE|[64]|Bytes:7
00:04:49.0 (8539651)|SOQL_EXECUTE_BEGIN|[5]|Aggregations:0|SELECT FirstName, LastName, Phone, Email, Birthdate, AccountId, Account.Name FROM Contact WHERE AccountId = :tmpVar1
00:04:49.0 (13013141)|SOQL_EXECUTE_END|[5]|Rows:2
00:04:49.0 (13034132)|HEAP_ALLOCATE|[5]|Bytes:12
00:04:49.0 (13060080)|HEAP_ALLOCATE|[5]|Bytes:404
00:04:49.0 (13088086)|HEAP_ALLOCATE|[5]|Bytes:12
00:04:49.0 (13098244)|VARIABLE_SCOPE_BEGIN|[5]|contacts|List<Contact>|true|false
00:04:49.0 (13159437)|VARIABLE_ASSIGNMENT|[5]|contacts|[{"FirstName":"Rose","LastName":"Gonzalez","Phone":"(412) 757-6000","Email":"ros@edge.com","Birthdate":"1965-08-27T00:00:00.000Z","AccountId":"0017F00000DPb5tQAD","Id":"0037F000007hqfjQAA","Account":{"Name":"Express Logistics an (11 more) ...","Id":"0017F00000DPb5tQAD"}},{"FirstName":"Sean","LastName":"Forbes","Phone":"(512) 757-6000","Email":"sean@edge.com","Birthdate":"1944-05-22T00:00:00.000Z","AccountId":"0017F00000DPb5tQAD","Id":"0037F000007hqfkQAA","Account":{"Name":"Express Logistics an (11 more) ...","Id":"0017F00000DPb5tQAD"}}]|0x66d285b1
00:04:49.0 (13178348)|STATEMENT_EXECUTE|[10]
00:04:49.0 (13186619)|SYSTEM_MODE_EXIT|false
00:04:49.13 (13207952)|CUMULATIVE_LIMIT_USAGE
00:04:49.13 (13207952)|LIMIT_USAGE_FOR_NS|(default)|
  Number of SOQL queries: 1 out of 100
  Number of query rows: 2 out of 50000
  Number of SOSL queries: 0 out of 20
  Number of DML statements: 0 out of 150
  Number of DML rows: 0 out of 10000
  Maximum CPU time: 0 out of 10000
  Maximum heap size: 0 out of 6000000
  Number of callouts: 0 out of 100
  Number of Email Invocations: 0 out of 10
  Number of future calls: 0 out of 50
  Number of queueable jobs added to the queue: 0 out of 50
  Number of Mobile Apex push calls: 0 out of 10

00:04:49.13 (13207952)|CUMULATIVE_LIMIT_USAGE_END

00:04:49.0 (13241030)|CODE_UNIT_FINISHED|accountsWithContactsClass.getAllContacts
00:04:49.0 (13319682)|CODE_UNIT_FINISHED|Aura
00:04:49.0 (14333360)|EXECUTION_FINISHED
