40.0 APEX_CODE,FINEST;APEX_PROFILING,INFO;CALLOUT,INFO;DB,INFO;SYSTEM,DEBUG;VALIDATION,INFO;VISUALFORCE,INFO;WAVE,INFO;WORKFLOW,INFO
00:29:41.0 (47216)|USER_INFO|[EXTERNAL]|0057F000000SZkg|test-d_masalsky@twistellar.com|Pacific Standard Time|GMT-07:00
00:29:41.0 (79975)|EXECUTION_STARTED
00:29:41.0 (82766)|CODE_UNIT_STARTED|[EXTERNAL]|DuplicateDetector
00:29:41.0 (89780)|DUPLICATE_DETECTION_BEGIN
00:29:41.0 (168432)|DUPLICATE_DETECTION_RULE_INVOCATION|DuplicateRuleId:0Bm7F000003oqL8|DuplicateRuleName:Standard Contact Duplicate Rule|DmlType:INSERT
00:29:41.0 (21553684)|DUPLICATE_DETECTION_MATCH_INVOCATION_DETAILS|EntityType:Contact|ActionTaken:Allow_[Alert,Report]|DuplicateRecordIds:
00:29:41.0 (21576714)|DUPLICATE_DETECTION_MATCH_INVOCATION_SUMMARY|EntityType:Contact|NumRecordsToBeSaved:1|NumRecordsToBeSavedWithDuplicates:0|NumDuplicateRecordsFound:0
00:29:41.0 (21586286)|DUPLICATE_DETECTION_MATCH_INVOCATION_DETAILS|EntityType:Contact|ActionTaken:Allow_[Alert,Report]|DuplicateRecordIds:
00:29:41.0 (21591352)|DUPLICATE_DETECTION_MATCH_INVOCATION_SUMMARY|EntityType:Contact|NumRecordsToBeSaved:1|NumRecordsToBeSavedWithDuplicates:0|NumDuplicateRecordsFound:0
00:29:41.0 (21650856)|DUPLICATE_DETECTION_END
00:29:41.0 (21655682)|CODE_UNIT_FINISHED|DuplicateDetector
00:29:41.0 (21664017)|EXECUTION_FINISHED
00:29:41.89 (89059896)|USER_INFO|[EXTERNAL]|0057F000000SZkg|test-d_masalsky@twistellar.com|Pacific Standard Time|GMT-07:00
00:29:41.89 (89077830)|EXECUTION_STARTED
00:29:41.89 (89080381)|CODE_UNIT_STARTED|[EXTERNAL]|DuplicateDetector
00:29:41.89 (89086015)|DUPLICATE_DETECTION_BEGIN
00:29:41.89 (89135911)|DUPLICATE_DETECTION_RULE_INVOCATION|DuplicateRuleId:0Bm7F000003oqL8|DuplicateRuleName:Standard Contact Duplicate Rule|DmlType:INSERT
00:29:41.89 (98564098)|DUPLICATE_DETECTION_END
00:29:41.89 (98572436)|CODE_UNIT_FINISHED|DuplicateDetector
00:29:41.89 (98583029)|EXECUTION_FINISHED
