40.0 APEX_CODE,FINEST;APEX_PROFILING,INFO;CALLOUT,INFO;DB,INFO;SYSTEM,DEBUG;VALIDATION,INFO;VISUALFORCE,INFO;WAVE,INFO;WORKFLOW,INFO
00:53:42.0 (57880)|USER_INFO|[EXTERNAL]|0057F000000SZkg|test-d_masalsky@twistellar.com|Pacific Standard Time|GMT-07:00
00:53:42.0 (92528)|EXECUTION_STARTED
00:53:42.0 (96234)|CODE_UNIT_STARTED|[EXTERNAL]|Aura
00:53:42.0 (7748590)|CODE_UNIT_STARTED|[EXTERNAL]|01p7F000008cBuq|accountsWithContactsClass.saveContact
00:53:42.0 (7959938)|HEAP_ALLOCATE|[72]|Bytes:3
00:53:42.0 (8003106)|HEAP_ALLOCATE|[77]|Bytes:152
00:53:42.0 (8019417)|HEAP_ALLOCATE|[342]|Bytes:408
00:53:42.0 (8033906)|HEAP_ALLOCATE|[355]|Bytes:408
00:53:42.0 (8047526)|HEAP_ALLOCATE|[467]|Bytes:48
00:53:42.0 (8076403)|HEAP_ALLOCATE|[139]|Bytes:6
00:53:42.0 (8165533)|HEAP_ALLOCATE|[EXTERNAL]|Bytes:10
00:53:42.0 (8179667)|METHOD_ENTRY|[1]|01p7F000008cBuq|accountsWithContactsClass.accountsWithContactsClass()
00:53:42.0 (8185265)|STATEMENT_EXECUTE|[1]
00:53:42.0 (8190105)|STATEMENT_EXECUTE|[1]
00:53:42.0 (8193625)|METHOD_EXIT|[1]|accountsWithContactsClass
00:53:42.0 (8247648)|HEAP_ALLOCATE|[EXTERNAL]|Bytes:16
00:53:42.0 (8257713)|SYSTEM_MODE_ENTER|false
00:53:42.0 (8265081)|VARIABLE_SCOPE_BEGIN|[14]|contacts|List<Contact>|true|false
00:53:42.0 (8342516)|VARIABLE_ASSIGNMENT|[14]|contacts|[{"Account":{"Id":"0017F00000DPb5tQAD","Name":"Express Logistics an (11 more) ..."},"Email":"ros@edge.com","AccountId":"0017F00000DPb5tQAD","FirstName":"Ros","Phone":"(412) 757-6000","LastName":"Gonzalez","Id":"0037F000007hqfjQAA","Birthdate":"1965-08-27T00:00:00.000Z"},{"Account":{"Id":"0017F00000DPb5tQAD","Name":"Express Logistics an (11 more) ..."},"Email":"sean@edge.com","AccountId":"0017F00000DPb5tQAD","FirstName":"Sean","Phone":"(512) 757-6000","LastName":"Forbes","Id":"0037F000007hqfkQAA","Birthdate":"1944-05-22T00:00:00.000Z"},{"Account":{"Id":"0017F00000DPb5tQAD","Name":"Express Logistics an (11 more) ..."},"Email":"dik@mail.ru","AccountId":"0017F00000DPb5tQAD","FirstName":"Diks","Phone":"(512) 757-7000","LastName":"Advokat","Id":"0037F000007pKrrQAE"}]|0x1b988f36
00:53:42.0 (8374964)|STATEMENT_EXECUTE|[14]
00:53:42.0 (8376644)|STATEMENT_EXECUTE|[15]
00:53:42.0 (8410959)|HEAP_ALLOCATE|[50]|Bytes:5
00:53:42.0 (8436803)|HEAP_ALLOCATE|[56]|Bytes:5
00:53:42.0 (8444533)|HEAP_ALLOCATE|[64]|Bytes:7
00:53:42.0 (8497423)|DML_BEGIN|[15]|Op:Update|Type:SObject|Rows:3
00:53:42.0 (8523836)|HEAP_ALLOCATE|[EXTERNAL]|Bytes:16
00:53:42.0 (21098088)|CODE_UNIT_STARTED|[EXTERNAL]|DuplicateDetector
00:53:42.0 (21112306)|DUPLICATE_DETECTION_BEGIN
00:53:42.0 (21191997)|DUPLICATE_DETECTION_RULE_INVOCATION|DuplicateRuleId:0Bm7F000003oqL8|DuplicateRuleName:Standard Contact Duplicate Rule|DmlType:UPDATE
00:53:42.0 (21226782)|DUPLICATE_DETECTION_END
00:53:42.0 (21231163)|CODE_UNIT_FINISHED|DuplicateDetector
00:53:42.0 (59556767)|DML_END|[15]
00:53:42.0 (59648200)|HEAP_ALLOCATE|[EXTERNAL]|Bytes:16
00:53:42.0 (59681079)|STATEMENT_EXECUTE|[16]
00:53:42.0 (59693480)|SYSTEM_MODE_EXIT|false
00:53:42.0 (63042142)|CODE_UNIT_STARTED|[EXTERNAL]|DuplicateDetector
00:53:42.0 (63058545)|DUPLICATE_DETECTION_BEGIN
00:53:42.0 (63142665)|DUPLICATE_DETECTION_RULE_INVOCATION|DuplicateRuleId:0Bm7F000003oqL8|DuplicateRuleName:Standard Contact Duplicate Rule|DmlType:UPDATE
00:53:42.0 (75044757)|DUPLICATE_DETECTION_END
00:53:42.0 (75052198)|CODE_UNIT_FINISHED|DuplicateDetector
00:53:42.75 (75087850)|CUMULATIVE_LIMIT_USAGE
00:53:42.75 (75087850)|LIMIT_USAGE_FOR_NS|(default)|
  Number of SOQL queries: 0 out of 100
  Number of query rows: 0 out of 50000
  Number of SOSL queries: 0 out of 20
  Number of DML statements: 1 out of 150
  Number of DML rows: 3 out of 10000
  Maximum CPU time: 0 out of 10000
  Maximum heap size: 0 out of 6000000
  Number of callouts: 0 out of 100
  Number of Email Invocations: 0 out of 10
  Number of future calls: 0 out of 50
  Number of queueable jobs added to the queue: 0 out of 50
  Number of Mobile Apex push calls: 0 out of 10

00:53:42.75 (75087850)|CUMULATIVE_LIMIT_USAGE_END

00:53:42.0 (75126945)|CODE_UNIT_FINISHED|accountsWithContactsClass.saveContact
00:53:42.0 (75250778)|CODE_UNIT_FINISHED|Aura
00:53:42.0 (76024782)|EXECUTION_FINISHED
00:53:42.77 (77517438)|USER_INFO|[EXTERNAL]|0057F000000SZkg|test-d_masalsky@twistellar.com|Pacific Standard Time|GMT-07:00
00:53:42.77 (77533012)|EXECUTION_STARTED
00:53:42.77 (77535717)|CODE_UNIT_STARTED|[EXTERNAL]|Aura
00:53:42.77 (77686833)|HEAP_ALLOCATE|[EXTERNAL]|Bytes:18
00:53:42.77 (77701124)|HEAP_ALLOCATE|[EXTERNAL]|Bytes:4
00:53:42.77 (77917036)|HEAP_ALLOCATE|[EXTERNAL]|Bytes:35
00:53:42.77 (77924280)|HEAP_ALLOCATE|[EXTERNAL]|Bytes:35
00:53:42.77 (77947506)|HEAP_ALLOCATE|[EXTERNAL]|Bytes:18
00:53:42.77 (77952294)|HEAP_ALLOCATE|[EXTERNAL]|Bytes:4
00:53:42.77 (78601388)|CODE_UNIT_STARTED|[EXTERNAL]|01p7F000008cBuq|accountsWithContactsClass.updateRecord
00:53:42.77 (78637517)|HEAP_ALLOCATE|[EXTERNAL]|Bytes:4
00:53:42.77 (78641665)|HEAP_ALLOCATE|[EXTERNAL]|Bytes:35
00:53:42.77 (78643995)|HEAP_ALLOCATE|[EXTERNAL]|Bytes:4
00:53:42.77 (78652927)|SYSTEM_MODE_ENTER|false
00:53:42.77 (78663475)|VARIABLE_SCOPE_BEGIN|[32]|lookupId|Id|false|false
00:53:42.77 (78784938)|VARIABLE_ASSIGNMENT|[32]|lookupId|"0037F000007pKrrQAE"
00:53:42.77 (78797398)|VARIABLE_SCOPE_BEGIN|[32]|selectedAccount|String|false|false
00:53:42.77 (78814472)|VARIABLE_ASSIGNMENT|[32]|selectedAccount|"Burlington Textiles  (15 more) ..."
00:53:42.77 (78820876)|VARIABLE_SCOPE_BEGIN|[32]|accountId|Id|false|false
00:53:42.77 (78896260)|VARIABLE_ASSIGNMENT|[32]|accountId|"0017F00000DPb5tQAD"
00:53:42.77 (78916911)|STATEMENT_EXECUTE|[32]
00:53:42.77 (78920019)|STATEMENT_EXECUTE|[33]
00:53:42.77 (78925208)|HEAP_ALLOCATE|[33]|Bytes:109
00:53:42.77 (78942335)|HEAP_ALLOCATE|[33]|Bytes:4
00:53:42.77 (78960591)|HEAP_ALLOCATE|[33]|Bytes:7
00:53:42.77 (79299008)|SOQL_EXECUTE_BEGIN|[33]|Aggregations:0|SELECT FirstName, LastName, Phone, Email, Birthdate, AccountId, Account.Name FROM Contact WHERE Id = :tmpVar1
00:53:42.77 (83253691)|SOQL_EXECUTE_END|[33]|Rows:1
00:53:42.77 (83277893)|HEAP_ALLOCATE|[33]|Bytes:8
00:53:42.77 (83300480)|HEAP_ALLOCATE|[33]|Bytes:217
00:53:42.77 (83342510)|HEAP_ALLOCATE|[33]|Bytes:8
00:53:42.77 (83354003)|HEAP_ALLOCATE|[33]|Bytes:33
00:53:42.77 (83407638)|HEAP_ALLOCATE|[33]|Bytes:32
00:53:42.77 (83416536)|VARIABLE_SCOPE_BEGIN|[33]|contact|Contact|true|false
00:53:42.77 (83442803)|VARIABLE_ASSIGNMENT|[33]|contact|{"FirstName":"Diks","LastName":"Advokat","Phone":"(512) 757-7000","Email":"dik@mail.ru","AccountId":"0017F00000DPb5tQAD","Id":"0037F000007pKrrQAE","Account":{"Name":"Express Logistics an (11 more) ...","Id":"0017F00000DPb5tQAD"}}|0xb3722e4
00:53:42.77 (83453492)|STATEMENT_EXECUTE|[38]
00:53:42.77 (83456613)|HEAP_ALLOCATE|[38]|Bytes:44
00:53:42.77 (83462835)|HEAP_ALLOCATE|[38]|Bytes:4
00:53:42.77 (83591473)|SOQL_EXECUTE_BEGIN|[38]|Aggregations:0|SELECT Id FROM Account WHERE Name = :tmpVar1
00:53:42.77 (86286798)|SOQL_EXECUTE_END|[38]|Rows:1
00:53:42.77 (86305573)|HEAP_ALLOCATE|[38]|Bytes:8
00:53:42.77 (86317308)|HEAP_ALLOCATE|[38]|Bytes:29
00:53:42.77 (86360654)|HEAP_ALLOCATE|[38]|Bytes:8
00:53:42.77 (86372832)|VARIABLE_SCOPE_BEGIN|[38]|newAccountId|List<Account>|true|false
00:53:42.77 (86392255)|VARIABLE_ASSIGNMENT|[38]|newAccountId|[{"Id":"0017F00000DPb5uQAD"}]|0x5790deb1
00:53:42.77 (86398254)|STATEMENT_EXECUTE|[41]
00:53:42.77 (86438399)|HEAP_ALLOCATE|[41]|Bytes:8
00:53:42.77 (86496819)|VARIABLE_ASSIGNMENT|[41]|this.AccountId|"0017F00000DPb5uQAD"|0xb3722e4
00:53:42.77 (86503582)|STATEMENT_EXECUTE|[42]
00:53:42.77 (86525667)|HEAP_ALLOCATE|[42]|Bytes:8
00:53:42.77 (86533709)|DML_BEGIN|[42]|Op:Update|Type:Contact|Rows:1
00:53:42.77 (86555480)|HEAP_ALLOCATE|[EXTERNAL]|Bytes:8
00:53:42.77 (93109509)|CODE_UNIT_STARTED|[EXTERNAL]|DuplicateDetector
00:53:42.77 (93126678)|DUPLICATE_DETECTION_BEGIN
00:53:42.77 (93175764)|DUPLICATE_DETECTION_RULE_INVOCATION|DuplicateRuleId:0Bm7F000003oqL8|DuplicateRuleName:Standard Contact Duplicate Rule|DmlType:UPDATE
00:53:42.77 (93209632)|DUPLICATE_DETECTION_END
00:53:42.77 (93213643)|CODE_UNIT_FINISHED|DuplicateDetector
00:53:42.77 (109234560)|DML_END|[42]
00:53:42.77 (109255188)|STATEMENT_EXECUTE|[43]
00:53:42.77 (109263005)|HEAP_ALLOCATE|[43]|Bytes:105
00:53:42.77 (109285438)|HEAP_ALLOCATE|[43]|Bytes:4
00:53:42.77 (109611656)|SOQL_EXECUTE_BEGIN|[43]|Aggregations:0|SELECT FirstName, LastName, Phone, Email, Birthdate, Account.Name FROM Contact WHERE AccountId = :tmpVar1
00:53:42.77 (114340093)|SOQL_EXECUTE_END|[43]|Rows:2
00:53:42.77 (114364138)|HEAP_ALLOCATE|[43]|Bytes:12
00:53:42.77 (114394952)|HEAP_ALLOCATE|[43]|Bytes:403
00:53:42.77 (114425391)|HEAP_ALLOCATE|[43]|Bytes:12
00:53:42.77 (114444329)|VARIABLE_SCOPE_BEGIN|[43]|contacts|List<Contact>|true|false
00:53:42.77 (114530133)|VARIABLE_ASSIGNMENT|[43]|contacts|[{"FirstName":"Ros","LastName":"Gonzalez","Phone":"(412) 757-6000","Email":"ros@edge.com","Birthdate":"1965-08-27T00:00:00.000Z","AccountId":"0017F00000DPb5tQAD","Id":"0037F000007hqfjQAA","Account":{"Name":"Express Logistics an (11 more) ...","Id":"0017F00000DPb5tQAD"}},{"FirstName":"Sean","LastName":"Forbes","Phone":"(512) 757-6000","Email":"sean@edge.com","Birthdate":"1944-05-22T00:00:00.000Z","AccountId":"0017F00000DPb5tQAD","Id":"0037F000007hqfkQAA","Account":{"Name":"Express Logistics an (11 more) ...","Id":"0017F00000DPb5tQAD"}}]|0x2a581c21
00:53:42.77 (114562575)|STATEMENT_EXECUTE|[48]
00:53:42.77 (114575235)|SYSTEM_MODE_EXIT|false
00:53:42.77 (157026590)|CODE_UNIT_STARTED|[EXTERNAL]|DuplicateDetector
00:53:42.77 (157050888)|DUPLICATE_DETECTION_BEGIN
00:53:42.77 (157135086)|DUPLICATE_DETECTION_RULE_INVOCATION|DuplicateRuleId:0Bm7F000003oqL8|DuplicateRuleName:Standard Contact Duplicate Rule|DmlType:UPDATE
00:53:42.77 (176012451)|DUPLICATE_DETECTION_MATCH_INVOCATION_DETAILS|EntityId:0037F000007pKrr|ActionTaken:Allow_[Report]|DuplicateRecordIds:
00:53:42.77 (176041901)|DUPLICATE_DETECTION_MATCH_INVOCATION_SUMMARY|EntityType:Contact|NumRecordsToBeSaved:1|NumRecordsToBeSavedWithDuplicates:0|NumDuplicateRecordsFound:0
00:53:42.77 (176059676)|DUPLICATE_DETECTION_MATCH_INVOCATION_DETAILS|EntityId:0037F000007pKrr|ActionTaken:Allow_[Report]|DuplicateRecordIds:
00:53:42.77 (176071130)|DUPLICATE_DETECTION_MATCH_INVOCATION_SUMMARY|EntityType:Contact|NumRecordsToBeSaved:1|NumRecordsToBeSavedWithDuplicates:0|NumDuplicateRecordsFound:0
00:53:42.77 (176216722)|DUPLICATE_DETECTION_END
00:53:42.77 (176224926)|CODE_UNIT_FINISHED|DuplicateDetector
00:53:42.176 (176308694)|CUMULATIVE_LIMIT_USAGE
00:53:42.176 (176308694)|LIMIT_USAGE_FOR_NS|(default)|
  Number of SOQL queries: 3 out of 100
  Number of query rows: 4 out of 50000
  Number of SOSL queries: 0 out of 20
  Number of DML statements: 2 out of 150
  Number of DML rows: 4 out of 10000
  Maximum CPU time: 0 out of 10000
  Maximum heap size: 0 out of 6000000
  Number of callouts: 0 out of 100
  Number of Email Invocations: 0 out of 10
  Number of future calls: 0 out of 50
  Number of queueable jobs added to the queue: 0 out of 50
  Number of Mobile Apex push calls: 0 out of 10

00:53:42.176 (176308694)|CUMULATIVE_LIMIT_USAGE_END

00:53:42.77 (176360776)|CODE_UNIT_FINISHED|accountsWithContactsClass.updateRecord
00:53:42.77 (176502719)|CODE_UNIT_FINISHED|Aura
00:53:42.77 (177390207)|EXECUTION_FINISHED
