40.0 APEX_CODE,FINEST;APEX_PROFILING,INFO;CALLOUT,INFO;DB,INFO;SYSTEM,DEBUG;VALIDATION,INFO;VISUALFORCE,INFO;WAVE,INFO;WORKFLOW,INFO
00:53:40.0 (64640)|USER_INFO|[EXTERNAL]|0057F000000SZkg|test-d_masalsky@twistellar.com|Pacific Standard Time|GMT-07:00
00:53:40.0 (98652)|EXECUTION_STARTED
00:53:40.0 (102327)|CODE_UNIT_STARTED|[EXTERNAL]|Aura
00:53:40.0 (6382243)|HEAP_ALLOCATE|[72]|Bytes:3
00:53:40.0 (6418472)|HEAP_ALLOCATE|[77]|Bytes:152
00:53:40.0 (6432801)|HEAP_ALLOCATE|[342]|Bytes:408
00:53:40.0 (6448009)|HEAP_ALLOCATE|[355]|Bytes:408
00:53:40.0 (6461830)|HEAP_ALLOCATE|[467]|Bytes:48
00:53:40.0 (6484344)|HEAP_ALLOCATE|[139]|Bytes:6
00:53:40.0 (6499789)|HEAP_ALLOCATE|[EXTERNAL]|Bytes:31
00:53:40.0 (6507648)|HEAP_ALLOCATE|[EXTERNAL]|Bytes:31
00:53:40.0 (7208078)|CODE_UNIT_STARTED|[EXTERNAL]|01p7F000008cBuq|accountsWithContactsClass.fetchLookUpValues
00:53:40.0 (7382551)|HEAP_ALLOCATE|[EXTERNAL]|Bytes:10
00:53:40.0 (7396531)|METHOD_ENTRY|[1]|01p7F000008cBuq|accountsWithContactsClass.accountsWithContactsClass()
00:53:40.0 (7402599)|STATEMENT_EXECUTE|[1]
00:53:40.0 (7407348)|STATEMENT_EXECUTE|[1]
00:53:40.0 (7411016)|METHOD_EXIT|[1]|accountsWithContactsClass
00:53:40.0 (7415499)|HEAP_ALLOCATE|[EXTERNAL]|Bytes:31
00:53:40.0 (7424071)|SYSTEM_MODE_ENTER|false
00:53:40.0 (7431648)|VARIABLE_SCOPE_BEGIN|[20]|searchKeyWord|String|false|false
00:53:40.0 (7454657)|VARIABLE_ASSIGNMENT|[20]|searchKeyWord|"Express Logistics an (11 more) ..."
00:53:40.0 (7463953)|STATEMENT_EXECUTE|[20]
00:53:40.0 (7465352)|STATEMENT_EXECUTE|[21]
00:53:40.0 (7467827)|HEAP_ALLOCATE|[21]|Bytes:1
00:53:40.0 (7483349)|HEAP_ALLOCATE|[21]|Bytes:32
00:53:40.0 (7489056)|VARIABLE_SCOPE_BEGIN|[21]|searchKey|String|false|false
00:53:40.0 (7499070)|VARIABLE_ASSIGNMENT|[21]|searchKey|"Express Logistics an (12 more) ..."
00:53:40.0 (7503097)|STATEMENT_EXECUTE|[22]
00:53:40.0 (7508753)|HEAP_ALLOCATE|[22]|Bytes:4
00:53:40.0 (7577564)|VARIABLE_SCOPE_BEGIN|[22]|returnList|List<Account>|true|false
00:53:40.0 (7590152)|HEAP_ALLOCATE|[EXTERNAL]|Bytes:4
00:53:40.0 (7600701)|VARIABLE_ASSIGNMENT|[22]|returnList|[]|0x52d1043
00:53:40.0 (7605632)|STATEMENT_EXECUTE|[23]
00:53:40.0 (7608439)|HEAP_ALLOCATE|[23]|Bytes:89
00:53:40.0 (7612546)|VARIABLE_SCOPE_BEGIN|[23]|sQuery|String|false|false
00:53:40.0 (7621626)|VARIABLE_ASSIGNMENT|[23]|sQuery|"SELECT Id, Name FROM (69 more) ..."
00:53:40.0 (7625017)|STATEMENT_EXECUTE|[24]
00:53:40.0 (7656812)|HEAP_ALLOCATE|[50]|Bytes:5
00:53:40.0 (7677362)|HEAP_ALLOCATE|[56]|Bytes:5
00:53:40.0 (7684448)|HEAP_ALLOCATE|[64]|Bytes:7
00:53:40.0 (8143855)|SOQL_EXECUTE_BEGIN|[24]|Aggregations:0|SELECT Id, Name FROM Account WHERE Name LIKE: searchKey ORDER BY CreatedDate DESC LIMIT 5
00:53:40.0 (12419958)|SOQL_EXECUTE_END|[24]|Rows:1
00:53:40.0 (12439964)|HEAP_ALLOCATE|[24]|Bytes:8
00:53:40.0 (12456393)|HEAP_ALLOCATE|[24]|Bytes:68
00:53:40.0 (12481608)|HEAP_ALLOCATE|[24]|Bytes:8
00:53:40.0 (12497971)|VARIABLE_SCOPE_BEGIN|[24]|lstOfRecords|List<Account>|true|false
00:53:40.0 (12519462)|VARIABLE_ASSIGNMENT|[24]|lstOfRecords|[{"Id":"0017F00000DPb5tQAD","Name":"Express Logistics an (11 more) ..."}]|0x7de67e8b
00:53:40.0 (12673674)|HEAP_ALLOCATE|[25]|Bytes:5
00:53:40.0 (12713498)|HEAP_ALLOCATE|[25]|Bytes:12
00:53:40.0 (12725432)|VARIABLE_SCOPE_BEGIN|[25]|obj|Account|true|false
00:53:40.0 (12742179)|VARIABLE_ASSIGNMENT|[25]|obj|{"Id":"0017F00000DPb5tQAD","Name":"Express Logistics an (11 more) ..."}|0x1fab9473
00:53:40.0 (12748823)|STATEMENT_EXECUTE|[25]
00:53:40.0 (12750246)|STATEMENT_EXECUTE|[26]
00:53:40.0 (12781041)|HEAP_ALLOCATE|[EXTERNAL]|Bytes:4
00:53:40.0 (12796611)|HEAP_ALLOCATE|[25]|Bytes:5
00:53:40.0 (12807734)|VARIABLE_ASSIGNMENT|[25]|obj|null|
00:53:40.0 (12812911)|STATEMENT_EXECUTE|[28]
00:53:40.0 (12819641)|SYSTEM_MODE_EXIT|false
00:53:40.12 (12842697)|CUMULATIVE_LIMIT_USAGE
00:53:40.12 (12842697)|LIMIT_USAGE_FOR_NS|(default)|
  Number of SOQL queries: 1 out of 100
  Number of query rows: 1 out of 50000
  Number of SOSL queries: 0 out of 20
  Number of DML statements: 0 out of 150
  Number of DML rows: 0 out of 10000
  Maximum CPU time: 0 out of 10000
  Maximum heap size: 0 out of 6000000
  Number of callouts: 0 out of 100
  Number of Email Invocations: 0 out of 10
  Number of future calls: 0 out of 50
  Number of queueable jobs added to the queue: 0 out of 50
  Number of Mobile Apex push calls: 0 out of 10

00:53:40.12 (12842697)|CUMULATIVE_LIMIT_USAGE_END

00:53:40.0 (12875443)|CODE_UNIT_FINISHED|accountsWithContactsClass.fetchLookUpValues
00:53:40.0 (12926288)|CODE_UNIT_FINISHED|Aura
00:53:40.0 (13918221)|EXECUTION_FINISHED
