40.0 APEX_CODE,FINEST;APEX_PROFILING,INFO;CALLOUT,INFO;DB,INFO;SYSTEM,DEBUG;VALIDATION,INFO;VISUALFORCE,INFO;WAVE,INFO;WORKFLOW,INFO
00:53:20.0 (75543)|USER_INFO|[EXTERNAL]|0057F000000SZkg|test-d_masalsky@twistellar.com|Pacific Standard Time|GMT-07:00
00:53:20.0 (115195)|EXECUTION_STARTED
00:53:20.0 (119781)|CODE_UNIT_STARTED|[EXTERNAL]|Aura
00:53:20.0 (6658607)|HEAP_ALLOCATE|[72]|Bytes:3
00:53:20.0 (6700107)|HEAP_ALLOCATE|[77]|Bytes:152
00:53:20.0 (6715414)|HEAP_ALLOCATE|[342]|Bytes:408
00:53:20.0 (6734847)|HEAP_ALLOCATE|[355]|Bytes:408
00:53:20.0 (6751723)|HEAP_ALLOCATE|[467]|Bytes:48
00:53:20.0 (6778411)|HEAP_ALLOCATE|[139]|Bytes:6
00:53:20.0 (6791453)|HEAP_ALLOCATE|[EXTERNAL]|Bytes:18
00:53:20.0 (6799281)|HEAP_ALLOCATE|[EXTERNAL]|Bytes:4
00:53:20.0 (7549783)|CODE_UNIT_STARTED|[EXTERNAL]|01p7F000008cBuq|accountsWithContactsClass.getAllContacts
00:53:20.0 (7669881)|HEAP_ALLOCATE|[EXTERNAL]|Bytes:10
00:53:20.0 (7687322)|METHOD_ENTRY|[1]|01p7F000008cBuq|accountsWithContactsClass.accountsWithContactsClass()
00:53:20.0 (7693481)|STATEMENT_EXECUTE|[1]
00:53:20.0 (7698466)|STATEMENT_EXECUTE|[1]
00:53:20.0 (7702728)|METHOD_EXIT|[1]|accountsWithContactsClass
00:53:20.0 (7708043)|HEAP_ALLOCATE|[EXTERNAL]|Bytes:4
00:53:20.0 (7718437)|SYSTEM_MODE_ENTER|false
00:53:20.0 (7727415)|VARIABLE_SCOPE_BEGIN|[4]|accountId|Id|false|false
00:53:20.0 (7846690)|VARIABLE_ASSIGNMENT|[4]|accountId|"0017F00000DPb5tQAD"
00:53:20.0 (7860575)|STATEMENT_EXECUTE|[4]
00:53:20.0 (7861927)|STATEMENT_EXECUTE|[5]
00:53:20.0 (7864942)|HEAP_ALLOCATE|[5]|Bytes:116
00:53:20.0 (7879031)|HEAP_ALLOCATE|[5]|Bytes:4
00:53:20.0 (7891261)|HEAP_ALLOCATE|[5]|Bytes:7
00:53:20.0 (7936537)|HEAP_ALLOCATE|[50]|Bytes:5
00:53:20.0 (7960642)|HEAP_ALLOCATE|[56]|Bytes:5
00:53:20.0 (7968719)|HEAP_ALLOCATE|[64]|Bytes:7
00:53:20.0 (8728164)|SOQL_EXECUTE_BEGIN|[5]|Aggregations:0|SELECT FirstName, LastName, Phone, Email, Birthdate, AccountId, Account.Name FROM Contact WHERE AccountId = :tmpVar1
00:53:20.0 (13323678)|SOQL_EXECUTE_END|[5]|Rows:3
00:53:20.0 (13351265)|HEAP_ALLOCATE|[5]|Bytes:16
00:53:20.0 (13384243)|HEAP_ALLOCATE|[5]|Bytes:552
00:53:20.0 (13479147)|HEAP_ALLOCATE|[5]|Bytes:16
00:53:20.0 (13502082)|VARIABLE_SCOPE_BEGIN|[5]|contacts|List<Contact>|true|false
00:53:20.0 (13568640)|VARIABLE_ASSIGNMENT|[5]|contacts|[{"FirstName":"Ros","LastName":"Gonzalez","Phone":"(412) 757-6000","Email":"ros@edge.com","Birthdate":"1965-08-27T00:00:00.000Z","AccountId":"0017F00000DPb5tQAD","Id":"0037F000007hqfjQAA","Account":{"Name":"Express Logistics an (11 more) ...","Id":"0017F00000DPb5tQAD"}},{"FirstName":"Sean","LastName":"Forbes","Phone":"(512) 757-6000","Email":"sean@edge.com","Birthdate":"1944-05-22T00:00:00.000Z","AccountId":"0017F00000DPb5tQAD","Id":"0037F000007hqfkQAA","Account":{"Name":"Express Logistics an (11 more) ...","Id":"0017F00000DPb5tQAD"}},{"FirstName":"Dik","LastName":"Advokat","Phone":"(512) 757-7000","Email":"dik@mail.ru","AccountId":"0017F00000DPb5tQAD","Id":"0037F000007pKrrQAE","Account":{"Name":"Express Logistics an (11 more) ...","Id":"0017F00000DPb5tQAD"}}]|0x6a0b7edb
00:53:20.0 (13593986)|STATEMENT_EXECUTE|[10]
00:53:20.0 (13602651)|SYSTEM_MODE_EXIT|false
00:53:20.13 (13630300)|CUMULATIVE_LIMIT_USAGE
00:53:20.13 (13630300)|LIMIT_USAGE_FOR_NS|(default)|
  Number of SOQL queries: 1 out of 100
  Number of query rows: 3 out of 50000
  Number of SOSL queries: 0 out of 20
  Number of DML statements: 0 out of 150
  Number of DML rows: 0 out of 10000
  Maximum CPU time: 0 out of 10000
  Maximum heap size: 0 out of 6000000
  Number of callouts: 0 out of 100
  Number of Email Invocations: 0 out of 10
  Number of future calls: 0 out of 50
  Number of queueable jobs added to the queue: 0 out of 50
  Number of Mobile Apex push calls: 0 out of 10

00:53:20.13 (13630300)|CUMULATIVE_LIMIT_USAGE_END

00:53:20.0 (13665918)|CODE_UNIT_FINISHED|accountsWithContactsClass.getAllContacts
00:53:20.0 (13753383)|CODE_UNIT_FINISHED|Aura
00:53:20.0 (14814989)|EXECUTION_FINISHED
