40.0 APEX_CODE,FINEST;APEX_PROFILING,INFO;CALLOUT,INFO;DB,INFO;SYSTEM,DEBUG;VALIDATION,INFO;VISUALFORCE,INFO;WAVE,INFO;WORKFLOW,INFO
00:38:55.0 (61271)|USER_INFO|[EXTERNAL]|0057F000000SZkg|test-d_masalsky@twistellar.com|Pacific Standard Time|GMT-07:00
00:38:55.0 (96303)|EXECUTION_STARTED
00:38:55.0 (100806)|CODE_UNIT_STARTED|[EXTERNAL]|Aura
00:38:55.0 (6345836)|HEAP_ALLOCATE|[72]|Bytes:3
00:38:55.0 (6391408)|HEAP_ALLOCATE|[77]|Bytes:152
00:38:55.0 (6407247)|HEAP_ALLOCATE|[342]|Bytes:408
00:38:55.0 (6422303)|HEAP_ALLOCATE|[355]|Bytes:408
00:38:55.0 (6436121)|HEAP_ALLOCATE|[467]|Bytes:48
00:38:55.0 (6461514)|HEAP_ALLOCATE|[139]|Bytes:6
00:38:55.0 (6473769)|HEAP_ALLOCATE|[EXTERNAL]|Bytes:18
00:38:55.0 (6482490)|HEAP_ALLOCATE|[EXTERNAL]|Bytes:4
00:38:55.0 (7178701)|CODE_UNIT_STARTED|[EXTERNAL]|01p7F000008cBuq|accountsWithContactsClass.getAllContacts
00:38:55.0 (7292238)|HEAP_ALLOCATE|[EXTERNAL]|Bytes:10
00:38:55.0 (7306190)|METHOD_ENTRY|[1]|01p7F000008cBuq|accountsWithContactsClass.accountsWithContactsClass()
00:38:55.0 (7311679)|STATEMENT_EXECUTE|[1]
00:38:55.0 (7316608)|STATEMENT_EXECUTE|[1]
00:38:55.0 (7320891)|METHOD_EXIT|[1]|accountsWithContactsClass
00:38:55.0 (7325933)|HEAP_ALLOCATE|[EXTERNAL]|Bytes:4
00:38:55.0 (7336809)|SYSTEM_MODE_ENTER|false
00:38:55.0 (7344364)|VARIABLE_SCOPE_BEGIN|[4]|accountId|Id|false|false
00:38:55.0 (7472965)|VARIABLE_ASSIGNMENT|[4]|accountId|"0017F00000DPb5tQAD"
00:38:55.0 (7487283)|STATEMENT_EXECUTE|[4]
00:38:55.0 (7488521)|STATEMENT_EXECUTE|[5]
00:38:55.0 (7491565)|HEAP_ALLOCATE|[5]|Bytes:116
00:38:55.0 (7504153)|HEAP_ALLOCATE|[5]|Bytes:4
00:38:55.0 (7516573)|HEAP_ALLOCATE|[5]|Bytes:7
00:38:55.0 (7559390)|HEAP_ALLOCATE|[50]|Bytes:5
00:38:55.0 (7582924)|HEAP_ALLOCATE|[56]|Bytes:5
00:38:55.0 (7589743)|HEAP_ALLOCATE|[64]|Bytes:7
00:38:55.0 (8335108)|SOQL_EXECUTE_BEGIN|[5]|Aggregations:0|SELECT FirstName, LastName, Phone, Email, Birthdate, AccountId, Account.Name FROM Contact WHERE AccountId = :tmpVar1
00:38:55.0 (12520468)|SOQL_EXECUTE_END|[5]|Rows:3
00:38:55.0 (12540609)|HEAP_ALLOCATE|[5]|Bytes:16
00:38:55.0 (12572429)|HEAP_ALLOCATE|[5]|Bytes:552
00:38:55.0 (12647845)|HEAP_ALLOCATE|[5]|Bytes:16
00:38:55.0 (12660904)|VARIABLE_SCOPE_BEGIN|[5]|contacts|List<Contact>|true|false
00:38:55.0 (12727824)|VARIABLE_ASSIGNMENT|[5]|contacts|[{"FirstName":"Ros","LastName":"Gonzalez","Phone":"(412) 757-6000","Email":"ros@edge.com","Birthdate":"1965-08-27T00:00:00.000Z","AccountId":"0017F00000DPb5tQAD","Id":"0037F000007hqfjQAA","Account":{"Name":"Express Logistics an (11 more) ...","Id":"0017F00000DPb5tQAD"}},{"FirstName":"Sean","LastName":"Forbes","Phone":"(512) 757-6000","Email":"sean@edge.com","Birthdate":"1944-05-22T00:00:00.000Z","AccountId":"0017F00000DPb5tQAD","Id":"0037F000007hqfkQAA","Account":{"Name":"Express Logistics an (11 more) ...","Id":"0017F00000DPb5tQAD"}},{"FirstName":"Dik","LastName":"Advokat","Phone":"(512) 757-7000","Email":"dik@mail.ru","AccountId":"0017F00000DPb5tQAD","Id":"0037F000007pKrrQAE","Account":{"Name":"Express Logistics an (11 more) ...","Id":"0017F00000DPb5tQAD"}}]|0x4958438f
00:38:55.0 (12750987)|STATEMENT_EXECUTE|[10]
00:38:55.0 (12759100)|SYSTEM_MODE_EXIT|false
00:38:55.12 (12786958)|CUMULATIVE_LIMIT_USAGE
00:38:55.12 (12786958)|LIMIT_USAGE_FOR_NS|(default)|
  Number of SOQL queries: 1 out of 100
  Number of query rows: 3 out of 50000
  Number of SOSL queries: 0 out of 20
  Number of DML statements: 0 out of 150
  Number of DML rows: 0 out of 10000
  Maximum CPU time: 0 out of 10000
  Maximum heap size: 0 out of 6000000
  Number of callouts: 0 out of 100
  Number of Email Invocations: 0 out of 10
  Number of future calls: 0 out of 50
  Number of queueable jobs added to the queue: 0 out of 50
  Number of Mobile Apex push calls: 0 out of 10

00:38:55.12 (12786958)|CUMULATIVE_LIMIT_USAGE_END

00:38:55.0 (12821775)|CODE_UNIT_FINISHED|accountsWithContactsClass.getAllContacts
00:38:55.0 (12913310)|CODE_UNIT_FINISHED|Aura
00:38:55.0 (13905759)|EXECUTION_FINISHED
