40.0 APEX_CODE,FINEST;APEX_PROFILING,INFO;CALLOUT,INFO;DB,INFO;SYSTEM,DEBUG;VALIDATION,INFO;VISUALFORCE,INFO;WAVE,INFO;WORKFLOW,INFO
00:29:53.0 (54509)|USER_INFO|[EXTERNAL]|0057F000000SZkg|test-d_masalsky@twistellar.com|Pacific Standard Time|GMT-07:00
00:29:53.0 (94024)|EXECUTION_STARTED
00:29:53.0 (97472)|CODE_UNIT_STARTED|[EXTERNAL]|Aura
00:29:53.0 (6471901)|HEAP_ALLOCATE|[72]|Bytes:3
00:29:53.0 (6502468)|HEAP_ALLOCATE|[77]|Bytes:152
00:29:53.0 (6514524)|HEAP_ALLOCATE|[342]|Bytes:408
00:29:53.0 (6528359)|HEAP_ALLOCATE|[355]|Bytes:408
00:29:53.0 (6542422)|HEAP_ALLOCATE|[467]|Bytes:48
00:29:53.0 (6564367)|HEAP_ALLOCATE|[139]|Bytes:6
00:29:53.0 (6576190)|HEAP_ALLOCATE|[EXTERNAL]|Bytes:18
00:29:53.0 (6584515)|HEAP_ALLOCATE|[EXTERNAL]|Bytes:4
00:29:53.0 (7351170)|CODE_UNIT_STARTED|[EXTERNAL]|01p7F000008cBuq|accountsWithContactsClass.getAllContacts
00:29:53.0 (7451187)|HEAP_ALLOCATE|[EXTERNAL]|Bytes:10
00:29:53.0 (7465616)|METHOD_ENTRY|[1]|01p7F000008cBuq|accountsWithContactsClass.accountsWithContactsClass()
00:29:53.0 (7471302)|STATEMENT_EXECUTE|[1]
00:29:53.0 (7475915)|STATEMENT_EXECUTE|[1]
00:29:53.0 (7479899)|METHOD_EXIT|[1]|accountsWithContactsClass
00:29:53.0 (7484923)|HEAP_ALLOCATE|[EXTERNAL]|Bytes:4
00:29:53.0 (7495617)|SYSTEM_MODE_ENTER|false
00:29:53.0 (7503402)|VARIABLE_SCOPE_BEGIN|[4]|accountId|Id|false|false
00:29:53.0 (7620016)|VARIABLE_ASSIGNMENT|[4]|accountId|"0017F00000DPb5tQAD"
00:29:53.0 (7632614)|STATEMENT_EXECUTE|[4]
00:29:53.0 (7633768)|STATEMENT_EXECUTE|[5]
00:29:53.0 (7636920)|HEAP_ALLOCATE|[5]|Bytes:116
00:29:53.0 (7648965)|HEAP_ALLOCATE|[5]|Bytes:4
00:29:53.0 (7661549)|HEAP_ALLOCATE|[5]|Bytes:7
00:29:53.0 (7701868)|HEAP_ALLOCATE|[50]|Bytes:5
00:29:53.0 (7719900)|HEAP_ALLOCATE|[56]|Bytes:5
00:29:53.0 (7726616)|HEAP_ALLOCATE|[64]|Bytes:7
00:29:53.0 (8410553)|SOQL_EXECUTE_BEGIN|[5]|Aggregations:0|SELECT FirstName, LastName, Phone, Email, Birthdate, AccountId, Account.Name FROM Contact WHERE AccountId = :tmpVar1
00:29:53.0 (12683800)|SOQL_EXECUTE_END|[5]|Rows:3
00:29:53.0 (12707349)|HEAP_ALLOCATE|[5]|Bytes:16
00:29:53.0 (12741788)|HEAP_ALLOCATE|[5]|Bytes:552
00:29:53.0 (12823463)|HEAP_ALLOCATE|[5]|Bytes:16
00:29:53.0 (12842192)|VARIABLE_SCOPE_BEGIN|[5]|contacts|List<Contact>|true|false
00:29:53.0 (12911455)|VARIABLE_ASSIGNMENT|[5]|contacts|[{"FirstName":"Ros","LastName":"Gonzalez","Phone":"(412) 757-6000","Email":"ros@edge.com","Birthdate":"1965-08-27T00:00:00.000Z","AccountId":"0017F00000DPb5tQAD","Id":"0037F000007hqfjQAA","Account":{"Name":"Express Logistics an (11 more) ...","Id":"0017F00000DPb5tQAD"}},{"FirstName":"Sean","LastName":"Forbes","Phone":"(512) 757-6000","Email":"sean@edge.com","Birthdate":"1944-05-22T00:00:00.000Z","AccountId":"0017F00000DPb5tQAD","Id":"0037F000007hqfkQAA","Account":{"Name":"Express Logistics an (11 more) ...","Id":"0017F00000DPb5tQAD"}},{"FirstName":"Dik","LastName":"Advokat","Phone":"(512) 757-7000","Email":"dik@mail.ru","AccountId":"0017F00000DPb5tQAD","Id":"0037F000007pKrrQAE","Account":{"Name":"Express Logistics an (11 more) ...","Id":"0017F00000DPb5tQAD"}}]|0x214a24d2
00:29:53.0 (12935487)|STATEMENT_EXECUTE|[10]
00:29:53.0 (12945358)|SYSTEM_MODE_EXIT|false
00:29:53.12 (12984706)|CUMULATIVE_LIMIT_USAGE
00:29:53.12 (12984706)|LIMIT_USAGE_FOR_NS|(default)|
  Number of SOQL queries: 1 out of 100
  Number of query rows: 3 out of 50000
  Number of SOSL queries: 0 out of 20
  Number of DML statements: 0 out of 150
  Number of DML rows: 0 out of 10000
  Maximum CPU time: 0 out of 10000
  Maximum heap size: 0 out of 6000000
  Number of callouts: 0 out of 100
  Number of Email Invocations: 0 out of 10
  Number of future calls: 0 out of 50
  Number of queueable jobs added to the queue: 0 out of 50
  Number of Mobile Apex push calls: 0 out of 10

00:29:53.12 (12984706)|CUMULATIVE_LIMIT_USAGE_END

00:29:53.0 (13020857)|CODE_UNIT_FINISHED|accountsWithContactsClass.getAllContacts
00:29:53.0 (13111990)|CODE_UNIT_FINISHED|Aura
00:29:53.0 (14116396)|EXECUTION_FINISHED
