40.0 APEX_CODE,FINEST;APEX_PROFILING,INFO;CALLOUT,INFO;DB,INFO;SYSTEM,DEBUG;VALIDATION,INFO;VISUALFORCE,INFO;WAVE,INFO;WORKFLOW,INFO
00:43:48.0 (61195)|USER_INFO|[EXTERNAL]|0057F000000SZkg|test-d_masalsky@twistellar.com|Pacific Standard Time|GMT-07:00
00:43:48.0 (97178)|EXECUTION_STARTED
00:43:48.0 (101190)|CODE_UNIT_STARTED|[EXTERNAL]|Aura
00:43:48.0 (6311434)|HEAP_ALLOCATE|[72]|Bytes:3
00:43:48.0 (6354801)|HEAP_ALLOCATE|[77]|Bytes:152
00:43:48.0 (6370425)|HEAP_ALLOCATE|[342]|Bytes:408
00:43:48.0 (6385467)|HEAP_ALLOCATE|[355]|Bytes:408
00:43:48.0 (6399054)|HEAP_ALLOCATE|[467]|Bytes:48
00:43:48.0 (6425100)|HEAP_ALLOCATE|[139]|Bytes:6
00:43:48.0 (6437512)|HEAP_ALLOCATE|[EXTERNAL]|Bytes:18
00:43:48.0 (6446562)|HEAP_ALLOCATE|[EXTERNAL]|Bytes:4
00:43:48.0 (7180653)|CODE_UNIT_STARTED|[EXTERNAL]|01p7F000008cBuq|accountsWithContactsClass.getAllContacts
00:43:48.0 (7292686)|HEAP_ALLOCATE|[EXTERNAL]|Bytes:10
00:43:48.0 (7306992)|METHOD_ENTRY|[1]|01p7F000008cBuq|accountsWithContactsClass.accountsWithContactsClass()
00:43:48.0 (7312675)|STATEMENT_EXECUTE|[1]
00:43:48.0 (7317546)|STATEMENT_EXECUTE|[1]
00:43:48.0 (7322050)|METHOD_EXIT|[1]|accountsWithContactsClass
00:43:48.0 (7326850)|HEAP_ALLOCATE|[EXTERNAL]|Bytes:4
00:43:48.0 (7338518)|SYSTEM_MODE_ENTER|false
00:43:48.0 (7345283)|VARIABLE_SCOPE_BEGIN|[4]|accountId|Id|false|false
00:43:48.0 (7500011)|VARIABLE_ASSIGNMENT|[4]|accountId|"0017F00000DPb5tQAD"
00:43:48.0 (7514433)|STATEMENT_EXECUTE|[4]
00:43:48.0 (7515608)|STATEMENT_EXECUTE|[5]
00:43:48.0 (7518594)|HEAP_ALLOCATE|[5]|Bytes:116
00:43:48.0 (7532301)|HEAP_ALLOCATE|[5]|Bytes:4
00:43:48.0 (7544172)|HEAP_ALLOCATE|[5]|Bytes:7
00:43:48.0 (7588484)|HEAP_ALLOCATE|[50]|Bytes:5
00:43:48.0 (7612407)|HEAP_ALLOCATE|[56]|Bytes:5
00:43:48.0 (7619715)|HEAP_ALLOCATE|[64]|Bytes:7
00:43:48.0 (8362140)|SOQL_EXECUTE_BEGIN|[5]|Aggregations:0|SELECT FirstName, LastName, Phone, Email, Birthdate, AccountId, Account.Name FROM Contact WHERE AccountId = :tmpVar1
00:43:48.0 (12565733)|SOQL_EXECUTE_END|[5]|Rows:3
00:43:48.0 (12586968)|HEAP_ALLOCATE|[5]|Bytes:16
00:43:48.0 (12618134)|HEAP_ALLOCATE|[5]|Bytes:552
00:43:48.0 (12694711)|HEAP_ALLOCATE|[5]|Bytes:16
00:43:48.0 (12707640)|VARIABLE_SCOPE_BEGIN|[5]|contacts|List<Contact>|true|false
00:43:48.0 (12775335)|VARIABLE_ASSIGNMENT|[5]|contacts|[{"FirstName":"Ros","LastName":"Gonzalez","Phone":"(412) 757-6000","Email":"ros@edge.com","Birthdate":"1965-08-27T00:00:00.000Z","AccountId":"0017F00000DPb5tQAD","Id":"0037F000007hqfjQAA","Account":{"Name":"Express Logistics an (11 more) ...","Id":"0017F00000DPb5tQAD"}},{"FirstName":"Sean","LastName":"Forbes","Phone":"(512) 757-6000","Email":"sean@edge.com","Birthdate":"1944-05-22T00:00:00.000Z","AccountId":"0017F00000DPb5tQAD","Id":"0037F000007hqfkQAA","Account":{"Name":"Express Logistics an (11 more) ...","Id":"0017F00000DPb5tQAD"}},{"FirstName":"Dik","LastName":"Advokat","Phone":"(512) 757-7000","Email":"dik@mail.ru","AccountId":"0017F00000DPb5tQAD","Id":"0037F000007pKrrQAE","Account":{"Name":"Express Logistics an (11 more) ...","Id":"0017F00000DPb5tQAD"}}]|0x1c34cb41
00:43:48.0 (12798852)|STATEMENT_EXECUTE|[10]
00:43:48.0 (12808381)|SYSTEM_MODE_EXIT|false
00:43:48.12 (12831990)|CUMULATIVE_LIMIT_USAGE
00:43:48.12 (12831990)|LIMIT_USAGE_FOR_NS|(default)|
  Number of SOQL queries: 1 out of 100
  Number of query rows: 3 out of 50000
  Number of SOSL queries: 0 out of 20
  Number of DML statements: 0 out of 150
  Number of DML rows: 0 out of 10000
  Maximum CPU time: 0 out of 10000
  Maximum heap size: 0 out of 6000000
  Number of callouts: 0 out of 100
  Number of Email Invocations: 0 out of 10
  Number of future calls: 0 out of 50
  Number of queueable jobs added to the queue: 0 out of 50
  Number of Mobile Apex push calls: 0 out of 10

00:43:48.12 (12831990)|CUMULATIVE_LIMIT_USAGE_END

00:43:48.0 (12865529)|CODE_UNIT_FINISHED|accountsWithContactsClass.getAllContacts
00:43:48.0 (12951481)|CODE_UNIT_FINISHED|Aura
00:43:48.0 (13945346)|EXECUTION_FINISHED
