40.0 APEX_CODE,FINEST;APEX_PROFILING,INFO;CALLOUT,INFO;DB,INFO;SYSTEM,DEBUG;VALIDATION,INFO;VISUALFORCE,INFO;WAVE,INFO;WORKFLOW,INFO
00:26:49.0 (90568)|USER_INFO|[EXTERNAL]|0057F000000SZkg|test-d_masalsky@twistellar.com|Pacific Standard Time|GMT-07:00
00:26:49.0 (141487)|EXECUTION_STARTED
00:26:49.0 (147569)|CODE_UNIT_STARTED|[EXTERNAL]|Aura
00:26:49.0 (7219296)|HEAP_ALLOCATE|[72]|Bytes:3
00:26:49.0 (7263277)|HEAP_ALLOCATE|[77]|Bytes:152
00:26:49.0 (7278479)|HEAP_ALLOCATE|[342]|Bytes:408
00:26:49.0 (7292876)|HEAP_ALLOCATE|[355]|Bytes:408
00:26:49.0 (7306615)|HEAP_ALLOCATE|[467]|Bytes:48
00:26:49.0 (7333269)|HEAP_ALLOCATE|[139]|Bytes:6
00:26:49.0 (7345684)|HEAP_ALLOCATE|[EXTERNAL]|Bytes:18
00:26:49.0 (7354224)|HEAP_ALLOCATE|[EXTERNAL]|Bytes:4
00:26:49.0 (8076141)|CODE_UNIT_STARTED|[EXTERNAL]|01p7F000008cBuq|accountsWithContactsClass.getAllContacts
00:26:49.0 (8197849)|HEAP_ALLOCATE|[EXTERNAL]|Bytes:10
00:26:49.0 (8212835)|METHOD_ENTRY|[1]|01p7F000008cBuq|accountsWithContactsClass.accountsWithContactsClass()
00:26:49.0 (8218619)|STATEMENT_EXECUTE|[1]
00:26:49.0 (8223773)|STATEMENT_EXECUTE|[1]
00:26:49.0 (8228210)|METHOD_EXIT|[1]|accountsWithContactsClass
00:26:49.0 (8232975)|HEAP_ALLOCATE|[EXTERNAL]|Bytes:4
00:26:49.0 (8243887)|SYSTEM_MODE_ENTER|false
00:26:49.0 (8250724)|VARIABLE_SCOPE_BEGIN|[4]|accountId|Id|false|false
00:26:49.0 (8362824)|VARIABLE_ASSIGNMENT|[4]|accountId|"0017F00000DPb5tQAD"
00:26:49.0 (8376809)|STATEMENT_EXECUTE|[4]
00:26:49.0 (8378000)|STATEMENT_EXECUTE|[5]
00:26:49.0 (8380854)|HEAP_ALLOCATE|[5]|Bytes:116
00:26:49.0 (8393435)|HEAP_ALLOCATE|[5]|Bytes:4
00:26:49.0 (8406040)|HEAP_ALLOCATE|[5]|Bytes:7
00:26:49.0 (8449817)|HEAP_ALLOCATE|[50]|Bytes:5
00:26:49.0 (8473834)|HEAP_ALLOCATE|[56]|Bytes:5
00:26:49.0 (8480643)|HEAP_ALLOCATE|[64]|Bytes:7
00:26:49.0 (9201850)|SOQL_EXECUTE_BEGIN|[5]|Aggregations:0|SELECT FirstName, LastName, Phone, Email, Birthdate, AccountId, Account.Name FROM Contact WHERE AccountId = :tmpVar1
00:26:49.0 (13292473)|SOQL_EXECUTE_END|[5]|Rows:2
00:26:49.0 (13314448)|HEAP_ALLOCATE|[5]|Bytes:12
00:26:49.0 (13340006)|HEAP_ALLOCATE|[5]|Bytes:404
00:26:49.0 (13419529)|HEAP_ALLOCATE|[5]|Bytes:12
00:26:49.0 (13433526)|VARIABLE_SCOPE_BEGIN|[5]|contacts|List<Contact>|true|false
00:26:49.0 (13491521)|VARIABLE_ASSIGNMENT|[5]|contacts|[{"FirstName":"Rose","LastName":"Gonzalez","Phone":"(412) 757-6000","Email":"ros@edge.com","Birthdate":"1965-08-27T00:00:00.000Z","AccountId":"0017F00000DPb5tQAD","Id":"0037F000007hqfjQAA","Account":{"Name":"Express Logistics an (11 more) ...","Id":"0017F00000DPb5tQAD"}},{"FirstName":"Sean","LastName":"Forbes","Phone":"(512) 757-6000","Email":"sean@edge.com","Birthdate":"1944-05-22T00:00:00.000Z","AccountId":"0017F00000DPb5tQAD","Id":"0037F000007hqfkQAA","Account":{"Name":"Express Logistics an (11 more) ...","Id":"0017F00000DPb5tQAD"}}]|0x4e24856f
00:26:49.0 (13508999)|STATEMENT_EXECUTE|[10]
00:26:49.0 (13517651)|SYSTEM_MODE_EXIT|false
00:26:49.13 (13539166)|CUMULATIVE_LIMIT_USAGE
00:26:49.13 (13539166)|LIMIT_USAGE_FOR_NS|(default)|
  Number of SOQL queries: 1 out of 100
  Number of query rows: 2 out of 50000
  Number of SOSL queries: 0 out of 20
  Number of DML statements: 0 out of 150
  Number of DML rows: 0 out of 10000
  Maximum CPU time: 0 out of 10000
  Maximum heap size: 0 out of 6000000
  Number of callouts: 0 out of 100
  Number of Email Invocations: 0 out of 10
  Number of future calls: 0 out of 50
  Number of queueable jobs added to the queue: 0 out of 50
  Number of Mobile Apex push calls: 0 out of 10

00:26:49.13 (13539166)|CUMULATIVE_LIMIT_USAGE_END

00:26:49.0 (13571168)|CODE_UNIT_FINISHED|accountsWithContactsClass.getAllContacts
00:26:49.0 (13642331)|CODE_UNIT_FINISHED|Aura
00:26:49.0 (14626421)|EXECUTION_FINISHED
