40.0 APEX_CODE,FINEST;APEX_PROFILING,INFO;CALLOUT,INFO;DB,INFO;SYSTEM,DEBUG;VALIDATION,INFO;VISUALFORCE,INFO;WAVE,INFO;WORKFLOW,INFO
00:40:52.0 (62799)|USER_INFO|[EXTERNAL]|0057F000000SZkg|test-d_masalsky@twistellar.com|Pacific Standard Time|GMT-07:00
00:40:52.0 (105783)|EXECUTION_STARTED
00:40:52.0 (110066)|CODE_UNIT_STARTED|[EXTERNAL]|Aura
00:40:52.0 (6274587)|HEAP_ALLOCATE|[72]|Bytes:3
00:40:52.0 (6308406)|HEAP_ALLOCATE|[77]|Bytes:152
00:40:52.0 (6322401)|HEAP_ALLOCATE|[342]|Bytes:408
00:40:52.0 (6337442)|HEAP_ALLOCATE|[355]|Bytes:408
00:40:52.0 (6351392)|HEAP_ALLOCATE|[467]|Bytes:48
00:40:52.0 (6376033)|HEAP_ALLOCATE|[139]|Bytes:6
00:40:52.0 (6388696)|HEAP_ALLOCATE|[EXTERNAL]|Bytes:18
00:40:52.0 (6397219)|HEAP_ALLOCATE|[EXTERNAL]|Bytes:4
00:40:52.0 (7135747)|CODE_UNIT_STARTED|[EXTERNAL]|01p7F000008cBuq|accountsWithContactsClass.getAllContacts
00:40:52.0 (7241750)|HEAP_ALLOCATE|[EXTERNAL]|Bytes:10
00:40:52.0 (7255423)|METHOD_ENTRY|[1]|01p7F000008cBuq|accountsWithContactsClass.accountsWithContactsClass()
00:40:52.0 (7261007)|STATEMENT_EXECUTE|[1]
00:40:52.0 (7265591)|STATEMENT_EXECUTE|[1]
00:40:52.0 (7269331)|METHOD_EXIT|[1]|accountsWithContactsClass
00:40:52.0 (7274072)|HEAP_ALLOCATE|[EXTERNAL]|Bytes:4
00:40:52.0 (7283374)|SYSTEM_MODE_ENTER|false
00:40:52.0 (7290460)|VARIABLE_SCOPE_BEGIN|[4]|accountId|Id|false|false
00:40:52.0 (7456544)|VARIABLE_ASSIGNMENT|[4]|accountId|"0017F00000DPb5tQAD"
00:40:52.0 (7469288)|STATEMENT_EXECUTE|[4]
00:40:52.0 (7470397)|STATEMENT_EXECUTE|[5]
00:40:52.0 (7473352)|HEAP_ALLOCATE|[5]|Bytes:116
00:40:52.0 (7484799)|HEAP_ALLOCATE|[5]|Bytes:4
00:40:52.0 (7495678)|HEAP_ALLOCATE|[5]|Bytes:7
00:40:52.0 (7533684)|HEAP_ALLOCATE|[50]|Bytes:5
00:40:52.0 (7553957)|HEAP_ALLOCATE|[56]|Bytes:5
00:40:52.0 (7560774)|HEAP_ALLOCATE|[64]|Bytes:7
00:40:52.0 (8293959)|SOQL_EXECUTE_BEGIN|[5]|Aggregations:0|SELECT FirstName, LastName, Phone, Email, Birthdate, AccountId, Account.Name FROM Contact WHERE AccountId = :tmpVar1
00:40:52.0 (13805123)|SOQL_EXECUTE_END|[5]|Rows:3
00:40:52.0 (13825422)|HEAP_ALLOCATE|[5]|Bytes:16
00:40:52.0 (13856592)|HEAP_ALLOCATE|[5]|Bytes:552
00:40:52.0 (13933386)|HEAP_ALLOCATE|[5]|Bytes:16
00:40:52.0 (13947789)|VARIABLE_SCOPE_BEGIN|[5]|contacts|List<Contact>|true|false
00:40:52.0 (14013107)|VARIABLE_ASSIGNMENT|[5]|contacts|[{"FirstName":"Ros","LastName":"Gonzalez","Phone":"(412) 757-6000","Email":"ros@edge.com","Birthdate":"1965-08-27T00:00:00.000Z","AccountId":"0017F00000DPb5tQAD","Id":"0037F000007hqfjQAA","Account":{"Name":"Express Logistics an (11 more) ...","Id":"0017F00000DPb5tQAD"}},{"FirstName":"Sean","LastName":"Forbes","Phone":"(512) 757-6000","Email":"sean@edge.com","Birthdate":"1944-05-22T00:00:00.000Z","AccountId":"0017F00000DPb5tQAD","Id":"0037F000007hqfkQAA","Account":{"Name":"Express Logistics an (11 more) ...","Id":"0017F00000DPb5tQAD"}},{"FirstName":"Dik","LastName":"Advokat","Phone":"(512) 757-7000","Email":"dik@mail.ru","AccountId":"0017F00000DPb5tQAD","Id":"0037F000007pKrrQAE","Account":{"Name":"Express Logistics an (11 more) ...","Id":"0017F00000DPb5tQAD"}}]|0x1273c107
00:40:52.0 (14037051)|STATEMENT_EXECUTE|[10]
00:40:52.0 (14045261)|SYSTEM_MODE_EXIT|false
00:40:52.14 (14070112)|CUMULATIVE_LIMIT_USAGE
00:40:52.14 (14070112)|LIMIT_USAGE_FOR_NS|(default)|
  Number of SOQL queries: 1 out of 100
  Number of query rows: 3 out of 50000
  Number of SOSL queries: 0 out of 20
  Number of DML statements: 0 out of 150
  Number of DML rows: 0 out of 10000
  Maximum CPU time: 0 out of 10000
  Maximum heap size: 0 out of 6000000
  Number of callouts: 0 out of 100
  Number of Email Invocations: 0 out of 10
  Number of future calls: 0 out of 50
  Number of queueable jobs added to the queue: 0 out of 50
  Number of Mobile Apex push calls: 0 out of 10

00:40:52.14 (14070112)|CUMULATIVE_LIMIT_USAGE_END

00:40:52.0 (14101600)|CODE_UNIT_FINISHED|accountsWithContactsClass.getAllContacts
00:40:52.0 (14191385)|CODE_UNIT_FINISHED|Aura
00:40:52.0 (15178117)|EXECUTION_FINISHED
